ARM GAS  /tmp/cckC29jz.s 			page 1


   1              		.syntax unified
   2              		.cpu cortex-m3
   3              		.fpu softvfp
   4              		.eabi_attribute 20, 1
   5              		.eabi_attribute 21, 1
   6              		.eabi_attribute 23, 3
   7              		.eabi_attribute 24, 1
   8              		.eabi_attribute 25, 1
   9              		.eabi_attribute 26, 1
  10              		.eabi_attribute 30, 2
  11              		.eabi_attribute 34, 1
  12              		.eabi_attribute 18, 4
  13              		.thumb
  14              		.file	"chcore_v7m.c"
  15              		.text
  16              	.Ltext0:
  17              		.cfi_sections	.debug_frame
  18              		.section	.text._port_switch_from_isr,"ax",%progbits
  19              		.align	2
  20              		.p2align 4,,15
  21              		.global	_port_switch_from_isr
  22              		.thumb
  23              		.thumb_func
  24              		.type	_port_switch_from_isr, %function
  25              	_port_switch_from_isr:
  26              	.LFB11:
  27              		.file 1 "/home/formica/chibios/chibios/os/ports/GCC/ARMCMx/chcore_v7m.c"
  28              		.loc 1 207 0
  29              		.cfi_startproc
  30              		@ Naked Function: prologue and epilogue provided by programmer.
  31              		@ args = 0, pretend = 0, frame = 0
  32              		@ frame_needed = 0, uses_anonymous_args = 0
  33              		.loc 1 209 0
  34 0000 FFF7FEFF 		bl	dbg_check_lock
  35              	.LVL0:
  36              		.loc 1 210 0
  37 0004 FFF7FEFF 		bl	chSchDoReschedule
  38              	.LVL1:
  39              		.loc 1 211 0
  40 0008 FFF7FEFF 		bl	dbg_check_unlock
  41              	.LVL2:
  42              		.loc 1 212 0
  43              	@ 212 "/home/formica/chibios/chibios/os/ports/GCC/ARMCMx/chcore_v7m.c" 1
  44              		_port_exit_from_isr:
  45              	@ 0 "" 2
  46              		.loc 1 214 0
  47              	@ 214 "/home/formica/chibios/chibios/os/ports/GCC/ARMCMx/chcore_v7m.c" 1
  48 000c 00DF     		svc     #0
  49              	@ 0 "" 2
  50              		.loc 1 221 0
  51              		.thumb
  52              		.cfi_endproc
  53              	.LFE11:
  54              		.size	_port_switch_from_isr, .-_port_switch_from_isr
  55 000e 00BF     		.section	.text.SVCallVector,"ax",%progbits
  56              		.align	2
  57              		.p2align 4,,15
ARM GAS  /tmp/cckC29jz.s 			page 2


  58              		.global	SVCallVector
  59              		.thumb
  60              		.thumb_func
  61              		.type	SVCallVector, %function
  62              	SVCallVector:
  63              	.LFB8:
  64              		.loc 1 65 0
  65              		.cfi_startproc
  66              		@ args = 0, pretend = 0, frame = 0
  67              		@ frame_needed = 0, uses_anonymous_args = 0
  68              		@ link register save eliminated.
  69              		.loc 1 69 0
  70              	@ 69 "/home/formica/chibios/chibios/os/ports/GCC/ARMCMx/chcore_v7m.c" 1
  71 0000 EFF30983 		mrs     r3, PSP
  72              	@ 0 "" 2
  73              	.LVL3:
  74              		.loc 1 73 0
  75              		.thumb
  76 0004 2033     		adds	r3, r3, #32
  77              	.LVL4:
  78              		.loc 1 80 0
  79              	@ 80 "/home/formica/chibios/chibios/os/ports/GCC/ARMCMx/chcore_v7m.c" 1
  80 0006 83F30988 		msr     PSP, r3
  81              	@ 0 "" 2
  82              		.thumb
  83              	.LBB2:
  84              		.loc 1 81 0
  85 000a 0023     		movs	r3, #0
  86              	.LVL5:
  87              	@ 81 "/home/formica/chibios/chibios/os/ports/GCC/ARMCMx/chcore_v7m.c" 1
  88 000c 83F31188 		msr     BASEPRI, r3
  89              	@ 0 "" 2
  90              	.LVL6:
  91              		.thumb
  92 0010 7047     		bx	lr
  93              	.LBE2:
  94              		.cfi_endproc
  95              	.LFE8:
  96              		.size	SVCallVector, .-SVCallVector
  97 0012 00BFAFF3 		.section	.text._port_init,"ax",%progbits
  97      0080AFF3 
  97      0080AFF3 
  97      0080
  98              		.align	2
  99              		.p2align 4,,15
 100              		.global	_port_init
 101              		.thumb
 102              		.thumb_func
 103              		.type	_port_init, %function
 104              	_port_init:
 105              	.LFB9:
 106              		.loc 1 118 0
 107              		.cfi_startproc
 108              		@ args = 0, pretend = 0, frame = 0
 109              		@ frame_needed = 0, uses_anonymous_args = 0
 110 0000 08B5     		push	{r3, lr}
 111              	.LCFI0:
ARM GAS  /tmp/cckC29jz.s 			page 3


 112              		.cfi_def_cfa_offset 8
 113              		.cfi_offset 3, -8
 114              		.cfi_offset 14, -4
 115              		.loc 1 122 0
 116 0002 0022     		movs	r2, #0
 117              		.loc 1 121 0
 118 0004 4FF46D43 		mov	r3, #60672
 119 0008 CEF20003 		movt	r3, 57344
 120              		.loc 1 122 0
 121 000c C0F2FA52 		movt	r2, 1530
 122              		.loc 1 121 0
 123 0010 0021     		movs	r1, #0
 124 0012 9960     		str	r1, [r3, #8]
 125              		.loc 1 125 0
 126 0014 0720     		movs	r0, #7
 127 0016 1021     		movs	r1, #16
 128              		.loc 1 122 0
 129 0018 DA60     		str	r2, [r3, #12]
 130              		.loc 1 125 0
 131 001a FFF7FEFF 		bl	nvicSetSystemHandlerPriority
 132              	.LVL7:
 133              		.loc 1 127 0
 134 001e 0A20     		movs	r0, #10
 135 0020 4FF40071 		mov	r1, #512
 136 0024 FFF7FEFF 		bl	nvicSetSystemHandlerPriority
 137              	.LVL8:
 138              		.loc 1 129 0
 139 0028 0B20     		movs	r0, #11
 140 002a 8021     		movs	r1, #128
 141              		.loc 1 131 0
 142 002c BDE80840 		pop	{r3, lr}
 143              		.loc 1 129 0
 144 0030 FFF7FEBF 		b	nvicSetSystemHandlerPriority
 145              	.LVL9:
 146              		.cfi_endproc
 147              	.LFE9:
 148              		.size	_port_init, .-_port_init
 149 0034 AFF30080 		.section	.text._port_irq_epilogue,"ax",%progbits
 149      AFF30080 
 149      AFF30080 
 150              		.align	2
 151              		.p2align 4,,15
 152              		.global	_port_irq_epilogue
 153              		.thumb
 154              		.thumb_func
 155              		.type	_port_irq_epilogue, %function
 156              	_port_irq_epilogue:
 157              	.LFB10:
 158              		.loc 1 148 0
 159              		.cfi_startproc
 160              		@ args = 0, pretend = 0, frame = 0
 161              		@ frame_needed = 0, uses_anonymous_args = 0
 162              		@ link register save eliminated.
 163              	.LBB3:
 164              		.loc 1 150 0
 165 0000 2023     		movs	r3, #32
 166              	.LVL10:
ARM GAS  /tmp/cckC29jz.s 			page 4


 167              	@ 150 "/home/formica/chibios/chibios/os/ports/GCC/ARMCMx/chcore_v7m.c" 1
 168 0002 83F31188 		msr     BASEPRI, r3
 169              	@ 0 "" 2
 170              	.LVL11:
 171              		.thumb
 172              	.LBE3:
 173              		.loc 1 151 0
 174 0006 4FF46D43 		mov	r3, #60672
 175              	.LVL12:
 176 000a CEF20003 		movt	r3, 57344
 177 000e 5868     		ldr	r0, [r3, #4]
 178 0010 10F40063 		ands	r3, r0, #2048
 179 0014 19D0     		beq	.L5
 180              	.LBB4:
 181              		.loc 1 155 0
 182              	@ 155 "/home/formica/chibios/chibios/os/ports/GCC/ARMCMx/chcore_v7m.c" 1
 183 0016 EFF30983 		mrs     r3, PSP
 184              	@ 0 "" 2
 185              	.LVL13:
 186              		.loc 1 159 0
 187              		.thumb
 188 001a A3F12002 		sub	r2, r3, #32
 189              	.LVL14:
 190              		.loc 1 160 0
 191              	@ 160 "/home/formica/chibios/chibios/os/ports/GCC/ARMCMx/chcore_v7m.c" 1
 192 001e 82F30988 		msr     PSP, r2
 193              	@ 0 "" 2
 194              		.loc 1 165 0
 195              		.thumb
 196 0022 124A     		ldr	r2, .L12
 197              	.LVL15:
 198              		.loc 1 161 0
 199 0024 4FF08070 		mov	r0, #16777216
 200              		.loc 1 165 0
 201 0028 9169     		ldr	r1, [r2, #24]
 202              		.loc 1 161 0
 203 002a 43F8040C 		str	r0, [r3, #-4]
 204              		.loc 1 165 0
 205 002e 79B1     		cbz	r1, .L6
 206              		.loc 1 165 0 is_stmt 0 discriminator 1
 207 0030 1168     		ldr	r1, [r2, #0]
 208 0032 D069     		ldr	r0, [r2, #28]
 209 0034 8968     		ldr	r1, [r1, #8]
 210 0036 8268     		ldr	r2, [r0, #8]
 211 0038 9142     		cmp	r1, r2
 212 003a 94BF     		ite	ls
 213 003c 0022     		movls	r2, #0
 214 003e 0122     		movhi	r2, #1
 215 0040 82B1     		cbz	r2, .L8
 216              	.L11:
 217              		.loc 1 167 0 is_stmt 1
 218 0042 0B48     		ldr	r0, .L12+4
 219 0044 43F8080C 		str	r0, [r3, #-8]
 220 0048 7047     		bx	lr
 221              	.LVL16:
 222              	.L5:
 223              	.LBE4:
ARM GAS  /tmp/cckC29jz.s 			page 5


 224              	.LBB5:
 225              		.loc 1 197 0
 226              	@ 197 "/home/formica/chibios/chibios/os/ports/GCC/ARMCMx/chcore_v7m.c" 1
 227 004a 83F31188 		msr     BASEPRI, r3
 228              	@ 0 "" 2
 229              	.LVL17:
 230              		.thumb
 231 004e 7047     		bx	lr
 232              	.LVL18:
 233              	.L6:
 234              	.LBE5:
 235              	.LBB6:
 236              		.loc 1 165 0 discriminator 2
 237 0050 1168     		ldr	r1, [r2, #0]
 238 0052 D269     		ldr	r2, [r2, #28]
 239 0054 8868     		ldr	r0, [r1, #8]
 240 0056 9268     		ldr	r2, [r2, #8]
 241 0058 9042     		cmp	r0, r2
 242 005a 34BF     		ite	cc
 243 005c 0022     		movcc	r2, #0
 244 005e 0122     		movcs	r2, #1
 245 0060 002A     		cmp	r2, #0
 246 0062 EED1     		bne	.L11
 247              	.L8:
 248              		.loc 1 176 0
 249 0064 034A     		ldr	r2, .L12+8
 250 0066 43F8082C 		str	r2, [r3, #-8]
 251 006a 7047     		bx	lr
 252              	.L13:
 253              		.align	2
 254              	.L12:
 255 006c 00000000 		.word	rlist
 256 0070 00000000 		.word	_port_switch_from_isr
 257 0074 0C000000 		.word	_port_exit_from_isr
 258              	.LBE6:
 259              		.cfi_endproc
 260              	.LFE10:
 261              		.size	_port_irq_epilogue, .-_port_irq_epilogue
 262 0078 AFF30080 		.section	.text.SysTickVector,"ax",%progbits
 262      AFF30080 
 263              		.align	2
 264              		.p2align 4,,15
 265              		.global	SysTickVector
 266              		.thumb
 267              		.thumb_func
 268              		.type	SysTickVector, %function
 269              	SysTickVector:
 270              	.LFB7:
 271              		.loc 1 47 0
 272              		.cfi_startproc
 273              		@ args = 0, pretend = 0, frame = 0
 274              		@ frame_needed = 0, uses_anonymous_args = 0
 275 0000 08B5     		push	{r3, lr}
 276              	.LCFI1:
 277              		.cfi_def_cfa_offset 8
 278              		.cfi_offset 3, -8
 279              		.cfi_offset 14, -4
ARM GAS  /tmp/cckC29jz.s 			page 6


 280              		.loc 1 49 0
 281 0002 FFF7FEFF 		bl	dbg_check_enter_isr
 282              	.LVL19:
 283              	.LBB7:
 284              		.loc 1 51 0
 285 0006 2023     		movs	r3, #32
 286              	.LVL20:
 287              	@ 51 "/home/formica/chibios/chibios/os/ports/GCC/ARMCMx/chcore_v7m.c" 1
 288 0008 83F31188 		msr     BASEPRI, r3
 289              	@ 0 "" 2
 290              	.LVL21:
 291              		.thumb
 292              	.LBE7:
 293 000c FFF7FEFF 		bl	dbg_check_lock_from_isr
 294              	.LVL22:
 295              		.loc 1 52 0
 296 0010 FFF7FEFF 		bl	chSysTimerHandlerI
 297              	.LVL23:
 298              		.loc 1 53 0
 299 0014 FFF7FEFF 		bl	dbg_check_unlock_from_isr
 300              	.LVL24:
 301              	.LBB8:
 302 0018 0023     		movs	r3, #0
 303              	.LVL25:
 304              	@ 53 "/home/formica/chibios/chibios/os/ports/GCC/ARMCMx/chcore_v7m.c" 1
 305 001a 83F31188 		msr     BASEPRI, r3
 306              	@ 0 "" 2
 307              	.LVL26:
 308              		.thumb
 309              	.LBE8:
 310              		.loc 1 55 0
 311 001e FFF7FEFF 		bl	dbg_check_leave_isr
 312              	.LVL27:
 313              		.loc 1 56 0
 314 0022 BDE80840 		pop	{r3, lr}
 315              		.loc 1 55 0
 316 0026 FFF7FEBF 		b	_port_irq_epilogue
 317              	.LVL28:
 318              		.cfi_endproc
 319              	.LFE7:
 320              		.size	SysTickVector, .-SysTickVector
 321 002a 00BFAFF3 		.section	.text._port_switch,"ax",%progbits
 321      0080
 322              		.align	2
 323              		.p2align 4,,15
 324              		.global	_port_switch
 325              		.thumb
 326              		.thumb_func
 327              		.type	_port_switch, %function
 328              	_port_switch:
 329              	.LFB12:
 330              		.loc 1 236 0
 331              		.cfi_startproc
 332              		@ Naked Function: prologue and epilogue provided by programmer.
 333              		@ args = 0, pretend = 0, frame = 0
 334              		@ frame_needed = 0, uses_anonymous_args = 0
 335              	.LVL29:
ARM GAS  /tmp/cckC29jz.s 			page 7


 336              		.loc 1 238 0
 337              	@ 238 "/home/formica/chibios/chibios/os/ports/GCC/ARMCMx/chcore_v7m.c" 1
 338 0000 2DE9F04F 		push    {r4, r5, r6, r7, r8, r9, r10, r11, lr}
 339              	@ 0 "" 2
 340              		.loc 1 244 0
 341              	@ 244 "/home/formica/chibios/chibios/os/ports/GCC/ARMCMx/chcore_v7m.c" 1
 342 0004 C1F80CD0 		str     sp, [r1, #12]                          
 343 0008 D0F80CD0 		ldr     sp, [r0, #12]
 344              	@ 0 "" 2
 345              		.loc 1 250 0
 346              	@ 250 "/home/formica/chibios/chibios/os/ports/GCC/ARMCMx/chcore_v7m.c" 1
 347 000c BDE8F08F 		pop     {r4, r5, r6, r7, r8, r9, r10, r11, pc}
 348              	@ 0 "" 2
 349              		.loc 1 252 0
 350              		.thumb
 351              		.cfi_endproc
 352              	.LFE12:
 353              		.size	_port_switch, .-_port_switch
 354              		.section	.text._port_thread_start,"ax",%progbits
 355              		.align	2
 356              		.p2align 4,,15
 357              		.global	_port_thread_start
 358              		.thumb
 359              		.thumb_func
 360              		.type	_port_thread_start, %function
 361              	_port_thread_start:
 362              	.LFB13:
 363              		.loc 1 259 0
 364              		.cfi_startproc
 365              		@ args = 0, pretend = 0, frame = 0
 366              		@ frame_needed = 0, uses_anonymous_args = 0
 367 0000 08B5     		push	{r3, lr}
 368              	.LCFI2:
 369              		.cfi_def_cfa_offset 8
 370              		.cfi_offset 3, -8
 371              		.cfi_offset 14, -4
 372              		.loc 1 261 0
 373 0002 FFF7FEFF 		bl	dbg_check_unlock
 374              	.LVL30:
 375              	.LBB9:
 376 0006 0023     		movs	r3, #0
 377              	.LVL31:
 378              	@ 261 "/home/formica/chibios/chibios/os/ports/GCC/ARMCMx/chcore_v7m.c" 1
 379 0008 83F31188 		msr     BASEPRI, r3
 380              	@ 0 "" 2
 381              	.LVL32:
 382              		.thumb
 383              	.LBE9:
 384              		.loc 1 262 0
 385              	@ 262 "/home/formica/chibios/chibios/os/ports/GCC/ARMCMx/chcore_v7m.c" 1
 386 000c 2846     		mov     r0, r5                                 
 387 000e A047     		blx     r4                                     
 388 0010 FFF7FEFF 		bl      chThdExit
 389              	@ 0 "" 2
 390              		.thumb
 391 0014 08BD     		pop	{r3, pc}
 392              		.cfi_endproc
ARM GAS  /tmp/cckC29jz.s 			page 8


 393              	.LFE13:
 394              		.size	_port_thread_start, .-_port_thread_start
 395 0016 00BFAFF3 		.text
 395      0080AFF3 
 395      0080
 396              	.Letext0:
 397              		.file 2 "/home/formica/toolchains/gcc-arm-none-eabi-4_7-2012q4/bin/../lib/gcc/arm-none-eabi/4.7.3/
 398              		.file 3 "/home/formica/chibios/chibios/os/ports/GCC/ARMCMx/chtypes.h"
 399              		.file 4 "/home/formica/chibios/chibios/os/kernel/include/chlists.h"
 400              		.file 5 "/home/formica/chibios/chibios/os/kernel/include/chthreads.h"
 401              		.file 6 "/home/formica/chibios/chibios/os/ports/GCC/ARMCMx/chcore_v7m.h"
 402              		.file 7 "/home/formica/chibios/chibios/os/ports/common/ARMCMx/nvic.h"
 403              		.file 8 "/home/formica/chibios/chibios/os/kernel/include/chschd.h"
 404              		.file 9 "/home/formica/chibios/chibios/os/kernel/include/chmtx.h"
 405              		.file 10 "/home/formica/chibios/chibios/os/kernel/include/chdebug.h"
 406              		.file 11 "/home/formica/chibios/chibios/os/kernel/include/chsys.h"
 407              		.section	.debug_info,"",%progbits
 408              	.Ldebug_info0:
 409 0000 38090000 		.4byte	0x938
 410 0004 0200     		.2byte	0x2
 411 0006 00000000 		.4byte	.Ldebug_abbrev0
 412 000a 04       		.byte	0x4
 413 000b 01       		.uleb128 0x1
 414 000c AE010000 		.4byte	.LASF101
 415 0010 01       		.byte	0x1
 416 0011 A0000000 		.4byte	.LASF102
 417 0015 18000000 		.4byte	.Ldebug_ranges0+0x18
 418 0019 00000000 		.4byte	0
 419 001d 00000000 		.4byte	0
 420 0021 00000000 		.4byte	.Ldebug_line0
 421 0025 02       		.uleb128 0x2
 422 0026 04       		.byte	0x4
 423 0027 05       		.byte	0x5
 424 0028 696E7400 		.ascii	"int\000"
 425 002c 03       		.uleb128 0x3
 426 002d 04       		.byte	0x4
 427 002e 07       		.byte	0x7
 428 002f 86010000 		.4byte	.LASF0
 429 0033 03       		.uleb128 0x3
 430 0034 01       		.byte	0x1
 431 0035 06       		.byte	0x6
 432 0036 7A000000 		.4byte	.LASF1
 433 003a 04       		.uleb128 0x4
 434 003b 2E040000 		.4byte	.LASF5
 435 003f 02       		.byte	0x2
 436 0040 2A       		.byte	0x2a
 437 0041 45000000 		.4byte	0x45
 438 0045 03       		.uleb128 0x3
 439 0046 01       		.byte	0x1
 440 0047 08       		.byte	0x8
 441 0048 1E030000 		.4byte	.LASF2
 442 004c 03       		.uleb128 0x3
 443 004d 02       		.byte	0x2
 444 004e 05       		.byte	0x5
 445 004f 3C030000 		.4byte	.LASF3
 446 0053 03       		.uleb128 0x3
 447 0054 02       		.byte	0x2
ARM GAS  /tmp/cckC29jz.s 			page 9


 448 0055 07       		.byte	0x7
 449 0056 2C020000 		.4byte	.LASF4
 450 005a 04       		.uleb128 0x4
 451 005b 16030000 		.4byte	.LASF6
 452 005f 02       		.byte	0x2
 453 0060 4F       		.byte	0x4f
 454 0061 65000000 		.4byte	0x65
 455 0065 03       		.uleb128 0x3
 456 0066 04       		.byte	0x4
 457 0067 05       		.byte	0x5
 458 0068 EF000000 		.4byte	.LASF7
 459 006c 04       		.uleb128 0x4
 460 006d 82030000 		.4byte	.LASF8
 461 0071 02       		.byte	0x2
 462 0072 50       		.byte	0x50
 463 0073 77000000 		.4byte	0x77
 464 0077 03       		.uleb128 0x3
 465 0078 04       		.byte	0x4
 466 0079 07       		.byte	0x7
 467 007a F7010000 		.4byte	.LASF9
 468 007e 03       		.uleb128 0x3
 469 007f 08       		.byte	0x8
 470 0080 05       		.byte	0x5
 471 0081 6C000000 		.4byte	.LASF10
 472 0085 04       		.uleb128 0x4
 473 0086 0D000000 		.4byte	.LASF11
 474 008a 02       		.byte	0x2
 475 008b 78       		.byte	0x78
 476 008c 90000000 		.4byte	0x90
 477 0090 03       		.uleb128 0x3
 478 0091 08       		.byte	0x8
 479 0092 07       		.byte	0x7
 480 0093 3F000000 		.4byte	.LASF12
 481 0097 04       		.uleb128 0x4
 482 0098 6E020000 		.4byte	.LASF13
 483 009c 03       		.byte	0x3
 484 009d 2F       		.byte	0x2f
 485 009e 3A000000 		.4byte	0x3a
 486 00a2 04       		.uleb128 0x4
 487 00a3 F8000000 		.4byte	.LASF14
 488 00a7 03       		.byte	0x3
 489 00a8 30       		.byte	0x30
 490 00a9 3A000000 		.4byte	0x3a
 491 00ad 04       		.uleb128 0x4
 492 00ae FA020000 		.4byte	.LASF15
 493 00b2 03       		.byte	0x3
 494 00b3 31       		.byte	0x31
 495 00b4 3A000000 		.4byte	0x3a
 496 00b8 04       		.uleb128 0x4
 497 00b9 0E030000 		.4byte	.LASF16
 498 00bd 03       		.byte	0x3
 499 00be 32       		.byte	0x32
 500 00bf 6C000000 		.4byte	0x6c
 501 00c3 04       		.uleb128 0x4
 502 00c4 44020000 		.4byte	.LASF17
 503 00c8 03       		.byte	0x3
 504 00c9 33       		.byte	0x33
ARM GAS  /tmp/cckC29jz.s 			page 10


 505 00ca 5A000000 		.4byte	0x5a
 506 00ce 04       		.uleb128 0x4
 507 00cf 82020000 		.4byte	.LASF18
 508 00d3 03       		.byte	0x3
 509 00d4 35       		.byte	0x35
 510 00d5 6C000000 		.4byte	0x6c
 511 00d9 04       		.uleb128 0x4
 512 00da B4030000 		.4byte	.LASF19
 513 00de 03       		.byte	0x3
 514 00df 36       		.byte	0x36
 515 00e0 6C000000 		.4byte	0x6c
 516 00e4 04       		.uleb128 0x4
 517 00e5 75010000 		.4byte	.LASF20
 518 00e9 03       		.byte	0x3
 519 00ea 37       		.byte	0x37
 520 00eb 5A000000 		.4byte	0x5a
 521 00ef 04       		.uleb128 0x4
 522 00f0 70030000 		.4byte	.LASF21
 523 00f4 04       		.byte	0x4
 524 00f5 2A       		.byte	0x2a
 525 00f6 FA000000 		.4byte	0xfa
 526 00fa 05       		.uleb128 0x5
 527 00fb 70030000 		.4byte	.LASF21
 528 00ff 4C       		.byte	0x4c
 529 0100 05       		.byte	0x5
 530 0101 5E       		.byte	0x5e
 531 0102 1F020000 		.4byte	0x21f
 532 0106 06       		.uleb128 0x6
 533 0107 61030000 		.4byte	.LASF22
 534 010b 05       		.byte	0x5
 535 010c 5F       		.byte	0x5f
 536 010d 44020000 		.4byte	0x244
 537 0111 02       		.byte	0x2
 538 0112 23       		.byte	0x23
 539 0113 00       		.uleb128 0
 540 0114 06       		.uleb128 0x6
 541 0115 07030000 		.4byte	.LASF23
 542 0119 05       		.byte	0x5
 543 011a 61       		.byte	0x61
 544 011b 44020000 		.4byte	0x244
 545 011f 02       		.byte	0x2
 546 0120 23       		.byte	0x23
 547 0121 04       		.uleb128 0x4
 548 0122 06       		.uleb128 0x6
 549 0123 65000000 		.4byte	.LASF24
 550 0127 05       		.byte	0x5
 551 0128 63       		.byte	0x63
 552 0129 B8000000 		.4byte	0xb8
 553 012d 02       		.byte	0x2
 554 012e 23       		.byte	0x23
 555 012f 08       		.uleb128 0x8
 556 0130 06       		.uleb128 0x6
 557 0131 7A040000 		.4byte	.LASF25
 558 0135 05       		.byte	0x5
 559 0136 64       		.byte	0x64
 560 0137 94030000 		.4byte	0x394
 561 013b 02       		.byte	0x2
ARM GAS  /tmp/cckC29jz.s 			page 11


 562 013c 23       		.byte	0x23
 563 013d 0C       		.uleb128 0xc
 564 013e 06       		.uleb128 0x6
 565 013f 14010000 		.4byte	.LASF26
 566 0143 05       		.byte	0x5
 567 0144 66       		.byte	0x66
 568 0145 44020000 		.4byte	0x244
 569 0149 02       		.byte	0x2
 570 014a 23       		.byte	0x23
 571 014b 10       		.uleb128 0x10
 572 014c 06       		.uleb128 0x6
 573 014d BC020000 		.4byte	.LASF27
 574 0151 05       		.byte	0x5
 575 0152 67       		.byte	0x67
 576 0153 44020000 		.4byte	0x244
 577 0157 02       		.byte	0x2
 578 0158 23       		.byte	0x23
 579 0159 14       		.uleb128 0x14
 580 015a 06       		.uleb128 0x6
 581 015b 60040000 		.4byte	.LASF28
 582 015f 05       		.byte	0x5
 583 0160 6E       		.byte	0x6e
 584 0161 5A060000 		.4byte	0x65a
 585 0165 02       		.byte	0x2
 586 0166 23       		.byte	0x23
 587 0167 18       		.uleb128 0x18
 588 0168 06       		.uleb128 0x6
 589 0169 7B010000 		.4byte	.LASF29
 590 016d 05       		.byte	0x5
 591 016e 74       		.byte	0x74
 592 016f 6C060000 		.4byte	0x66c
 593 0173 02       		.byte	0x2
 594 0174 23       		.byte	0x23
 595 0175 1C       		.uleb128 0x1c
 596 0176 06       		.uleb128 0x6
 597 0177 46030000 		.4byte	.LASF30
 598 017b 05       		.byte	0x5
 599 017c 79       		.byte	0x79
 600 017d A2000000 		.4byte	0xa2
 601 0181 02       		.byte	0x2
 602 0182 23       		.byte	0x23
 603 0183 20       		.uleb128 0x20
 604 0184 06       		.uleb128 0x6
 605 0185 68030000 		.4byte	.LASF31
 606 0189 05       		.byte	0x5
 607 018a 7D       		.byte	0x7d
 608 018b 97000000 		.4byte	0x97
 609 018f 02       		.byte	0x2
 610 0190 23       		.byte	0x23
 611 0191 21       		.uleb128 0x21
 612 0192 06       		.uleb128 0x6
 613 0193 12040000 		.4byte	.LASF32
 614 0197 05       		.byte	0x5
 615 0198 82       		.byte	0x82
 616 0199 AD000000 		.4byte	0xad
 617 019d 02       		.byte	0x2
 618 019e 23       		.byte	0x23
ARM GAS  /tmp/cckC29jz.s 			page 12


 619 019f 22       		.uleb128 0x22
 620 01a0 06       		.uleb128 0x6
 621 01a1 E0030000 		.4byte	.LASF33
 622 01a5 05       		.byte	0x5
 623 01a6 89       		.byte	0x89
 624 01a7 62050000 		.4byte	0x562
 625 01ab 02       		.byte	0x2
 626 01ac 23       		.byte	0x23
 627 01ad 24       		.uleb128 0x24
 628 01ae 07       		.uleb128 0x7
 629 01af 705F7500 		.ascii	"p_u\000"
 630 01b3 05       		.byte	0x5
 631 01b4 AE       		.byte	0xae
 632 01b5 25060000 		.4byte	0x625
 633 01b9 02       		.byte	0x2
 634 01ba 23       		.byte	0x23
 635 01bb 28       		.uleb128 0x28
 636 01bc 06       		.uleb128 0x6
 637 01bd 80040000 		.4byte	.LASF34
 638 01c1 05       		.byte	0x5
 639 01c2 B3       		.byte	0xb3
 640 01c3 6C020000 		.4byte	0x26c
 641 01c7 02       		.byte	0x2
 642 01c8 23       		.byte	0x23
 643 01c9 2C       		.uleb128 0x2c
 644 01ca 06       		.uleb128 0x6
 645 01cb 07040000 		.4byte	.LASF35
 646 01cf 05       		.byte	0x5
 647 01d0 B9       		.byte	0xb9
 648 01d1 4A020000 		.4byte	0x24a
 649 01d5 02       		.byte	0x2
 650 01d6 23       		.byte	0x23
 651 01d7 30       		.uleb128 0x30
 652 01d8 06       		.uleb128 0x6
 653 01d9 00000000 		.4byte	.LASF36
 654 01dd 05       		.byte	0x5
 655 01de BD       		.byte	0xbd
 656 01df C3000000 		.4byte	0xc3
 657 01e3 02       		.byte	0x2
 658 01e4 23       		.byte	0x23
 659 01e5 38       		.uleb128 0x38
 660 01e6 06       		.uleb128 0x6
 661 01e7 77030000 		.4byte	.LASF37
 662 01eb 05       		.byte	0x5
 663 01ec C3       		.byte	0xc3
 664 01ed CE000000 		.4byte	0xce
 665 01f1 02       		.byte	0x2
 666 01f2 23       		.byte	0x23
 667 01f3 3C       		.uleb128 0x3c
 668 01f4 06       		.uleb128 0x6
 669 01f5 32030000 		.4byte	.LASF38
 670 01f9 05       		.byte	0x5
 671 01fa CA       		.byte	0xca
 672 01fb 72060000 		.4byte	0x672
 673 01ff 02       		.byte	0x2
 674 0200 23       		.byte	0x23
 675 0201 40       		.uleb128 0x40
ARM GAS  /tmp/cckC29jz.s 			page 13


 676 0202 06       		.uleb128 0x6
 677 0203 BE030000 		.4byte	.LASF39
 678 0207 05       		.byte	0x5
 679 0208 CE       		.byte	0xce
 680 0209 B8000000 		.4byte	0xb8
 681 020d 02       		.byte	0x2
 682 020e 23       		.byte	0x23
 683 020f 44       		.uleb128 0x44
 684 0210 06       		.uleb128 0x6
 685 0211 DF000000 		.4byte	.LASF40
 686 0215 05       		.byte	0x5
 687 0216 D4       		.byte	0xd4
 688 0217 82020000 		.4byte	0x282
 689 021b 02       		.byte	0x2
 690 021c 23       		.byte	0x23
 691 021d 48       		.uleb128 0x48
 692 021e 00       		.byte	0
 693 021f 08       		.uleb128 0x8
 694 0220 08       		.byte	0x8
 695 0221 04       		.byte	0x4
 696 0222 61       		.byte	0x61
 697 0223 44020000 		.4byte	0x244
 698 0227 06       		.uleb128 0x6
 699 0228 61030000 		.4byte	.LASF22
 700 022c 04       		.byte	0x4
 701 022d 62       		.byte	0x62
 702 022e 44020000 		.4byte	0x244
 703 0232 02       		.byte	0x2
 704 0233 23       		.byte	0x23
 705 0234 00       		.uleb128 0
 706 0235 06       		.uleb128 0x6
 707 0236 07030000 		.4byte	.LASF23
 708 023a 04       		.byte	0x4
 709 023b 64       		.byte	0x64
 710 023c 44020000 		.4byte	0x244
 711 0240 02       		.byte	0x2
 712 0241 23       		.byte	0x23
 713 0242 04       		.uleb128 0x4
 714 0243 00       		.byte	0
 715 0244 09       		.uleb128 0x9
 716 0245 04       		.byte	0x4
 717 0246 EF000000 		.4byte	0xef
 718 024a 04       		.uleb128 0x4
 719 024b CA020000 		.4byte	.LASF41
 720 024f 04       		.byte	0x4
 721 0250 66       		.byte	0x66
 722 0251 1F020000 		.4byte	0x21f
 723 0255 08       		.uleb128 0x8
 724 0256 04       		.byte	0x4
 725 0257 04       		.byte	0x4
 726 0258 6B       		.byte	0x6b
 727 0259 6C020000 		.4byte	0x26c
 728 025d 06       		.uleb128 0x6
 729 025e 61030000 		.4byte	.LASF22
 730 0262 04       		.byte	0x4
 731 0263 6D       		.byte	0x6d
 732 0264 44020000 		.4byte	0x244
ARM GAS  /tmp/cckC29jz.s 			page 14


 733 0268 02       		.byte	0x2
 734 0269 23       		.byte	0x23
 735 026a 00       		.uleb128 0
 736 026b 00       		.byte	0
 737 026c 04       		.uleb128 0x4
 738 026d 76020000 		.4byte	.LASF42
 739 0271 04       		.byte	0x4
 740 0272 70       		.byte	0x70
 741 0273 55020000 		.4byte	0x255
 742 0277 04       		.uleb128 0x4
 743 0278 46010000 		.4byte	.LASF43
 744 027c 06       		.byte	0x6
 745 027d D7       		.byte	0xd7
 746 027e 82020000 		.4byte	0x282
 747 0282 0A       		.uleb128 0xa
 748 0283 04       		.byte	0x4
 749 0284 04       		.uleb128 0x4
 750 0285 94020000 		.4byte	.LASF44
 751 0289 06       		.byte	0x6
 752 028a DD       		.byte	0xdd
 753 028b 85000000 		.4byte	0x85
 754 028f 05       		.uleb128 0x5
 755 0290 9A010000 		.4byte	.LASF45
 756 0294 20       		.byte	0x20
 757 0295 06       		.byte	0x6
 758 0296 DF       		.byte	0xdf
 759 0297 07030000 		.4byte	0x307
 760 029b 07       		.uleb128 0x7
 761 029c 723000   		.ascii	"r0\000"
 762 029f 06       		.byte	0x6
 763 02a0 E0       		.byte	0xe0
 764 02a1 77020000 		.4byte	0x277
 765 02a5 02       		.byte	0x2
 766 02a6 23       		.byte	0x23
 767 02a7 00       		.uleb128 0
 768 02a8 07       		.uleb128 0x7
 769 02a9 723100   		.ascii	"r1\000"
 770 02ac 06       		.byte	0x6
 771 02ad E1       		.byte	0xe1
 772 02ae 77020000 		.4byte	0x277
 773 02b2 02       		.byte	0x2
 774 02b3 23       		.byte	0x23
 775 02b4 04       		.uleb128 0x4
 776 02b5 07       		.uleb128 0x7
 777 02b6 723200   		.ascii	"r2\000"
 778 02b9 06       		.byte	0x6
 779 02ba E2       		.byte	0xe2
 780 02bb 77020000 		.4byte	0x277
 781 02bf 02       		.byte	0x2
 782 02c0 23       		.byte	0x23
 783 02c1 08       		.uleb128 0x8
 784 02c2 07       		.uleb128 0x7
 785 02c3 723300   		.ascii	"r3\000"
 786 02c6 06       		.byte	0x6
 787 02c7 E3       		.byte	0xe3
 788 02c8 77020000 		.4byte	0x277
 789 02cc 02       		.byte	0x2
ARM GAS  /tmp/cckC29jz.s 			page 15


 790 02cd 23       		.byte	0x23
 791 02ce 0C       		.uleb128 0xc
 792 02cf 07       		.uleb128 0x7
 793 02d0 72313200 		.ascii	"r12\000"
 794 02d4 06       		.byte	0x6
 795 02d5 E4       		.byte	0xe4
 796 02d6 77020000 		.4byte	0x277
 797 02da 02       		.byte	0x2
 798 02db 23       		.byte	0x23
 799 02dc 10       		.uleb128 0x10
 800 02dd 06       		.uleb128 0x6
 801 02de 93010000 		.4byte	.LASF46
 802 02e2 06       		.byte	0x6
 803 02e3 E5       		.byte	0xe5
 804 02e4 77020000 		.4byte	0x277
 805 02e8 02       		.byte	0x2
 806 02e9 23       		.byte	0x23
 807 02ea 14       		.uleb128 0x14
 808 02eb 07       		.uleb128 0x7
 809 02ec 706300   		.ascii	"pc\000"
 810 02ef 06       		.byte	0x6
 811 02f0 E6       		.byte	0xe6
 812 02f1 77020000 		.4byte	0x277
 813 02f5 02       		.byte	0x2
 814 02f6 23       		.byte	0x23
 815 02f7 18       		.uleb128 0x18
 816 02f8 06       		.uleb128 0x6
 817 02f9 4E030000 		.4byte	.LASF47
 818 02fd 06       		.byte	0x6
 819 02fe E7       		.byte	0xe7
 820 02ff 77020000 		.4byte	0x277
 821 0303 02       		.byte	0x2
 822 0304 23       		.byte	0x23
 823 0305 1C       		.uleb128 0x1c
 824 0306 00       		.byte	0
 825 0307 05       		.uleb128 0x5
 826 0308 00040000 		.4byte	.LASF48
 827 030c 24       		.byte	0x24
 828 030d 06       		.byte	0x6
 829 030e FE       		.byte	0xfe
 830 030f 94030000 		.4byte	0x394
 831 0313 0B       		.uleb128 0xb
 832 0314 723400   		.ascii	"r4\000"
 833 0317 06       		.byte	0x6
 834 0318 1101     		.2byte	0x111
 835 031a 77020000 		.4byte	0x277
 836 031e 02       		.byte	0x2
 837 031f 23       		.byte	0x23
 838 0320 00       		.uleb128 0
 839 0321 0B       		.uleb128 0xb
 840 0322 723500   		.ascii	"r5\000"
 841 0325 06       		.byte	0x6
 842 0326 1201     		.2byte	0x112
 843 0328 77020000 		.4byte	0x277
 844 032c 02       		.byte	0x2
 845 032d 23       		.byte	0x23
 846 032e 04       		.uleb128 0x4
ARM GAS  /tmp/cckC29jz.s 			page 16


 847 032f 0B       		.uleb128 0xb
 848 0330 723600   		.ascii	"r6\000"
 849 0333 06       		.byte	0x6
 850 0334 1301     		.2byte	0x113
 851 0336 77020000 		.4byte	0x277
 852 033a 02       		.byte	0x2
 853 033b 23       		.byte	0x23
 854 033c 08       		.uleb128 0x8
 855 033d 0B       		.uleb128 0xb
 856 033e 723700   		.ascii	"r7\000"
 857 0341 06       		.byte	0x6
 858 0342 1401     		.2byte	0x114
 859 0344 77020000 		.4byte	0x277
 860 0348 02       		.byte	0x2
 861 0349 23       		.byte	0x23
 862 034a 0C       		.uleb128 0xc
 863 034b 0B       		.uleb128 0xb
 864 034c 723800   		.ascii	"r8\000"
 865 034f 06       		.byte	0x6
 866 0350 1501     		.2byte	0x115
 867 0352 77020000 		.4byte	0x277
 868 0356 02       		.byte	0x2
 869 0357 23       		.byte	0x23
 870 0358 10       		.uleb128 0x10
 871 0359 0B       		.uleb128 0xb
 872 035a 723900   		.ascii	"r9\000"
 873 035d 06       		.byte	0x6
 874 035e 1601     		.2byte	0x116
 875 0360 77020000 		.4byte	0x277
 876 0364 02       		.byte	0x2
 877 0365 23       		.byte	0x23
 878 0366 14       		.uleb128 0x14
 879 0367 0B       		.uleb128 0xb
 880 0368 72313000 		.ascii	"r10\000"
 881 036c 06       		.byte	0x6
 882 036d 1701     		.2byte	0x117
 883 036f 77020000 		.4byte	0x277
 884 0373 02       		.byte	0x2
 885 0374 23       		.byte	0x23
 886 0375 18       		.uleb128 0x18
 887 0376 0B       		.uleb128 0xb
 888 0377 72313100 		.ascii	"r11\000"
 889 037b 06       		.byte	0x6
 890 037c 1801     		.2byte	0x118
 891 037e 77020000 		.4byte	0x277
 892 0382 02       		.byte	0x2
 893 0383 23       		.byte	0x23
 894 0384 1C       		.uleb128 0x1c
 895 0385 0B       		.uleb128 0xb
 896 0386 6C7200   		.ascii	"lr\000"
 897 0389 06       		.byte	0x6
 898 038a 1901     		.2byte	0x119
 899 038c 77020000 		.4byte	0x277
 900 0390 02       		.byte	0x2
 901 0391 23       		.byte	0x23
 902 0392 20       		.uleb128 0x20
 903 0393 00       		.byte	0
ARM GAS  /tmp/cckC29jz.s 			page 17


 904 0394 0C       		.uleb128 0xc
 905 0395 24020000 		.4byte	.LASF49
 906 0399 04       		.byte	0x4
 907 039a 06       		.byte	0x6
 908 039b 2301     		.2byte	0x123
 909 039d B1030000 		.4byte	0x3b1
 910 03a1 0B       		.uleb128 0xb
 911 03a2 72313300 		.ascii	"r13\000"
 912 03a6 06       		.byte	0x6
 913 03a7 2401     		.2byte	0x124
 914 03a9 B1030000 		.4byte	0x3b1
 915 03ad 02       		.byte	0x2
 916 03ae 23       		.byte	0x23
 917 03af 00       		.uleb128 0
 918 03b0 00       		.byte	0
 919 03b1 09       		.uleb128 0x9
 920 03b2 04       		.byte	0x4
 921 03b3 07030000 		.4byte	0x307
 922 03b7 04       		.uleb128 0x4
 923 03b8 A5030000 		.4byte	.LASF50
 924 03bc 07       		.byte	0x7
 925 03bd 3A       		.byte	0x3a
 926 03be C2030000 		.4byte	0x3c2
 927 03c2 0D       		.uleb128 0xd
 928 03c3 6C000000 		.4byte	0x6c
 929 03c7 03       		.uleb128 0x3
 930 03c8 04       		.byte	0x4
 931 03c9 07       		.byte	0x7
 932 03ca 9F020000 		.4byte	.LASF51
 933 03ce 08       		.uleb128 0x8
 934 03cf 8C       		.byte	0x8c
 935 03d0 07       		.byte	0x7
 936 03d1 89       		.byte	0x89
 937 03d2 FE040000 		.4byte	0x4fe
 938 03d6 06       		.uleb128 0x6
 939 03d7 5F000000 		.4byte	.LASF52
 940 03db 07       		.byte	0x7
 941 03dc 8A       		.byte	0x8a
 942 03dd B7030000 		.4byte	0x3b7
 943 03e1 02       		.byte	0x2
 944 03e2 23       		.byte	0x23
 945 03e3 00       		.uleb128 0
 946 03e4 06       		.uleb128 0x6
 947 03e5 3F020000 		.4byte	.LASF53
 948 03e9 07       		.byte	0x7
 949 03ea 8B       		.byte	0x8b
 950 03eb B7030000 		.4byte	0x3b7
 951 03ef 02       		.byte	0x2
 952 03f0 23       		.byte	0x23
 953 03f1 04       		.uleb128 0x4
 954 03f2 06       		.uleb128 0x6
 955 03f3 09020000 		.4byte	.LASF54
 956 03f7 07       		.byte	0x7
 957 03f8 8C       		.byte	0x8c
 958 03f9 B7030000 		.4byte	0x3b7
 959 03fd 02       		.byte	0x2
 960 03fe 23       		.byte	0x23
ARM GAS  /tmp/cckC29jz.s 			page 18


 961 03ff 08       		.uleb128 0x8
 962 0400 06       		.uleb128 0x6
 963 0401 4A020000 		.4byte	.LASF55
 964 0405 07       		.byte	0x7
 965 0406 8D       		.byte	0x8d
 966 0407 B7030000 		.4byte	0x3b7
 967 040b 02       		.byte	0x2
 968 040c 23       		.byte	0x23
 969 040d 0C       		.uleb128 0xc
 970 040e 07       		.uleb128 0x7
 971 040f 53435200 		.ascii	"SCR\000"
 972 0413 07       		.byte	0x7
 973 0414 8E       		.byte	0x8e
 974 0415 B7030000 		.4byte	0x3b7
 975 0419 02       		.byte	0x2
 976 041a 23       		.byte	0x23
 977 041b 10       		.uleb128 0x10
 978 041c 07       		.uleb128 0x7
 979 041d 43435200 		.ascii	"CCR\000"
 980 0421 07       		.byte	0x7
 981 0422 8F       		.byte	0x8f
 982 0423 B7030000 		.4byte	0x3b7
 983 0427 02       		.byte	0x2
 984 0428 23       		.byte	0x23
 985 0429 14       		.uleb128 0x14
 986 042a 06       		.uleb128 0x6
 987 042b E7030000 		.4byte	.LASF56
 988 042f 07       		.byte	0x7
 989 0430 90       		.byte	0x90
 990 0431 0E050000 		.4byte	0x50e
 991 0435 02       		.byte	0x2
 992 0436 23       		.byte	0x23
 993 0437 18       		.uleb128 0x18
 994 0438 06       		.uleb128 0x6
 995 0439 2C030000 		.4byte	.LASF57
 996 043d 07       		.byte	0x7
 997 043e 91       		.byte	0x91
 998 043f B7030000 		.4byte	0x3b7
 999 0443 02       		.byte	0x2
 1000 0444 23       		.byte	0x23
 1001 0445 24       		.uleb128 0x24
 1002 0446 06       		.uleb128 0x6
 1003 0447 B7020000 		.4byte	.LASF58
 1004 044b 07       		.byte	0x7
 1005 044c 92       		.byte	0x92
 1006 044d B7030000 		.4byte	0x3b7
 1007 0451 02       		.byte	0x2
 1008 0452 23       		.byte	0x23
 1009 0453 28       		.uleb128 0x28
 1010 0454 06       		.uleb128 0x6
 1011 0455 6D040000 		.4byte	.LASF59
 1012 0459 07       		.byte	0x7
 1013 045a 93       		.byte	0x93
 1014 045b B7030000 		.4byte	0x3b7
 1015 045f 02       		.byte	0x2
 1016 0460 23       		.byte	0x23
 1017 0461 2C       		.uleb128 0x2c
ARM GAS  /tmp/cckC29jz.s 			page 19


 1018 0462 06       		.uleb128 0x6
 1019 0463 50020000 		.4byte	.LASF60
 1020 0467 07       		.byte	0x7
 1021 0468 94       		.byte	0x94
 1022 0469 B7030000 		.4byte	0x3b7
 1023 046d 02       		.byte	0x2
 1024 046e 23       		.byte	0x23
 1025 046f 30       		.uleb128 0x30
 1026 0470 06       		.uleb128 0x6
 1027 0471 55020000 		.4byte	.LASF61
 1028 0475 07       		.byte	0x7
 1029 0476 95       		.byte	0x95
 1030 0477 B7030000 		.4byte	0x3b7
 1031 047b 02       		.byte	0x2
 1032 047c 23       		.byte	0x23
 1033 047d 34       		.uleb128 0x34
 1034 047e 06       		.uleb128 0x6
 1035 047f 1C010000 		.4byte	.LASF62
 1036 0483 07       		.byte	0x7
 1037 0484 96       		.byte	0x96
 1038 0485 B7030000 		.4byte	0x3b7
 1039 0489 02       		.byte	0x2
 1040 048a 23       		.byte	0x23
 1041 048b 38       		.uleb128 0x38
 1042 048c 06       		.uleb128 0x6
 1043 048d 93030000 		.4byte	.LASF63
 1044 0491 07       		.byte	0x7
 1045 0492 97       		.byte	0x97
 1046 0493 B7030000 		.4byte	0x3b7
 1047 0497 02       		.byte	0x2
 1048 0498 23       		.byte	0x23
 1049 0499 3C       		.uleb128 0x3c
 1050 049a 07       		.uleb128 0x7
 1051 049b 50465200 		.ascii	"PFR\000"
 1052 049f 07       		.byte	0x7
 1053 04a0 98       		.byte	0x98
 1054 04a1 23050000 		.4byte	0x523
 1055 04a5 02       		.byte	0x2
 1056 04a6 23       		.byte	0x23
 1057 04a7 40       		.uleb128 0x40
 1058 04a8 07       		.uleb128 0x7
 1059 04a9 44465200 		.ascii	"DFR\000"
 1060 04ad 07       		.byte	0x7
 1061 04ae 99       		.byte	0x99
 1062 04af B7030000 		.4byte	0x3b7
 1063 04b3 02       		.byte	0x2
 1064 04b4 23       		.byte	0x23
 1065 04b5 48       		.uleb128 0x48
 1066 04b6 07       		.uleb128 0x7
 1067 04b7 41445200 		.ascii	"ADR\000"
 1068 04bb 07       		.byte	0x7
 1069 04bc 9A       		.byte	0x9a
 1070 04bd B7030000 		.4byte	0x3b7
 1071 04c1 02       		.byte	0x2
 1072 04c2 23       		.byte	0x23
 1073 04c3 4C       		.uleb128 0x4c
 1074 04c4 06       		.uleb128 0x6
ARM GAS  /tmp/cckC29jz.s 			page 20


 1075 04c5 23040000 		.4byte	.LASF64
 1076 04c9 07       		.byte	0x7
 1077 04ca 9B       		.byte	0x9b
 1078 04cb 38050000 		.4byte	0x538
 1079 04cf 02       		.byte	0x2
 1080 04d0 23       		.byte	0x23
 1081 04d1 50       		.uleb128 0x50
 1082 04d2 07       		.uleb128 0x7
 1083 04d3 53415200 		.ascii	"SAR\000"
 1084 04d7 07       		.byte	0x7
 1085 04d8 9C       		.byte	0x9c
 1086 04d9 4D050000 		.4byte	0x54d
 1087 04dd 02       		.byte	0x2
 1088 04de 23       		.byte	0x23
 1089 04df 60       		.uleb128 0x60
 1090 04e0 06       		.uleb128 0x6
 1091 04e1 98030000 		.4byte	.LASF65
 1092 04e5 07       		.byte	0x7
 1093 04e6 9D       		.byte	0x9d
 1094 04e7 52050000 		.4byte	0x552
 1095 04eb 02       		.byte	0x2
 1096 04ec 23       		.byte	0x23
 1097 04ed 74       		.uleb128 0x74
 1098 04ee 06       		.uleb128 0x6
 1099 04ef 67040000 		.4byte	.LASF66
 1100 04f3 07       		.byte	0x7
 1101 04f4 9E       		.byte	0x9e
 1102 04f5 B7030000 		.4byte	0x3b7
 1103 04f9 03       		.byte	0x3
 1104 04fa 23       		.byte	0x23
 1105 04fb 8801     		.uleb128 0x88
 1106 04fd 00       		.byte	0
 1107 04fe 0E       		.uleb128 0xe
 1108 04ff B7030000 		.4byte	0x3b7
 1109 0503 0E050000 		.4byte	0x50e
 1110 0507 0F       		.uleb128 0xf
 1111 0508 C7030000 		.4byte	0x3c7
 1112 050c 02       		.byte	0x2
 1113 050d 00       		.byte	0
 1114 050e 0D       		.uleb128 0xd
 1115 050f FE040000 		.4byte	0x4fe
 1116 0513 0E       		.uleb128 0xe
 1117 0514 B7030000 		.4byte	0x3b7
 1118 0518 23050000 		.4byte	0x523
 1119 051c 0F       		.uleb128 0xf
 1120 051d C7030000 		.4byte	0x3c7
 1121 0521 01       		.byte	0x1
 1122 0522 00       		.byte	0
 1123 0523 0D       		.uleb128 0xd
 1124 0524 13050000 		.4byte	0x513
 1125 0528 0E       		.uleb128 0xe
 1126 0529 B7030000 		.4byte	0x3b7
 1127 052d 38050000 		.4byte	0x538
 1128 0531 0F       		.uleb128 0xf
 1129 0532 C7030000 		.4byte	0x3c7
 1130 0536 03       		.byte	0x3
 1131 0537 00       		.byte	0
ARM GAS  /tmp/cckC29jz.s 			page 21


 1132 0538 0D       		.uleb128 0xd
 1133 0539 28050000 		.4byte	0x528
 1134 053d 0E       		.uleb128 0xe
 1135 053e B7030000 		.4byte	0x3b7
 1136 0542 4D050000 		.4byte	0x54d
 1137 0546 0F       		.uleb128 0xf
 1138 0547 C7030000 		.4byte	0x3c7
 1139 054b 04       		.byte	0x4
 1140 054c 00       		.byte	0
 1141 054d 0D       		.uleb128 0xd
 1142 054e 3D050000 		.4byte	0x53d
 1143 0552 0D       		.uleb128 0xd
 1144 0553 3D050000 		.4byte	0x53d
 1145 0557 04       		.uleb128 0x4
 1146 0558 16000000 		.4byte	.LASF67
 1147 055c 07       		.byte	0x7
 1148 055d 9F       		.byte	0x9f
 1149 055e CE030000 		.4byte	0x3ce
 1150 0562 0D       		.uleb128 0xd
 1151 0563 D9000000 		.4byte	0xd9
 1152 0567 08       		.uleb128 0x8
 1153 0568 20       		.byte	0x20
 1154 0569 08       		.byte	0x8
 1155 056a 5E       		.byte	0x5e
 1156 056b D2050000 		.4byte	0x5d2
 1157 056f 06       		.uleb128 0x6
 1158 0570 8B030000 		.4byte	.LASF68
 1159 0574 08       		.byte	0x8
 1160 0575 5F       		.byte	0x5f
 1161 0576 4A020000 		.4byte	0x24a
 1162 057a 02       		.byte	0x2
 1163 057b 23       		.byte	0x23
 1164 057c 00       		.uleb128 0
 1165 057d 06       		.uleb128 0x6
 1166 057e 53030000 		.4byte	.LASF69
 1167 0582 08       		.byte	0x8
 1168 0583 60       		.byte	0x60
 1169 0584 B8000000 		.4byte	0xb8
 1170 0588 02       		.byte	0x2
 1171 0589 23       		.byte	0x23
 1172 058a 08       		.uleb128 0x8
 1173 058b 06       		.uleb128 0x6
 1174 058c C4020000 		.4byte	.LASF70
 1175 0590 08       		.byte	0x8
 1176 0591 62       		.byte	0x62
 1177 0592 94030000 		.4byte	0x394
 1178 0596 02       		.byte	0x2
 1179 0597 23       		.byte	0x23
 1180 0598 0C       		.uleb128 0xc
 1181 0599 06       		.uleb128 0x6
 1182 059a 21010000 		.4byte	.LASF71
 1183 059e 08       		.byte	0x8
 1184 059f 65       		.byte	0x65
 1185 05a0 44020000 		.4byte	0x244
 1186 05a4 02       		.byte	0x2
 1187 05a5 23       		.byte	0x23
 1188 05a6 10       		.uleb128 0x10
ARM GAS  /tmp/cckC29jz.s 			page 22


 1189 05a7 06       		.uleb128 0x6
 1190 05a8 E1020000 		.4byte	.LASF72
 1191 05ac 08       		.byte	0x8
 1192 05ad 66       		.byte	0x66
 1193 05ae 44020000 		.4byte	0x244
 1194 05b2 02       		.byte	0x2
 1195 05b3 23       		.byte	0x23
 1196 05b4 14       		.uleb128 0x14
 1197 05b5 06       		.uleb128 0x6
 1198 05b6 D6030000 		.4byte	.LASF73
 1199 05ba 08       		.byte	0x8
 1200 05bb 6A       		.byte	0x6a
 1201 05bc E4000000 		.4byte	0xe4
 1202 05c0 02       		.byte	0x2
 1203 05c1 23       		.byte	0x23
 1204 05c2 18       		.uleb128 0x18
 1205 05c3 06       		.uleb128 0x6
 1206 05c4 D7020000 		.4byte	.LASF74
 1207 05c8 08       		.byte	0x8
 1208 05c9 6C       		.byte	0x6c
 1209 05ca 44020000 		.4byte	0x244
 1210 05ce 02       		.byte	0x2
 1211 05cf 23       		.byte	0x23
 1212 05d0 1C       		.uleb128 0x1c
 1213 05d1 00       		.byte	0
 1214 05d2 04       		.uleb128 0x4
 1215 05d3 19040000 		.4byte	.LASF75
 1216 05d7 08       		.byte	0x8
 1217 05d8 6E       		.byte	0x6e
 1218 05d9 67050000 		.4byte	0x567
 1219 05dd 05       		.uleb128 0x5
 1220 05de 8E020000 		.4byte	.LASF76
 1221 05e2 10       		.byte	0x10
 1222 05e3 09       		.byte	0x9
 1223 05e4 2C       		.byte	0x2c
 1224 05e5 14060000 		.4byte	0x614
 1225 05e9 06       		.uleb128 0x6
 1226 05ea E7000000 		.4byte	.LASF77
 1227 05ee 09       		.byte	0x9
 1228 05ef 2D       		.byte	0x2d
 1229 05f0 4A020000 		.4byte	0x24a
 1230 05f4 02       		.byte	0x2
 1231 05f5 23       		.byte	0x23
 1232 05f6 00       		.uleb128 0
 1233 05f7 06       		.uleb128 0x6
 1234 05f8 72040000 		.4byte	.LASF78
 1235 05fc 09       		.byte	0x9
 1236 05fd 2F       		.byte	0x2f
 1237 05fe 44020000 		.4byte	0x244
 1238 0602 02       		.byte	0x2
 1239 0603 23       		.byte	0x23
 1240 0604 08       		.uleb128 0x8
 1241 0605 06       		.uleb128 0x6
 1242 0606 AD030000 		.4byte	.LASF79
 1243 060a 09       		.byte	0x9
 1244 060b 31       		.byte	0x31
 1245 060c 14060000 		.4byte	0x614
ARM GAS  /tmp/cckC29jz.s 			page 23


 1246 0610 02       		.byte	0x2
 1247 0611 23       		.byte	0x23
 1248 0612 0C       		.uleb128 0xc
 1249 0613 00       		.byte	0
 1250 0614 09       		.uleb128 0x9
 1251 0615 04       		.byte	0x4
 1252 0616 DD050000 		.4byte	0x5dd
 1253 061a 04       		.uleb128 0x4
 1254 061b 8E020000 		.4byte	.LASF76
 1255 061f 09       		.byte	0x9
 1256 0620 33       		.byte	0x33
 1257 0621 DD050000 		.4byte	0x5dd
 1258 0625 10       		.uleb128 0x10
 1259 0626 04       		.byte	0x4
 1260 0627 05       		.byte	0x5
 1261 0628 90       		.byte	0x90
 1262 0629 5A060000 		.4byte	0x65a
 1263 062d 11       		.uleb128 0x11
 1264 062e 06000000 		.4byte	.LASF80
 1265 0632 05       		.byte	0x5
 1266 0633 97       		.byte	0x97
 1267 0634 C3000000 		.4byte	0xc3
 1268 0638 11       		.uleb128 0x11
 1269 0639 56000000 		.4byte	.LASF81
 1270 063d 05       		.byte	0x5
 1271 063e 9E       		.byte	0x9e
 1272 063f C3000000 		.4byte	0xc3
 1273 0643 11       		.uleb128 0x11
 1274 0644 59040000 		.4byte	.LASF82
 1275 0648 05       		.byte	0x5
 1276 0649 A5       		.byte	0xa5
 1277 064a 82020000 		.4byte	0x282
 1278 064e 11       		.uleb128 0x11
 1279 064f 5A030000 		.4byte	.LASF83
 1280 0653 05       		.byte	0x5
 1281 0654 AC       		.byte	0xac
 1282 0655 CE000000 		.4byte	0xce
 1283 0659 00       		.byte	0
 1284 065a 09       		.uleb128 0x9
 1285 065b 04       		.byte	0x4
 1286 065c 60060000 		.4byte	0x660
 1287 0660 12       		.uleb128 0x12
 1288 0661 65060000 		.4byte	0x665
 1289 0665 03       		.uleb128 0x3
 1290 0666 01       		.byte	0x1
 1291 0667 08       		.byte	0x8
 1292 0668 A0030000 		.4byte	.LASF84
 1293 066c 09       		.uleb128 0x9
 1294 066d 04       		.byte	0x4
 1295 066e 84020000 		.4byte	0x284
 1296 0672 09       		.uleb128 0x9
 1297 0673 04       		.byte	0x4
 1298 0674 1A060000 		.4byte	0x61a
 1299 0678 13       		.uleb128 0x13
 1300 0679 01       		.byte	0x1
 1301 067a 0E020000 		.4byte	.LASF85
 1302 067e 01       		.byte	0x1
ARM GAS  /tmp/cckC29jz.s 			page 24


 1303 067f CF       		.byte	0xcf
 1304 0680 01       		.byte	0x1
 1305 0681 00000000 		.4byte	.LFB11
 1306 0685 0E000000 		.4byte	.LFE11
 1307 0689 02       		.byte	0x2
 1308 068a 7D       		.byte	0x7d
 1309 068b 00       		.sleb128 0
 1310 068c 01       		.byte	0x1
 1311 068d AD060000 		.4byte	0x6ad
 1312 0691 14       		.uleb128 0x14
 1313 0692 04000000 		.4byte	.LVL0
 1314 0696 D1080000 		.4byte	0x8d1
 1315 069a 14       		.uleb128 0x14
 1316 069b 08000000 		.4byte	.LVL1
 1317 069f DB080000 		.4byte	0x8db
 1318 06a3 14       		.uleb128 0x14
 1319 06a4 0C000000 		.4byte	.LVL2
 1320 06a8 E5080000 		.4byte	0x8e5
 1321 06ac 00       		.byte	0
 1322 06ad 13       		.uleb128 0x13
 1323 06ae 01       		.byte	0x1
 1324 06af C9030000 		.4byte	.LASF86
 1325 06b3 01       		.byte	0x1
 1326 06b4 41       		.byte	0x41
 1327 06b5 01       		.byte	0x1
 1328 06b6 00000000 		.4byte	.LFB8
 1329 06ba 12000000 		.4byte	.LFE8
 1330 06be 02       		.byte	0x2
 1331 06bf 7D       		.byte	0x7d
 1332 06c0 00       		.sleb128 0
 1333 06c1 01       		.byte	0x1
 1334 06c2 EF060000 		.4byte	0x6ef
 1335 06c6 15       		.uleb128 0x15
 1336 06c7 02030000 		.4byte	.LASF87
 1337 06cb 01       		.byte	0x1
 1338 06cc 42       		.byte	0x42
 1339 06cd EF060000 		.4byte	0x6ef
 1340 06d1 00000000 		.4byte	.LLST0
 1341 06d5 16       		.uleb128 0x16
 1342 06d6 0A000000 		.4byte	.LBB2
 1343 06da 12000000 		.4byte	.LBE2
 1344 06de 17       		.uleb128 0x17
 1345 06df 746D7000 		.ascii	"tmp\000"
 1346 06e3 01       		.byte	0x1
 1347 06e4 51       		.byte	0x51
 1348 06e5 6C000000 		.4byte	0x6c
 1349 06e9 20000000 		.4byte	.LLST1
 1350 06ed 00       		.byte	0
 1351 06ee 00       		.byte	0
 1352 06ef 09       		.uleb128 0x9
 1353 06f0 04       		.byte	0x4
 1354 06f1 8F020000 		.4byte	0x28f
 1355 06f5 18       		.uleb128 0x18
 1356 06f6 01       		.byte	0x1
 1357 06f7 36040000 		.4byte	.LASF88
 1358 06fb 01       		.byte	0x1
 1359 06fc 76       		.byte	0x76
ARM GAS  /tmp/cckC29jz.s 			page 25


 1360 06fd 01       		.byte	0x1
 1361 06fe 00000000 		.4byte	.LFB9
 1362 0702 34000000 		.4byte	.LFE9
 1363 0706 33000000 		.4byte	.LLST2
 1364 070a 01       		.byte	0x1
 1365 070b 58070000 		.4byte	0x758
 1366 070f 19       		.uleb128 0x19
 1367 0710 1E000000 		.4byte	.LVL7
 1368 0714 EF080000 		.4byte	0x8ef
 1369 0718 27070000 		.4byte	0x727
 1370 071c 1A       		.uleb128 0x1a
 1371 071d 01       		.byte	0x1
 1372 071e 51       		.byte	0x51
 1373 071f 01       		.byte	0x1
 1374 0720 40       		.byte	0x40
 1375 0721 1A       		.uleb128 0x1a
 1376 0722 01       		.byte	0x1
 1377 0723 50       		.byte	0x50
 1378 0724 01       		.byte	0x1
 1379 0725 37       		.byte	0x37
 1380 0726 00       		.byte	0
 1381 0727 19       		.uleb128 0x19
 1382 0728 28000000 		.4byte	.LVL8
 1383 072c EF080000 		.4byte	0x8ef
 1384 0730 41070000 		.4byte	0x741
 1385 0734 1A       		.uleb128 0x1a
 1386 0735 01       		.byte	0x1
 1387 0736 51       		.byte	0x51
 1388 0737 03       		.byte	0x3
 1389 0738 0A       		.byte	0xa
 1390 0739 0002     		.2byte	0x200
 1391 073b 1A       		.uleb128 0x1a
 1392 073c 01       		.byte	0x1
 1393 073d 50       		.byte	0x50
 1394 073e 01       		.byte	0x1
 1395 073f 3A       		.byte	0x3a
 1396 0740 00       		.byte	0
 1397 0741 1B       		.uleb128 0x1b
 1398 0742 34000000 		.4byte	.LVL9
 1399 0746 01       		.byte	0x1
 1400 0747 EF080000 		.4byte	0x8ef
 1401 074b 1A       		.uleb128 0x1a
 1402 074c 01       		.byte	0x1
 1403 074d 51       		.byte	0x51
 1404 074e 02       		.byte	0x2
 1405 074f 08       		.byte	0x8
 1406 0750 80       		.byte	0x80
 1407 0751 1A       		.uleb128 0x1a
 1408 0752 01       		.byte	0x1
 1409 0753 50       		.byte	0x50
 1410 0754 01       		.byte	0x1
 1411 0755 3B       		.byte	0x3b
 1412 0756 00       		.byte	0
 1413 0757 00       		.byte	0
 1414 0758 13       		.uleb128 0x13
 1415 0759 01       		.byte	0x1
 1416 075a 5B020000 		.4byte	.LASF89
ARM GAS  /tmp/cckC29jz.s 			page 26


 1417 075e 01       		.byte	0x1
 1418 075f 94       		.byte	0x94
 1419 0760 01       		.byte	0x1
 1420 0761 00000000 		.4byte	.LFB10
 1421 0765 78000000 		.4byte	.LFE10
 1422 0769 02       		.byte	0x2
 1423 076a 7D       		.byte	0x7d
 1424 076b 00       		.sleb128 0
 1425 076c 01       		.byte	0x1
 1426 076d C1070000 		.4byte	0x7c1
 1427 0771 1C       		.uleb128 0x1c
 1428 0772 00000000 		.4byte	.LBB3
 1429 0776 06000000 		.4byte	.LBE3
 1430 077a 8E070000 		.4byte	0x78e
 1431 077e 17       		.uleb128 0x17
 1432 077f 746D7000 		.ascii	"tmp\000"
 1433 0783 01       		.byte	0x1
 1434 0784 96       		.byte	0x96
 1435 0785 6C000000 		.4byte	0x6c
 1436 0789 53000000 		.4byte	.LLST3
 1437 078d 00       		.byte	0
 1438 078e 1D       		.uleb128 0x1d
 1439 078f 00000000 		.4byte	.Ldebug_ranges0+0
 1440 0793 A7070000 		.4byte	0x7a7
 1441 0797 15       		.uleb128 0x15
 1442 0798 02030000 		.4byte	.LASF87
 1443 079c 01       		.byte	0x1
 1444 079d 98       		.byte	0x98
 1445 079e EF060000 		.4byte	0x6ef
 1446 07a2 66000000 		.4byte	.LLST4
 1447 07a6 00       		.byte	0
 1448 07a7 16       		.uleb128 0x16
 1449 07a8 4A000000 		.4byte	.LBB5
 1450 07ac 50000000 		.4byte	.LBE5
 1451 07b0 17       		.uleb128 0x17
 1452 07b1 746D7000 		.ascii	"tmp\000"
 1453 07b5 01       		.byte	0x1
 1454 07b6 C5       		.byte	0xc5
 1455 07b7 6C000000 		.4byte	0x6c
 1456 07bb A0000000 		.4byte	.LLST5
 1457 07bf 00       		.byte	0
 1458 07c0 00       		.byte	0
 1459 07c1 18       		.uleb128 0x18
 1460 07c2 01       		.byte	0x1
 1461 07c3 31000000 		.4byte	.LASF90
 1462 07c7 01       		.byte	0x1
 1463 07c8 2F       		.byte	0x2f
 1464 07c9 01       		.byte	0x1
 1465 07ca 00000000 		.4byte	.LFB7
 1466 07ce 2A000000 		.4byte	.LFE7
 1467 07d2 B3000000 		.4byte	.LLST6
 1468 07d6 01       		.byte	0x1
 1469 07d7 4D080000 		.4byte	0x84d
 1470 07db 1C       		.uleb128 0x1c
 1471 07dc 06000000 		.4byte	.LBB7
 1472 07e0 0C000000 		.4byte	.LBE7
 1473 07e4 F8070000 		.4byte	0x7f8
ARM GAS  /tmp/cckC29jz.s 			page 27


 1474 07e8 17       		.uleb128 0x17
 1475 07e9 746D7000 		.ascii	"tmp\000"
 1476 07ed 01       		.byte	0x1
 1477 07ee 33       		.byte	0x33
 1478 07ef 6C000000 		.4byte	0x6c
 1479 07f3 D3000000 		.4byte	.LLST7
 1480 07f7 00       		.byte	0
 1481 07f8 1C       		.uleb128 0x1c
 1482 07f9 18000000 		.4byte	.LBB8
 1483 07fd 1E000000 		.4byte	.LBE8
 1484 0801 15080000 		.4byte	0x815
 1485 0805 17       		.uleb128 0x17
 1486 0806 746D7000 		.ascii	"tmp\000"
 1487 080a 01       		.byte	0x1
 1488 080b 35       		.byte	0x35
 1489 080c 6C000000 		.4byte	0x6c
 1490 0810 E6000000 		.4byte	.LLST8
 1491 0814 00       		.byte	0
 1492 0815 14       		.uleb128 0x14
 1493 0816 06000000 		.4byte	.LVL19
 1494 081a 09090000 		.4byte	0x909
 1495 081e 14       		.uleb128 0x14
 1496 081f 10000000 		.4byte	.LVL22
 1497 0823 13090000 		.4byte	0x913
 1498 0827 14       		.uleb128 0x14
 1499 0828 14000000 		.4byte	.LVL23
 1500 082c 1D090000 		.4byte	0x91d
 1501 0830 14       		.uleb128 0x14
 1502 0831 18000000 		.4byte	.LVL24
 1503 0835 27090000 		.4byte	0x927
 1504 0839 14       		.uleb128 0x14
 1505 083a 22000000 		.4byte	.LVL27
 1506 083e 31090000 		.4byte	0x931
 1507 0842 1E       		.uleb128 0x1e
 1508 0843 2A000000 		.4byte	.LVL28
 1509 0847 01       		.byte	0x1
 1510 0848 58070000 		.4byte	0x758
 1511 084c 00       		.byte	0
 1512 084d 13       		.uleb128 0x13
 1513 084e 01       		.byte	0x1
 1514 084f A1010000 		.4byte	.LASF91
 1515 0853 01       		.byte	0x1
 1516 0854 EC       		.byte	0xec
 1517 0855 01       		.byte	0x1
 1518 0856 00000000 		.4byte	.LFB12
 1519 085a 10000000 		.4byte	.LFE12
 1520 085e 02       		.byte	0x2
 1521 085f 7D       		.byte	0x7d
 1522 0860 00       		.sleb128 0
 1523 0861 01       		.byte	0x1
 1524 0862 81080000 		.4byte	0x881
 1525 0866 1F       		.uleb128 0x1f
 1526 0867 6E747000 		.ascii	"ntp\000"
 1527 086b 01       		.byte	0x1
 1528 086c EC       		.byte	0xec
 1529 086d 44020000 		.4byte	0x244
 1530 0871 01       		.byte	0x1
ARM GAS  /tmp/cckC29jz.s 			page 28


 1531 0872 50       		.byte	0x50
 1532 0873 1F       		.uleb128 0x1f
 1533 0874 6F747000 		.ascii	"otp\000"
 1534 0878 01       		.byte	0x1
 1535 0879 EC       		.byte	0xec
 1536 087a 44020000 		.4byte	0x244
 1537 087e 01       		.byte	0x1
 1538 087f 51       		.byte	0x51
 1539 0880 00       		.byte	0
 1540 0881 20       		.uleb128 0x20
 1541 0882 01       		.byte	0x1
 1542 0883 01010000 		.4byte	.LASF92
 1543 0887 01       		.byte	0x1
 1544 0888 0301     		.2byte	0x103
 1545 088a 01       		.byte	0x1
 1546 088b 00000000 		.4byte	.LFB13
 1547 088f 16000000 		.4byte	.LFE13
 1548 0893 F9000000 		.4byte	.LLST9
 1549 0897 01       		.byte	0x1
 1550 0898 C4080000 		.4byte	0x8c4
 1551 089c 1C       		.uleb128 0x1c
 1552 089d 06000000 		.4byte	.LBB9
 1553 08a1 0C000000 		.4byte	.LBE9
 1554 08a5 BA080000 		.4byte	0x8ba
 1555 08a9 21       		.uleb128 0x21
 1556 08aa 746D7000 		.ascii	"tmp\000"
 1557 08ae 01       		.byte	0x1
 1558 08af 0501     		.2byte	0x105
 1559 08b1 6C000000 		.4byte	0x6c
 1560 08b5 19010000 		.4byte	.LLST10
 1561 08b9 00       		.byte	0
 1562 08ba 14       		.uleb128 0x14
 1563 08bb 06000000 		.4byte	.LVL30
 1564 08bf E5080000 		.4byte	0x8e5
 1565 08c3 00       		.byte	0
 1566 08c4 22       		.uleb128 0x22
 1567 08c5 28040000 		.4byte	.LASF103
 1568 08c9 08       		.byte	0x8
 1569 08ca 72       		.byte	0x72
 1570 08cb D2050000 		.4byte	0x5d2
 1571 08cf 01       		.byte	0x1
 1572 08d0 01       		.byte	0x1
 1573 08d1 23       		.uleb128 0x23
 1574 08d2 01       		.byte	0x1
 1575 08d3 A8020000 		.4byte	.LASF93
 1576 08d7 0A       		.byte	0xa
 1577 08d8 E2       		.byte	0xe2
 1578 08d9 01       		.byte	0x1
 1579 08da 01       		.byte	0x1
 1580 08db 23       		.uleb128 0x23
 1581 08dc 01       		.byte	0x1
 1582 08dd 4F010000 		.4byte	.LASF94
 1583 08e1 08       		.byte	0x8
 1584 08e2 A5       		.byte	0xa5
 1585 08e3 01       		.byte	0x1
 1586 08e4 01       		.byte	0x1
 1587 08e5 23       		.uleb128 0x23
ARM GAS  /tmp/cckC29jz.s 			page 29


 1588 08e6 01       		.byte	0x1
 1589 08e7 E9020000 		.4byte	.LASF95
 1590 08eb 0A       		.byte	0xa
 1591 08ec E3       		.byte	0xe3
 1592 08ed 01       		.byte	0x1
 1593 08ee 01       		.byte	0x1
 1594 08ef 24       		.uleb128 0x24
 1595 08f0 01       		.byte	0x1
 1596 08f1 29010000 		.4byte	.LASF104
 1597 08f5 07       		.byte	0x7
 1598 08f6 2501     		.2byte	0x125
 1599 08f8 01       		.byte	0x1
 1600 08f9 01       		.byte	0x1
 1601 08fa 09090000 		.4byte	0x909
 1602 08fe 25       		.uleb128 0x25
 1603 08ff 6C000000 		.4byte	0x6c
 1604 0903 25       		.uleb128 0x25
 1605 0904 6C000000 		.4byte	0x6c
 1606 0908 00       		.byte	0
 1607 0909 23       		.uleb128 0x23
 1608 090a 01       		.byte	0x1
 1609 090b 61010000 		.4byte	.LASF96
 1610 090f 0A       		.byte	0xa
 1611 0910 E6       		.byte	0xe6
 1612 0911 01       		.byte	0x1
 1613 0912 01       		.byte	0x1
 1614 0913 23       		.uleb128 0x23
 1615 0914 01       		.byte	0x1
 1616 0915 41040000 		.4byte	.LASF97
 1617 0919 0A       		.byte	0xa
 1618 091a E4       		.byte	0xe4
 1619 091b 01       		.byte	0x1
 1620 091c 01       		.byte	0x1
 1621 091d 23       		.uleb128 0x23
 1622 091e 01       		.byte	0x1
 1623 091f 1E000000 		.4byte	.LASF98
 1624 0923 0B       		.byte	0xb
 1625 0924 F7       		.byte	0xf7
 1626 0925 01       		.byte	0x1
 1627 0926 01       		.byte	0x1
 1628 0927 23       		.uleb128 0x23
 1629 0928 01       		.byte	0x1
 1630 0929 86000000 		.4byte	.LASF99
 1631 092d 0A       		.byte	0xa
 1632 092e E5       		.byte	0xe5
 1633 092f 01       		.byte	0x1
 1634 0930 01       		.byte	0x1
 1635 0931 23       		.uleb128 0x23
 1636 0932 01       		.byte	0x1
 1637 0933 EC030000 		.4byte	.LASF100
 1638 0937 0A       		.byte	0xa
 1639 0938 E7       		.byte	0xe7
 1640 0939 01       		.byte	0x1
 1641 093a 01       		.byte	0x1
 1642 093b 00       		.byte	0
 1643              		.section	.debug_abbrev,"",%progbits
 1644              	.Ldebug_abbrev0:
ARM GAS  /tmp/cckC29jz.s 			page 30


 1645 0000 01       		.uleb128 0x1
 1646 0001 11       		.uleb128 0x11
 1647 0002 01       		.byte	0x1
 1648 0003 25       		.uleb128 0x25
 1649 0004 0E       		.uleb128 0xe
 1650 0005 13       		.uleb128 0x13
 1651 0006 0B       		.uleb128 0xb
 1652 0007 03       		.uleb128 0x3
 1653 0008 0E       		.uleb128 0xe
 1654 0009 55       		.uleb128 0x55
 1655 000a 06       		.uleb128 0x6
 1656 000b 11       		.uleb128 0x11
 1657 000c 01       		.uleb128 0x1
 1658 000d 52       		.uleb128 0x52
 1659 000e 01       		.uleb128 0x1
 1660 000f 10       		.uleb128 0x10
 1661 0010 06       		.uleb128 0x6
 1662 0011 00       		.byte	0
 1663 0012 00       		.byte	0
 1664 0013 02       		.uleb128 0x2
 1665 0014 24       		.uleb128 0x24
 1666 0015 00       		.byte	0
 1667 0016 0B       		.uleb128 0xb
 1668 0017 0B       		.uleb128 0xb
 1669 0018 3E       		.uleb128 0x3e
 1670 0019 0B       		.uleb128 0xb
 1671 001a 03       		.uleb128 0x3
 1672 001b 08       		.uleb128 0x8
 1673 001c 00       		.byte	0
 1674 001d 00       		.byte	0
 1675 001e 03       		.uleb128 0x3
 1676 001f 24       		.uleb128 0x24
 1677 0020 00       		.byte	0
 1678 0021 0B       		.uleb128 0xb
 1679 0022 0B       		.uleb128 0xb
 1680 0023 3E       		.uleb128 0x3e
 1681 0024 0B       		.uleb128 0xb
 1682 0025 03       		.uleb128 0x3
 1683 0026 0E       		.uleb128 0xe
 1684 0027 00       		.byte	0
 1685 0028 00       		.byte	0
 1686 0029 04       		.uleb128 0x4
 1687 002a 16       		.uleb128 0x16
 1688 002b 00       		.byte	0
 1689 002c 03       		.uleb128 0x3
 1690 002d 0E       		.uleb128 0xe
 1691 002e 3A       		.uleb128 0x3a
 1692 002f 0B       		.uleb128 0xb
 1693 0030 3B       		.uleb128 0x3b
 1694 0031 0B       		.uleb128 0xb
 1695 0032 49       		.uleb128 0x49
 1696 0033 13       		.uleb128 0x13
 1697 0034 00       		.byte	0
 1698 0035 00       		.byte	0
 1699 0036 05       		.uleb128 0x5
 1700 0037 13       		.uleb128 0x13
 1701 0038 01       		.byte	0x1
ARM GAS  /tmp/cckC29jz.s 			page 31


 1702 0039 03       		.uleb128 0x3
 1703 003a 0E       		.uleb128 0xe
 1704 003b 0B       		.uleb128 0xb
 1705 003c 0B       		.uleb128 0xb
 1706 003d 3A       		.uleb128 0x3a
 1707 003e 0B       		.uleb128 0xb
 1708 003f 3B       		.uleb128 0x3b
 1709 0040 0B       		.uleb128 0xb
 1710 0041 01       		.uleb128 0x1
 1711 0042 13       		.uleb128 0x13
 1712 0043 00       		.byte	0
 1713 0044 00       		.byte	0
 1714 0045 06       		.uleb128 0x6
 1715 0046 0D       		.uleb128 0xd
 1716 0047 00       		.byte	0
 1717 0048 03       		.uleb128 0x3
 1718 0049 0E       		.uleb128 0xe
 1719 004a 3A       		.uleb128 0x3a
 1720 004b 0B       		.uleb128 0xb
 1721 004c 3B       		.uleb128 0x3b
 1722 004d 0B       		.uleb128 0xb
 1723 004e 49       		.uleb128 0x49
 1724 004f 13       		.uleb128 0x13
 1725 0050 38       		.uleb128 0x38
 1726 0051 0A       		.uleb128 0xa
 1727 0052 00       		.byte	0
 1728 0053 00       		.byte	0
 1729 0054 07       		.uleb128 0x7
 1730 0055 0D       		.uleb128 0xd
 1731 0056 00       		.byte	0
 1732 0057 03       		.uleb128 0x3
 1733 0058 08       		.uleb128 0x8
 1734 0059 3A       		.uleb128 0x3a
 1735 005a 0B       		.uleb128 0xb
 1736 005b 3B       		.uleb128 0x3b
 1737 005c 0B       		.uleb128 0xb
 1738 005d 49       		.uleb128 0x49
 1739 005e 13       		.uleb128 0x13
 1740 005f 38       		.uleb128 0x38
 1741 0060 0A       		.uleb128 0xa
 1742 0061 00       		.byte	0
 1743 0062 00       		.byte	0
 1744 0063 08       		.uleb128 0x8
 1745 0064 13       		.uleb128 0x13
 1746 0065 01       		.byte	0x1
 1747 0066 0B       		.uleb128 0xb
 1748 0067 0B       		.uleb128 0xb
 1749 0068 3A       		.uleb128 0x3a
 1750 0069 0B       		.uleb128 0xb
 1751 006a 3B       		.uleb128 0x3b
 1752 006b 0B       		.uleb128 0xb
 1753 006c 01       		.uleb128 0x1
 1754 006d 13       		.uleb128 0x13
 1755 006e 00       		.byte	0
 1756 006f 00       		.byte	0
 1757 0070 09       		.uleb128 0x9
 1758 0071 0F       		.uleb128 0xf
ARM GAS  /tmp/cckC29jz.s 			page 32


 1759 0072 00       		.byte	0
 1760 0073 0B       		.uleb128 0xb
 1761 0074 0B       		.uleb128 0xb
 1762 0075 49       		.uleb128 0x49
 1763 0076 13       		.uleb128 0x13
 1764 0077 00       		.byte	0
 1765 0078 00       		.byte	0
 1766 0079 0A       		.uleb128 0xa
 1767 007a 0F       		.uleb128 0xf
 1768 007b 00       		.byte	0
 1769 007c 0B       		.uleb128 0xb
 1770 007d 0B       		.uleb128 0xb
 1771 007e 00       		.byte	0
 1772 007f 00       		.byte	0
 1773 0080 0B       		.uleb128 0xb
 1774 0081 0D       		.uleb128 0xd
 1775 0082 00       		.byte	0
 1776 0083 03       		.uleb128 0x3
 1777 0084 08       		.uleb128 0x8
 1778 0085 3A       		.uleb128 0x3a
 1779 0086 0B       		.uleb128 0xb
 1780 0087 3B       		.uleb128 0x3b
 1781 0088 05       		.uleb128 0x5
 1782 0089 49       		.uleb128 0x49
 1783 008a 13       		.uleb128 0x13
 1784 008b 38       		.uleb128 0x38
 1785 008c 0A       		.uleb128 0xa
 1786 008d 00       		.byte	0
 1787 008e 00       		.byte	0
 1788 008f 0C       		.uleb128 0xc
 1789 0090 13       		.uleb128 0x13
 1790 0091 01       		.byte	0x1
 1791 0092 03       		.uleb128 0x3
 1792 0093 0E       		.uleb128 0xe
 1793 0094 0B       		.uleb128 0xb
 1794 0095 0B       		.uleb128 0xb
 1795 0096 3A       		.uleb128 0x3a
 1796 0097 0B       		.uleb128 0xb
 1797 0098 3B       		.uleb128 0x3b
 1798 0099 05       		.uleb128 0x5
 1799 009a 01       		.uleb128 0x1
 1800 009b 13       		.uleb128 0x13
 1801 009c 00       		.byte	0
 1802 009d 00       		.byte	0
 1803 009e 0D       		.uleb128 0xd
 1804 009f 35       		.uleb128 0x35
 1805 00a0 00       		.byte	0
 1806 00a1 49       		.uleb128 0x49
 1807 00a2 13       		.uleb128 0x13
 1808 00a3 00       		.byte	0
 1809 00a4 00       		.byte	0
 1810 00a5 0E       		.uleb128 0xe
 1811 00a6 01       		.uleb128 0x1
 1812 00a7 01       		.byte	0x1
 1813 00a8 49       		.uleb128 0x49
 1814 00a9 13       		.uleb128 0x13
 1815 00aa 01       		.uleb128 0x1
ARM GAS  /tmp/cckC29jz.s 			page 33


 1816 00ab 13       		.uleb128 0x13
 1817 00ac 00       		.byte	0
 1818 00ad 00       		.byte	0
 1819 00ae 0F       		.uleb128 0xf
 1820 00af 21       		.uleb128 0x21
 1821 00b0 00       		.byte	0
 1822 00b1 49       		.uleb128 0x49
 1823 00b2 13       		.uleb128 0x13
 1824 00b3 2F       		.uleb128 0x2f
 1825 00b4 0B       		.uleb128 0xb
 1826 00b5 00       		.byte	0
 1827 00b6 00       		.byte	0
 1828 00b7 10       		.uleb128 0x10
 1829 00b8 17       		.uleb128 0x17
 1830 00b9 01       		.byte	0x1
 1831 00ba 0B       		.uleb128 0xb
 1832 00bb 0B       		.uleb128 0xb
 1833 00bc 3A       		.uleb128 0x3a
 1834 00bd 0B       		.uleb128 0xb
 1835 00be 3B       		.uleb128 0x3b
 1836 00bf 0B       		.uleb128 0xb
 1837 00c0 01       		.uleb128 0x1
 1838 00c1 13       		.uleb128 0x13
 1839 00c2 00       		.byte	0
 1840 00c3 00       		.byte	0
 1841 00c4 11       		.uleb128 0x11
 1842 00c5 0D       		.uleb128 0xd
 1843 00c6 00       		.byte	0
 1844 00c7 03       		.uleb128 0x3
 1845 00c8 0E       		.uleb128 0xe
 1846 00c9 3A       		.uleb128 0x3a
 1847 00ca 0B       		.uleb128 0xb
 1848 00cb 3B       		.uleb128 0x3b
 1849 00cc 0B       		.uleb128 0xb
 1850 00cd 49       		.uleb128 0x49
 1851 00ce 13       		.uleb128 0x13
 1852 00cf 00       		.byte	0
 1853 00d0 00       		.byte	0
 1854 00d1 12       		.uleb128 0x12
 1855 00d2 26       		.uleb128 0x26
 1856 00d3 00       		.byte	0
 1857 00d4 49       		.uleb128 0x49
 1858 00d5 13       		.uleb128 0x13
 1859 00d6 00       		.byte	0
 1860 00d7 00       		.byte	0
 1861 00d8 13       		.uleb128 0x13
 1862 00d9 2E       		.uleb128 0x2e
 1863 00da 01       		.byte	0x1
 1864 00db 3F       		.uleb128 0x3f
 1865 00dc 0C       		.uleb128 0xc
 1866 00dd 03       		.uleb128 0x3
 1867 00de 0E       		.uleb128 0xe
 1868 00df 3A       		.uleb128 0x3a
 1869 00e0 0B       		.uleb128 0xb
 1870 00e1 3B       		.uleb128 0x3b
 1871 00e2 0B       		.uleb128 0xb
 1872 00e3 27       		.uleb128 0x27
ARM GAS  /tmp/cckC29jz.s 			page 34


 1873 00e4 0C       		.uleb128 0xc
 1874 00e5 11       		.uleb128 0x11
 1875 00e6 01       		.uleb128 0x1
 1876 00e7 12       		.uleb128 0x12
 1877 00e8 01       		.uleb128 0x1
 1878 00e9 40       		.uleb128 0x40
 1879 00ea 0A       		.uleb128 0xa
 1880 00eb 9742     		.uleb128 0x2117
 1881 00ed 0C       		.uleb128 0xc
 1882 00ee 01       		.uleb128 0x1
 1883 00ef 13       		.uleb128 0x13
 1884 00f0 00       		.byte	0
 1885 00f1 00       		.byte	0
 1886 00f2 14       		.uleb128 0x14
 1887 00f3 898201   		.uleb128 0x4109
 1888 00f6 00       		.byte	0
 1889 00f7 11       		.uleb128 0x11
 1890 00f8 01       		.uleb128 0x1
 1891 00f9 31       		.uleb128 0x31
 1892 00fa 13       		.uleb128 0x13
 1893 00fb 00       		.byte	0
 1894 00fc 00       		.byte	0
 1895 00fd 15       		.uleb128 0x15
 1896 00fe 34       		.uleb128 0x34
 1897 00ff 00       		.byte	0
 1898 0100 03       		.uleb128 0x3
 1899 0101 0E       		.uleb128 0xe
 1900 0102 3A       		.uleb128 0x3a
 1901 0103 0B       		.uleb128 0xb
 1902 0104 3B       		.uleb128 0x3b
 1903 0105 0B       		.uleb128 0xb
 1904 0106 49       		.uleb128 0x49
 1905 0107 13       		.uleb128 0x13
 1906 0108 02       		.uleb128 0x2
 1907 0109 06       		.uleb128 0x6
 1908 010a 00       		.byte	0
 1909 010b 00       		.byte	0
 1910 010c 16       		.uleb128 0x16
 1911 010d 0B       		.uleb128 0xb
 1912 010e 01       		.byte	0x1
 1913 010f 11       		.uleb128 0x11
 1914 0110 01       		.uleb128 0x1
 1915 0111 12       		.uleb128 0x12
 1916 0112 01       		.uleb128 0x1
 1917 0113 00       		.byte	0
 1918 0114 00       		.byte	0
 1919 0115 17       		.uleb128 0x17
 1920 0116 34       		.uleb128 0x34
 1921 0117 00       		.byte	0
 1922 0118 03       		.uleb128 0x3
 1923 0119 08       		.uleb128 0x8
 1924 011a 3A       		.uleb128 0x3a
 1925 011b 0B       		.uleb128 0xb
 1926 011c 3B       		.uleb128 0x3b
 1927 011d 0B       		.uleb128 0xb
 1928 011e 49       		.uleb128 0x49
 1929 011f 13       		.uleb128 0x13
ARM GAS  /tmp/cckC29jz.s 			page 35


 1930 0120 02       		.uleb128 0x2
 1931 0121 06       		.uleb128 0x6
 1932 0122 00       		.byte	0
 1933 0123 00       		.byte	0
 1934 0124 18       		.uleb128 0x18
 1935 0125 2E       		.uleb128 0x2e
 1936 0126 01       		.byte	0x1
 1937 0127 3F       		.uleb128 0x3f
 1938 0128 0C       		.uleb128 0xc
 1939 0129 03       		.uleb128 0x3
 1940 012a 0E       		.uleb128 0xe
 1941 012b 3A       		.uleb128 0x3a
 1942 012c 0B       		.uleb128 0xb
 1943 012d 3B       		.uleb128 0x3b
 1944 012e 0B       		.uleb128 0xb
 1945 012f 27       		.uleb128 0x27
 1946 0130 0C       		.uleb128 0xc
 1947 0131 11       		.uleb128 0x11
 1948 0132 01       		.uleb128 0x1
 1949 0133 12       		.uleb128 0x12
 1950 0134 01       		.uleb128 0x1
 1951 0135 40       		.uleb128 0x40
 1952 0136 06       		.uleb128 0x6
 1953 0137 9742     		.uleb128 0x2117
 1954 0139 0C       		.uleb128 0xc
 1955 013a 01       		.uleb128 0x1
 1956 013b 13       		.uleb128 0x13
 1957 013c 00       		.byte	0
 1958 013d 00       		.byte	0
 1959 013e 19       		.uleb128 0x19
 1960 013f 898201   		.uleb128 0x4109
 1961 0142 01       		.byte	0x1
 1962 0143 11       		.uleb128 0x11
 1963 0144 01       		.uleb128 0x1
 1964 0145 31       		.uleb128 0x31
 1965 0146 13       		.uleb128 0x13
 1966 0147 01       		.uleb128 0x1
 1967 0148 13       		.uleb128 0x13
 1968 0149 00       		.byte	0
 1969 014a 00       		.byte	0
 1970 014b 1A       		.uleb128 0x1a
 1971 014c 8A8201   		.uleb128 0x410a
 1972 014f 00       		.byte	0
 1973 0150 02       		.uleb128 0x2
 1974 0151 0A       		.uleb128 0xa
 1975 0152 9142     		.uleb128 0x2111
 1976 0154 0A       		.uleb128 0xa
 1977 0155 00       		.byte	0
 1978 0156 00       		.byte	0
 1979 0157 1B       		.uleb128 0x1b
 1980 0158 898201   		.uleb128 0x4109
 1981 015b 01       		.byte	0x1
 1982 015c 11       		.uleb128 0x11
 1983 015d 01       		.uleb128 0x1
 1984 015e 9542     		.uleb128 0x2115
 1985 0160 0C       		.uleb128 0xc
 1986 0161 31       		.uleb128 0x31
ARM GAS  /tmp/cckC29jz.s 			page 36


 1987 0162 13       		.uleb128 0x13
 1988 0163 00       		.byte	0
 1989 0164 00       		.byte	0
 1990 0165 1C       		.uleb128 0x1c
 1991 0166 0B       		.uleb128 0xb
 1992 0167 01       		.byte	0x1
 1993 0168 11       		.uleb128 0x11
 1994 0169 01       		.uleb128 0x1
 1995 016a 12       		.uleb128 0x12
 1996 016b 01       		.uleb128 0x1
 1997 016c 01       		.uleb128 0x1
 1998 016d 13       		.uleb128 0x13
 1999 016e 00       		.byte	0
 2000 016f 00       		.byte	0
 2001 0170 1D       		.uleb128 0x1d
 2002 0171 0B       		.uleb128 0xb
 2003 0172 01       		.byte	0x1
 2004 0173 55       		.uleb128 0x55
 2005 0174 06       		.uleb128 0x6
 2006 0175 01       		.uleb128 0x1
 2007 0176 13       		.uleb128 0x13
 2008 0177 00       		.byte	0
 2009 0178 00       		.byte	0
 2010 0179 1E       		.uleb128 0x1e
 2011 017a 898201   		.uleb128 0x4109
 2012 017d 00       		.byte	0
 2013 017e 11       		.uleb128 0x11
 2014 017f 01       		.uleb128 0x1
 2015 0180 9542     		.uleb128 0x2115
 2016 0182 0C       		.uleb128 0xc
 2017 0183 31       		.uleb128 0x31
 2018 0184 13       		.uleb128 0x13
 2019 0185 00       		.byte	0
 2020 0186 00       		.byte	0
 2021 0187 1F       		.uleb128 0x1f
 2022 0188 05       		.uleb128 0x5
 2023 0189 00       		.byte	0
 2024 018a 03       		.uleb128 0x3
 2025 018b 08       		.uleb128 0x8
 2026 018c 3A       		.uleb128 0x3a
 2027 018d 0B       		.uleb128 0xb
 2028 018e 3B       		.uleb128 0x3b
 2029 018f 0B       		.uleb128 0xb
 2030 0190 49       		.uleb128 0x49
 2031 0191 13       		.uleb128 0x13
 2032 0192 02       		.uleb128 0x2
 2033 0193 0A       		.uleb128 0xa
 2034 0194 00       		.byte	0
 2035 0195 00       		.byte	0
 2036 0196 20       		.uleb128 0x20
 2037 0197 2E       		.uleb128 0x2e
 2038 0198 01       		.byte	0x1
 2039 0199 3F       		.uleb128 0x3f
 2040 019a 0C       		.uleb128 0xc
 2041 019b 03       		.uleb128 0x3
 2042 019c 0E       		.uleb128 0xe
 2043 019d 3A       		.uleb128 0x3a
ARM GAS  /tmp/cckC29jz.s 			page 37


 2044 019e 0B       		.uleb128 0xb
 2045 019f 3B       		.uleb128 0x3b
 2046 01a0 05       		.uleb128 0x5
 2047 01a1 27       		.uleb128 0x27
 2048 01a2 0C       		.uleb128 0xc
 2049 01a3 11       		.uleb128 0x11
 2050 01a4 01       		.uleb128 0x1
 2051 01a5 12       		.uleb128 0x12
 2052 01a6 01       		.uleb128 0x1
 2053 01a7 40       		.uleb128 0x40
 2054 01a8 06       		.uleb128 0x6
 2055 01a9 9742     		.uleb128 0x2117
 2056 01ab 0C       		.uleb128 0xc
 2057 01ac 01       		.uleb128 0x1
 2058 01ad 13       		.uleb128 0x13
 2059 01ae 00       		.byte	0
 2060 01af 00       		.byte	0
 2061 01b0 21       		.uleb128 0x21
 2062 01b1 34       		.uleb128 0x34
 2063 01b2 00       		.byte	0
 2064 01b3 03       		.uleb128 0x3
 2065 01b4 08       		.uleb128 0x8
 2066 01b5 3A       		.uleb128 0x3a
 2067 01b6 0B       		.uleb128 0xb
 2068 01b7 3B       		.uleb128 0x3b
 2069 01b8 05       		.uleb128 0x5
 2070 01b9 49       		.uleb128 0x49
 2071 01ba 13       		.uleb128 0x13
 2072 01bb 02       		.uleb128 0x2
 2073 01bc 06       		.uleb128 0x6
 2074 01bd 00       		.byte	0
 2075 01be 00       		.byte	0
 2076 01bf 22       		.uleb128 0x22
 2077 01c0 34       		.uleb128 0x34
 2078 01c1 00       		.byte	0
 2079 01c2 03       		.uleb128 0x3
 2080 01c3 0E       		.uleb128 0xe
 2081 01c4 3A       		.uleb128 0x3a
 2082 01c5 0B       		.uleb128 0xb
 2083 01c6 3B       		.uleb128 0x3b
 2084 01c7 0B       		.uleb128 0xb
 2085 01c8 49       		.uleb128 0x49
 2086 01c9 13       		.uleb128 0x13
 2087 01ca 3F       		.uleb128 0x3f
 2088 01cb 0C       		.uleb128 0xc
 2089 01cc 3C       		.uleb128 0x3c
 2090 01cd 0C       		.uleb128 0xc
 2091 01ce 00       		.byte	0
 2092 01cf 00       		.byte	0
 2093 01d0 23       		.uleb128 0x23
 2094 01d1 2E       		.uleb128 0x2e
 2095 01d2 00       		.byte	0
 2096 01d3 3F       		.uleb128 0x3f
 2097 01d4 0C       		.uleb128 0xc
 2098 01d5 03       		.uleb128 0x3
 2099 01d6 0E       		.uleb128 0xe
 2100 01d7 3A       		.uleb128 0x3a
ARM GAS  /tmp/cckC29jz.s 			page 38


 2101 01d8 0B       		.uleb128 0xb
 2102 01d9 3B       		.uleb128 0x3b
 2103 01da 0B       		.uleb128 0xb
 2104 01db 27       		.uleb128 0x27
 2105 01dc 0C       		.uleb128 0xc
 2106 01dd 3C       		.uleb128 0x3c
 2107 01de 0C       		.uleb128 0xc
 2108 01df 00       		.byte	0
 2109 01e0 00       		.byte	0
 2110 01e1 24       		.uleb128 0x24
 2111 01e2 2E       		.uleb128 0x2e
 2112 01e3 01       		.byte	0x1
 2113 01e4 3F       		.uleb128 0x3f
 2114 01e5 0C       		.uleb128 0xc
 2115 01e6 03       		.uleb128 0x3
 2116 01e7 0E       		.uleb128 0xe
 2117 01e8 3A       		.uleb128 0x3a
 2118 01e9 0B       		.uleb128 0xb
 2119 01ea 3B       		.uleb128 0x3b
 2120 01eb 05       		.uleb128 0x5
 2121 01ec 27       		.uleb128 0x27
 2122 01ed 0C       		.uleb128 0xc
 2123 01ee 3C       		.uleb128 0x3c
 2124 01ef 0C       		.uleb128 0xc
 2125 01f0 01       		.uleb128 0x1
 2126 01f1 13       		.uleb128 0x13
 2127 01f2 00       		.byte	0
 2128 01f3 00       		.byte	0
 2129 01f4 25       		.uleb128 0x25
 2130 01f5 05       		.uleb128 0x5
 2131 01f6 00       		.byte	0
 2132 01f7 49       		.uleb128 0x49
 2133 01f8 13       		.uleb128 0x13
 2134 01f9 00       		.byte	0
 2135 01fa 00       		.byte	0
 2136 01fb 00       		.byte	0
 2137              		.section	.debug_loc,"",%progbits
 2138              	.Ldebug_loc0:
 2139              	.LLST0:
 2140 0000 04000000 		.4byte	.LVL3
 2141 0004 06000000 		.4byte	.LVL4
 2142 0008 0300     		.2byte	0x3
 2143 000a 73       		.byte	0x73
 2144 000b 20       		.sleb128 32
 2145 000c 9F       		.byte	0x9f
 2146 000d 06000000 		.4byte	.LVL4
 2147 0011 0C000000 		.4byte	.LVL5
 2148 0015 0100     		.2byte	0x1
 2149 0017 53       		.byte	0x53
 2150 0018 00000000 		.4byte	0
 2151 001c 00000000 		.4byte	0
 2152              	.LLST1:
 2153 0020 10000000 		.4byte	.LVL6
 2154 0024 12000000 		.4byte	.LFE8
 2155 0028 0100     		.2byte	0x1
 2156 002a 53       		.byte	0x53
 2157 002b 00000000 		.4byte	0
ARM GAS  /tmp/cckC29jz.s 			page 39


 2158 002f 00000000 		.4byte	0
 2159              	.LLST2:
 2160 0033 00000000 		.4byte	.LFB9
 2161 0037 02000000 		.4byte	.LCFI0
 2162 003b 0200     		.2byte	0x2
 2163 003d 7D       		.byte	0x7d
 2164 003e 00       		.sleb128 0
 2165 003f 02000000 		.4byte	.LCFI0
 2166 0043 34000000 		.4byte	.LFE9
 2167 0047 0200     		.2byte	0x2
 2168 0049 7D       		.byte	0x7d
 2169 004a 08       		.sleb128 8
 2170 004b 00000000 		.4byte	0
 2171 004f 00000000 		.4byte	0
 2172              	.LLST3:
 2173 0053 06000000 		.4byte	.LVL11
 2174 0057 0A000000 		.4byte	.LVL12
 2175 005b 0100     		.2byte	0x1
 2176 005d 53       		.byte	0x53
 2177 005e 00000000 		.4byte	0
 2178 0062 00000000 		.4byte	0
 2179              	.LLST4:
 2180 0066 1A000000 		.4byte	.LVL13
 2181 006a 1E000000 		.4byte	.LVL14
 2182 006e 0300     		.2byte	0x3
 2183 0070 73       		.byte	0x73
 2184 0071 60       		.sleb128 -32
 2185 0072 9F       		.byte	0x9f
 2186 0073 1E000000 		.4byte	.LVL14
 2187 0077 24000000 		.4byte	.LVL15
 2188 007b 0100     		.2byte	0x1
 2189 007d 52       		.byte	0x52
 2190 007e 24000000 		.4byte	.LVL15
 2191 0082 4A000000 		.4byte	.LVL16
 2192 0086 0300     		.2byte	0x3
 2193 0088 73       		.byte	0x73
 2194 0089 60       		.sleb128 -32
 2195 008a 9F       		.byte	0x9f
 2196 008b 50000000 		.4byte	.LVL18
 2197 008f 78000000 		.4byte	.LFE10
 2198 0093 0300     		.2byte	0x3
 2199 0095 73       		.byte	0x73
 2200 0096 60       		.sleb128 -32
 2201 0097 9F       		.byte	0x9f
 2202 0098 00000000 		.4byte	0
 2203 009c 00000000 		.4byte	0
 2204              	.LLST5:
 2205 00a0 4E000000 		.4byte	.LVL17
 2206 00a4 50000000 		.4byte	.LVL18
 2207 00a8 0100     		.2byte	0x1
 2208 00aa 53       		.byte	0x53
 2209 00ab 00000000 		.4byte	0
 2210 00af 00000000 		.4byte	0
 2211              	.LLST6:
 2212 00b3 00000000 		.4byte	.LFB7
 2213 00b7 02000000 		.4byte	.LCFI1
 2214 00bb 0200     		.2byte	0x2
ARM GAS  /tmp/cckC29jz.s 			page 40


 2215 00bd 7D       		.byte	0x7d
 2216 00be 00       		.sleb128 0
 2217 00bf 02000000 		.4byte	.LCFI1
 2218 00c3 2A000000 		.4byte	.LFE7
 2219 00c7 0200     		.2byte	0x2
 2220 00c9 7D       		.byte	0x7d
 2221 00ca 08       		.sleb128 8
 2222 00cb 00000000 		.4byte	0
 2223 00cf 00000000 		.4byte	0
 2224              	.LLST7:
 2225 00d3 0C000000 		.4byte	.LVL21
 2226 00d7 0F000000 		.4byte	.LVL22-1
 2227 00db 0100     		.2byte	0x1
 2228 00dd 53       		.byte	0x53
 2229 00de 00000000 		.4byte	0
 2230 00e2 00000000 		.4byte	0
 2231              	.LLST8:
 2232 00e6 1E000000 		.4byte	.LVL26
 2233 00ea 21000000 		.4byte	.LVL27-1
 2234 00ee 0100     		.2byte	0x1
 2235 00f0 53       		.byte	0x53
 2236 00f1 00000000 		.4byte	0
 2237 00f5 00000000 		.4byte	0
 2238              	.LLST9:
 2239 00f9 00000000 		.4byte	.LFB13
 2240 00fd 02000000 		.4byte	.LCFI2
 2241 0101 0200     		.2byte	0x2
 2242 0103 7D       		.byte	0x7d
 2243 0104 00       		.sleb128 0
 2244 0105 02000000 		.4byte	.LCFI2
 2245 0109 16000000 		.4byte	.LFE13
 2246 010d 0200     		.2byte	0x2
 2247 010f 7D       		.byte	0x7d
 2248 0110 08       		.sleb128 8
 2249 0111 00000000 		.4byte	0
 2250 0115 00000000 		.4byte	0
 2251              	.LLST10:
 2252 0119 0C000000 		.4byte	.LVL32
 2253 011d 16000000 		.4byte	.LFE13
 2254 0121 0100     		.2byte	0x1
 2255 0123 53       		.byte	0x53
 2256 0124 00000000 		.4byte	0
 2257 0128 00000000 		.4byte	0
 2258              		.section	.debug_aranges,"",%progbits
 2259 0000 4C000000 		.4byte	0x4c
 2260 0004 0200     		.2byte	0x2
 2261 0006 00000000 		.4byte	.Ldebug_info0
 2262 000a 04       		.byte	0x4
 2263 000b 00       		.byte	0
 2264 000c 0000     		.2byte	0
 2265 000e 0000     		.2byte	0
 2266 0010 00000000 		.4byte	.LFB11
 2267 0014 0E000000 		.4byte	.LFE11-.LFB11
 2268 0018 00000000 		.4byte	.LFB8
 2269 001c 12000000 		.4byte	.LFE8-.LFB8
 2270 0020 00000000 		.4byte	.LFB9
 2271 0024 34000000 		.4byte	.LFE9-.LFB9
ARM GAS  /tmp/cckC29jz.s 			page 41


 2272 0028 00000000 		.4byte	.LFB10
 2273 002c 78000000 		.4byte	.LFE10-.LFB10
 2274 0030 00000000 		.4byte	.LFB7
 2275 0034 2A000000 		.4byte	.LFE7-.LFB7
 2276 0038 00000000 		.4byte	.LFB12
 2277 003c 10000000 		.4byte	.LFE12-.LFB12
 2278 0040 00000000 		.4byte	.LFB13
 2279 0044 16000000 		.4byte	.LFE13-.LFB13
 2280 0048 00000000 		.4byte	0
 2281 004c 00000000 		.4byte	0
 2282              		.section	.debug_ranges,"",%progbits
 2283              	.Ldebug_ranges0:
 2284 0000 16000000 		.4byte	.LBB4
 2285 0004 4A000000 		.4byte	.LBE4
 2286 0008 50000000 		.4byte	.LBB6
 2287 000c 78000000 		.4byte	.LBE6
 2288 0010 00000000 		.4byte	0
 2289 0014 00000000 		.4byte	0
 2290 0018 00000000 		.4byte	.LFB11
 2291 001c 0E000000 		.4byte	.LFE11
 2292 0020 00000000 		.4byte	.LFB8
 2293 0024 12000000 		.4byte	.LFE8
 2294 0028 00000000 		.4byte	.LFB9
 2295 002c 34000000 		.4byte	.LFE9
 2296 0030 00000000 		.4byte	.LFB10
 2297 0034 78000000 		.4byte	.LFE10
 2298 0038 00000000 		.4byte	.LFB7
 2299 003c 2A000000 		.4byte	.LFE7
 2300 0040 00000000 		.4byte	.LFB12
 2301 0044 10000000 		.4byte	.LFE12
 2302 0048 00000000 		.4byte	.LFB13
 2303 004c 16000000 		.4byte	.LFE13
 2304 0050 00000000 		.4byte	0
 2305 0054 00000000 		.4byte	0
 2306              		.section	.debug_line,"",%progbits
 2307              	.Ldebug_line0:
 2308 0000 6C020000 		.section	.debug_str,"MS",%progbits,1
 2308      0200B301 
 2308      00000201 
 2308      FB0E0D00 
 2308      01010101 
 2309              	.LASF36:
 2310 0000 705F6D73 		.ascii	"p_msg\000"
 2310      6700
 2311              	.LASF80:
 2312 0006 7264796D 		.ascii	"rdymsg\000"
 2312      736700
 2313              	.LASF11:
 2314 000d 75696E74 		.ascii	"uint64_t\000"
 2314      36345F74 
 2314      00
 2315              	.LASF67:
 2316 0016 434D785F 		.ascii	"CMx_SCB\000"
 2316      53434200 
 2317              	.LASF98:
 2318 001e 63685379 		.ascii	"chSysTimerHandlerI\000"
 2318      7354696D 
ARM GAS  /tmp/cckC29jz.s 			page 42


 2318      65724861 
 2318      6E646C65 
 2318      724900
 2319              	.LASF90:
 2320 0031 53797354 		.ascii	"SysTickVector\000"
 2320      69636B56 
 2320      6563746F 
 2320      7200
 2321              	.LASF12:
 2322 003f 6C6F6E67 		.ascii	"long long unsigned int\000"
 2322      206C6F6E 
 2322      6720756E 
 2322      7369676E 
 2322      65642069 
 2323              	.LASF81:
 2324 0056 65786974 		.ascii	"exitcode\000"
 2324      636F6465 
 2324      00
 2325              	.LASF52:
 2326 005f 43505549 		.ascii	"CPUID\000"
 2326      4400
 2327              	.LASF24:
 2328 0065 705F7072 		.ascii	"p_prio\000"
 2328      696F00
 2329              	.LASF10:
 2330 006c 6C6F6E67 		.ascii	"long long int\000"
 2330      206C6F6E 
 2330      6720696E 
 2330      7400
 2331              	.LASF1:
 2332 007a 7369676E 		.ascii	"signed char\000"
 2332      65642063 
 2332      68617200 
 2333              	.LASF99:
 2334 0086 6462675F 		.ascii	"dbg_check_unlock_from_isr\000"
 2334      63686563 
 2334      6B5F756E 
 2334      6C6F636B 
 2334      5F66726F 
 2335              	.LASF102:
 2336 00a0 2F686F6D 		.ascii	"/home/formica/chibios/chibios/os/ports/GCC/ARMCMx/c"
 2336      652F666F 
 2336      726D6963 
 2336      612F6368 
 2336      6962696F 
 2337 00d3 68636F72 		.ascii	"hcore_v7m.c\000"
 2337      655F7637 
 2337      6D2E6300 
 2338              	.LASF40:
 2339 00df 705F6D70 		.ascii	"p_mpool\000"
 2339      6F6F6C00 
 2340              	.LASF77:
 2341 00e7 6D5F7175 		.ascii	"m_queue\000"
 2341      65756500 
 2342              	.LASF7:
 2343 00ef 6C6F6E67 		.ascii	"long int\000"
 2343      20696E74 
ARM GAS  /tmp/cckC29jz.s 			page 43


 2343      00
 2344              	.LASF14:
 2345 00f8 74737461 		.ascii	"tstate_t\000"
 2345      74655F74 
 2345      00
 2346              	.LASF92:
 2347 0101 5F706F72 		.ascii	"_port_thread_start\000"
 2347      745F7468 
 2347      72656164 
 2347      5F737461 
 2347      727400
 2348              	.LASF26:
 2349 0114 705F6E65 		.ascii	"p_newer\000"
 2349      77657200 
 2350              	.LASF62:
 2351 011c 42464152 		.ascii	"BFAR\000"
 2351      00
 2352              	.LASF71:
 2353 0121 725F6E65 		.ascii	"r_newer\000"
 2353      77657200 
 2354              	.LASF104:
 2355 0129 6E766963 		.ascii	"nvicSetSystemHandlerPriority\000"
 2355      53657453 
 2355      79737465 
 2355      6D48616E 
 2355      646C6572 
 2356              	.LASF43:
 2357 0146 72656761 		.ascii	"regarm_t\000"
 2357      726D5F74 
 2357      00
 2358              	.LASF94:
 2359 014f 63685363 		.ascii	"chSchDoReschedule\000"
 2359      68446F52 
 2359      65736368 
 2359      6564756C 
 2359      6500
 2360              	.LASF96:
 2361 0161 6462675F 		.ascii	"dbg_check_enter_isr\000"
 2361      63686563 
 2361      6B5F656E 
 2361      7465725F 
 2361      69737200 
 2362              	.LASF20:
 2363 0175 636E745F 		.ascii	"cnt_t\000"
 2363      7400
 2364              	.LASF29:
 2365 017b 705F7374 		.ascii	"p_stklimit\000"
 2365      6B6C696D 
 2365      697400
 2366              	.LASF0:
 2367 0186 756E7369 		.ascii	"unsigned int\000"
 2367      676E6564 
 2367      20696E74 
 2367      00
 2368              	.LASF46:
 2369 0193 6C725F74 		.ascii	"lr_thd\000"
 2369      686400
ARM GAS  /tmp/cckC29jz.s 			page 44


 2370              	.LASF45:
 2371 019a 65787463 		.ascii	"extctx\000"
 2371      747800
 2372              	.LASF91:
 2373 01a1 5F706F72 		.ascii	"_port_switch\000"
 2373      745F7377 
 2373      69746368 
 2373      00
 2374              	.LASF101:
 2375 01ae 474E5520 		.ascii	"GNU C 4.7.3 20121207 (release) [ARM/embedded-4_7-br"
 2375      4320342E 
 2375      372E3320 
 2375      32303132 
 2375      31323037 
 2376 01e1 616E6368 		.ascii	"anch revision 194305]\000"
 2376      20726576 
 2376      6973696F 
 2376      6E203139 
 2376      34333035 
 2377              	.LASF9:
 2378 01f7 6C6F6E67 		.ascii	"long unsigned int\000"
 2378      20756E73 
 2378      69676E65 
 2378      6420696E 
 2378      7400
 2379              	.LASF54:
 2380 0209 56544F52 		.ascii	"VTOR\000"
 2380      00
 2381              	.LASF85:
 2382 020e 5F706F72 		.ascii	"_port_switch_from_isr\000"
 2382      745F7377 
 2382      69746368 
 2382      5F66726F 
 2382      6D5F6973 
 2383              	.LASF49:
 2384 0224 636F6E74 		.ascii	"context\000"
 2384      65787400 
 2385              	.LASF4:
 2386 022c 73686F72 		.ascii	"short unsigned int\000"
 2386      7420756E 
 2386      7369676E 
 2386      65642069 
 2386      6E7400
 2387              	.LASF53:
 2388 023f 49435352 		.ascii	"ICSR\000"
 2388      00
 2389              	.LASF17:
 2390 0244 6D73675F 		.ascii	"msg_t\000"
 2390      7400
 2391              	.LASF55:
 2392 024a 41495243 		.ascii	"AIRCR\000"
 2392      5200
 2393              	.LASF60:
 2394 0250 44465352 		.ascii	"DFSR\000"
 2394      00
 2395              	.LASF61:
 2396 0255 4D4D4641 		.ascii	"MMFAR\000"
ARM GAS  /tmp/cckC29jz.s 			page 45


 2396      5200
 2397              	.LASF89:
 2398 025b 5F706F72 		.ascii	"_port_irq_epilogue\000"
 2398      745F6972 
 2398      715F6570 
 2398      696C6F67 
 2398      756500
 2399              	.LASF13:
 2400 026e 746D6F64 		.ascii	"tmode_t\000"
 2400      655F7400 
 2401              	.LASF42:
 2402 0276 54687265 		.ascii	"ThreadsList\000"
 2402      6164734C 
 2402      69737400 
 2403              	.LASF18:
 2404 0282 6576656E 		.ascii	"eventmask_t\000"
 2404      746D6173 
 2404      6B5F7400 
 2405              	.LASF76:
 2406 028e 4D757465 		.ascii	"Mutex\000"
 2406      7800
 2407              	.LASF44:
 2408 0294 73746B61 		.ascii	"stkalign_t\000"
 2408      6C69676E 
 2408      5F7400
 2409              	.LASF51:
 2410 029f 73697A65 		.ascii	"sizetype\000"
 2410      74797065 
 2410      00
 2411              	.LASF93:
 2412 02a8 6462675F 		.ascii	"dbg_check_lock\000"
 2412      63686563 
 2412      6B5F6C6F 
 2412      636B00
 2413              	.LASF58:
 2414 02b7 43465352 		.ascii	"CFSR\000"
 2414      00
 2415              	.LASF27:
 2416 02bc 705F6F6C 		.ascii	"p_older\000"
 2416      64657200 
 2417              	.LASF70:
 2418 02c4 725F6374 		.ascii	"r_ctx\000"
 2418      7800
 2419              	.LASF41:
 2420 02ca 54687265 		.ascii	"ThreadsQueue\000"
 2420      61647351 
 2420      75657565 
 2420      00
 2421              	.LASF74:
 2422 02d7 725F6375 		.ascii	"r_current\000"
 2422      7272656E 
 2422      7400
 2423              	.LASF72:
 2424 02e1 725F6F6C 		.ascii	"r_older\000"
 2424      64657200 
 2425              	.LASF95:
 2426 02e9 6462675F 		.ascii	"dbg_check_unlock\000"
ARM GAS  /tmp/cckC29jz.s 			page 46


 2426      63686563 
 2426      6B5F756E 
 2426      6C6F636B 
 2426      00
 2427              	.LASF15:
 2428 02fa 74726566 		.ascii	"trefs_t\000"
 2428      735F7400 
 2429              	.LASF87:
 2430 0302 63747870 		.ascii	"ctxp\000"
 2430      00
 2431              	.LASF23:
 2432 0307 705F7072 		.ascii	"p_prev\000"
 2432      657600
 2433              	.LASF16:
 2434 030e 74707269 		.ascii	"tprio_t\000"
 2434      6F5F7400 
 2435              	.LASF6:
 2436 0316 696E7433 		.ascii	"int32_t\000"
 2436      325F7400 
 2437              	.LASF2:
 2438 031e 756E7369 		.ascii	"unsigned char\000"
 2438      676E6564 
 2438      20636861 
 2438      7200
 2439              	.LASF57:
 2440 032c 53484353 		.ascii	"SHCSR\000"
 2440      5200
 2441              	.LASF38:
 2442 0332 705F6D74 		.ascii	"p_mtxlist\000"
 2442      786C6973 
 2442      7400
 2443              	.LASF3:
 2444 033c 73686F72 		.ascii	"short int\000"
 2444      7420696E 
 2444      7400
 2445              	.LASF30:
 2446 0346 705F7374 		.ascii	"p_state\000"
 2446      61746500 
 2447              	.LASF47:
 2448 034e 78707372 		.ascii	"xpsr\000"
 2448      00
 2449              	.LASF69:
 2450 0353 725F7072 		.ascii	"r_prio\000"
 2450      696F00
 2451              	.LASF83:
 2452 035a 65776D61 		.ascii	"ewmask\000"
 2452      736B00
 2453              	.LASF22:
 2454 0361 705F6E65 		.ascii	"p_next\000"
 2454      787400
 2455              	.LASF31:
 2456 0368 705F666C 		.ascii	"p_flags\000"
 2456      61677300 
 2457              	.LASF21:
 2458 0370 54687265 		.ascii	"Thread\000"
 2458      616400
 2459              	.LASF37:
ARM GAS  /tmp/cckC29jz.s 			page 47


 2460 0377 705F6570 		.ascii	"p_epending\000"
 2460      656E6469 
 2460      6E6700
 2461              	.LASF8:
 2462 0382 75696E74 		.ascii	"uint32_t\000"
 2462      33325F74 
 2462      00
 2463              	.LASF68:
 2464 038b 725F7175 		.ascii	"r_queue\000"
 2464      65756500 
 2465              	.LASF63:
 2466 0393 41465352 		.ascii	"AFSR\000"
 2466      00
 2467              	.LASF65:
 2468 0398 756E7573 		.ascii	"unused1\000"
 2468      65643100 
 2469              	.LASF84:
 2470 03a0 63686172 		.ascii	"char\000"
 2470      00
 2471              	.LASF50:
 2472 03a5 494F5245 		.ascii	"IOREG32\000"
 2472      47333200 
 2473              	.LASF79:
 2474 03ad 6D5F6E65 		.ascii	"m_next\000"
 2474      787400
 2475              	.LASF19:
 2476 03b4 73797374 		.ascii	"systime_t\000"
 2476      696D655F 
 2476      7400
 2477              	.LASF39:
 2478 03be 705F7265 		.ascii	"p_realprio\000"
 2478      616C7072 
 2478      696F00
 2479              	.LASF86:
 2480 03c9 53564361 		.ascii	"SVCallVector\000"
 2480      6C6C5665 
 2480      63746F72 
 2480      00
 2481              	.LASF73:
 2482 03d6 725F7072 		.ascii	"r_preempt\000"
 2482      65656D70 
 2482      7400
 2483              	.LASF33:
 2484 03e0 705F7469 		.ascii	"p_time\000"
 2484      6D6500
 2485              	.LASF56:
 2486 03e7 53485052 		.ascii	"SHPR\000"
 2486      00
 2487              	.LASF100:
 2488 03ec 6462675F 		.ascii	"dbg_check_leave_isr\000"
 2488      63686563 
 2488      6B5F6C65 
 2488      6176655F 
 2488      69737200 
 2489              	.LASF48:
 2490 0400 696E7463 		.ascii	"intctx\000"
 2490      747800
ARM GAS  /tmp/cckC29jz.s 			page 48


 2491              	.LASF35:
 2492 0407 705F6D73 		.ascii	"p_msgqueue\000"
 2492      67717565 
 2492      756500
 2493              	.LASF32:
 2494 0412 705F7265 		.ascii	"p_refs\000"
 2494      667300
 2495              	.LASF75:
 2496 0419 52656164 		.ascii	"ReadyList\000"
 2496      794C6973 
 2496      7400
 2497              	.LASF64:
 2498 0423 4D4D4652 		.ascii	"MMFR\000"
 2498      00
 2499              	.LASF103:
 2500 0428 726C6973 		.ascii	"rlist\000"
 2500      7400
 2501              	.LASF5:
 2502 042e 75696E74 		.ascii	"uint8_t\000"
 2502      385F7400 
 2503              	.LASF88:
 2504 0436 5F706F72 		.ascii	"_port_init\000"
 2504      745F696E 
 2504      697400
 2505              	.LASF97:
 2506 0441 6462675F 		.ascii	"dbg_check_lock_from_isr\000"
 2506      63686563 
 2506      6B5F6C6F 
 2506      636B5F66 
 2506      726F6D5F 
 2507              	.LASF82:
 2508 0459 77746F62 		.ascii	"wtobjp\000"
 2508      6A7000
 2509              	.LASF28:
 2510 0460 705F6E61 		.ascii	"p_name\000"
 2510      6D6500
 2511              	.LASF66:
 2512 0467 43504143 		.ascii	"CPACR\000"
 2512      5200
 2513              	.LASF59:
 2514 046d 48465352 		.ascii	"HFSR\000"
 2514      00
 2515              	.LASF78:
 2516 0472 6D5F6F77 		.ascii	"m_owner\000"
 2516      6E657200 
 2517              	.LASF25:
 2518 047a 705F6374 		.ascii	"p_ctx\000"
 2518      7800
 2519              	.LASF34:
 2520 0480 705F7761 		.ascii	"p_waiting\000"
 2520      6974696E 
 2520      6700
 2521              		.ident	"GCC: (GNU Tools for ARM Embedded Processors) 4.7.3 20121207 (release) [ARM/embedded-4_7-br
ARM GAS  /tmp/cckC29jz.s 			page 49


DEFINED SYMBOLS
                            *ABS*:00000000 chcore_v7m.c
     /tmp/cckC29jz.s:19     .text._port_switch_from_isr:00000000 $t
     /tmp/cckC29jz.s:25     .text._port_switch_from_isr:00000000 _port_switch_from_isr
     /tmp/cckC29jz.s:44     .text._port_switch_from_isr:0000000c _port_exit_from_isr
     /tmp/cckC29jz.s:56     .text.SVCallVector:00000000 $t
     /tmp/cckC29jz.s:62     .text.SVCallVector:00000000 SVCallVector
     /tmp/cckC29jz.s:98     .text._port_init:00000000 $t
     /tmp/cckC29jz.s:104    .text._port_init:00000000 _port_init
     /tmp/cckC29jz.s:150    .text._port_irq_epilogue:00000000 $t
     /tmp/cckC29jz.s:156    .text._port_irq_epilogue:00000000 _port_irq_epilogue
     /tmp/cckC29jz.s:255    .text._port_irq_epilogue:0000006c $d
     /tmp/cckC29jz.s:263    .text.SysTickVector:00000000 $t
     /tmp/cckC29jz.s:269    .text.SysTickVector:00000000 SysTickVector
     /tmp/cckC29jz.s:322    .text._port_switch:00000000 $t
     /tmp/cckC29jz.s:328    .text._port_switch:00000000 _port_switch
     /tmp/cckC29jz.s:355    .text._port_thread_start:00000000 $t
     /tmp/cckC29jz.s:361    .text._port_thread_start:00000000 _port_thread_start
                     .debug_frame:00000010 $d
     /tmp/cckC29jz.s:262    .text._port_irq_epilogue:00000078 $t

UNDEFINED SYMBOLS
dbg_check_lock
chSchDoReschedule
dbg_check_unlock
nvicSetSystemHandlerPriority
rlist
dbg_check_enter_isr
dbg_check_lock_from_isr
chSysTimerHandlerI
dbg_check_unlock_from_isr
dbg_check_leave_isr
chThdExit
