ARM GAS  /tmp/cc8L7UHm.s 			page 1


   1              		.syntax unified
   2              		.cpu cortex-m3
   3              		.fpu softvfp
   4              		.eabi_attribute 20, 1
   5              		.eabi_attribute 21, 1
   6              		.eabi_attribute 23, 3
   7              		.eabi_attribute 24, 1
   8              		.eabi_attribute 25, 1
   9              		.eabi_attribute 26, 1
  10              		.eabi_attribute 30, 2
  11              		.eabi_attribute 34, 1
  12              		.eabi_attribute 18, 4
  13              		.thumb
  14              		.file	"crt0.c"
  15              		.text
  16              	.Ltext0:
  17              		.cfi_sections	.debug_frame
  18              		.section	.text.__early_init,"ax",%progbits
  19              		.align	2
  20              		.p2align 4,,15
  21              		.weak	__early_init
  22              		.thumb
  23              		.thumb_func
  24              		.type	__early_init, %function
  25              	__early_init:
  26              	.LFB7:
  27              		.file 1 "/home/formica/chibios/chibios/os/ports/GCC/ARMCMx/crt0.c"
  28              		.loc 1 220 0
  29              		.cfi_startproc
  30              		@ args = 0, pretend = 0, frame = 0
  31              		@ frame_needed = 0, uses_anonymous_args = 0
  32              		@ link register save eliminated.
  33 0000 7047     		bx	lr
  34              		.cfi_endproc
  35              	.LFE7:
  36              		.size	__early_init, .-__early_init
  37 0002 00BFAFF3 		.section	.text.__late_init,"ax",%progbits
  37      0080AFF3 
  37      0080AFF3 
  37      0080
  38              		.align	2
  39              		.p2align 4,,15
  40              		.weak	__late_init
  41              		.thumb
  42              		.thumb_func
  43              		.type	__late_init, %function
  44              	__late_init:
  45              	.LFB8:
  46              		.loc 1 232 0
  47              		.cfi_startproc
  48              		@ args = 0, pretend = 0, frame = 0
  49              		@ frame_needed = 0, uses_anonymous_args = 0
  50              		@ link register save eliminated.
  51 0000 7047     		bx	lr
  52              		.cfi_endproc
  53              	.LFE8:
  54              		.size	__late_init, .-__late_init
ARM GAS  /tmp/cc8L7UHm.s 			page 2


  55 0002 00BFAFF3 		.section	.text._default_exit,"ax",%progbits
  55      0080AFF3 
  55      0080AFF3 
  55      0080
  56              		.align	2
  57              		.p2align 4,,15
  58              		.weak	_default_exit
  59              		.thumb
  60              		.thumb_func
  61              		.type	_default_exit, %function
  62              	_default_exit:
  63              	.LFB9:
  64              		.loc 1 243 0
  65              		.cfi_startproc
  66              		@ Naked Function: prologue and epilogue provided by programmer.
  67              		@ args = 0, pretend = 0, frame = 0
  68              		@ frame_needed = 0, uses_anonymous_args = 0
  69              	.L4:
  70 0000 FEE7     		b	.L4
  71              		.cfi_endproc
  72              	.LFE9:
  73              		.size	_default_exit, .-_default_exit
  74 0002 00BFAFF3 		.section	.text.ResetHandler,"ax",%progbits
  74      0080AFF3 
  74      0080AFF3 
  74      0080
  75              		.align	2
  76              		.p2align 4,,15
  77              		.global	ResetHandler
  78              		.thumb
  79              		.thumb_func
  80              		.type	ResetHandler, %function
  81              	ResetHandler:
  82              	.LFB10:
  83              		.loc 1 254 0
  84              		.cfi_startproc
  85              		@ Naked Function: prologue and epilogue provided by programmer.
  86              		@ args = 0, pretend = 0, frame = 0
  87              		@ frame_needed = 0, uses_anonymous_args = 0
  88              		.loc 1 260 0
  89              	@ 260 "/home/formica/chibios/chibios/os/ports/GCC/ARMCMx/crt0.c" 1
  90 0000 72B6     		cpsid   i
  91              	@ 0 "" 2
  92              		.loc 1 261 0
  93              		.thumb
  94 0002 644C     		ldr	r4, .L68
  95              	.LVL0:
  96              		.loc 1 262 0
  97              	@ 262 "/home/formica/chibios/chibios/os/ports/GCC/ARMCMx/crt0.c" 1
  98 0004 84F30988 		msr     PSP, r4
  99              	@ 0 "" 2
 100              	.LVL1:
 101              		.loc 1 282 0
 102              		.thumb
 103 0008 0223     		movs	r3, #2
 104              	@ 282 "/home/formica/chibios/chibios/os/ports/GCC/ARMCMx/crt0.c" 1
 105 000a 83F31488 		msr     CONTROL, r3
ARM GAS  /tmp/cc8L7UHm.s 			page 3


 106              	@ 0 "" 2
 107              		.loc 1 283 0
 108              	@ 283 "/home/formica/chibios/chibios/os/ports/GCC/ARMCMx/crt0.c" 1
 109 000e BFF36F8F 		isb
 110              	@ 0 "" 2
 111              	.LVL2:
 112              		.thumb
 113              	.LBB2:
 114              		.loc 1 287 0
 115 0012 6148     		ldr	r0, .L68+4
 116 0014 6149     		ldr	r1, .L68+8
 117 0016 8842     		cmp	r0, r1
 118 0018 18D2     		bcs	.L10
 119              	.LBE2:
 120              	.LBB3:
 121              		.loc 1 254 0
 122 001a CA1C     		adds	r2, r1, #3
 123 001c 051D     		adds	r5, r0, #4
 124 001e 531B     		subs	r3, r2, r5
 125 0020 23F00302 		bic	r2, r3, #3
 126 0024 0346     		mov	r3, r0
 127 0026 1018     		adds	r0, r2, r0
 128              	.LBE3:
 129              	.LBB4:
 130              		.loc 1 287 0
 131 0028 4FF05531 		mov	r1, #1431655765
 132 002c 8342     		cmp	r3, r0
 133 002e 1960     		str	r1, [r3, #0]
 134              	.LVL3:
 135 0030 C2F38002 		ubfx	r2, r2, #2, #1
 136 0034 0AD0     		beq	.L10
 137 0036 1AB1     		cbz	r2, .L9
 138 0038 8542     		cmp	r5, r0
 139 003a 2B46     		mov	r3, r5
 140 003c 2960     		str	r1, [r5, #0]
 141 003e 05D0     		beq	.L10
 142              	.L9:
 143 0040 1D1D     		adds	r5, r3, #4
 144              		.loc 1 287 0 is_stmt 0 discriminator 2
 145 0042 5960     		str	r1, [r3, #4]
 146 0044 0833     		adds	r3, r3, #8
 147 0046 8342     		cmp	r3, r0
 148 0048 6960     		str	r1, [r5, #4]
 149 004a F9D1     		bne	.L9
 150              	.L10:
 151              	.LVL4:
 152              	.LBE4:
 153              	.LBB5:
 154              		.loc 1 290 0 is_stmt 1
 155 004c 5448     		ldr	r0, .L68+12
 156 004e A042     		cmp	r0, r4
 157 0050 18D2     		bcs	.L8
 158              	.LBE5:
 159              	.LBB6:
 160              		.loc 1 254 0
 161 0052 5449     		ldr	r1, .L68+16
 162 0054 041D     		adds	r4, r0, #4
ARM GAS  /tmp/cc8L7UHm.s 			page 4


 163 0056 0A1B     		subs	r2, r1, r4
 164 0058 22F00305 		bic	r5, r2, #3
 165 005c 0346     		mov	r3, r0
 166 005e 2818     		adds	r0, r5, r0
 167              	.LBE6:
 168              	.LBB7:
 169              		.loc 1 290 0
 170 0060 4FF05531 		mov	r1, #1431655765
 171 0064 8342     		cmp	r3, r0
 172 0066 1960     		str	r1, [r3, #0]
 173              	.LVL5:
 174 0068 C5F38002 		ubfx	r2, r5, #2, #1
 175 006c 0AD0     		beq	.L8
 176 006e 1AB1     		cbz	r2, .L13
 177 0070 8442     		cmp	r4, r0
 178 0072 2346     		mov	r3, r4
 179 0074 2160     		str	r1, [r4, #0]
 180 0076 05D0     		beq	.L8
 181              	.L13:
 182 0078 1D1D     		adds	r5, r3, #4
 183              		.loc 1 290 0 is_stmt 0 discriminator 2
 184 007a 5960     		str	r1, [r3, #4]
 185 007c 0833     		adds	r3, r3, #8
 186 007e 8342     		cmp	r3, r0
 187 0080 6960     		str	r1, [r5, #4]
 188 0082 F9D1     		bne	.L13
 189              	.L8:
 190              	.LBE7:
 191              		.loc 1 296 0 is_stmt 1
 192 0084 FFF7FEFF 		bl	__early_init
 193              	.LVL6:
 194              	.LBB8:
 195              		.loc 1 305 0
 196 0088 4749     		ldr	r1, .L68+20
 197 008a 4848     		ldr	r0, .L68+24
 198 008c 8142     		cmp	r1, r0
 199 008e 1BD2     		bcs	.L12
 200              	.LBE8:
 201              	.LBB9:
 202              		.loc 1 254 0
 203 0090 C61C     		adds	r6, r0, #3
 204 0092 0C1D     		adds	r4, r1, #4
 205 0094 321B     		subs	r2, r6, r4
 206 0096 4648     		ldr	r0, .L68+28
 207 0098 22F00302 		bic	r2, r2, #3
 208 009c 161D     		adds	r6, r2, #4
 209              	.LBE9:
 210              	.LBB10:
 211              		.loc 1 306 0
 212 009e 0568     		ldr	r5, [r0, #0]
 213 00a0 0423     		movs	r3, #4
 214              		.loc 1 305 0
 215 00a2 B342     		cmp	r3, r6
 216              		.loc 1 306 0
 217 00a4 0D60     		str	r5, [r1, #0]
 218              	.LVL7:
 219 00a6 C2F38002 		ubfx	r2, r2, #2, #1
ARM GAS  /tmp/cc8L7UHm.s 			page 5


 220              		.loc 1 305 0
 221 00aa 0DD0     		beq	.L12
 222 00ac 22B1     		cbz	r2, .L16
 223              		.loc 1 306 0
 224 00ae 4568     		ldr	r5, [r0, #4]
 225 00b0 0823     		movs	r3, #8
 226              		.loc 1 305 0
 227 00b2 B342     		cmp	r3, r6
 228              		.loc 1 306 0
 229 00b4 2560     		str	r5, [r4, #0]
 230              		.loc 1 305 0
 231 00b6 07D0     		beq	.L12
 232              	.L16:
 233              		.loc 1 306 0
 234 00b8 1D58     		ldr	r5, [r3, r0]
 235 00ba 1A1D     		adds	r2, r3, #4
 236 00bc 5D50     		str	r5, [r3, r1]
 237 00be 8458     		ldr	r4, [r0, r2]
 238 00c0 0833     		adds	r3, r3, #8
 239              		.loc 1 305 0
 240 00c2 B342     		cmp	r3, r6
 241              		.loc 1 306 0
 242 00c4 8C50     		str	r4, [r1, r2]
 243              		.loc 1 305 0
 244 00c6 F7D1     		bne	.L16
 245              	.L12:
 246              	.LVL8:
 247              	.LBE10:
 248              	.LBB11:
 249              		.loc 1 312 0
 250 00c8 3A48     		ldr	r0, .L68+32
 251 00ca 3B49     		ldr	r1, .L68+36
 252 00cc 8842     		cmp	r0, r1
 253 00ce 17D2     		bcs	.L15
 254              	.LBE11:
 255              	.LBB12:
 256              		.loc 1 254 0
 257 00d0 CB1C     		adds	r3, r1, #3
 258 00d2 041D     		adds	r4, r0, #4
 259 00d4 1A1B     		subs	r2, r3, r4
 260 00d6 22F00305 		bic	r5, r2, #3
 261 00da 0346     		mov	r3, r0
 262 00dc 2818     		adds	r0, r5, r0
 263              	.LBE12:
 264              	.LBB13:
 265              		.loc 1 312 0
 266 00de 0021     		movs	r1, #0
 267 00e0 8342     		cmp	r3, r0
 268 00e2 1960     		str	r1, [r3, #0]
 269              	.LVL9:
 270 00e4 C5F38002 		ubfx	r2, r5, #2, #1
 271 00e8 0AD0     		beq	.L15
 272 00ea 1AB1     		cbz	r2, .L19
 273 00ec 8442     		cmp	r4, r0
 274 00ee 2346     		mov	r3, r4
 275 00f0 2160     		str	r1, [r4, #0]
 276 00f2 05D0     		beq	.L15
ARM GAS  /tmp/cc8L7UHm.s 			page 6


 277              	.L19:
 278 00f4 1D1D     		adds	r5, r3, #4
 279              		.loc 1 312 0 is_stmt 0 discriminator 2
 280 00f6 5960     		str	r1, [r3, #4]
 281 00f8 0833     		adds	r3, r3, #8
 282 00fa 8342     		cmp	r3, r0
 283 00fc 6960     		str	r1, [r5, #4]
 284 00fe F9D1     		bne	.L19
 285              	.L15:
 286              	.LBE13:
 287              		.loc 1 316 0 is_stmt 1
 288 0100 FFF7FEFF 		bl	__late_init
 289              	.LVL10:
 290              	.LBB14:
 291              		.loc 1 322 0
 292 0104 2D4D     		ldr	r5, .L68+40
 293 0106 2E49     		ldr	r1, .L68+44
 294 0108 8D42     		cmp	r5, r1
 295 010a 1DD2     		bcs	.L18
 296              	.LBE14:
 297              	.LBB15:
 298              		.loc 1 254 0
 299 010c CC1C     		adds	r4, r1, #3
 300 010e 2E1D     		adds	r6, r5, #4
 301 0110 A71B     		subs	r7, r4, r6
 302 0112 B808     		lsrs	r0, r7, #2
 303 0114 471C     		adds	r7, r0, #1
 304 0116 0124     		movs	r4, #1
 305              	.LBE15:
 306              	.LBB16:
 307              		.loc 1 323 0
 308 0118 2A68     		ldr	r2, [r5, #0]
 309 011a 00EA0408 		and	r8, r0, r4
 310 011e 9047     		blx	r2
 311              	.LVL11:
 312              		.loc 1 322 0
 313 0120 BC42     		cmp	r4, r7
 314 0122 11D0     		beq	.L18
 315 0124 B8F1000F 		cmp	r8, #0
 316 0128 05D0     		beq	.L22
 317              		.loc 1 323 0
 318 012a 3368     		ldr	r3, [r6, #0]
 319 012c 0224     		movs	r4, #2
 320 012e 9847     		blx	r3
 321              	.LVL12:
 322              		.loc 1 322 0
 323 0130 BC42     		cmp	r4, r7
 324 0132 3546     		mov	r5, r6
 325 0134 08D0     		beq	.L18
 326              	.L22:
 327              		.loc 1 323 0
 328 0136 6968     		ldr	r1, [r5, #4]
 329 0138 8847     		blx	r1
 330              	.LVL13:
 331 013a 0234     		adds	r4, r4, #2
 332 013c A868     		ldr	r0, [r5, #8]
 333 013e 2E1D     		adds	r6, r5, #4
ARM GAS  /tmp/cc8L7UHm.s 			page 7


 334 0140 8047     		blx	r0
 335              	.LVL14:
 336 0142 0835     		adds	r5, r5, #8
 337              		.loc 1 322 0
 338 0144 BC42     		cmp	r4, r7
 339 0146 F6D1     		bne	.L22
 340              	.L18:
 341              	.LBE16:
 342              		.loc 1 330 0
 343 0148 FFF7FEFF 		bl	main
 344              	.LVL15:
 345              	.LBB17:
 346              		.loc 1 336 0
 347 014c 1D4D     		ldr	r5, .L68+48
 348 014e 1E4A     		ldr	r2, .L68+52
 349 0150 9542     		cmp	r5, r2
 350 0152 1DD2     		bcs	.L21
 351              	.LBE17:
 352              		.loc 1 254 0
 353 0154 D41C     		adds	r4, r2, #3
 354 0156 2E1D     		adds	r6, r5, #4
 355 0158 A71B     		subs	r7, r4, r6
 356 015a BB08     		lsrs	r3, r7, #2
 357 015c 5F1C     		adds	r7, r3, #1
 358 015e 0124     		movs	r4, #1
 359              	.LBB18:
 360              		.loc 1 337 0
 361 0160 2968     		ldr	r1, [r5, #0]
 362 0162 03EA0408 		and	r8, r3, r4
 363 0166 8847     		blx	r1
 364              	.LVL16:
 365              		.loc 1 336 0
 366 0168 BC42     		cmp	r4, r7
 367 016a 11D0     		beq	.L21
 368 016c B8F1000F 		cmp	r8, #0
 369 0170 05D0     		beq	.L23
 370              		.loc 1 337 0
 371 0172 3068     		ldr	r0, [r6, #0]
 372 0174 0224     		movs	r4, #2
 373 0176 8047     		blx	r0
 374              	.LVL17:
 375              		.loc 1 336 0
 376 0178 BC42     		cmp	r4, r7
 377 017a 3546     		mov	r5, r6
 378 017c 08D0     		beq	.L21
 379              	.L23:
 380              		.loc 1 337 0
 381 017e 6A68     		ldr	r2, [r5, #4]
 382 0180 9047     		blx	r2
 383              	.LVL18:
 384 0182 0234     		adds	r4, r4, #2
 385 0184 AB68     		ldr	r3, [r5, #8]
 386 0186 2E1D     		adds	r6, r5, #4
 387 0188 9847     		blx	r3
 388              	.LVL19:
 389 018a 0835     		adds	r5, r5, #8
 390              		.loc 1 336 0
ARM GAS  /tmp/cc8L7UHm.s 			page 8


 391 018c BC42     		cmp	r4, r7
 392 018e F6D1     		bne	.L23
 393              	.L21:
 394              	.LBE18:
 395              		.loc 1 344 0
 396 0190 FFF7FEFF 		bl	_default_exit
 397              	.LVL20:
 398              		.loc 1 345 0
 399              	.L69:
 400              		.align	2
 401              	.L68:
 402 0194 00000000 		.word	__process_stack_end__
 403 0198 00000000 		.word	__main_stack_base__
 404 019c 00000000 		.word	__main_stack_end__
 405 01a0 00000000 		.word	__process_stack_base__
 406 01a4 03000000 		.word	__process_stack_end__+3
 407 01a8 00000000 		.word	_data
 408 01ac 00000000 		.word	_edata
 409 01b0 00000000 		.word	_textdata
 410 01b4 00000000 		.word	_bss_start
 411 01b8 00000000 		.word	_bss_end
 412 01bc 00000000 		.word	__init_array_start
 413 01c0 00000000 		.word	__init_array_end
 414 01c4 00000000 		.word	__fini_array_start
 415 01c8 00000000 		.word	__fini_array_end
 416              		.cfi_endproc
 417              	.LFE10:
 418              		.size	ResetHandler, .-ResetHandler
 419 01cc AFF30080 		.text
 420              	.Letext0:
 421              		.file 2 "/home/formica/toolchains/gcc-arm-none-eabi-4_7-2012q4/bin/../lib/gcc/arm-none-eabi/4.7.3/
 422              		.section	.debug_info,"",%progbits
 423              	.Ldebug_info0:
 424 0000 AB020000 		.4byte	0x2ab
 425 0004 0200     		.2byte	0x2
 426 0006 00000000 		.4byte	.Ldebug_abbrev0
 427 000a 04       		.byte	0x4
 428 000b 01       		.uleb128 0x1
 429 000c 4C010000 		.4byte	.LASF31
 430 0010 01       		.byte	0x1
 431 0011 F3000000 		.4byte	.LASF32
 432 0015 B8000000 		.4byte	.Ldebug_ranges0+0xb8
 433 0019 00000000 		.4byte	0
 434 001d 00000000 		.4byte	0
 435 0021 00000000 		.4byte	.Ldebug_line0
 436 0025 02       		.uleb128 0x2
 437 0026 04       		.byte	0x4
 438 0027 05       		.byte	0x5
 439 0028 696E7400 		.ascii	"int\000"
 440 002c 03       		.uleb128 0x3
 441 002d 04       		.byte	0x4
 442 002e 07       		.byte	0x7
 443 002f C6000000 		.4byte	.LASF0
 444 0033 03       		.uleb128 0x3
 445 0034 01       		.byte	0x1
 446 0035 06       		.byte	0x6
 447 0036 EE010000 		.4byte	.LASF1
ARM GAS  /tmp/cc8L7UHm.s 			page 9


 448 003a 04       		.uleb128 0x4
 449 003b 95010000 		.4byte	.LASF6
 450 003f 02       		.byte	0x2
 451 0040 2A       		.byte	0x2a
 452 0041 45000000 		.4byte	0x45
 453 0045 03       		.uleb128 0x3
 454 0046 01       		.byte	0x1
 455 0047 08       		.byte	0x8
 456 0048 51000000 		.4byte	.LASF2
 457 004c 03       		.uleb128 0x3
 458 004d 02       		.byte	0x2
 459 004e 05       		.byte	0x5
 460 004f C4010000 		.4byte	.LASF3
 461 0053 03       		.uleb128 0x3
 462 0054 02       		.byte	0x2
 463 0055 07       		.byte	0x7
 464 0056 8A000000 		.4byte	.LASF4
 465 005a 03       		.uleb128 0x3
 466 005b 04       		.byte	0x4
 467 005c 05       		.byte	0x5
 468 005d DF010000 		.4byte	.LASF5
 469 0061 04       		.uleb128 0x4
 470 0062 D6010000 		.4byte	.LASF7
 471 0066 02       		.byte	0x2
 472 0067 50       		.byte	0x50
 473 0068 6C000000 		.4byte	0x6c
 474 006c 03       		.uleb128 0x3
 475 006d 04       		.byte	0x4
 476 006e 07       		.byte	0x7
 477 006f 6B000000 		.4byte	.LASF8
 478 0073 03       		.uleb128 0x3
 479 0074 08       		.byte	0x8
 480 0075 05       		.byte	0x5
 481 0076 9D010000 		.4byte	.LASF9
 482 007a 03       		.uleb128 0x3
 483 007b 08       		.byte	0x8
 484 007c 07       		.byte	0x7
 485 007d D3000000 		.4byte	.LASF10
 486 0081 03       		.uleb128 0x3
 487 0082 04       		.byte	0x4
 488 0083 07       		.byte	0x7
 489 0084 43010000 		.4byte	.LASF11
 490 0088 03       		.uleb128 0x3
 491 0089 01       		.byte	0x1
 492 008a 08       		.byte	0x8
 493 008b AB010000 		.4byte	.LASF12
 494 008f 04       		.uleb128 0x4
 495 0090 CE010000 		.4byte	.LASF13
 496 0094 01       		.byte	0x1
 497 0095 26       		.byte	0x26
 498 0096 9A000000 		.4byte	0x9a
 499 009a 05       		.uleb128 0x5
 500 009b 04       		.byte	0x4
 501 009c A0000000 		.4byte	0xa0
 502 00a0 06       		.uleb128 0x6
 503 00a1 01       		.byte	0x1
 504 00a2 04       		.uleb128 0x4
ARM GAS  /tmp/cc8L7UHm.s 			page 10


 505 00a3 3A000000 		.4byte	.LASF14
 506 00a7 01       		.byte	0x1
 507 00a8 27       		.byte	0x27
 508 00a9 AD000000 		.4byte	0xad
 509 00ad 05       		.uleb128 0x5
 510 00ae 04       		.byte	0x4
 511 00af 8F000000 		.4byte	0x8f
 512 00b3 07       		.uleb128 0x7
 513 00b4 01       		.byte	0x1
 514 00b5 36010000 		.4byte	.LASF15
 515 00b9 01       		.byte	0x1
 516 00ba DC       		.byte	0xdc
 517 00bb 01       		.byte	0x1
 518 00bc 00000000 		.4byte	.LFB7
 519 00c0 02000000 		.4byte	.LFE7
 520 00c4 02       		.byte	0x2
 521 00c5 7D       		.byte	0x7d
 522 00c6 00       		.sleb128 0
 523 00c7 01       		.byte	0x1
 524 00c8 07       		.uleb128 0x7
 525 00c9 01       		.byte	0x1
 526 00ca 5F000000 		.4byte	.LASF16
 527 00ce 01       		.byte	0x1
 528 00cf E8       		.byte	0xe8
 529 00d0 01       		.byte	0x1
 530 00d1 00000000 		.4byte	.LFB8
 531 00d5 02000000 		.4byte	.LFE8
 532 00d9 02       		.byte	0x2
 533 00da 7D       		.byte	0x7d
 534 00db 00       		.sleb128 0
 535 00dc 01       		.byte	0x1
 536 00dd 07       		.uleb128 0x7
 537 00de 01       		.byte	0x1
 538 00df 43000000 		.4byte	.LASF17
 539 00e3 01       		.byte	0x1
 540 00e4 F3       		.byte	0xf3
 541 00e5 01       		.byte	0x1
 542 00e6 00000000 		.4byte	.LFB9
 543 00ea 02000000 		.4byte	.LFE9
 544 00ee 02       		.byte	0x2
 545 00ef 7D       		.byte	0x7d
 546 00f0 00       		.sleb128 0
 547 00f1 01       		.byte	0x1
 548 00f2 08       		.uleb128 0x8
 549 00f3 01       		.byte	0x1
 550 00f4 7D000000 		.4byte	.LASF33
 551 00f8 01       		.byte	0x1
 552 00f9 FE       		.byte	0xfe
 553 00fa 01       		.byte	0x1
 554 00fb 00000000 		.4byte	.LFB10
 555 00ff CC010000 		.4byte	.LFE10
 556 0103 02       		.byte	0x2
 557 0104 7D       		.byte	0x7d
 558 0105 00       		.sleb128 0
 559 0106 01       		.byte	0x1
 560 0107 F5010000 		.4byte	0x1f5
 561 010b 09       		.uleb128 0x9
ARM GAS  /tmp/cc8L7UHm.s 			page 11


 562 010c 70737000 		.ascii	"psp\000"
 563 0110 01       		.byte	0x1
 564 0111 FF       		.byte	0xff
 565 0112 61000000 		.4byte	0x61
 566 0116 01       		.byte	0x1
 567 0117 54       		.byte	0x54
 568 0118 0A       		.uleb128 0xa
 569 0119 72656700 		.ascii	"reg\000"
 570 011d 01       		.byte	0x1
 571 011e FF       		.byte	0xff
 572 011f 61000000 		.4byte	0x61
 573 0123 02       		.byte	0x2
 574 0124 0B       		.uleb128 0xb
 575 0125 00000000 		.4byte	.Ldebug_ranges0+0
 576 0129 44010000 		.4byte	0x144
 577 012d 0C       		.uleb128 0xc
 578 012e 703100   		.ascii	"p1\000"
 579 0131 01       		.byte	0x1
 580 0132 1F01     		.2byte	0x11f
 581 0134 F5010000 		.4byte	0x1f5
 582 0138 0C       		.uleb128 0xc
 583 0139 703200   		.ascii	"p2\000"
 584 013c 01       		.byte	0x1
 585 013d 1F01     		.2byte	0x11f
 586 013f F5010000 		.4byte	0x1f5
 587 0143 00       		.byte	0
 588 0144 0B       		.uleb128 0xb
 589 0145 18000000 		.4byte	.Ldebug_ranges0+0x18
 590 0149 64010000 		.4byte	0x164
 591 014d 0C       		.uleb128 0xc
 592 014e 703100   		.ascii	"p1\000"
 593 0151 01       		.byte	0x1
 594 0152 2201     		.2byte	0x122
 595 0154 F5010000 		.4byte	0x1f5
 596 0158 0C       		.uleb128 0xc
 597 0159 703200   		.ascii	"p2\000"
 598 015c 01       		.byte	0x1
 599 015d 2201     		.2byte	0x122
 600 015f F5010000 		.4byte	0x1f5
 601 0163 00       		.byte	0
 602 0164 0B       		.uleb128 0xb
 603 0165 38000000 		.4byte	.Ldebug_ranges0+0x38
 604 0169 84010000 		.4byte	0x184
 605 016d 0C       		.uleb128 0xc
 606 016e 747000   		.ascii	"tp\000"
 607 0171 01       		.byte	0x1
 608 0172 2D01     		.2byte	0x12d
 609 0174 F5010000 		.4byte	0x1f5
 610 0178 0C       		.uleb128 0xc
 611 0179 647000   		.ascii	"dp\000"
 612 017c 01       		.byte	0x1
 613 017d 2D01     		.2byte	0x12d
 614 017f F5010000 		.4byte	0x1f5
 615 0183 00       		.byte	0
 616 0184 0B       		.uleb128 0xb
 617 0185 58000000 		.4byte	.Ldebug_ranges0+0x58
 618 0189 A4010000 		.4byte	0x1a4
ARM GAS  /tmp/cc8L7UHm.s 			page 12


 619 018d 0C       		.uleb128 0xc
 620 018e 703100   		.ascii	"p1\000"
 621 0191 01       		.byte	0x1
 622 0192 3801     		.2byte	0x138
 623 0194 F5010000 		.4byte	0x1f5
 624 0198 0C       		.uleb128 0xc
 625 0199 703200   		.ascii	"p2\000"
 626 019c 01       		.byte	0x1
 627 019d 3801     		.2byte	0x138
 628 019f F5010000 		.4byte	0x1f5
 629 01a3 00       		.byte	0
 630 01a4 0B       		.uleb128 0xb
 631 01a5 78000000 		.4byte	.Ldebug_ranges0+0x78
 632 01a9 BA010000 		.4byte	0x1ba
 633 01ad 0C       		.uleb128 0xc
 634 01ae 66707000 		.ascii	"fpp\000"
 635 01b2 01       		.byte	0x1
 636 01b3 4101     		.2byte	0x141
 637 01b5 A2000000 		.4byte	0xa2
 638 01b9 00       		.byte	0
 639 01ba 0B       		.uleb128 0xb
 640 01bb 98000000 		.4byte	.Ldebug_ranges0+0x98
 641 01bf D0010000 		.4byte	0x1d0
 642 01c3 0C       		.uleb128 0xc
 643 01c4 66707000 		.ascii	"fpp\000"
 644 01c8 01       		.byte	0x1
 645 01c9 4F01     		.2byte	0x14f
 646 01cb A2000000 		.4byte	0xa2
 647 01cf 00       		.byte	0
 648 01d0 0D       		.uleb128 0xd
 649 01d1 88000000 		.4byte	.LVL6
 650 01d5 B3000000 		.4byte	0xb3
 651 01d9 0D       		.uleb128 0xd
 652 01da 04010000 		.4byte	.LVL10
 653 01de C8000000 		.4byte	0xc8
 654 01e2 0D       		.uleb128 0xd
 655 01e3 4C010000 		.4byte	.LVL15
 656 01e7 A4020000 		.4byte	0x2a4
 657 01eb 0D       		.uleb128 0xd
 658 01ec 94010000 		.4byte	.LVL20
 659 01f0 DD000000 		.4byte	0xdd
 660 01f4 00       		.byte	0
 661 01f5 05       		.uleb128 0x5
 662 01f6 04       		.byte	0x4
 663 01f7 61000000 		.4byte	0x61
 664 01fb 0E       		.uleb128 0xe
 665 01fc B0010000 		.4byte	.LASF18
 666 0200 01       		.byte	0x1
 667 0201 7D       		.byte	0x7d
 668 0202 61000000 		.4byte	0x61
 669 0206 01       		.byte	0x1
 670 0207 01       		.byte	0x1
 671 0208 0E       		.uleb128 0xe
 672 0209 23020000 		.4byte	.LASF19
 673 020d 01       		.byte	0x1
 674 020e 85       		.byte	0x85
 675 020f 61000000 		.4byte	0x61
ARM GAS  /tmp/cc8L7UHm.s 			page 13


 676 0213 01       		.byte	0x1
 677 0214 01       		.byte	0x1
 678 0215 0E       		.uleb128 0xe
 679 0216 23000000 		.4byte	.LASF20
 680 021a 01       		.byte	0x1
 681 021b 8C       		.byte	0x8c
 682 021c 61000000 		.4byte	0x61
 683 0220 01       		.byte	0x1
 684 0221 01       		.byte	0x1
 685 0222 0E       		.uleb128 0xe
 686 0223 FA010000 		.4byte	.LASF21
 687 0227 01       		.byte	0x1
 688 0228 93       		.byte	0x93
 689 0229 61000000 		.4byte	0x61
 690 022d 01       		.byte	0x1
 691 022e 01       		.byte	0x1
 692 022f 0E       		.uleb128 0xe
 693 0230 2C010000 		.4byte	.LASF22
 694 0234 01       		.byte	0x1
 695 0235 99       		.byte	0x99
 696 0236 61000000 		.4byte	0x61
 697 023a 01       		.byte	0x1
 698 023b 01       		.byte	0x1
 699 023c 0E       		.uleb128 0xe
 700 023d E8010000 		.4byte	.LASF23
 701 0241 01       		.byte	0x1
 702 0242 9F       		.byte	0x9f
 703 0243 61000000 		.4byte	0x61
 704 0247 01       		.byte	0x1
 705 0248 01       		.byte	0x1
 706 0249 0E       		.uleb128 0xe
 707 024a 0B000000 		.4byte	.LASF24
 708 024e 01       		.byte	0x1
 709 024f A5       		.byte	0xa5
 710 0250 61000000 		.4byte	0x61
 711 0254 01       		.byte	0x1
 712 0255 01       		.byte	0x1
 713 0256 0E       		.uleb128 0xe
 714 0257 00000000 		.4byte	.LASF25
 715 025b 01       		.byte	0x1
 716 025c AB       		.byte	0xab
 717 025d 61000000 		.4byte	0x61
 718 0261 01       		.byte	0x1
 719 0262 01       		.byte	0x1
 720 0263 0E       		.uleb128 0xe
 721 0264 EA000000 		.4byte	.LASF26
 722 0268 01       		.byte	0x1
 723 0269 B1       		.byte	0xb1
 724 026a 61000000 		.4byte	0x61
 725 026e 01       		.byte	0x1
 726 026f 01       		.byte	0x1
 727 0270 0E       		.uleb128 0xe
 728 0271 10020000 		.4byte	.LASF27
 729 0275 01       		.byte	0x1
 730 0276 B7       		.byte	0xb7
 731 0277 8F000000 		.4byte	0x8f
 732 027b 01       		.byte	0x1
ARM GAS  /tmp/cc8L7UHm.s 			page 14


 733 027c 01       		.byte	0x1
 734 027d 0E       		.uleb128 0xe
 735 027e B0000000 		.4byte	.LASF28
 736 0282 01       		.byte	0x1
 737 0283 BD       		.byte	0xbd
 738 0284 8F000000 		.4byte	0x8f
 739 0288 01       		.byte	0x1
 740 0289 01       		.byte	0x1
 741 028a 0E       		.uleb128 0xe
 742 028b 9D000000 		.4byte	.LASF29
 743 028f 01       		.byte	0x1
 744 0290 C3       		.byte	0xc3
 745 0291 8F000000 		.4byte	0x8f
 746 0295 01       		.byte	0x1
 747 0296 01       		.byte	0x1
 748 0297 0E       		.uleb128 0xe
 749 0298 12000000 		.4byte	.LASF30
 750 029c 01       		.byte	0x1
 751 029d C9       		.byte	0xc9
 752 029e 8F000000 		.4byte	0x8f
 753 02a2 01       		.byte	0x1
 754 02a3 01       		.byte	0x1
 755 02a4 0F       		.uleb128 0xf
 756 02a5 01       		.byte	0x1
 757 02a6 C1000000 		.4byte	.LASF34
 758 02aa 01       		.byte	0x1
 759 02ab D0       		.byte	0xd0
 760 02ac 01       		.byte	0x1
 761 02ad 01       		.byte	0x1
 762 02ae 00       		.byte	0
 763              		.section	.debug_abbrev,"",%progbits
 764              	.Ldebug_abbrev0:
 765 0000 01       		.uleb128 0x1
 766 0001 11       		.uleb128 0x11
 767 0002 01       		.byte	0x1
 768 0003 25       		.uleb128 0x25
 769 0004 0E       		.uleb128 0xe
 770 0005 13       		.uleb128 0x13
 771 0006 0B       		.uleb128 0xb
 772 0007 03       		.uleb128 0x3
 773 0008 0E       		.uleb128 0xe
 774 0009 55       		.uleb128 0x55
 775 000a 06       		.uleb128 0x6
 776 000b 11       		.uleb128 0x11
 777 000c 01       		.uleb128 0x1
 778 000d 52       		.uleb128 0x52
 779 000e 01       		.uleb128 0x1
 780 000f 10       		.uleb128 0x10
 781 0010 06       		.uleb128 0x6
 782 0011 00       		.byte	0
 783 0012 00       		.byte	0
 784 0013 02       		.uleb128 0x2
 785 0014 24       		.uleb128 0x24
 786 0015 00       		.byte	0
 787 0016 0B       		.uleb128 0xb
 788 0017 0B       		.uleb128 0xb
 789 0018 3E       		.uleb128 0x3e
ARM GAS  /tmp/cc8L7UHm.s 			page 15


 790 0019 0B       		.uleb128 0xb
 791 001a 03       		.uleb128 0x3
 792 001b 08       		.uleb128 0x8
 793 001c 00       		.byte	0
 794 001d 00       		.byte	0
 795 001e 03       		.uleb128 0x3
 796 001f 24       		.uleb128 0x24
 797 0020 00       		.byte	0
 798 0021 0B       		.uleb128 0xb
 799 0022 0B       		.uleb128 0xb
 800 0023 3E       		.uleb128 0x3e
 801 0024 0B       		.uleb128 0xb
 802 0025 03       		.uleb128 0x3
 803 0026 0E       		.uleb128 0xe
 804 0027 00       		.byte	0
 805 0028 00       		.byte	0
 806 0029 04       		.uleb128 0x4
 807 002a 16       		.uleb128 0x16
 808 002b 00       		.byte	0
 809 002c 03       		.uleb128 0x3
 810 002d 0E       		.uleb128 0xe
 811 002e 3A       		.uleb128 0x3a
 812 002f 0B       		.uleb128 0xb
 813 0030 3B       		.uleb128 0x3b
 814 0031 0B       		.uleb128 0xb
 815 0032 49       		.uleb128 0x49
 816 0033 13       		.uleb128 0x13
 817 0034 00       		.byte	0
 818 0035 00       		.byte	0
 819 0036 05       		.uleb128 0x5
 820 0037 0F       		.uleb128 0xf
 821 0038 00       		.byte	0
 822 0039 0B       		.uleb128 0xb
 823 003a 0B       		.uleb128 0xb
 824 003b 49       		.uleb128 0x49
 825 003c 13       		.uleb128 0x13
 826 003d 00       		.byte	0
 827 003e 00       		.byte	0
 828 003f 06       		.uleb128 0x6
 829 0040 15       		.uleb128 0x15
 830 0041 00       		.byte	0
 831 0042 27       		.uleb128 0x27
 832 0043 0C       		.uleb128 0xc
 833 0044 00       		.byte	0
 834 0045 00       		.byte	0
 835 0046 07       		.uleb128 0x7
 836 0047 2E       		.uleb128 0x2e
 837 0048 00       		.byte	0
 838 0049 3F       		.uleb128 0x3f
 839 004a 0C       		.uleb128 0xc
 840 004b 03       		.uleb128 0x3
 841 004c 0E       		.uleb128 0xe
 842 004d 3A       		.uleb128 0x3a
 843 004e 0B       		.uleb128 0xb
 844 004f 3B       		.uleb128 0x3b
 845 0050 0B       		.uleb128 0xb
 846 0051 27       		.uleb128 0x27
ARM GAS  /tmp/cc8L7UHm.s 			page 16


 847 0052 0C       		.uleb128 0xc
 848 0053 11       		.uleb128 0x11
 849 0054 01       		.uleb128 0x1
 850 0055 12       		.uleb128 0x12
 851 0056 01       		.uleb128 0x1
 852 0057 40       		.uleb128 0x40
 853 0058 0A       		.uleb128 0xa
 854 0059 9742     		.uleb128 0x2117
 855 005b 0C       		.uleb128 0xc
 856 005c 00       		.byte	0
 857 005d 00       		.byte	0
 858 005e 08       		.uleb128 0x8
 859 005f 2E       		.uleb128 0x2e
 860 0060 01       		.byte	0x1
 861 0061 3F       		.uleb128 0x3f
 862 0062 0C       		.uleb128 0xc
 863 0063 03       		.uleb128 0x3
 864 0064 0E       		.uleb128 0xe
 865 0065 3A       		.uleb128 0x3a
 866 0066 0B       		.uleb128 0xb
 867 0067 3B       		.uleb128 0x3b
 868 0068 0B       		.uleb128 0xb
 869 0069 27       		.uleb128 0x27
 870 006a 0C       		.uleb128 0xc
 871 006b 11       		.uleb128 0x11
 872 006c 01       		.uleb128 0x1
 873 006d 12       		.uleb128 0x12
 874 006e 01       		.uleb128 0x1
 875 006f 40       		.uleb128 0x40
 876 0070 0A       		.uleb128 0xa
 877 0071 9642     		.uleb128 0x2116
 878 0073 0C       		.uleb128 0xc
 879 0074 01       		.uleb128 0x1
 880 0075 13       		.uleb128 0x13
 881 0076 00       		.byte	0
 882 0077 00       		.byte	0
 883 0078 09       		.uleb128 0x9
 884 0079 34       		.uleb128 0x34
 885 007a 00       		.byte	0
 886 007b 03       		.uleb128 0x3
 887 007c 08       		.uleb128 0x8
 888 007d 3A       		.uleb128 0x3a
 889 007e 0B       		.uleb128 0xb
 890 007f 3B       		.uleb128 0x3b
 891 0080 0B       		.uleb128 0xb
 892 0081 49       		.uleb128 0x49
 893 0082 13       		.uleb128 0x13
 894 0083 02       		.uleb128 0x2
 895 0084 0A       		.uleb128 0xa
 896 0085 00       		.byte	0
 897 0086 00       		.byte	0
 898 0087 0A       		.uleb128 0xa
 899 0088 34       		.uleb128 0x34
 900 0089 00       		.byte	0
 901 008a 03       		.uleb128 0x3
 902 008b 08       		.uleb128 0x8
 903 008c 3A       		.uleb128 0x3a
ARM GAS  /tmp/cc8L7UHm.s 			page 17


 904 008d 0B       		.uleb128 0xb
 905 008e 3B       		.uleb128 0x3b
 906 008f 0B       		.uleb128 0xb
 907 0090 49       		.uleb128 0x49
 908 0091 13       		.uleb128 0x13
 909 0092 1C       		.uleb128 0x1c
 910 0093 0B       		.uleb128 0xb
 911 0094 00       		.byte	0
 912 0095 00       		.byte	0
 913 0096 0B       		.uleb128 0xb
 914 0097 0B       		.uleb128 0xb
 915 0098 01       		.byte	0x1
 916 0099 55       		.uleb128 0x55
 917 009a 06       		.uleb128 0x6
 918 009b 01       		.uleb128 0x1
 919 009c 13       		.uleb128 0x13
 920 009d 00       		.byte	0
 921 009e 00       		.byte	0
 922 009f 0C       		.uleb128 0xc
 923 00a0 34       		.uleb128 0x34
 924 00a1 00       		.byte	0
 925 00a2 03       		.uleb128 0x3
 926 00a3 08       		.uleb128 0x8
 927 00a4 3A       		.uleb128 0x3a
 928 00a5 0B       		.uleb128 0xb
 929 00a6 3B       		.uleb128 0x3b
 930 00a7 05       		.uleb128 0x5
 931 00a8 49       		.uleb128 0x49
 932 00a9 13       		.uleb128 0x13
 933 00aa 00       		.byte	0
 934 00ab 00       		.byte	0
 935 00ac 0D       		.uleb128 0xd
 936 00ad 898201   		.uleb128 0x4109
 937 00b0 00       		.byte	0
 938 00b1 11       		.uleb128 0x11
 939 00b2 01       		.uleb128 0x1
 940 00b3 31       		.uleb128 0x31
 941 00b4 13       		.uleb128 0x13
 942 00b5 00       		.byte	0
 943 00b6 00       		.byte	0
 944 00b7 0E       		.uleb128 0xe
 945 00b8 34       		.uleb128 0x34
 946 00b9 00       		.byte	0
 947 00ba 03       		.uleb128 0x3
 948 00bb 0E       		.uleb128 0xe
 949 00bc 3A       		.uleb128 0x3a
 950 00bd 0B       		.uleb128 0xb
 951 00be 3B       		.uleb128 0x3b
 952 00bf 0B       		.uleb128 0xb
 953 00c0 49       		.uleb128 0x49
 954 00c1 13       		.uleb128 0x13
 955 00c2 3F       		.uleb128 0x3f
 956 00c3 0C       		.uleb128 0xc
 957 00c4 3C       		.uleb128 0x3c
 958 00c5 0C       		.uleb128 0xc
 959 00c6 00       		.byte	0
 960 00c7 00       		.byte	0
ARM GAS  /tmp/cc8L7UHm.s 			page 18


 961 00c8 0F       		.uleb128 0xf
 962 00c9 2E       		.uleb128 0x2e
 963 00ca 00       		.byte	0
 964 00cb 3F       		.uleb128 0x3f
 965 00cc 0C       		.uleb128 0xc
 966 00cd 03       		.uleb128 0x3
 967 00ce 0E       		.uleb128 0xe
 968 00cf 3A       		.uleb128 0x3a
 969 00d0 0B       		.uleb128 0xb
 970 00d1 3B       		.uleb128 0x3b
 971 00d2 0B       		.uleb128 0xb
 972 00d3 27       		.uleb128 0x27
 973 00d4 0C       		.uleb128 0xc
 974 00d5 3C       		.uleb128 0x3c
 975 00d6 0C       		.uleb128 0xc
 976 00d7 00       		.byte	0
 977 00d8 00       		.byte	0
 978 00d9 00       		.byte	0
 979              		.section	.debug_aranges,"",%progbits
 980 0000 34000000 		.4byte	0x34
 981 0004 0200     		.2byte	0x2
 982 0006 00000000 		.4byte	.Ldebug_info0
 983 000a 04       		.byte	0x4
 984 000b 00       		.byte	0
 985 000c 0000     		.2byte	0
 986 000e 0000     		.2byte	0
 987 0010 00000000 		.4byte	.LFB7
 988 0014 02000000 		.4byte	.LFE7-.LFB7
 989 0018 00000000 		.4byte	.LFB8
 990 001c 02000000 		.4byte	.LFE8-.LFB8
 991 0020 00000000 		.4byte	.LFB9
 992 0024 02000000 		.4byte	.LFE9-.LFB9
 993 0028 00000000 		.4byte	.LFB10
 994 002c CC010000 		.4byte	.LFE10-.LFB10
 995 0030 00000000 		.4byte	0
 996 0034 00000000 		.4byte	0
 997              		.section	.debug_ranges,"",%progbits
 998              	.Ldebug_ranges0:
 999 0000 12000000 		.4byte	.LBB2
 1000 0004 1A000000 		.4byte	.LBE2
 1001 0008 28000000 		.4byte	.LBB4
 1002 000c 4C000000 		.4byte	.LBE4
 1003 0010 00000000 		.4byte	0
 1004 0014 00000000 		.4byte	0
 1005 0018 1A000000 		.4byte	.LBB3
 1006 001c 28000000 		.4byte	.LBE3
 1007 0020 4C000000 		.4byte	.LBB5
 1008 0024 52000000 		.4byte	.LBE5
 1009 0028 60000000 		.4byte	.LBB7
 1010 002c 84000000 		.4byte	.LBE7
 1011 0030 00000000 		.4byte	0
 1012 0034 00000000 		.4byte	0
 1013 0038 52000000 		.4byte	.LBB6
 1014 003c 60000000 		.4byte	.LBE6
 1015 0040 88000000 		.4byte	.LBB8
 1016 0044 90000000 		.4byte	.LBE8
 1017 0048 9E000000 		.4byte	.LBB10
ARM GAS  /tmp/cc8L7UHm.s 			page 19


 1018 004c C8000000 		.4byte	.LBE10
 1019 0050 00000000 		.4byte	0
 1020 0054 00000000 		.4byte	0
 1021 0058 90000000 		.4byte	.LBB9
 1022 005c 9E000000 		.4byte	.LBE9
 1023 0060 C8000000 		.4byte	.LBB11
 1024 0064 D0000000 		.4byte	.LBE11
 1025 0068 DE000000 		.4byte	.LBB13
 1026 006c 00010000 		.4byte	.LBE13
 1027 0070 00000000 		.4byte	0
 1028 0074 00000000 		.4byte	0
 1029 0078 D0000000 		.4byte	.LBB12
 1030 007c DE000000 		.4byte	.LBE12
 1031 0080 04010000 		.4byte	.LBB14
 1032 0084 0C010000 		.4byte	.LBE14
 1033 0088 18010000 		.4byte	.LBB16
 1034 008c 48010000 		.4byte	.LBE16
 1035 0090 00000000 		.4byte	0
 1036 0094 00000000 		.4byte	0
 1037 0098 0C010000 		.4byte	.LBB15
 1038 009c 18010000 		.4byte	.LBE15
 1039 00a0 4C010000 		.4byte	.LBB17
 1040 00a4 54010000 		.4byte	.LBE17
 1041 00a8 60010000 		.4byte	.LBB18
 1042 00ac 90010000 		.4byte	.LBE18
 1043 00b0 00000000 		.4byte	0
 1044 00b4 00000000 		.4byte	0
 1045 00b8 00000000 		.4byte	.LFB7
 1046 00bc 02000000 		.4byte	.LFE7
 1047 00c0 00000000 		.4byte	.LFB8
 1048 00c4 02000000 		.4byte	.LFE8
 1049 00c8 00000000 		.4byte	.LFB9
 1050 00cc 02000000 		.4byte	.LFE9
 1051 00d0 00000000 		.4byte	.LFB10
 1052 00d4 CC010000 		.4byte	.LFE10
 1053 00d8 00000000 		.4byte	0
 1054 00dc 00000000 		.4byte	0
 1055              		.section	.debug_line,"",%progbits
 1056              	.Ldebug_line0:
 1057 0000 81010000 		.section	.debug_str,"MS",%progbits,1
 1057      0200D600 
 1057      00000201 
 1057      FB0E0D00 
 1057      01010101 
 1058              	.LASF25:
 1059 0000 5F627373 		.ascii	"_bss_start\000"
 1059      5F737461 
 1059      727400
 1060              	.LASF24:
 1061 000b 5F656461 		.ascii	"_edata\000"
 1061      746100
 1062              	.LASF30:
 1063 0012 5F5F6669 		.ascii	"__fini_array_end\000"
 1063      6E695F61 
 1063      72726179 
 1063      5F656E64 
 1063      00
ARM GAS  /tmp/cc8L7UHm.s 			page 20


 1064              	.LASF20:
 1065 0023 5F5F7072 		.ascii	"__process_stack_base__\000"
 1065      6F636573 
 1065      735F7374 
 1065      61636B5F 
 1065      62617365 
 1066              	.LASF14:
 1067 003a 66756E63 		.ascii	"funcpp_t\000"
 1067      70705F74 
 1067      00
 1068              	.LASF17:
 1069 0043 5F646566 		.ascii	"_default_exit\000"
 1069      61756C74 
 1069      5F657869 
 1069      7400
 1070              	.LASF2:
 1071 0051 756E7369 		.ascii	"unsigned char\000"
 1071      676E6564 
 1071      20636861 
 1071      7200
 1072              	.LASF16:
 1073 005f 5F5F6C61 		.ascii	"__late_init\000"
 1073      74655F69 
 1073      6E697400 
 1074              	.LASF8:
 1075 006b 6C6F6E67 		.ascii	"long unsigned int\000"
 1075      20756E73 
 1075      69676E65 
 1075      6420696E 
 1075      7400
 1076              	.LASF33:
 1077 007d 52657365 		.ascii	"ResetHandler\000"
 1077      7448616E 
 1077      646C6572 
 1077      00
 1078              	.LASF4:
 1079 008a 73686F72 		.ascii	"short unsigned int\000"
 1079      7420756E 
 1079      7369676E 
 1079      65642069 
 1079      6E7400
 1080              	.LASF29:
 1081 009d 5F5F6669 		.ascii	"__fini_array_start\000"
 1081      6E695F61 
 1081      72726179 
 1081      5F737461 
 1081      727400
 1082              	.LASF28:
 1083 00b0 5F5F696E 		.ascii	"__init_array_end\000"
 1083      69745F61 
 1083      72726179 
 1083      5F656E64 
 1083      00
 1084              	.LASF34:
 1085 00c1 6D61696E 		.ascii	"main\000"
 1085      00
 1086              	.LASF0:
ARM GAS  /tmp/cc8L7UHm.s 			page 21


 1087 00c6 756E7369 		.ascii	"unsigned int\000"
 1087      676E6564 
 1087      20696E74 
 1087      00
 1088              	.LASF10:
 1089 00d3 6C6F6E67 		.ascii	"long long unsigned int\000"
 1089      206C6F6E 
 1089      6720756E 
 1089      7369676E 
 1089      65642069 
 1090              	.LASF26:
 1091 00ea 5F627373 		.ascii	"_bss_end\000"
 1091      5F656E64 
 1091      00
 1092              	.LASF32:
 1093 00f3 2F686F6D 		.ascii	"/home/formica/chibios/chibios/os/ports/GCC/ARMCMx/c"
 1093      652F666F 
 1093      726D6963 
 1093      612F6368 
 1093      6962696F 
 1094 0126 7274302E 		.ascii	"rt0.c\000"
 1094      6300
 1095              	.LASF22:
 1096 012c 5F746578 		.ascii	"_textdata\000"
 1096      74646174 
 1096      6100
 1097              	.LASF15:
 1098 0136 5F5F6561 		.ascii	"__early_init\000"
 1098      726C795F 
 1098      696E6974 
 1098      00
 1099              	.LASF11:
 1100 0143 73697A65 		.ascii	"sizetype\000"
 1100      74797065 
 1100      00
 1101              	.LASF31:
 1102 014c 474E5520 		.ascii	"GNU C 4.7.3 20121207 (release) [ARM/embedded-4_7-br"
 1102      4320342E 
 1102      372E3320 
 1102      32303132 
 1102      31323037 
 1103 017f 616E6368 		.ascii	"anch revision 194305]\000"
 1103      20726576 
 1103      6973696F 
 1103      6E203139 
 1103      34333035 
 1104              	.LASF6:
 1105 0195 75696E74 		.ascii	"uint8_t\000"
 1105      385F7400 
 1106              	.LASF9:
 1107 019d 6C6F6E67 		.ascii	"long long int\000"
 1107      206C6F6E 
 1107      6720696E 
 1107      7400
 1108              	.LASF12:
 1109 01ab 63686172 		.ascii	"char\000"
 1109      00
ARM GAS  /tmp/cc8L7UHm.s 			page 22


 1110              	.LASF18:
 1111 01b0 5F5F6D61 		.ascii	"__main_stack_base__\000"
 1111      696E5F73 
 1111      7461636B 
 1111      5F626173 
 1111      655F5F00 
 1112              	.LASF3:
 1113 01c4 73686F72 		.ascii	"short int\000"
 1113      7420696E 
 1113      7400
 1114              	.LASF13:
 1115 01ce 66756E63 		.ascii	"funcp_t\000"
 1115      705F7400 
 1116              	.LASF7:
 1117 01d6 75696E74 		.ascii	"uint32_t\000"
 1117      33325F74 
 1117      00
 1118              	.LASF5:
 1119 01df 6C6F6E67 		.ascii	"long int\000"
 1119      20696E74 
 1119      00
 1120              	.LASF23:
 1121 01e8 5F646174 		.ascii	"_data\000"
 1121      6100
 1122              	.LASF1:
 1123 01ee 7369676E 		.ascii	"signed char\000"
 1123      65642063 
 1123      68617200 
 1124              	.LASF21:
 1125 01fa 5F5F7072 		.ascii	"__process_stack_end__\000"
 1125      6F636573 
 1125      735F7374 
 1125      61636B5F 
 1125      656E645F 
 1126              	.LASF27:
 1127 0210 5F5F696E 		.ascii	"__init_array_start\000"
 1127      69745F61 
 1127      72726179 
 1127      5F737461 
 1127      727400
 1128              	.LASF19:
 1129 0223 5F5F6D61 		.ascii	"__main_stack_end__\000"
 1129      696E5F73 
 1129      7461636B 
 1129      5F656E64 
 1129      5F5F00
 1130              		.ident	"GCC: (GNU Tools for ARM Embedded Processors) 4.7.3 20121207 (release) [ARM/embedded-4_7-br
ARM GAS  /tmp/cc8L7UHm.s 			page 23


DEFINED SYMBOLS
                            *ABS*:00000000 crt0.c
     /tmp/cc8L7UHm.s:19     .text.__early_init:00000000 $t
     /tmp/cc8L7UHm.s:25     .text.__early_init:00000000 __early_init
     /tmp/cc8L7UHm.s:38     .text.__late_init:00000000 $t
     /tmp/cc8L7UHm.s:44     .text.__late_init:00000000 __late_init
     /tmp/cc8L7UHm.s:56     .text._default_exit:00000000 $t
     /tmp/cc8L7UHm.s:62     .text._default_exit:00000000 _default_exit
     /tmp/cc8L7UHm.s:75     .text.ResetHandler:00000000 $t
     /tmp/cc8L7UHm.s:81     .text.ResetHandler:00000000 ResetHandler
     /tmp/cc8L7UHm.s:402    .text.ResetHandler:00000194 $d
                     .debug_frame:00000010 $d
     /tmp/cc8L7UHm.s:419    .text.ResetHandler:000001cc $t

UNDEFINED SYMBOLS
main
__process_stack_end__
__main_stack_base__
__main_stack_end__
__process_stack_base__
_data
_edata
_textdata
_bss_start
_bss_end
__init_array_start
__init_array_end
__fini_array_start
__fini_array_end
