ARM GAS  /tmp/cclpWBrf.s 			page 1


   1              		.syntax unified
   2              		.cpu cortex-m3
   3              		.fpu softvfp
   4              		.eabi_attribute 20, 1
   5              		.eabi_attribute 21, 1
   6              		.eabi_attribute 23, 3
   7              		.eabi_attribute 24, 1
   8              		.eabi_attribute 25, 1
   9              		.eabi_attribute 26, 1
  10              		.eabi_attribute 30, 2
  11              		.eabi_attribute 34, 1
  12              		.eabi_attribute 18, 4
  13              		.thumb
  14              		.file	"icu.c"
  15              		.text
  16              	.Ltext0:
  17              		.cfi_sections	.debug_frame
  18              		.section	.text.icuInit,"ax",%progbits
  19              		.align	2
  20              		.p2align 4,,15
  21              		.global	icuInit
  22              		.thumb
  23              		.thumb_func
  24              		.type	icuInit, %function
  25              	icuInit:
  26              	.LFB62:
  27              		.file 1 "/home/formica/chibios/chibios/os/hal/src/icu.c"
  28              		.loc 1 68 0
  29              		.cfi_startproc
  30              		@ args = 0, pretend = 0, frame = 0
  31              		@ frame_needed = 0, uses_anonymous_args = 0
  32              		@ link register save eliminated.
  33              		.loc 1 71 0
  34              		.loc 1 70 0
  35 0000 FFF7FEBF 		b	icu_lld_init
  36              	.LVL0:
  37              		.cfi_endproc
  38              	.LFE62:
  39              		.size	icuInit, .-icuInit
  40 0004 AFF30080 		.section	.text.icuObjectInit,"ax",%progbits
  40      AFF30080 
  40      AFF30080 
  41              		.align	2
  42              		.p2align 4,,15
  43              		.global	icuObjectInit
  44              		.thumb
  45              		.thumb_func
  46              		.type	icuObjectInit, %function
  47              	icuObjectInit:
  48              	.LFB63:
  49              		.loc 1 80 0
  50              		.cfi_startproc
  51              		@ args = 0, pretend = 0, frame = 0
  52              		@ frame_needed = 0, uses_anonymous_args = 0
  53              		@ link register save eliminated.
  54              	.LVL1:
  55              		.loc 1 82 0
ARM GAS  /tmp/cclpWBrf.s 			page 2


  56 0000 0123     		movs	r3, #1
  57              		.loc 1 83 0
  58 0002 0021     		movs	r1, #0
  59              		.loc 1 82 0
  60 0004 0370     		strb	r3, [r0, #0]
  61              		.loc 1 83 0
  62 0006 4160     		str	r1, [r0, #4]
  63 0008 7047     		bx	lr
  64              		.cfi_endproc
  65              	.LFE63:
  66              		.size	icuObjectInit, .-icuObjectInit
  67 000a 00BFAFF3 		.section	.text.icuStart,"ax",%progbits
  67      0080
  68              		.align	2
  69              		.p2align 4,,15
  70              		.global	icuStart
  71              		.thumb
  72              		.thumb_func
  73              		.type	icuStart, %function
  74              	icuStart:
  75              	.LFB64:
  76              		.loc 1 94 0
  77              		.cfi_startproc
  78              		@ args = 0, pretend = 0, frame = 0
  79              		@ frame_needed = 0, uses_anonymous_args = 0
  80              	.LVL2:
  81 0000 38B5     		push	{r3, r4, r5, lr}
  82              	.LCFI0:
  83              		.cfi_def_cfa_offset 16
  84              		.cfi_offset 3, -16
  85              		.cfi_offset 4, -12
  86              		.cfi_offset 5, -8
  87              		.cfi_offset 14, -4
  88              		.loc 1 96 0
  89 0002 0446     		mov	r4, r0
  90              		.loc 1 94 0
  91 0004 0D46     		mov	r5, r1
  92              		.loc 1 96 0
  93 0006 C0B1     		cbz	r0, .L4
  94              		.loc 1 96 0 is_stmt 0 discriminator 2
  95 0008 B9B1     		cbz	r1, .L4
  96              	.LVL3:
  97              	.L5:
  98              	.LBB2:
  99              		.loc 1 98 0 is_stmt 1
 100 000a 2023     		movs	r3, #32
 101              	.LVL4:
 102              	@ 98 "/home/formica/chibios/chibios/os/hal/src/icu.c" 1
 103 000c 83F31188 		msr     BASEPRI, r3
 104              	@ 0 "" 2
 105              	.LVL5:
 106              		.thumb
 107              	.LBE2:
 108 0010 FFF7FEFF 		bl	dbg_check_lock
 109              	.LVL6:
 110              		.loc 1 99 0
 111 0014 2378     		ldrb	r3, [r4, #0]	@ zero_extendqisi2
ARM GAS  /tmp/cclpWBrf.s 			page 3


 112 0016 581E     		subs	r0, r3, #1
 113 0018 0128     		cmp	r0, #1
 114 001a 02D9     		bls	.L6
 115              		.loc 1 99 0 is_stmt 0 discriminator 1
 116 001c 0948     		ldr	r0, .L11
 117 001e FFF7FEFF 		bl	chDbgPanic
 118              	.LVL7:
 119              	.L6:
 120              		.loc 1 102 0 is_stmt 1
 121 0022 2046     		mov	r0, r4
 122              		.loc 1 101 0
 123 0024 6560     		str	r5, [r4, #4]
 124              		.loc 1 102 0
 125 0026 FFF7FEFF 		bl	icu_lld_start
 126              	.LVL8:
 127              		.loc 1 103 0
 128 002a 0221     		movs	r1, #2
 129 002c 2170     		strb	r1, [r4, #0]
 130              		.loc 1 104 0
 131 002e FFF7FEFF 		bl	dbg_check_unlock
 132              	.LVL9:
 133              	.LBB3:
 134 0032 0023     		movs	r3, #0
 135              	.LVL10:
 136              	@ 104 "/home/formica/chibios/chibios/os/hal/src/icu.c" 1
 137 0034 83F31188 		msr     BASEPRI, r3
 138              	@ 0 "" 2
 139              	.LVL11:
 140              		.thumb
 141 0038 38BD     		pop	{r3, r4, r5, pc}
 142              	.LVL12:
 143              	.L4:
 144              	.LBE3:
 145              		.loc 1 96 0 discriminator 1
 146 003a 0348     		ldr	r0, .L11+4
 147              	.LVL13:
 148 003c FFF7FEFF 		bl	chDbgPanic
 149              	.LVL14:
 150 0040 E3E7     		b	.L5
 151              	.L12:
 152 0042 00BF     		.align	2
 153              	.L11:
 154 0044 10000000 		.word	.LC1
 155 0048 00000000 		.word	.LC0
 156              		.cfi_endproc
 157              	.LFE64:
 158              		.size	icuStart, .-icuStart
 159 004c AFF30080 		.section	.text.icuStop,"ax",%progbits
 160              		.align	2
 161              		.p2align 4,,15
 162              		.global	icuStop
 163              		.thumb
 164              		.thumb_func
 165              		.type	icuStop, %function
 166              	icuStop:
 167              	.LFB65:
 168              		.loc 1 114 0
ARM GAS  /tmp/cclpWBrf.s 			page 4


 169              		.cfi_startproc
 170              		@ args = 0, pretend = 0, frame = 0
 171              		@ frame_needed = 0, uses_anonymous_args = 0
 172              	.LVL15:
 173 0000 10B5     		push	{r4, lr}
 174              	.LCFI1:
 175              		.cfi_def_cfa_offset 8
 176              		.cfi_offset 4, -8
 177              		.cfi_offset 14, -4
 178              		.loc 1 116 0
 179 0002 0446     		mov	r4, r0
 180 0004 B0B1     		cbz	r0, .L16
 181              	.LVL16:
 182              	.L14:
 183              	.LBB4:
 184              		.loc 1 118 0
 185 0006 2023     		movs	r3, #32
 186              	.LVL17:
 187              	@ 118 "/home/formica/chibios/chibios/os/hal/src/icu.c" 1
 188 0008 83F31188 		msr     BASEPRI, r3
 189              	@ 0 "" 2
 190              	.LVL18:
 191              		.thumb
 192              	.LBE4:
 193 000c FFF7FEFF 		bl	dbg_check_lock
 194              	.LVL19:
 195              		.loc 1 119 0
 196 0010 2378     		ldrb	r3, [r4, #0]	@ zero_extendqisi2
 197 0012 581E     		subs	r0, r3, #1
 198 0014 0128     		cmp	r0, #1
 199 0016 02D9     		bls	.L15
 200              		.loc 1 119 0 is_stmt 0 discriminator 1
 201 0018 0848     		ldr	r0, .L17
 202 001a FFF7FEFF 		bl	chDbgPanic
 203              	.LVL20:
 204              	.L15:
 205              		.loc 1 121 0 is_stmt 1
 206 001e 2046     		mov	r0, r4
 207 0020 FFF7FEFF 		bl	icu_lld_stop
 208              	.LVL21:
 209              		.loc 1 122 0
 210 0024 0121     		movs	r1, #1
 211 0026 2170     		strb	r1, [r4, #0]
 212              		.loc 1 123 0
 213 0028 FFF7FEFF 		bl	dbg_check_unlock
 214              	.LVL22:
 215              	.LBB5:
 216 002c 0023     		movs	r3, #0
 217              	.LVL23:
 218              	@ 123 "/home/formica/chibios/chibios/os/hal/src/icu.c" 1
 219 002e 83F31188 		msr     BASEPRI, r3
 220              	@ 0 "" 2
 221              	.LVL24:
 222              		.thumb
 223 0032 10BD     		pop	{r4, pc}
 224              	.LVL25:
 225              	.L16:
ARM GAS  /tmp/cclpWBrf.s 			page 5


 226              	.LBE5:
 227              		.loc 1 116 0 discriminator 1
 228 0034 0248     		ldr	r0, .L17+4
 229              	.LVL26:
 230 0036 FFF7FEFF 		bl	chDbgPanic
 231              	.LVL27:
 232 003a E4E7     		b	.L14
 233              	.L18:
 234              		.align	2
 235              	.L17:
 236 003c 2C000000 		.word	.LC3
 237 0040 20000000 		.word	.LC2
 238              		.cfi_endproc
 239              	.LFE65:
 240              		.size	icuStop, .-icuStop
 241 0044 AFF30080 		.section	.text.icuEnable,"ax",%progbits
 241      AFF30080 
 241      AFF30080 
 242              		.align	2
 243              		.p2align 4,,15
 244              		.global	icuEnable
 245              		.thumb
 246              		.thumb_func
 247              		.type	icuEnable, %function
 248              	icuEnable:
 249              	.LFB66:
 250              		.loc 1 133 0
 251              		.cfi_startproc
 252              		@ args = 0, pretend = 0, frame = 0
 253              		@ frame_needed = 0, uses_anonymous_args = 0
 254              	.LVL28:
 255 0000 10B5     		push	{r4, lr}
 256              	.LCFI2:
 257              		.cfi_def_cfa_offset 8
 258              		.cfi_offset 4, -8
 259              		.cfi_offset 14, -4
 260              		.loc 1 135 0
 261 0002 0446     		mov	r4, r0
 262 0004 A8B1     		cbz	r0, .L25
 263              	.LVL29:
 264              	.L20:
 265              	.LBB6:
 266              		.loc 1 137 0
 267 0006 2023     		movs	r3, #32
 268              	.LVL30:
 269              	@ 137 "/home/formica/chibios/chibios/os/hal/src/icu.c" 1
 270 0008 83F31188 		msr     BASEPRI, r3
 271              	@ 0 "" 2
 272              	.LVL31:
 273              		.thumb
 274              	.LBE6:
 275 000c FFF7FEFF 		bl	dbg_check_lock
 276              	.LVL32:
 277              		.loc 1 138 0
 278 0010 2378     		ldrb	r3, [r4, #0]	@ zero_extendqisi2
 279 0012 022B     		cmp	r3, #2
 280 0014 02D0     		beq	.L21
ARM GAS  /tmp/cclpWBrf.s 			page 6


 281              		.loc 1 138 0 is_stmt 0 discriminator 1
 282 0016 0948     		ldr	r0, .L26
 283 0018 FFF7FEFF 		bl	chDbgPanic
 284              	.LVL33:
 285              	.L21:
 286              		.loc 1 139 0 is_stmt 1
 287 001c 2046     		mov	r0, r4
 288 001e FFF7FEFF 		bl	icu_lld_enable
 289              	.LVL34:
 290              		.loc 1 140 0
 291 0022 0320     		movs	r0, #3
 292 0024 2070     		strb	r0, [r4, #0]
 293              		.loc 1 141 0
 294 0026 FFF7FEFF 		bl	dbg_check_unlock
 295              	.LVL35:
 296              	.LBB7:
 297 002a 0023     		movs	r3, #0
 298              	.LVL36:
 299              	@ 141 "/home/formica/chibios/chibios/os/hal/src/icu.c" 1
 300 002c 83F31188 		msr     BASEPRI, r3
 301              	@ 0 "" 2
 302              	.LVL37:
 303              		.thumb
 304 0030 10BD     		pop	{r4, pc}
 305              	.LVL38:
 306              	.L25:
 307              	.LBE7:
 308              		.loc 1 135 0 discriminator 1
 309 0032 0348     		ldr	r0, .L26+4
 310              	.LVL39:
 311 0034 FFF7FEFF 		bl	chDbgPanic
 312              	.LVL40:
 313 0038 E5E7     		b	.L20
 314              	.L27:
 315 003a 00BF     		.align	2
 316              	.L26:
 317 003c 4C000000 		.word	.LC5
 318 0040 3C000000 		.word	.LC4
 319              		.cfi_endproc
 320              	.LFE66:
 321              		.size	icuEnable, .-icuEnable
 322 0044 AFF30080 		.section	.text.icuDisable,"ax",%progbits
 322      AFF30080 
 322      AFF30080 
 323              		.align	2
 324              		.p2align 4,,15
 325              		.global	icuDisable
 326              		.thumb
 327              		.thumb_func
 328              		.type	icuDisable, %function
 329              	icuDisable:
 330              	.LFB67:
 331              		.loc 1 151 0
 332              		.cfi_startproc
 333              		@ args = 0, pretend = 0, frame = 0
 334              		@ frame_needed = 0, uses_anonymous_args = 0
 335              	.LVL41:
ARM GAS  /tmp/cclpWBrf.s 			page 7


 336 0000 10B5     		push	{r4, lr}
 337              	.LCFI3:
 338              		.cfi_def_cfa_offset 8
 339              		.cfi_offset 4, -8
 340              		.cfi_offset 14, -4
 341              		.loc 1 153 0
 342 0002 0446     		mov	r4, r0
 343 0004 B0B1     		cbz	r0, .L31
 344              	.LVL42:
 345              	.L29:
 346              	.LBB8:
 347              		.loc 1 155 0
 348 0006 2023     		movs	r3, #32
 349              	.LVL43:
 350              	@ 155 "/home/formica/chibios/chibios/os/hal/src/icu.c" 1
 351 0008 83F31188 		msr     BASEPRI, r3
 352              	@ 0 "" 2
 353              	.LVL44:
 354              		.thumb
 355              	.LBE8:
 356 000c FFF7FEFF 		bl	dbg_check_lock
 357              	.LVL45:
 358              		.loc 1 156 0
 359 0010 2378     		ldrb	r3, [r4, #0]	@ zero_extendqisi2
 360 0012 981E     		subs	r0, r3, #2
 361 0014 0328     		cmp	r0, #3
 362 0016 02D9     		bls	.L30
 363              		.loc 1 156 0 is_stmt 0 discriminator 1
 364 0018 0848     		ldr	r0, .L32
 365 001a FFF7FEFF 		bl	chDbgPanic
 366              	.LVL46:
 367              	.L30:
 368              		.loc 1 159 0 is_stmt 1
 369 001e 2046     		mov	r0, r4
 370 0020 FFF7FEFF 		bl	icu_lld_disable
 371              	.LVL47:
 372              		.loc 1 160 0
 373 0024 0221     		movs	r1, #2
 374 0026 2170     		strb	r1, [r4, #0]
 375              		.loc 1 161 0
 376 0028 FFF7FEFF 		bl	dbg_check_unlock
 377              	.LVL48:
 378              	.LBB9:
 379 002c 0023     		movs	r3, #0
 380              	.LVL49:
 381              	@ 161 "/home/formica/chibios/chibios/os/hal/src/icu.c" 1
 382 002e 83F31188 		msr     BASEPRI, r3
 383              	@ 0 "" 2
 384              	.LVL50:
 385              		.thumb
 386 0032 10BD     		pop	{r4, pc}
 387              	.LVL51:
 388              	.L31:
 389              	.LBE9:
 390              		.loc 1 153 0 discriminator 1
 391 0034 0248     		ldr	r0, .L32+4
 392              	.LVL52:
ARM GAS  /tmp/cclpWBrf.s 			page 8


 393 0036 FFF7FEFF 		bl	chDbgPanic
 394              	.LVL53:
 395 003a E4E7     		b	.L29
 396              	.L33:
 397              		.align	2
 398              	.L32:
 399 003c 6C000000 		.word	.LC7
 400 0040 5C000000 		.word	.LC6
 401              		.cfi_endproc
 402              	.LFE67:
 403              		.size	icuDisable, .-icuDisable
 404 0044 AFF30080 		.section	.rodata.str1.4,"aMS",%progbits,1
 404      AFF30080 
 404      AFF30080 
 405              		.align	2
 406              	.LC0:
 407 0000 22696375 		.ascii	"\"icuStart\"()\000"
 407      53746172 
 407      74222829 
 407      00
 408 000d 000000   		.space	3
 409              	.LC1:
 410 0010 69637553 		.ascii	"icuStart(), #1\000"
 410      74617274 
 410      28292C20 
 410      233100
 411 001f 00       		.space	1
 412              	.LC2:
 413 0020 22696375 		.ascii	"\"icuStop\"()\000"
 413      53746F70 
 413      22282900 
 414              	.LC3:
 415 002c 69637553 		.ascii	"icuStop(), #1\000"
 415      746F7028 
 415      292C2023 
 415      3100
 416 003a 0000     		.space	2
 417              	.LC4:
 418 003c 22696375 		.ascii	"\"icuEnable\"()\000"
 418      456E6162 
 418      6C652228 
 418      2900
 419 004a 0000     		.space	2
 420              	.LC5:
 421 004c 69637545 		.ascii	"icuEnable(), #1\000"
 421      6E61626C 
 421      6528292C 
 421      20233100 
 422              	.LC6:
 423 005c 22696375 		.ascii	"\"icuDisable\"()\000"
 423      44697361 
 423      626C6522 
 423      282900
 424 006b 00       		.space	1
 425              	.LC7:
 426 006c 69637544 		.ascii	"icuDisable(), #1\000"
 426      69736162 
ARM GAS  /tmp/cclpWBrf.s 			page 9


 426      6C652829 
 426      2C202331 
 426      00
 427 007d 000000   		.text
 428              	.Letext0:
 429              		.file 2 "/home/formica/toolchains/gcc-arm-none-eabi-4_7-2012q4/bin/../lib/gcc/arm-none-eabi/4.7.3/
 430              		.file 3 "/home/formica/chibios/chibios/os/hal/platforms/STM32/stm32.h"
 431              		.file 4 "/home/formica/chibios/chibios/os/hal/include/icu.h"
 432              		.file 5 "/home/formica/chibios/chibios/os/hal/platforms/STM32/icu_lld.h"
 433              		.file 6 "/home/formica/chibios/chibios/os/kernel/include/chdebug.h"
 434              		.file 7 "/home/formica/chibios/chibios/os/ports/common/ARMCMx/CMSIS/include/core_cm3.h"
 435              		.section	.debug_info,"",%progbits
 436              	.Ldebug_info0:
 437 0000 8F070000 		.4byte	0x78f
 438 0004 0200     		.2byte	0x2
 439 0006 00000000 		.4byte	.Ldebug_abbrev0
 440 000a 04       		.byte	0x4
 441 000b 01       		.uleb128 0x1
 442 000c D0020000 		.4byte	.LASF72
 443 0010 01       		.byte	0x1
 444 0011 12020000 		.4byte	.LASF73
 445 0015 00000000 		.4byte	.Ldebug_ranges0+0
 446 0019 00000000 		.4byte	0
 447 001d 00000000 		.4byte	0
 448 0021 00000000 		.4byte	.Ldebug_line0
 449 0025 02       		.uleb128 0x2
 450 0026 04       		.byte	0x4
 451 0027 05       		.byte	0x5
 452 0028 696E7400 		.ascii	"int\000"
 453 002c 03       		.uleb128 0x3
 454 002d 04       		.byte	0x4
 455 002e 07       		.byte	0x7
 456 002f BF010000 		.4byte	.LASF0
 457 0033 03       		.uleb128 0x3
 458 0034 01       		.byte	0x1
 459 0035 06       		.byte	0x6
 460 0036 8E010000 		.4byte	.LASF1
 461 003a 03       		.uleb128 0x3
 462 003b 01       		.byte	0x1
 463 003c 08       		.byte	0x8
 464 003d 52010000 		.4byte	.LASF2
 465 0041 03       		.uleb128 0x3
 466 0042 02       		.byte	0x2
 467 0043 05       		.byte	0x5
 468 0044 42000000 		.4byte	.LASF3
 469 0048 04       		.uleb128 0x4
 470 0049 CC010000 		.4byte	.LASF5
 471 004d 02       		.byte	0x2
 472 004e 36       		.byte	0x36
 473 004f 53000000 		.4byte	0x53
 474 0053 03       		.uleb128 0x3
 475 0054 02       		.byte	0x2
 476 0055 07       		.byte	0x7
 477 0056 FF010000 		.4byte	.LASF4
 478 005a 04       		.uleb128 0x4
 479 005b 6F020000 		.4byte	.LASF6
 480 005f 02       		.byte	0x2
ARM GAS  /tmp/cclpWBrf.s 			page 10


 481 0060 4F       		.byte	0x4f
 482 0061 65000000 		.4byte	0x65
 483 0065 03       		.uleb128 0x3
 484 0066 04       		.byte	0x4
 485 0067 05       		.byte	0x5
 486 0068 2A010000 		.4byte	.LASF7
 487 006c 04       		.uleb128 0x4
 488 006d B6010000 		.4byte	.LASF8
 489 0071 02       		.byte	0x2
 490 0072 50       		.byte	0x50
 491 0073 77000000 		.4byte	0x77
 492 0077 03       		.uleb128 0x3
 493 0078 04       		.byte	0x4
 494 0079 07       		.byte	0x7
 495 007a B8020000 		.4byte	.LASF9
 496 007e 03       		.uleb128 0x3
 497 007f 08       		.byte	0x8
 498 0080 05       		.byte	0x5
 499 0081 F1000000 		.4byte	.LASF10
 500 0085 03       		.uleb128 0x3
 501 0086 08       		.byte	0x8
 502 0087 07       		.byte	0x7
 503 0088 FF000000 		.4byte	.LASF11
 504 008c 05       		.uleb128 0x5
 505 008d 6C000000 		.4byte	0x6c
 506 0091 03       		.uleb128 0x3
 507 0092 04       		.byte	0x4
 508 0093 07       		.byte	0x7
 509 0094 51000000 		.4byte	.LASF12
 510 0098 03       		.uleb128 0x3
 511 0099 01       		.byte	0x1
 512 009a 08       		.byte	0x8
 513 009b 41020000 		.4byte	.LASF13
 514 009f 06       		.uleb128 0x6
 515 00a0 6C000000 		.4byte	0x6c
 516 00a4 AF000000 		.4byte	0xaf
 517 00a8 07       		.uleb128 0x7
 518 00a9 91000000 		.4byte	0x91
 519 00ad 03       		.byte	0x3
 520 00ae 00       		.byte	0
 521 00af 05       		.uleb128 0x5
 522 00b0 48000000 		.4byte	0x48
 523 00b4 05       		.uleb128 0x5
 524 00b5 5A000000 		.4byte	0x5a
 525 00b9 08       		.uleb128 0x8
 526 00ba 54       		.byte	0x54
 527 00bb 03       		.byte	0x3
 528 00bc 72       		.byte	0x72
 529 00bd 8E020000 		.4byte	0x28e
 530 00c1 09       		.uleb128 0x9
 531 00c2 43523100 		.ascii	"CR1\000"
 532 00c6 03       		.byte	0x3
 533 00c7 73       		.byte	0x73
 534 00c8 AF000000 		.4byte	0xaf
 535 00cc 02       		.byte	0x2
 536 00cd 23       		.byte	0x23
 537 00ce 00       		.uleb128 0
ARM GAS  /tmp/cclpWBrf.s 			page 11


 538 00cf 0A       		.uleb128 0xa
 539 00d0 85000000 		.4byte	.LASF14
 540 00d4 03       		.byte	0x3
 541 00d5 74       		.byte	0x74
 542 00d6 48000000 		.4byte	0x48
 543 00da 02       		.byte	0x2
 544 00db 23       		.byte	0x23
 545 00dc 02       		.uleb128 0x2
 546 00dd 09       		.uleb128 0x9
 547 00de 43523200 		.ascii	"CR2\000"
 548 00e2 03       		.byte	0x3
 549 00e3 75       		.byte	0x75
 550 00e4 AF000000 		.4byte	0xaf
 551 00e8 02       		.byte	0x2
 552 00e9 23       		.byte	0x23
 553 00ea 04       		.uleb128 0x4
 554 00eb 0A       		.uleb128 0xa
 555 00ec 8D000000 		.4byte	.LASF15
 556 00f0 03       		.byte	0x3
 557 00f1 76       		.byte	0x76
 558 00f2 48000000 		.4byte	0x48
 559 00f6 02       		.byte	0x2
 560 00f7 23       		.byte	0x23
 561 00f8 06       		.uleb128 0x6
 562 00f9 0A       		.uleb128 0xa
 563 00fa 4D010000 		.4byte	.LASF16
 564 00fe 03       		.byte	0x3
 565 00ff 77       		.byte	0x77
 566 0100 AF000000 		.4byte	0xaf
 567 0104 02       		.byte	0x2
 568 0105 23       		.byte	0x23
 569 0106 08       		.uleb128 0x8
 570 0107 0A       		.uleb128 0xa
 571 0108 95000000 		.4byte	.LASF17
 572 010c 03       		.byte	0x3
 573 010d 78       		.byte	0x78
 574 010e 48000000 		.4byte	0x48
 575 0112 02       		.byte	0x2
 576 0113 23       		.byte	0x23
 577 0114 0A       		.uleb128 0xa
 578 0115 0A       		.uleb128 0xa
 579 0116 D5010000 		.4byte	.LASF18
 580 011a 03       		.byte	0x3
 581 011b 79       		.byte	0x79
 582 011c AF000000 		.4byte	0xaf
 583 0120 02       		.byte	0x2
 584 0121 23       		.byte	0x23
 585 0122 0C       		.uleb128 0xc
 586 0123 0A       		.uleb128 0xa
 587 0124 9D000000 		.4byte	.LASF19
 588 0128 03       		.byte	0x3
 589 0129 7A       		.byte	0x7a
 590 012a 48000000 		.4byte	0x48
 591 012e 02       		.byte	0x2
 592 012f 23       		.byte	0x23
 593 0130 0E       		.uleb128 0xe
 594 0131 09       		.uleb128 0x9
ARM GAS  /tmp/cclpWBrf.s 			page 12


 595 0132 535200   		.ascii	"SR\000"
 596 0135 03       		.byte	0x3
 597 0136 7B       		.byte	0x7b
 598 0137 AF000000 		.4byte	0xaf
 599 013b 02       		.byte	0x2
 600 013c 23       		.byte	0x23
 601 013d 10       		.uleb128 0x10
 602 013e 0A       		.uleb128 0xa
 603 013f A5000000 		.4byte	.LASF20
 604 0143 03       		.byte	0x3
 605 0144 7C       		.byte	0x7c
 606 0145 48000000 		.4byte	0x48
 607 0149 02       		.byte	0x2
 608 014a 23       		.byte	0x23
 609 014b 12       		.uleb128 0x12
 610 014c 09       		.uleb128 0x9
 611 014d 45475200 		.ascii	"EGR\000"
 612 0151 03       		.byte	0x3
 613 0152 7D       		.byte	0x7d
 614 0153 AF000000 		.4byte	0xaf
 615 0157 02       		.byte	0x2
 616 0158 23       		.byte	0x23
 617 0159 14       		.uleb128 0x14
 618 015a 0A       		.uleb128 0xa
 619 015b AD000000 		.4byte	.LASF21
 620 015f 03       		.byte	0x3
 621 0160 7E       		.byte	0x7e
 622 0161 48000000 		.4byte	0x48
 623 0165 02       		.byte	0x2
 624 0166 23       		.byte	0x23
 625 0167 16       		.uleb128 0x16
 626 0168 0A       		.uleb128 0xa
 627 0169 33010000 		.4byte	.LASF22
 628 016d 03       		.byte	0x3
 629 016e 7F       		.byte	0x7f
 630 016f AF000000 		.4byte	0xaf
 631 0173 02       		.byte	0x2
 632 0174 23       		.byte	0x23
 633 0175 18       		.uleb128 0x18
 634 0176 0A       		.uleb128 0xa
 635 0177 B5000000 		.4byte	.LASF23
 636 017b 03       		.byte	0x3
 637 017c 80       		.byte	0x80
 638 017d 48000000 		.4byte	0x48
 639 0181 02       		.byte	0x2
 640 0182 23       		.byte	0x23
 641 0183 1A       		.uleb128 0x1a
 642 0184 0A       		.uleb128 0xa
 643 0185 3C000000 		.4byte	.LASF24
 644 0189 03       		.byte	0x3
 645 018a 81       		.byte	0x81
 646 018b AF000000 		.4byte	0xaf
 647 018f 02       		.byte	0x2
 648 0190 23       		.byte	0x23
 649 0191 1C       		.uleb128 0x1c
 650 0192 0A       		.uleb128 0xa
 651 0193 BD000000 		.4byte	.LASF25
ARM GAS  /tmp/cclpWBrf.s 			page 13


 652 0197 03       		.byte	0x3
 653 0198 82       		.byte	0x82
 654 0199 48000000 		.4byte	0x48
 655 019d 02       		.byte	0x2
 656 019e 23       		.byte	0x23
 657 019f 1E       		.uleb128 0x1e
 658 01a0 0A       		.uleb128 0xa
 659 01a1 15000000 		.4byte	.LASF26
 660 01a5 03       		.byte	0x3
 661 01a6 83       		.byte	0x83
 662 01a7 AF000000 		.4byte	0xaf
 663 01ab 02       		.byte	0x2
 664 01ac 23       		.byte	0x23
 665 01ad 20       		.uleb128 0x20
 666 01ae 0A       		.uleb128 0xa
 667 01af C5000000 		.4byte	.LASF27
 668 01b3 03       		.byte	0x3
 669 01b4 84       		.byte	0x84
 670 01b5 48000000 		.4byte	0x48
 671 01b9 02       		.byte	0x2
 672 01ba 23       		.byte	0x23
 673 01bb 22       		.uleb128 0x22
 674 01bc 09       		.uleb128 0x9
 675 01bd 434E5400 		.ascii	"CNT\000"
 676 01c1 03       		.byte	0x3
 677 01c2 85       		.byte	0x85
 678 01c3 8C000000 		.4byte	0x8c
 679 01c7 02       		.byte	0x2
 680 01c8 23       		.byte	0x23
 681 01c9 24       		.uleb128 0x24
 682 01ca 09       		.uleb128 0x9
 683 01cb 50534300 		.ascii	"PSC\000"
 684 01cf 03       		.byte	0x3
 685 01d0 86       		.byte	0x86
 686 01d1 AF000000 		.4byte	0xaf
 687 01d5 02       		.byte	0x2
 688 01d6 23       		.byte	0x23
 689 01d7 28       		.uleb128 0x28
 690 01d8 0A       		.uleb128 0xa
 691 01d9 CD000000 		.4byte	.LASF28
 692 01dd 03       		.byte	0x3
 693 01de 87       		.byte	0x87
 694 01df 48000000 		.4byte	0x48
 695 01e3 02       		.byte	0x2
 696 01e4 23       		.byte	0x23
 697 01e5 2A       		.uleb128 0x2a
 698 01e6 09       		.uleb128 0x9
 699 01e7 41525200 		.ascii	"ARR\000"
 700 01eb 03       		.byte	0x3
 701 01ec 88       		.byte	0x88
 702 01ed 8C000000 		.4byte	0x8c
 703 01f1 02       		.byte	0x2
 704 01f2 23       		.byte	0x23
 705 01f3 2C       		.uleb128 0x2c
 706 01f4 09       		.uleb128 0x9
 707 01f5 52435200 		.ascii	"RCR\000"
 708 01f9 03       		.byte	0x3
ARM GAS  /tmp/cclpWBrf.s 			page 14


 709 01fa 89       		.byte	0x89
 710 01fb AF000000 		.4byte	0xaf
 711 01ff 02       		.byte	0x2
 712 0200 23       		.byte	0x23
 713 0201 30       		.uleb128 0x30
 714 0202 0A       		.uleb128 0xa
 715 0203 19030000 		.4byte	.LASF29
 716 0207 03       		.byte	0x3
 717 0208 8A       		.byte	0x8a
 718 0209 48000000 		.4byte	0x48
 719 020d 02       		.byte	0x2
 720 020e 23       		.byte	0x23
 721 020f 32       		.uleb128 0x32
 722 0210 09       		.uleb128 0x9
 723 0211 43435200 		.ascii	"CCR\000"
 724 0215 03       		.byte	0x3
 725 0216 8B       		.byte	0x8b
 726 0217 8E020000 		.4byte	0x28e
 727 021b 02       		.byte	0x2
 728 021c 23       		.byte	0x23
 729 021d 34       		.uleb128 0x34
 730 021e 0A       		.uleb128 0xa
 731 021f 6A020000 		.4byte	.LASF30
 732 0223 03       		.byte	0x3
 733 0224 8C       		.byte	0x8c
 734 0225 AF000000 		.4byte	0xaf
 735 0229 02       		.byte	0x2
 736 022a 23       		.byte	0x23
 737 022b 44       		.uleb128 0x44
 738 022c 0A       		.uleb128 0xa
 739 022d 22030000 		.4byte	.LASF31
 740 0231 03       		.byte	0x3
 741 0232 8D       		.byte	0x8d
 742 0233 48000000 		.4byte	0x48
 743 0237 02       		.byte	0x2
 744 0238 23       		.byte	0x23
 745 0239 46       		.uleb128 0x46
 746 023a 09       		.uleb128 0x9
 747 023b 44435200 		.ascii	"DCR\000"
 748 023f 03       		.byte	0x3
 749 0240 8E       		.byte	0x8e
 750 0241 AF000000 		.4byte	0xaf
 751 0245 02       		.byte	0x2
 752 0246 23       		.byte	0x23
 753 0247 48       		.uleb128 0x48
 754 0248 0A       		.uleb128 0xa
 755 0249 E4010000 		.4byte	.LASF32
 756 024d 03       		.byte	0x3
 757 024e 8F       		.byte	0x8f
 758 024f 48000000 		.4byte	0x48
 759 0253 02       		.byte	0x2
 760 0254 23       		.byte	0x23
 761 0255 4A       		.uleb128 0x4a
 762 0256 0A       		.uleb128 0xa
 763 0257 31000000 		.4byte	.LASF33
 764 025b 03       		.byte	0x3
 765 025c 90       		.byte	0x90
ARM GAS  /tmp/cclpWBrf.s 			page 15


 766 025d AF000000 		.4byte	0xaf
 767 0261 02       		.byte	0x2
 768 0262 23       		.byte	0x23
 769 0263 4C       		.uleb128 0x4c
 770 0264 0A       		.uleb128 0xa
 771 0265 ED010000 		.4byte	.LASF34
 772 0269 03       		.byte	0x3
 773 026a 91       		.byte	0x91
 774 026b 48000000 		.4byte	0x48
 775 026f 02       		.byte	0x2
 776 0270 23       		.byte	0x23
 777 0271 4E       		.uleb128 0x4e
 778 0272 09       		.uleb128 0x9
 779 0273 4F5200   		.ascii	"OR\000"
 780 0276 03       		.byte	0x3
 781 0277 92       		.byte	0x92
 782 0278 AF000000 		.4byte	0xaf
 783 027c 02       		.byte	0x2
 784 027d 23       		.byte	0x23
 785 027e 50       		.uleb128 0x50
 786 027f 0A       		.uleb128 0xa
 787 0280 F6010000 		.4byte	.LASF35
 788 0284 03       		.byte	0x3
 789 0285 93       		.byte	0x93
 790 0286 48000000 		.4byte	0x48
 791 028a 02       		.byte	0x2
 792 028b 23       		.byte	0x23
 793 028c 52       		.uleb128 0x52
 794 028d 00       		.byte	0
 795 028e 05       		.uleb128 0x5
 796 028f 9F000000 		.4byte	0x9f
 797 0293 04       		.uleb128 0x4
 798 0294 54020000 		.4byte	.LASF36
 799 0298 03       		.byte	0x3
 800 0299 94       		.byte	0x94
 801 029a B9000000 		.4byte	0xb9
 802 029e 0B       		.uleb128 0xb
 803 029f 01       		.byte	0x1
 804 02a0 04       		.byte	0x4
 805 02a1 3C       		.byte	0x3c
 806 02a2 CB020000 		.4byte	0x2cb
 807 02a6 0C       		.uleb128 0xc
 808 02a7 97020000 		.4byte	.LASF37
 809 02ab 00       		.sleb128 0
 810 02ac 0C       		.uleb128 0xc
 811 02ad 1A000000 		.4byte	.LASF38
 812 02b1 01       		.sleb128 1
 813 02b2 0C       		.uleb128 0xc
 814 02b3 20010000 		.4byte	.LASF39
 815 02b7 02       		.sleb128 2
 816 02b8 0C       		.uleb128 0xc
 817 02b9 65030000 		.4byte	.LASF40
 818 02bd 03       		.sleb128 3
 819 02be 0C       		.uleb128 0xc
 820 02bf E6000000 		.4byte	.LASF41
 821 02c3 04       		.sleb128 4
 822 02c4 0C       		.uleb128 0xc
ARM GAS  /tmp/cclpWBrf.s 			page 16


 823 02c5 44010000 		.4byte	.LASF42
 824 02c9 05       		.sleb128 5
 825 02ca 00       		.byte	0
 826 02cb 04       		.uleb128 0x4
 827 02cc 5A030000 		.4byte	.LASF43
 828 02d0 04       		.byte	0x4
 829 02d1 43       		.byte	0x43
 830 02d2 9E020000 		.4byte	0x29e
 831 02d6 04       		.uleb128 0x4
 832 02d7 2B030000 		.4byte	.LASF44
 833 02db 04       		.byte	0x4
 834 02dc 48       		.byte	0x48
 835 02dd E1020000 		.4byte	0x2e1
 836 02e1 0D       		.uleb128 0xd
 837 02e2 2B030000 		.4byte	.LASF44
 838 02e6 10       		.byte	0x10
 839 02e7 05       		.byte	0x5
 840 02e8 EB       		.byte	0xeb
 841 02e9 26030000 		.4byte	0x326
 842 02ed 0A       		.uleb128 0xa
 843 02ee 36000000 		.4byte	.LASF45
 844 02f2 05       		.byte	0x5
 845 02f3 EF       		.byte	0xef
 846 02f4 CB020000 		.4byte	0x2cb
 847 02f8 02       		.byte	0x2
 848 02f9 23       		.byte	0x23
 849 02fa 00       		.uleb128 0
 850 02fb 0A       		.uleb128 0xa
 851 02fc 7E000000 		.4byte	.LASF46
 852 0300 05       		.byte	0x5
 853 0301 F3       		.byte	0xf3
 854 0302 C0030000 		.4byte	0x3c0
 855 0306 02       		.byte	0x2
 856 0307 23       		.byte	0x23
 857 0308 04       		.uleb128 0x4
 858 0309 0A       		.uleb128 0xa
 859 030a CA020000 		.4byte	.LASF47
 860 030e 05       		.byte	0x5
 861 030f FB       		.byte	0xfb
 862 0310 6C000000 		.4byte	0x6c
 863 0314 02       		.byte	0x2
 864 0315 23       		.byte	0x23
 865 0316 08       		.uleb128 0x8
 866 0317 09       		.uleb128 0x9
 867 0318 74696D00 		.ascii	"tim\000"
 868 031c 05       		.byte	0x5
 869 031d FF       		.byte	0xff
 870 031e CB030000 		.4byte	0x3cb
 871 0322 02       		.byte	0x2
 872 0323 23       		.byte	0x23
 873 0324 0C       		.uleb128 0xc
 874 0325 00       		.byte	0
 875 0326 04       		.uleb128 0x4
 876 0327 46020000 		.4byte	.LASF48
 877 032b 04       		.byte	0x4
 878 032c 4F       		.byte	0x4f
 879 032d 31030000 		.4byte	0x331
ARM GAS  /tmp/cclpWBrf.s 			page 17


 880 0331 0E       		.uleb128 0xe
 881 0332 04       		.byte	0x4
 882 0333 37030000 		.4byte	0x337
 883 0337 0F       		.uleb128 0xf
 884 0338 01       		.byte	0x1
 885 0339 43030000 		.4byte	0x343
 886 033d 10       		.uleb128 0x10
 887 033e 43030000 		.4byte	0x343
 888 0342 00       		.byte	0
 889 0343 0E       		.uleb128 0xe
 890 0344 04       		.byte	0x4
 891 0345 D6020000 		.4byte	0x2d6
 892 0349 0B       		.uleb128 0xb
 893 034a 01       		.byte	0x1
 894 034b 05       		.byte	0x5
 895 034c BF       		.byte	0xbf
 896 034d 5E030000 		.4byte	0x35e
 897 0351 0C       		.uleb128 0xc
 898 0352 A2020000 		.4byte	.LASF49
 899 0356 00       		.sleb128 0
 900 0357 0C       		.uleb128 0xc
 901 0358 77020000 		.4byte	.LASF50
 902 035c 01       		.sleb128 1
 903 035d 00       		.byte	0
 904 035e 04       		.uleb128 0x4
 905 035f 16010000 		.4byte	.LASF51
 906 0363 05       		.byte	0x5
 907 0364 C2       		.byte	0xc2
 908 0365 49030000 		.4byte	0x349
 909 0369 04       		.uleb128 0x4
 910 036a DA010000 		.4byte	.LASF52
 911 036e 05       		.byte	0x5
 912 036f C7       		.byte	0xc7
 913 0370 6C000000 		.4byte	0x6c
 914 0374 08       		.uleb128 0x8
 915 0375 10       		.byte	0x10
 916 0376 05       		.byte	0x5
 917 0377 D2       		.byte	0xd2
 918 0378 B5030000 		.4byte	0x3b5
 919 037c 0A       		.uleb128 0xa
 920 037d 69000000 		.4byte	.LASF53
 921 0381 05       		.byte	0x5
 922 0382 D6       		.byte	0xd6
 923 0383 5E030000 		.4byte	0x35e
 924 0387 02       		.byte	0x2
 925 0388 23       		.byte	0x23
 926 0389 00       		.uleb128 0
 927 038a 0A       		.uleb128 0xa
 928 038b 35030000 		.4byte	.LASF54
 929 038f 05       		.byte	0x5
 930 0390 DC       		.byte	0xdc
 931 0391 69030000 		.4byte	0x369
 932 0395 02       		.byte	0x2
 933 0396 23       		.byte	0x23
 934 0397 04       		.uleb128 0x4
 935 0398 0A       		.uleb128 0xa
 936 0399 DD000000 		.4byte	.LASF55
ARM GAS  /tmp/cclpWBrf.s 			page 18


 937 039d 05       		.byte	0x5
 938 039e E0       		.byte	0xe0
 939 039f 26030000 		.4byte	0x326
 940 03a3 02       		.byte	0x2
 941 03a4 23       		.byte	0x23
 942 03a5 08       		.uleb128 0x8
 943 03a6 0A       		.uleb128 0xa
 944 03a7 60020000 		.4byte	.LASF56
 945 03ab 05       		.byte	0x5
 946 03ac E4       		.byte	0xe4
 947 03ad 26030000 		.4byte	0x326
 948 03b1 02       		.byte	0x2
 949 03b2 23       		.byte	0x23
 950 03b3 0C       		.uleb128 0xc
 951 03b4 00       		.byte	0
 952 03b5 04       		.uleb128 0x4
 953 03b6 60010000 		.4byte	.LASF57
 954 03ba 05       		.byte	0x5
 955 03bb E6       		.byte	0xe6
 956 03bc 74030000 		.4byte	0x374
 957 03c0 0E       		.uleb128 0xe
 958 03c1 04       		.byte	0x4
 959 03c2 C6030000 		.4byte	0x3c6
 960 03c6 11       		.uleb128 0x11
 961 03c7 B5030000 		.4byte	0x3b5
 962 03cb 0E       		.uleb128 0xe
 963 03cc 04       		.byte	0x4
 964 03cd 93020000 		.4byte	0x293
 965 03d1 12       		.uleb128 0x12
 966 03d2 01       		.byte	0x1
 967 03d3 D5000000 		.4byte	.LASF58
 968 03d7 01       		.byte	0x1
 969 03d8 44       		.byte	0x44
 970 03d9 01       		.byte	0x1
 971 03da 00000000 		.4byte	.LFB62
 972 03de 04000000 		.4byte	.LFE62
 973 03e2 02       		.byte	0x2
 974 03e3 7D       		.byte	0x7d
 975 03e4 00       		.sleb128 0
 976 03e5 01       		.byte	0x1
 977 03e6 F5030000 		.4byte	0x3f5
 978 03ea 13       		.uleb128 0x13
 979 03eb 04000000 		.4byte	.LVL0
 980 03ef 01       		.byte	0x1
 981 03f0 09070000 		.4byte	0x709
 982 03f4 00       		.byte	0
 983 03f5 12       		.uleb128 0x12
 984 03f6 01       		.byte	0x1
 985 03f7 3F030000 		.4byte	.LASF59
 986 03fb 01       		.byte	0x1
 987 03fc 50       		.byte	0x50
 988 03fd 01       		.byte	0x1
 989 03fe 00000000 		.4byte	.LFB63
 990 0402 0A000000 		.4byte	.LFE63
 991 0406 02       		.byte	0x2
 992 0407 7D       		.byte	0x7d
 993 0408 00       		.sleb128 0
ARM GAS  /tmp/cclpWBrf.s 			page 19


 994 0409 01       		.byte	0x1
 995 040a 1C040000 		.4byte	0x41c
 996 040e 14       		.uleb128 0x14
 997 040f 4C000000 		.4byte	.LASF61
 998 0413 01       		.byte	0x1
 999 0414 50       		.byte	0x50
 1000 0415 43030000 		.4byte	0x343
 1001 0419 01       		.byte	0x1
 1002 041a 50       		.byte	0x50
 1003 041b 00       		.byte	0
 1004 041c 15       		.uleb128 0x15
 1005 041d 01       		.byte	0x1
 1006 041e 7B010000 		.4byte	.LASF60
 1007 0422 01       		.byte	0x1
 1008 0423 5E       		.byte	0x5e
 1009 0424 01       		.byte	0x1
 1010 0425 00000000 		.4byte	.LFB64
 1011 0429 4C000000 		.4byte	.LFE64
 1012 042d 00000000 		.4byte	.LLST0
 1013 0431 01       		.byte	0x1
 1014 0432 DF040000 		.4byte	0x4df
 1015 0436 16       		.uleb128 0x16
 1016 0437 4C000000 		.4byte	.LASF61
 1017 043b 01       		.byte	0x1
 1018 043c 5E       		.byte	0x5e
 1019 043d 43030000 		.4byte	0x343
 1020 0441 20000000 		.4byte	.LLST1
 1021 0445 16       		.uleb128 0x16
 1022 0446 7E000000 		.4byte	.LASF46
 1023 044a 01       		.byte	0x1
 1024 044b 5E       		.byte	0x5e
 1025 044c C0030000 		.4byte	0x3c0
 1026 0450 54000000 		.4byte	.LLST2
 1027 0454 17       		.uleb128 0x17
 1028 0455 0A000000 		.4byte	.LBB2
 1029 0459 10000000 		.4byte	.LBE2
 1030 045d 71040000 		.4byte	0x471
 1031 0461 18       		.uleb128 0x18
 1032 0462 746D7000 		.ascii	"tmp\000"
 1033 0466 01       		.byte	0x1
 1034 0467 62       		.byte	0x62
 1035 0468 6C000000 		.4byte	0x6c
 1036 046c 88000000 		.4byte	.LLST3
 1037 0470 00       		.byte	0
 1038 0471 17       		.uleb128 0x17
 1039 0472 32000000 		.4byte	.LBB3
 1040 0476 3A000000 		.4byte	.LBE3
 1041 047a 8E040000 		.4byte	0x48e
 1042 047e 18       		.uleb128 0x18
 1043 047f 746D7000 		.ascii	"tmp\000"
 1044 0483 01       		.byte	0x1
 1045 0484 68       		.byte	0x68
 1046 0485 6C000000 		.4byte	0x6c
 1047 0489 9B000000 		.4byte	.LLST4
 1048 048d 00       		.byte	0
 1049 048e 19       		.uleb128 0x19
 1050 048f 14000000 		.4byte	.LVL6
ARM GAS  /tmp/cclpWBrf.s 			page 20


 1051 0493 14070000 		.4byte	0x714
 1052 0497 1A       		.uleb128 0x1a
 1053 0498 22000000 		.4byte	.LVL7
 1054 049c 1E070000 		.4byte	0x71e
 1055 04a0 AE040000 		.4byte	0x4ae
 1056 04a4 1B       		.uleb128 0x1b
 1057 04a5 01       		.byte	0x1
 1058 04a6 50       		.byte	0x50
 1059 04a7 05       		.byte	0x5
 1060 04a8 03       		.byte	0x3
 1061 04a9 10000000 		.4byte	.LC1
 1062 04ad 00       		.byte	0
 1063 04ae 1A       		.uleb128 0x1a
 1064 04af 2A000000 		.4byte	.LVL8
 1065 04b3 38070000 		.4byte	0x738
 1066 04b7 C2040000 		.4byte	0x4c2
 1067 04bb 1B       		.uleb128 0x1b
 1068 04bc 01       		.byte	0x1
 1069 04bd 50       		.byte	0x50
 1070 04be 02       		.byte	0x2
 1071 04bf 74       		.byte	0x74
 1072 04c0 00       		.sleb128 0
 1073 04c1 00       		.byte	0
 1074 04c2 19       		.uleb128 0x19
 1075 04c3 32000000 		.4byte	.LVL9
 1076 04c7 4D070000 		.4byte	0x74d
 1077 04cb 1C       		.uleb128 0x1c
 1078 04cc 40000000 		.4byte	.LVL14
 1079 04d0 1E070000 		.4byte	0x71e
 1080 04d4 1B       		.uleb128 0x1b
 1081 04d5 01       		.byte	0x1
 1082 04d6 50       		.byte	0x50
 1083 04d7 05       		.byte	0x5
 1084 04d8 03       		.byte	0x3
 1085 04d9 00000000 		.4byte	.LC0
 1086 04dd 00       		.byte	0
 1087 04de 00       		.byte	0
 1088 04df 15       		.uleb128 0x15
 1089 04e0 01       		.byte	0x1
 1090 04e1 00000000 		.4byte	.LASF62
 1091 04e5 01       		.byte	0x1
 1092 04e6 72       		.byte	0x72
 1093 04e7 01       		.byte	0x1
 1094 04e8 00000000 		.4byte	.LFB65
 1095 04ec 44000000 		.4byte	.LFE65
 1096 04f0 AE000000 		.4byte	.LLST5
 1097 04f4 01       		.byte	0x1
 1098 04f5 93050000 		.4byte	0x593
 1099 04f9 16       		.uleb128 0x16
 1100 04fa 4C000000 		.4byte	.LASF61
 1101 04fe 01       		.byte	0x1
 1102 04ff 72       		.byte	0x72
 1103 0500 43030000 		.4byte	0x343
 1104 0504 CE000000 		.4byte	.LLST6
 1105 0508 17       		.uleb128 0x17
 1106 0509 06000000 		.4byte	.LBB4
 1107 050d 0C000000 		.4byte	.LBE4
ARM GAS  /tmp/cclpWBrf.s 			page 21


 1108 0511 25050000 		.4byte	0x525
 1109 0515 18       		.uleb128 0x18
 1110 0516 746D7000 		.ascii	"tmp\000"
 1111 051a 01       		.byte	0x1
 1112 051b 76       		.byte	0x76
 1113 051c 6C000000 		.4byte	0x6c
 1114 0520 02010000 		.4byte	.LLST7
 1115 0524 00       		.byte	0
 1116 0525 17       		.uleb128 0x17
 1117 0526 2C000000 		.4byte	.LBB5
 1118 052a 34000000 		.4byte	.LBE5
 1119 052e 42050000 		.4byte	0x542
 1120 0532 18       		.uleb128 0x18
 1121 0533 746D7000 		.ascii	"tmp\000"
 1122 0537 01       		.byte	0x1
 1123 0538 7B       		.byte	0x7b
 1124 0539 6C000000 		.4byte	0x6c
 1125 053d 15010000 		.4byte	.LLST8
 1126 0541 00       		.byte	0
 1127 0542 19       		.uleb128 0x19
 1128 0543 10000000 		.4byte	.LVL19
 1129 0547 14070000 		.4byte	0x714
 1130 054b 1A       		.uleb128 0x1a
 1131 054c 1E000000 		.4byte	.LVL20
 1132 0550 1E070000 		.4byte	0x71e
 1133 0554 62050000 		.4byte	0x562
 1134 0558 1B       		.uleb128 0x1b
 1135 0559 01       		.byte	0x1
 1136 055a 50       		.byte	0x50
 1137 055b 05       		.byte	0x5
 1138 055c 03       		.byte	0x3
 1139 055d 2C000000 		.4byte	.LC3
 1140 0561 00       		.byte	0
 1141 0562 1A       		.uleb128 0x1a
 1142 0563 24000000 		.4byte	.LVL21
 1143 0567 57070000 		.4byte	0x757
 1144 056b 76050000 		.4byte	0x576
 1145 056f 1B       		.uleb128 0x1b
 1146 0570 01       		.byte	0x1
 1147 0571 50       		.byte	0x50
 1148 0572 02       		.byte	0x2
 1149 0573 74       		.byte	0x74
 1150 0574 00       		.sleb128 0
 1151 0575 00       		.byte	0
 1152 0576 19       		.uleb128 0x19
 1153 0577 2C000000 		.4byte	.LVL22
 1154 057b 4D070000 		.4byte	0x74d
 1155 057f 1C       		.uleb128 0x1c
 1156 0580 3A000000 		.4byte	.LVL27
 1157 0584 1E070000 		.4byte	0x71e
 1158 0588 1B       		.uleb128 0x1b
 1159 0589 01       		.byte	0x1
 1160 058a 50       		.byte	0x50
 1161 058b 05       		.byte	0x5
 1162 058c 03       		.byte	0x3
 1163 058d 20000000 		.4byte	.LC2
 1164 0591 00       		.byte	0
ARM GAS  /tmp/cclpWBrf.s 			page 22


 1165 0592 00       		.byte	0
 1166 0593 15       		.uleb128 0x15
 1167 0594 01       		.byte	0x1
 1168 0595 84010000 		.4byte	.LASF63
 1169 0599 01       		.byte	0x1
 1170 059a 85       		.byte	0x85
 1171 059b 01       		.byte	0x1
 1172 059c 00000000 		.4byte	.LFB66
 1173 05a0 44000000 		.4byte	.LFE66
 1174 05a4 28010000 		.4byte	.LLST9
 1175 05a8 01       		.byte	0x1
 1176 05a9 47060000 		.4byte	0x647
 1177 05ad 16       		.uleb128 0x16
 1178 05ae 4C000000 		.4byte	.LASF61
 1179 05b2 01       		.byte	0x1
 1180 05b3 85       		.byte	0x85
 1181 05b4 43030000 		.4byte	0x343
 1182 05b8 48010000 		.4byte	.LLST10
 1183 05bc 17       		.uleb128 0x17
 1184 05bd 06000000 		.4byte	.LBB6
 1185 05c1 0C000000 		.4byte	.LBE6
 1186 05c5 D9050000 		.4byte	0x5d9
 1187 05c9 18       		.uleb128 0x18
 1188 05ca 746D7000 		.ascii	"tmp\000"
 1189 05ce 01       		.byte	0x1
 1190 05cf 89       		.byte	0x89
 1191 05d0 6C000000 		.4byte	0x6c
 1192 05d4 7C010000 		.4byte	.LLST11
 1193 05d8 00       		.byte	0
 1194 05d9 17       		.uleb128 0x17
 1195 05da 2A000000 		.4byte	.LBB7
 1196 05de 32000000 		.4byte	.LBE7
 1197 05e2 F6050000 		.4byte	0x5f6
 1198 05e6 18       		.uleb128 0x18
 1199 05e7 746D7000 		.ascii	"tmp\000"
 1200 05eb 01       		.byte	0x1
 1201 05ec 8D       		.byte	0x8d
 1202 05ed 6C000000 		.4byte	0x6c
 1203 05f1 8F010000 		.4byte	.LLST12
 1204 05f5 00       		.byte	0
 1205 05f6 19       		.uleb128 0x19
 1206 05f7 10000000 		.4byte	.LVL32
 1207 05fb 14070000 		.4byte	0x714
 1208 05ff 1A       		.uleb128 0x1a
 1209 0600 1C000000 		.4byte	.LVL33
 1210 0604 1E070000 		.4byte	0x71e
 1211 0608 16060000 		.4byte	0x616
 1212 060c 1B       		.uleb128 0x1b
 1213 060d 01       		.byte	0x1
 1214 060e 50       		.byte	0x50
 1215 060f 05       		.byte	0x5
 1216 0610 03       		.byte	0x3
 1217 0611 4C000000 		.4byte	.LC5
 1218 0615 00       		.byte	0
 1219 0616 1A       		.uleb128 0x1a
 1220 0617 22000000 		.4byte	.LVL34
 1221 061b 6C070000 		.4byte	0x76c
ARM GAS  /tmp/cclpWBrf.s 			page 23


 1222 061f 2A060000 		.4byte	0x62a
 1223 0623 1B       		.uleb128 0x1b
 1224 0624 01       		.byte	0x1
 1225 0625 50       		.byte	0x50
 1226 0626 02       		.byte	0x2
 1227 0627 74       		.byte	0x74
 1228 0628 00       		.sleb128 0
 1229 0629 00       		.byte	0
 1230 062a 19       		.uleb128 0x19
 1231 062b 2A000000 		.4byte	.LVL35
 1232 062f 4D070000 		.4byte	0x74d
 1233 0633 1C       		.uleb128 0x1c
 1234 0634 38000000 		.4byte	.LVL40
 1235 0638 1E070000 		.4byte	0x71e
 1236 063c 1B       		.uleb128 0x1b
 1237 063d 01       		.byte	0x1
 1238 063e 50       		.byte	0x50
 1239 063f 05       		.byte	0x5
 1240 0640 03       		.byte	0x3
 1241 0641 3C000000 		.4byte	.LC4
 1242 0645 00       		.byte	0
 1243 0646 00       		.byte	0
 1244 0647 15       		.uleb128 0x15
 1245 0648 01       		.byte	0x1
 1246 0649 8C020000 		.4byte	.LASF64
 1247 064d 01       		.byte	0x1
 1248 064e 97       		.byte	0x97
 1249 064f 01       		.byte	0x1
 1250 0650 00000000 		.4byte	.LFB67
 1251 0654 44000000 		.4byte	.LFE67
 1252 0658 A2010000 		.4byte	.LLST13
 1253 065c 01       		.byte	0x1
 1254 065d FB060000 		.4byte	0x6fb
 1255 0661 16       		.uleb128 0x16
 1256 0662 4C000000 		.4byte	.LASF61
 1257 0666 01       		.byte	0x1
 1258 0667 97       		.byte	0x97
 1259 0668 43030000 		.4byte	0x343
 1260 066c C2010000 		.4byte	.LLST14
 1261 0670 17       		.uleb128 0x17
 1262 0671 06000000 		.4byte	.LBB8
 1263 0675 0C000000 		.4byte	.LBE8
 1264 0679 8D060000 		.4byte	0x68d
 1265 067d 18       		.uleb128 0x18
 1266 067e 746D7000 		.ascii	"tmp\000"
 1267 0682 01       		.byte	0x1
 1268 0683 9B       		.byte	0x9b
 1269 0684 6C000000 		.4byte	0x6c
 1270 0688 F6010000 		.4byte	.LLST15
 1271 068c 00       		.byte	0
 1272 068d 17       		.uleb128 0x17
 1273 068e 2C000000 		.4byte	.LBB9
 1274 0692 34000000 		.4byte	.LBE9
 1275 0696 AA060000 		.4byte	0x6aa
 1276 069a 18       		.uleb128 0x18
 1277 069b 746D7000 		.ascii	"tmp\000"
 1278 069f 01       		.byte	0x1
ARM GAS  /tmp/cclpWBrf.s 			page 24


 1279 06a0 A1       		.byte	0xa1
 1280 06a1 6C000000 		.4byte	0x6c
 1281 06a5 09020000 		.4byte	.LLST16
 1282 06a9 00       		.byte	0
 1283 06aa 19       		.uleb128 0x19
 1284 06ab 10000000 		.4byte	.LVL45
 1285 06af 14070000 		.4byte	0x714
 1286 06b3 1A       		.uleb128 0x1a
 1287 06b4 1E000000 		.4byte	.LVL46
 1288 06b8 1E070000 		.4byte	0x71e
 1289 06bc CA060000 		.4byte	0x6ca
 1290 06c0 1B       		.uleb128 0x1b
 1291 06c1 01       		.byte	0x1
 1292 06c2 50       		.byte	0x50
 1293 06c3 05       		.byte	0x5
 1294 06c4 03       		.byte	0x3
 1295 06c5 6C000000 		.4byte	.LC7
 1296 06c9 00       		.byte	0
 1297 06ca 1A       		.uleb128 0x1a
 1298 06cb 24000000 		.4byte	.LVL47
 1299 06cf 81070000 		.4byte	0x781
 1300 06d3 DE060000 		.4byte	0x6de
 1301 06d7 1B       		.uleb128 0x1b
 1302 06d8 01       		.byte	0x1
 1303 06d9 50       		.byte	0x50
 1304 06da 02       		.byte	0x2
 1305 06db 74       		.byte	0x74
 1306 06dc 00       		.sleb128 0
 1307 06dd 00       		.byte	0
 1308 06de 19       		.uleb128 0x19
 1309 06df 2C000000 		.4byte	.LVL48
 1310 06e3 4D070000 		.4byte	0x74d
 1311 06e7 1C       		.uleb128 0x1c
 1312 06e8 3A000000 		.4byte	.LVL53
 1313 06ec 1E070000 		.4byte	0x71e
 1314 06f0 1B       		.uleb128 0x1b
 1315 06f1 01       		.byte	0x1
 1316 06f2 50       		.byte	0x50
 1317 06f3 05       		.byte	0x5
 1318 06f4 03       		.byte	0x3
 1319 06f5 5C000000 		.4byte	.LC6
 1320 06f9 00       		.byte	0
 1321 06fa 00       		.byte	0
 1322 06fb 1D       		.uleb128 0x1d
 1323 06fc 4D030000 		.4byte	.LASF74
 1324 0700 07       		.byte	0x7
 1325 0701 9404     		.2byte	0x494
 1326 0703 B4000000 		.4byte	0xb4
 1327 0707 01       		.byte	0x1
 1328 0708 01       		.byte	0x1
 1329 0709 1E       		.uleb128 0x1e
 1330 070a 01       		.byte	0x1
 1331 070b A9010000 		.4byte	.LASF65
 1332 070f 05       		.byte	0x5
 1333 0710 3D01     		.2byte	0x13d
 1334 0712 01       		.byte	0x1
 1335 0713 01       		.byte	0x1
ARM GAS  /tmp/cclpWBrf.s 			page 25


 1336 0714 1F       		.uleb128 0x1f
 1337 0715 01       		.byte	0x1
 1338 0716 9A010000 		.4byte	.LASF66
 1339 071a 06       		.byte	0x6
 1340 071b E2       		.byte	0xe2
 1341 071c 01       		.byte	0x1
 1342 071d 01       		.byte	0x1
 1343 071e 20       		.uleb128 0x20
 1344 071f 01       		.byte	0x1
 1345 0720 39010000 		.4byte	.LASF67
 1346 0724 06       		.byte	0x6
 1347 0725 F0       		.byte	0xf0
 1348 0726 01       		.byte	0x1
 1349 0727 01       		.byte	0x1
 1350 0728 32070000 		.4byte	0x732
 1351 072c 10       		.uleb128 0x10
 1352 072d 32070000 		.4byte	0x732
 1353 0731 00       		.byte	0
 1354 0732 0E       		.uleb128 0xe
 1355 0733 04       		.byte	0x4
 1356 0734 98000000 		.4byte	0x98
 1357 0738 21       		.uleb128 0x21
 1358 0739 01       		.byte	0x1
 1359 073a 23000000 		.4byte	.LASF68
 1360 073e 05       		.byte	0x5
 1361 073f 3E01     		.2byte	0x13e
 1362 0741 01       		.byte	0x1
 1363 0742 01       		.byte	0x1
 1364 0743 4D070000 		.4byte	0x74d
 1365 0747 10       		.uleb128 0x10
 1366 0748 43030000 		.4byte	0x343
 1367 074c 00       		.byte	0
 1368 074d 1F       		.uleb128 0x1f
 1369 074e 01       		.byte	0x1
 1370 074f 6A010000 		.4byte	.LASF69
 1371 0753 06       		.byte	0x6
 1372 0754 E3       		.byte	0xe3
 1373 0755 01       		.byte	0x1
 1374 0756 01       		.byte	0x1
 1375 0757 21       		.uleb128 0x21
 1376 0758 01       		.byte	0x1
 1377 0759 08000000 		.4byte	.LASF70
 1378 075d 05       		.byte	0x5
 1379 075e 3F01     		.2byte	0x13f
 1380 0760 01       		.byte	0x1
 1381 0761 01       		.byte	0x1
 1382 0762 6C070000 		.4byte	0x76c
 1383 0766 10       		.uleb128 0x10
 1384 0767 43030000 		.4byte	0x343
 1385 076b 00       		.byte	0
 1386 076c 21       		.uleb128 0x21
 1387 076d 01       		.byte	0x1
 1388 076e 5A000000 		.4byte	.LASF71
 1389 0772 05       		.byte	0x5
 1390 0773 4001     		.2byte	0x140
 1391 0775 01       		.byte	0x1
 1392 0776 01       		.byte	0x1
ARM GAS  /tmp/cclpWBrf.s 			page 26


 1393 0777 81070000 		.4byte	0x781
 1394 077b 10       		.uleb128 0x10
 1395 077c 43030000 		.4byte	0x343
 1396 0780 00       		.byte	0
 1397 0781 22       		.uleb128 0x22
 1398 0782 01       		.byte	0x1
 1399 0783 6E000000 		.4byte	.LASF75
 1400 0787 05       		.byte	0x5
 1401 0788 4101     		.2byte	0x141
 1402 078a 01       		.byte	0x1
 1403 078b 01       		.byte	0x1
 1404 078c 10       		.uleb128 0x10
 1405 078d 43030000 		.4byte	0x343
 1406 0791 00       		.byte	0
 1407 0792 00       		.byte	0
 1408              		.section	.debug_abbrev,"",%progbits
 1409              	.Ldebug_abbrev0:
 1410 0000 01       		.uleb128 0x1
 1411 0001 11       		.uleb128 0x11
 1412 0002 01       		.byte	0x1
 1413 0003 25       		.uleb128 0x25
 1414 0004 0E       		.uleb128 0xe
 1415 0005 13       		.uleb128 0x13
 1416 0006 0B       		.uleb128 0xb
 1417 0007 03       		.uleb128 0x3
 1418 0008 0E       		.uleb128 0xe
 1419 0009 55       		.uleb128 0x55
 1420 000a 06       		.uleb128 0x6
 1421 000b 11       		.uleb128 0x11
 1422 000c 01       		.uleb128 0x1
 1423 000d 52       		.uleb128 0x52
 1424 000e 01       		.uleb128 0x1
 1425 000f 10       		.uleb128 0x10
 1426 0010 06       		.uleb128 0x6
 1427 0011 00       		.byte	0
 1428 0012 00       		.byte	0
 1429 0013 02       		.uleb128 0x2
 1430 0014 24       		.uleb128 0x24
 1431 0015 00       		.byte	0
 1432 0016 0B       		.uleb128 0xb
 1433 0017 0B       		.uleb128 0xb
 1434 0018 3E       		.uleb128 0x3e
 1435 0019 0B       		.uleb128 0xb
 1436 001a 03       		.uleb128 0x3
 1437 001b 08       		.uleb128 0x8
 1438 001c 00       		.byte	0
 1439 001d 00       		.byte	0
 1440 001e 03       		.uleb128 0x3
 1441 001f 24       		.uleb128 0x24
 1442 0020 00       		.byte	0
 1443 0021 0B       		.uleb128 0xb
 1444 0022 0B       		.uleb128 0xb
 1445 0023 3E       		.uleb128 0x3e
 1446 0024 0B       		.uleb128 0xb
 1447 0025 03       		.uleb128 0x3
 1448 0026 0E       		.uleb128 0xe
 1449 0027 00       		.byte	0
ARM GAS  /tmp/cclpWBrf.s 			page 27


 1450 0028 00       		.byte	0
 1451 0029 04       		.uleb128 0x4
 1452 002a 16       		.uleb128 0x16
 1453 002b 00       		.byte	0
 1454 002c 03       		.uleb128 0x3
 1455 002d 0E       		.uleb128 0xe
 1456 002e 3A       		.uleb128 0x3a
 1457 002f 0B       		.uleb128 0xb
 1458 0030 3B       		.uleb128 0x3b
 1459 0031 0B       		.uleb128 0xb
 1460 0032 49       		.uleb128 0x49
 1461 0033 13       		.uleb128 0x13
 1462 0034 00       		.byte	0
 1463 0035 00       		.byte	0
 1464 0036 05       		.uleb128 0x5
 1465 0037 35       		.uleb128 0x35
 1466 0038 00       		.byte	0
 1467 0039 49       		.uleb128 0x49
 1468 003a 13       		.uleb128 0x13
 1469 003b 00       		.byte	0
 1470 003c 00       		.byte	0
 1471 003d 06       		.uleb128 0x6
 1472 003e 01       		.uleb128 0x1
 1473 003f 01       		.byte	0x1
 1474 0040 49       		.uleb128 0x49
 1475 0041 13       		.uleb128 0x13
 1476 0042 01       		.uleb128 0x1
 1477 0043 13       		.uleb128 0x13
 1478 0044 00       		.byte	0
 1479 0045 00       		.byte	0
 1480 0046 07       		.uleb128 0x7
 1481 0047 21       		.uleb128 0x21
 1482 0048 00       		.byte	0
 1483 0049 49       		.uleb128 0x49
 1484 004a 13       		.uleb128 0x13
 1485 004b 2F       		.uleb128 0x2f
 1486 004c 0B       		.uleb128 0xb
 1487 004d 00       		.byte	0
 1488 004e 00       		.byte	0
 1489 004f 08       		.uleb128 0x8
 1490 0050 13       		.uleb128 0x13
 1491 0051 01       		.byte	0x1
 1492 0052 0B       		.uleb128 0xb
 1493 0053 0B       		.uleb128 0xb
 1494 0054 3A       		.uleb128 0x3a
 1495 0055 0B       		.uleb128 0xb
 1496 0056 3B       		.uleb128 0x3b
 1497 0057 0B       		.uleb128 0xb
 1498 0058 01       		.uleb128 0x1
 1499 0059 13       		.uleb128 0x13
 1500 005a 00       		.byte	0
 1501 005b 00       		.byte	0
 1502 005c 09       		.uleb128 0x9
 1503 005d 0D       		.uleb128 0xd
 1504 005e 00       		.byte	0
 1505 005f 03       		.uleb128 0x3
 1506 0060 08       		.uleb128 0x8
ARM GAS  /tmp/cclpWBrf.s 			page 28


 1507 0061 3A       		.uleb128 0x3a
 1508 0062 0B       		.uleb128 0xb
 1509 0063 3B       		.uleb128 0x3b
 1510 0064 0B       		.uleb128 0xb
 1511 0065 49       		.uleb128 0x49
 1512 0066 13       		.uleb128 0x13
 1513 0067 38       		.uleb128 0x38
 1514 0068 0A       		.uleb128 0xa
 1515 0069 00       		.byte	0
 1516 006a 00       		.byte	0
 1517 006b 0A       		.uleb128 0xa
 1518 006c 0D       		.uleb128 0xd
 1519 006d 00       		.byte	0
 1520 006e 03       		.uleb128 0x3
 1521 006f 0E       		.uleb128 0xe
 1522 0070 3A       		.uleb128 0x3a
 1523 0071 0B       		.uleb128 0xb
 1524 0072 3B       		.uleb128 0x3b
 1525 0073 0B       		.uleb128 0xb
 1526 0074 49       		.uleb128 0x49
 1527 0075 13       		.uleb128 0x13
 1528 0076 38       		.uleb128 0x38
 1529 0077 0A       		.uleb128 0xa
 1530 0078 00       		.byte	0
 1531 0079 00       		.byte	0
 1532 007a 0B       		.uleb128 0xb
 1533 007b 04       		.uleb128 0x4
 1534 007c 01       		.byte	0x1
 1535 007d 0B       		.uleb128 0xb
 1536 007e 0B       		.uleb128 0xb
 1537 007f 3A       		.uleb128 0x3a
 1538 0080 0B       		.uleb128 0xb
 1539 0081 3B       		.uleb128 0x3b
 1540 0082 0B       		.uleb128 0xb
 1541 0083 01       		.uleb128 0x1
 1542 0084 13       		.uleb128 0x13
 1543 0085 00       		.byte	0
 1544 0086 00       		.byte	0
 1545 0087 0C       		.uleb128 0xc
 1546 0088 28       		.uleb128 0x28
 1547 0089 00       		.byte	0
 1548 008a 03       		.uleb128 0x3
 1549 008b 0E       		.uleb128 0xe
 1550 008c 1C       		.uleb128 0x1c
 1551 008d 0D       		.uleb128 0xd
 1552 008e 00       		.byte	0
 1553 008f 00       		.byte	0
 1554 0090 0D       		.uleb128 0xd
 1555 0091 13       		.uleb128 0x13
 1556 0092 01       		.byte	0x1
 1557 0093 03       		.uleb128 0x3
 1558 0094 0E       		.uleb128 0xe
 1559 0095 0B       		.uleb128 0xb
 1560 0096 0B       		.uleb128 0xb
 1561 0097 3A       		.uleb128 0x3a
 1562 0098 0B       		.uleb128 0xb
 1563 0099 3B       		.uleb128 0x3b
ARM GAS  /tmp/cclpWBrf.s 			page 29


 1564 009a 0B       		.uleb128 0xb
 1565 009b 01       		.uleb128 0x1
 1566 009c 13       		.uleb128 0x13
 1567 009d 00       		.byte	0
 1568 009e 00       		.byte	0
 1569 009f 0E       		.uleb128 0xe
 1570 00a0 0F       		.uleb128 0xf
 1571 00a1 00       		.byte	0
 1572 00a2 0B       		.uleb128 0xb
 1573 00a3 0B       		.uleb128 0xb
 1574 00a4 49       		.uleb128 0x49
 1575 00a5 13       		.uleb128 0x13
 1576 00a6 00       		.byte	0
 1577 00a7 00       		.byte	0
 1578 00a8 0F       		.uleb128 0xf
 1579 00a9 15       		.uleb128 0x15
 1580 00aa 01       		.byte	0x1
 1581 00ab 27       		.uleb128 0x27
 1582 00ac 0C       		.uleb128 0xc
 1583 00ad 01       		.uleb128 0x1
 1584 00ae 13       		.uleb128 0x13
 1585 00af 00       		.byte	0
 1586 00b0 00       		.byte	0
 1587 00b1 10       		.uleb128 0x10
 1588 00b2 05       		.uleb128 0x5
 1589 00b3 00       		.byte	0
 1590 00b4 49       		.uleb128 0x49
 1591 00b5 13       		.uleb128 0x13
 1592 00b6 00       		.byte	0
 1593 00b7 00       		.byte	0
 1594 00b8 11       		.uleb128 0x11
 1595 00b9 26       		.uleb128 0x26
 1596 00ba 00       		.byte	0
 1597 00bb 49       		.uleb128 0x49
 1598 00bc 13       		.uleb128 0x13
 1599 00bd 00       		.byte	0
 1600 00be 00       		.byte	0
 1601 00bf 12       		.uleb128 0x12
 1602 00c0 2E       		.uleb128 0x2e
 1603 00c1 01       		.byte	0x1
 1604 00c2 3F       		.uleb128 0x3f
 1605 00c3 0C       		.uleb128 0xc
 1606 00c4 03       		.uleb128 0x3
 1607 00c5 0E       		.uleb128 0xe
 1608 00c6 3A       		.uleb128 0x3a
 1609 00c7 0B       		.uleb128 0xb
 1610 00c8 3B       		.uleb128 0x3b
 1611 00c9 0B       		.uleb128 0xb
 1612 00ca 27       		.uleb128 0x27
 1613 00cb 0C       		.uleb128 0xc
 1614 00cc 11       		.uleb128 0x11
 1615 00cd 01       		.uleb128 0x1
 1616 00ce 12       		.uleb128 0x12
 1617 00cf 01       		.uleb128 0x1
 1618 00d0 40       		.uleb128 0x40
 1619 00d1 0A       		.uleb128 0xa
 1620 00d2 9742     		.uleb128 0x2117
ARM GAS  /tmp/cclpWBrf.s 			page 30


 1621 00d4 0C       		.uleb128 0xc
 1622 00d5 01       		.uleb128 0x1
 1623 00d6 13       		.uleb128 0x13
 1624 00d7 00       		.byte	0
 1625 00d8 00       		.byte	0
 1626 00d9 13       		.uleb128 0x13
 1627 00da 898201   		.uleb128 0x4109
 1628 00dd 00       		.byte	0
 1629 00de 11       		.uleb128 0x11
 1630 00df 01       		.uleb128 0x1
 1631 00e0 9542     		.uleb128 0x2115
 1632 00e2 0C       		.uleb128 0xc
 1633 00e3 31       		.uleb128 0x31
 1634 00e4 13       		.uleb128 0x13
 1635 00e5 00       		.byte	0
 1636 00e6 00       		.byte	0
 1637 00e7 14       		.uleb128 0x14
 1638 00e8 05       		.uleb128 0x5
 1639 00e9 00       		.byte	0
 1640 00ea 03       		.uleb128 0x3
 1641 00eb 0E       		.uleb128 0xe
 1642 00ec 3A       		.uleb128 0x3a
 1643 00ed 0B       		.uleb128 0xb
 1644 00ee 3B       		.uleb128 0x3b
 1645 00ef 0B       		.uleb128 0xb
 1646 00f0 49       		.uleb128 0x49
 1647 00f1 13       		.uleb128 0x13
 1648 00f2 02       		.uleb128 0x2
 1649 00f3 0A       		.uleb128 0xa
 1650 00f4 00       		.byte	0
 1651 00f5 00       		.byte	0
 1652 00f6 15       		.uleb128 0x15
 1653 00f7 2E       		.uleb128 0x2e
 1654 00f8 01       		.byte	0x1
 1655 00f9 3F       		.uleb128 0x3f
 1656 00fa 0C       		.uleb128 0xc
 1657 00fb 03       		.uleb128 0x3
 1658 00fc 0E       		.uleb128 0xe
 1659 00fd 3A       		.uleb128 0x3a
 1660 00fe 0B       		.uleb128 0xb
 1661 00ff 3B       		.uleb128 0x3b
 1662 0100 0B       		.uleb128 0xb
 1663 0101 27       		.uleb128 0x27
 1664 0102 0C       		.uleb128 0xc
 1665 0103 11       		.uleb128 0x11
 1666 0104 01       		.uleb128 0x1
 1667 0105 12       		.uleb128 0x12
 1668 0106 01       		.uleb128 0x1
 1669 0107 40       		.uleb128 0x40
 1670 0108 06       		.uleb128 0x6
 1671 0109 9742     		.uleb128 0x2117
 1672 010b 0C       		.uleb128 0xc
 1673 010c 01       		.uleb128 0x1
 1674 010d 13       		.uleb128 0x13
 1675 010e 00       		.byte	0
 1676 010f 00       		.byte	0
 1677 0110 16       		.uleb128 0x16
ARM GAS  /tmp/cclpWBrf.s 			page 31


 1678 0111 05       		.uleb128 0x5
 1679 0112 00       		.byte	0
 1680 0113 03       		.uleb128 0x3
 1681 0114 0E       		.uleb128 0xe
 1682 0115 3A       		.uleb128 0x3a
 1683 0116 0B       		.uleb128 0xb
 1684 0117 3B       		.uleb128 0x3b
 1685 0118 0B       		.uleb128 0xb
 1686 0119 49       		.uleb128 0x49
 1687 011a 13       		.uleb128 0x13
 1688 011b 02       		.uleb128 0x2
 1689 011c 06       		.uleb128 0x6
 1690 011d 00       		.byte	0
 1691 011e 00       		.byte	0
 1692 011f 17       		.uleb128 0x17
 1693 0120 0B       		.uleb128 0xb
 1694 0121 01       		.byte	0x1
 1695 0122 11       		.uleb128 0x11
 1696 0123 01       		.uleb128 0x1
 1697 0124 12       		.uleb128 0x12
 1698 0125 01       		.uleb128 0x1
 1699 0126 01       		.uleb128 0x1
 1700 0127 13       		.uleb128 0x13
 1701 0128 00       		.byte	0
 1702 0129 00       		.byte	0
 1703 012a 18       		.uleb128 0x18
 1704 012b 34       		.uleb128 0x34
 1705 012c 00       		.byte	0
 1706 012d 03       		.uleb128 0x3
 1707 012e 08       		.uleb128 0x8
 1708 012f 3A       		.uleb128 0x3a
 1709 0130 0B       		.uleb128 0xb
 1710 0131 3B       		.uleb128 0x3b
 1711 0132 0B       		.uleb128 0xb
 1712 0133 49       		.uleb128 0x49
 1713 0134 13       		.uleb128 0x13
 1714 0135 02       		.uleb128 0x2
 1715 0136 06       		.uleb128 0x6
 1716 0137 00       		.byte	0
 1717 0138 00       		.byte	0
 1718 0139 19       		.uleb128 0x19
 1719 013a 898201   		.uleb128 0x4109
 1720 013d 00       		.byte	0
 1721 013e 11       		.uleb128 0x11
 1722 013f 01       		.uleb128 0x1
 1723 0140 31       		.uleb128 0x31
 1724 0141 13       		.uleb128 0x13
 1725 0142 00       		.byte	0
 1726 0143 00       		.byte	0
 1727 0144 1A       		.uleb128 0x1a
 1728 0145 898201   		.uleb128 0x4109
 1729 0148 01       		.byte	0x1
 1730 0149 11       		.uleb128 0x11
 1731 014a 01       		.uleb128 0x1
 1732 014b 31       		.uleb128 0x31
 1733 014c 13       		.uleb128 0x13
 1734 014d 01       		.uleb128 0x1
ARM GAS  /tmp/cclpWBrf.s 			page 32


 1735 014e 13       		.uleb128 0x13
 1736 014f 00       		.byte	0
 1737 0150 00       		.byte	0
 1738 0151 1B       		.uleb128 0x1b
 1739 0152 8A8201   		.uleb128 0x410a
 1740 0155 00       		.byte	0
 1741 0156 02       		.uleb128 0x2
 1742 0157 0A       		.uleb128 0xa
 1743 0158 9142     		.uleb128 0x2111
 1744 015a 0A       		.uleb128 0xa
 1745 015b 00       		.byte	0
 1746 015c 00       		.byte	0
 1747 015d 1C       		.uleb128 0x1c
 1748 015e 898201   		.uleb128 0x4109
 1749 0161 01       		.byte	0x1
 1750 0162 11       		.uleb128 0x11
 1751 0163 01       		.uleb128 0x1
 1752 0164 31       		.uleb128 0x31
 1753 0165 13       		.uleb128 0x13
 1754 0166 00       		.byte	0
 1755 0167 00       		.byte	0
 1756 0168 1D       		.uleb128 0x1d
 1757 0169 34       		.uleb128 0x34
 1758 016a 00       		.byte	0
 1759 016b 03       		.uleb128 0x3
 1760 016c 0E       		.uleb128 0xe
 1761 016d 3A       		.uleb128 0x3a
 1762 016e 0B       		.uleb128 0xb
 1763 016f 3B       		.uleb128 0x3b
 1764 0170 05       		.uleb128 0x5
 1765 0171 49       		.uleb128 0x49
 1766 0172 13       		.uleb128 0x13
 1767 0173 3F       		.uleb128 0x3f
 1768 0174 0C       		.uleb128 0xc
 1769 0175 3C       		.uleb128 0x3c
 1770 0176 0C       		.uleb128 0xc
 1771 0177 00       		.byte	0
 1772 0178 00       		.byte	0
 1773 0179 1E       		.uleb128 0x1e
 1774 017a 2E       		.uleb128 0x2e
 1775 017b 00       		.byte	0
 1776 017c 3F       		.uleb128 0x3f
 1777 017d 0C       		.uleb128 0xc
 1778 017e 03       		.uleb128 0x3
 1779 017f 0E       		.uleb128 0xe
 1780 0180 3A       		.uleb128 0x3a
 1781 0181 0B       		.uleb128 0xb
 1782 0182 3B       		.uleb128 0x3b
 1783 0183 05       		.uleb128 0x5
 1784 0184 27       		.uleb128 0x27
 1785 0185 0C       		.uleb128 0xc
 1786 0186 3C       		.uleb128 0x3c
 1787 0187 0C       		.uleb128 0xc
 1788 0188 00       		.byte	0
 1789 0189 00       		.byte	0
 1790 018a 1F       		.uleb128 0x1f
 1791 018b 2E       		.uleb128 0x2e
ARM GAS  /tmp/cclpWBrf.s 			page 33


 1792 018c 00       		.byte	0
 1793 018d 3F       		.uleb128 0x3f
 1794 018e 0C       		.uleb128 0xc
 1795 018f 03       		.uleb128 0x3
 1796 0190 0E       		.uleb128 0xe
 1797 0191 3A       		.uleb128 0x3a
 1798 0192 0B       		.uleb128 0xb
 1799 0193 3B       		.uleb128 0x3b
 1800 0194 0B       		.uleb128 0xb
 1801 0195 27       		.uleb128 0x27
 1802 0196 0C       		.uleb128 0xc
 1803 0197 3C       		.uleb128 0x3c
 1804 0198 0C       		.uleb128 0xc
 1805 0199 00       		.byte	0
 1806 019a 00       		.byte	0
 1807 019b 20       		.uleb128 0x20
 1808 019c 2E       		.uleb128 0x2e
 1809 019d 01       		.byte	0x1
 1810 019e 3F       		.uleb128 0x3f
 1811 019f 0C       		.uleb128 0xc
 1812 01a0 03       		.uleb128 0x3
 1813 01a1 0E       		.uleb128 0xe
 1814 01a2 3A       		.uleb128 0x3a
 1815 01a3 0B       		.uleb128 0xb
 1816 01a4 3B       		.uleb128 0x3b
 1817 01a5 0B       		.uleb128 0xb
 1818 01a6 27       		.uleb128 0x27
 1819 01a7 0C       		.uleb128 0xc
 1820 01a8 3C       		.uleb128 0x3c
 1821 01a9 0C       		.uleb128 0xc
 1822 01aa 01       		.uleb128 0x1
 1823 01ab 13       		.uleb128 0x13
 1824 01ac 00       		.byte	0
 1825 01ad 00       		.byte	0
 1826 01ae 21       		.uleb128 0x21
 1827 01af 2E       		.uleb128 0x2e
 1828 01b0 01       		.byte	0x1
 1829 01b1 3F       		.uleb128 0x3f
 1830 01b2 0C       		.uleb128 0xc
 1831 01b3 03       		.uleb128 0x3
 1832 01b4 0E       		.uleb128 0xe
 1833 01b5 3A       		.uleb128 0x3a
 1834 01b6 0B       		.uleb128 0xb
 1835 01b7 3B       		.uleb128 0x3b
 1836 01b8 05       		.uleb128 0x5
 1837 01b9 27       		.uleb128 0x27
 1838 01ba 0C       		.uleb128 0xc
 1839 01bb 3C       		.uleb128 0x3c
 1840 01bc 0C       		.uleb128 0xc
 1841 01bd 01       		.uleb128 0x1
 1842 01be 13       		.uleb128 0x13
 1843 01bf 00       		.byte	0
 1844 01c0 00       		.byte	0
 1845 01c1 22       		.uleb128 0x22
 1846 01c2 2E       		.uleb128 0x2e
 1847 01c3 01       		.byte	0x1
 1848 01c4 3F       		.uleb128 0x3f
ARM GAS  /tmp/cclpWBrf.s 			page 34


 1849 01c5 0C       		.uleb128 0xc
 1850 01c6 03       		.uleb128 0x3
 1851 01c7 0E       		.uleb128 0xe
 1852 01c8 3A       		.uleb128 0x3a
 1853 01c9 0B       		.uleb128 0xb
 1854 01ca 3B       		.uleb128 0x3b
 1855 01cb 05       		.uleb128 0x5
 1856 01cc 27       		.uleb128 0x27
 1857 01cd 0C       		.uleb128 0xc
 1858 01ce 3C       		.uleb128 0x3c
 1859 01cf 0C       		.uleb128 0xc
 1860 01d0 00       		.byte	0
 1861 01d1 00       		.byte	0
 1862 01d2 00       		.byte	0
 1863              		.section	.debug_loc,"",%progbits
 1864              	.Ldebug_loc0:
 1865              	.LLST0:
 1866 0000 00000000 		.4byte	.LFB64
 1867 0004 02000000 		.4byte	.LCFI0
 1868 0008 0200     		.2byte	0x2
 1869 000a 7D       		.byte	0x7d
 1870 000b 00       		.sleb128 0
 1871 000c 02000000 		.4byte	.LCFI0
 1872 0010 4C000000 		.4byte	.LFE64
 1873 0014 0200     		.2byte	0x2
 1874 0016 7D       		.byte	0x7d
 1875 0017 10       		.sleb128 16
 1876 0018 00000000 		.4byte	0
 1877 001c 00000000 		.4byte	0
 1878              	.LLST1:
 1879 0020 00000000 		.4byte	.LVL2
 1880 0024 0A000000 		.4byte	.LVL3
 1881 0028 0100     		.2byte	0x1
 1882 002a 50       		.byte	0x50
 1883 002b 0A000000 		.4byte	.LVL3
 1884 002f 3A000000 		.4byte	.LVL12
 1885 0033 0100     		.2byte	0x1
 1886 0035 54       		.byte	0x54
 1887 0036 3A000000 		.4byte	.LVL12
 1888 003a 3C000000 		.4byte	.LVL13
 1889 003e 0100     		.2byte	0x1
 1890 0040 50       		.byte	0x50
 1891 0041 3C000000 		.4byte	.LVL13
 1892 0045 4C000000 		.4byte	.LFE64
 1893 0049 0100     		.2byte	0x1
 1894 004b 54       		.byte	0x54
 1895 004c 00000000 		.4byte	0
 1896 0050 00000000 		.4byte	0
 1897              	.LLST2:
 1898 0054 00000000 		.4byte	.LVL2
 1899 0058 0A000000 		.4byte	.LVL3
 1900 005c 0100     		.2byte	0x1
 1901 005e 51       		.byte	0x51
 1902 005f 0A000000 		.4byte	.LVL3
 1903 0063 3A000000 		.4byte	.LVL12
 1904 0067 0100     		.2byte	0x1
 1905 0069 55       		.byte	0x55
ARM GAS  /tmp/cclpWBrf.s 			page 35


 1906 006a 3A000000 		.4byte	.LVL12
 1907 006e 3F000000 		.4byte	.LVL14-1
 1908 0072 0100     		.2byte	0x1
 1909 0074 51       		.byte	0x51
 1910 0075 3F000000 		.4byte	.LVL14-1
 1911 0079 4C000000 		.4byte	.LFE64
 1912 007d 0100     		.2byte	0x1
 1913 007f 55       		.byte	0x55
 1914 0080 00000000 		.4byte	0
 1915 0084 00000000 		.4byte	0
 1916              	.LLST3:
 1917 0088 10000000 		.4byte	.LVL5
 1918 008c 13000000 		.4byte	.LVL6-1
 1919 0090 0100     		.2byte	0x1
 1920 0092 53       		.byte	0x53
 1921 0093 00000000 		.4byte	0
 1922 0097 00000000 		.4byte	0
 1923              	.LLST4:
 1924 009b 38000000 		.4byte	.LVL11
 1925 009f 3A000000 		.4byte	.LVL12
 1926 00a3 0100     		.2byte	0x1
 1927 00a5 53       		.byte	0x53
 1928 00a6 00000000 		.4byte	0
 1929 00aa 00000000 		.4byte	0
 1930              	.LLST5:
 1931 00ae 00000000 		.4byte	.LFB65
 1932 00b2 02000000 		.4byte	.LCFI1
 1933 00b6 0200     		.2byte	0x2
 1934 00b8 7D       		.byte	0x7d
 1935 00b9 00       		.sleb128 0
 1936 00ba 02000000 		.4byte	.LCFI1
 1937 00be 44000000 		.4byte	.LFE65
 1938 00c2 0200     		.2byte	0x2
 1939 00c4 7D       		.byte	0x7d
 1940 00c5 08       		.sleb128 8
 1941 00c6 00000000 		.4byte	0
 1942 00ca 00000000 		.4byte	0
 1943              	.LLST6:
 1944 00ce 00000000 		.4byte	.LVL15
 1945 00d2 06000000 		.4byte	.LVL16
 1946 00d6 0100     		.2byte	0x1
 1947 00d8 50       		.byte	0x50
 1948 00d9 06000000 		.4byte	.LVL16
 1949 00dd 34000000 		.4byte	.LVL25
 1950 00e1 0100     		.2byte	0x1
 1951 00e3 54       		.byte	0x54
 1952 00e4 34000000 		.4byte	.LVL25
 1953 00e8 36000000 		.4byte	.LVL26
 1954 00ec 0100     		.2byte	0x1
 1955 00ee 50       		.byte	0x50
 1956 00ef 36000000 		.4byte	.LVL26
 1957 00f3 44000000 		.4byte	.LFE65
 1958 00f7 0100     		.2byte	0x1
 1959 00f9 54       		.byte	0x54
 1960 00fa 00000000 		.4byte	0
 1961 00fe 00000000 		.4byte	0
 1962              	.LLST7:
ARM GAS  /tmp/cclpWBrf.s 			page 36


 1963 0102 0C000000 		.4byte	.LVL18
 1964 0106 0F000000 		.4byte	.LVL19-1
 1965 010a 0100     		.2byte	0x1
 1966 010c 53       		.byte	0x53
 1967 010d 00000000 		.4byte	0
 1968 0111 00000000 		.4byte	0
 1969              	.LLST8:
 1970 0115 32000000 		.4byte	.LVL24
 1971 0119 34000000 		.4byte	.LVL25
 1972 011d 0100     		.2byte	0x1
 1973 011f 53       		.byte	0x53
 1974 0120 00000000 		.4byte	0
 1975 0124 00000000 		.4byte	0
 1976              	.LLST9:
 1977 0128 00000000 		.4byte	.LFB66
 1978 012c 02000000 		.4byte	.LCFI2
 1979 0130 0200     		.2byte	0x2
 1980 0132 7D       		.byte	0x7d
 1981 0133 00       		.sleb128 0
 1982 0134 02000000 		.4byte	.LCFI2
 1983 0138 44000000 		.4byte	.LFE66
 1984 013c 0200     		.2byte	0x2
 1985 013e 7D       		.byte	0x7d
 1986 013f 08       		.sleb128 8
 1987 0140 00000000 		.4byte	0
 1988 0144 00000000 		.4byte	0
 1989              	.LLST10:
 1990 0148 00000000 		.4byte	.LVL28
 1991 014c 06000000 		.4byte	.LVL29
 1992 0150 0100     		.2byte	0x1
 1993 0152 50       		.byte	0x50
 1994 0153 06000000 		.4byte	.LVL29
 1995 0157 32000000 		.4byte	.LVL38
 1996 015b 0100     		.2byte	0x1
 1997 015d 54       		.byte	0x54
 1998 015e 32000000 		.4byte	.LVL38
 1999 0162 34000000 		.4byte	.LVL39
 2000 0166 0100     		.2byte	0x1
 2001 0168 50       		.byte	0x50
 2002 0169 34000000 		.4byte	.LVL39
 2003 016d 44000000 		.4byte	.LFE66
 2004 0171 0100     		.2byte	0x1
 2005 0173 54       		.byte	0x54
 2006 0174 00000000 		.4byte	0
 2007 0178 00000000 		.4byte	0
 2008              	.LLST11:
 2009 017c 0C000000 		.4byte	.LVL31
 2010 0180 0F000000 		.4byte	.LVL32-1
 2011 0184 0100     		.2byte	0x1
 2012 0186 53       		.byte	0x53
 2013 0187 00000000 		.4byte	0
 2014 018b 00000000 		.4byte	0
 2015              	.LLST12:
 2016 018f 30000000 		.4byte	.LVL37
 2017 0193 32000000 		.4byte	.LVL38
 2018 0197 0100     		.2byte	0x1
 2019 0199 53       		.byte	0x53
ARM GAS  /tmp/cclpWBrf.s 			page 37


 2020 019a 00000000 		.4byte	0
 2021 019e 00000000 		.4byte	0
 2022              	.LLST13:
 2023 01a2 00000000 		.4byte	.LFB67
 2024 01a6 02000000 		.4byte	.LCFI3
 2025 01aa 0200     		.2byte	0x2
 2026 01ac 7D       		.byte	0x7d
 2027 01ad 00       		.sleb128 0
 2028 01ae 02000000 		.4byte	.LCFI3
 2029 01b2 44000000 		.4byte	.LFE67
 2030 01b6 0200     		.2byte	0x2
 2031 01b8 7D       		.byte	0x7d
 2032 01b9 08       		.sleb128 8
 2033 01ba 00000000 		.4byte	0
 2034 01be 00000000 		.4byte	0
 2035              	.LLST14:
 2036 01c2 00000000 		.4byte	.LVL41
 2037 01c6 06000000 		.4byte	.LVL42
 2038 01ca 0100     		.2byte	0x1
 2039 01cc 50       		.byte	0x50
 2040 01cd 06000000 		.4byte	.LVL42
 2041 01d1 34000000 		.4byte	.LVL51
 2042 01d5 0100     		.2byte	0x1
 2043 01d7 54       		.byte	0x54
 2044 01d8 34000000 		.4byte	.LVL51
 2045 01dc 36000000 		.4byte	.LVL52
 2046 01e0 0100     		.2byte	0x1
 2047 01e2 50       		.byte	0x50
 2048 01e3 36000000 		.4byte	.LVL52
 2049 01e7 44000000 		.4byte	.LFE67
 2050 01eb 0100     		.2byte	0x1
 2051 01ed 54       		.byte	0x54
 2052 01ee 00000000 		.4byte	0
 2053 01f2 00000000 		.4byte	0
 2054              	.LLST15:
 2055 01f6 0C000000 		.4byte	.LVL44
 2056 01fa 0F000000 		.4byte	.LVL45-1
 2057 01fe 0100     		.2byte	0x1
 2058 0200 53       		.byte	0x53
 2059 0201 00000000 		.4byte	0
 2060 0205 00000000 		.4byte	0
 2061              	.LLST16:
 2062 0209 32000000 		.4byte	.LVL50
 2063 020d 34000000 		.4byte	.LVL51
 2064 0211 0100     		.2byte	0x1
 2065 0213 53       		.byte	0x53
 2066 0214 00000000 		.4byte	0
 2067 0218 00000000 		.4byte	0
 2068              		.section	.debug_aranges,"",%progbits
 2069 0000 44000000 		.4byte	0x44
 2070 0004 0200     		.2byte	0x2
 2071 0006 00000000 		.4byte	.Ldebug_info0
 2072 000a 04       		.byte	0x4
 2073 000b 00       		.byte	0
 2074 000c 0000     		.2byte	0
 2075 000e 0000     		.2byte	0
 2076 0010 00000000 		.4byte	.LFB62
ARM GAS  /tmp/cclpWBrf.s 			page 38


 2077 0014 04000000 		.4byte	.LFE62-.LFB62
 2078 0018 00000000 		.4byte	.LFB63
 2079 001c 0A000000 		.4byte	.LFE63-.LFB63
 2080 0020 00000000 		.4byte	.LFB64
 2081 0024 4C000000 		.4byte	.LFE64-.LFB64
 2082 0028 00000000 		.4byte	.LFB65
 2083 002c 44000000 		.4byte	.LFE65-.LFB65
 2084 0030 00000000 		.4byte	.LFB66
 2085 0034 44000000 		.4byte	.LFE66-.LFB66
 2086 0038 00000000 		.4byte	.LFB67
 2087 003c 44000000 		.4byte	.LFE67-.LFB67
 2088 0040 00000000 		.4byte	0
 2089 0044 00000000 		.4byte	0
 2090              		.section	.debug_ranges,"",%progbits
 2091              	.Ldebug_ranges0:
 2092 0000 00000000 		.4byte	.LFB62
 2093 0004 04000000 		.4byte	.LFE62
 2094 0008 00000000 		.4byte	.LFB63
 2095 000c 0A000000 		.4byte	.LFE63
 2096 0010 00000000 		.4byte	.LFB64
 2097 0014 4C000000 		.4byte	.LFE64
 2098 0018 00000000 		.4byte	.LFB65
 2099 001c 44000000 		.4byte	.LFE65
 2100 0020 00000000 		.4byte	.LFB66
 2101 0024 44000000 		.4byte	.LFE66
 2102 0028 00000000 		.4byte	.LFB67
 2103 002c 44000000 		.4byte	.LFE67
 2104 0030 00000000 		.4byte	0
 2105 0034 00000000 		.4byte	0
 2106              		.section	.debug_line,"",%progbits
 2107              	.Ldebug_line0:
 2108 0000 A4020000 		.section	.debug_str,"MS",%progbits,1
 2108      0200DD01 
 2108      00000201 
 2108      FB0E0D00 
 2108      01010101 
 2109              	.LASF62:
 2110 0000 69637553 		.ascii	"icuStop\000"
 2110      746F7000 
 2111              	.LASF70:
 2112 0008 6963755F 		.ascii	"icu_lld_stop\000"
 2112      6C6C645F 
 2112      73746F70 
 2112      00
 2113              	.LASF26:
 2114 0015 43434552 		.ascii	"CCER\000"
 2114      00
 2115              	.LASF38:
 2116 001a 4943555F 		.ascii	"ICU_STOP\000"
 2116      53544F50 
 2116      00
 2117              	.LASF68:
 2118 0023 6963755F 		.ascii	"icu_lld_start\000"
 2118      6C6C645F 
 2118      73746172 
 2118      7400
 2119              	.LASF33:
ARM GAS  /tmp/cclpWBrf.s 			page 39


 2120 0031 444D4152 		.ascii	"DMAR\000"
 2120      00
 2121              	.LASF45:
 2122 0036 73746174 		.ascii	"state\000"
 2122      6500
 2123              	.LASF24:
 2124 003c 43434D52 		.ascii	"CCMR2\000"
 2124      3200
 2125              	.LASF3:
 2126 0042 73686F72 		.ascii	"short int\000"
 2126      7420696E 
 2126      7400
 2127              	.LASF61:
 2128 004c 69637570 		.ascii	"icup\000"
 2128      00
 2129              	.LASF12:
 2130 0051 73697A65 		.ascii	"sizetype\000"
 2130      74797065 
 2130      00
 2131              	.LASF71:
 2132 005a 6963755F 		.ascii	"icu_lld_enable\000"
 2132      6C6C645F 
 2132      656E6162 
 2132      6C6500
 2133              	.LASF53:
 2134 0069 6D6F6465 		.ascii	"mode\000"
 2134      00
 2135              	.LASF75:
 2136 006e 6963755F 		.ascii	"icu_lld_disable\000"
 2136      6C6C645F 
 2136      64697361 
 2136      626C6500 
 2137              	.LASF46:
 2138 007e 636F6E66 		.ascii	"config\000"
 2138      696700
 2139              	.LASF14:
 2140 0085 5F726573 		.ascii	"_resvd0\000"
 2140      76643000 
 2141              	.LASF15:
 2142 008d 5F726573 		.ascii	"_resvd1\000"
 2142      76643100 
 2143              	.LASF17:
 2144 0095 5F726573 		.ascii	"_resvd2\000"
 2144      76643200 
 2145              	.LASF19:
 2146 009d 5F726573 		.ascii	"_resvd3\000"
 2146      76643300 
 2147              	.LASF20:
 2148 00a5 5F726573 		.ascii	"_resvd4\000"
 2148      76643400 
 2149              	.LASF21:
 2150 00ad 5F726573 		.ascii	"_resvd5\000"
 2150      76643500 
 2151              	.LASF23:
 2152 00b5 5F726573 		.ascii	"_resvd6\000"
 2152      76643600 
 2153              	.LASF25:
ARM GAS  /tmp/cclpWBrf.s 			page 40


 2154 00bd 5F726573 		.ascii	"_resvd7\000"
 2154      76643700 
 2155              	.LASF27:
 2156 00c5 5F726573 		.ascii	"_resvd8\000"
 2156      76643800 
 2157              	.LASF28:
 2158 00cd 5F726573 		.ascii	"_resvd9\000"
 2158      76643900 
 2159              	.LASF58:
 2160 00d5 69637549 		.ascii	"icuInit\000"
 2160      6E697400 
 2161              	.LASF55:
 2162 00dd 77696474 		.ascii	"width_cb\000"
 2162      685F6362 
 2162      00
 2163              	.LASF41:
 2164 00e6 4943555F 		.ascii	"ICU_ACTIVE\000"
 2164      41435449 
 2164      564500
 2165              	.LASF10:
 2166 00f1 6C6F6E67 		.ascii	"long long int\000"
 2166      206C6F6E 
 2166      6720696E 
 2166      7400
 2167              	.LASF11:
 2168 00ff 6C6F6E67 		.ascii	"long long unsigned int\000"
 2168      206C6F6E 
 2168      6720756E 
 2168      7369676E 
 2168      65642069 
 2169              	.LASF51:
 2170 0116 6963756D 		.ascii	"icumode_t\000"
 2170      6F64655F 
 2170      7400
 2171              	.LASF39:
 2172 0120 4943555F 		.ascii	"ICU_READY\000"
 2172      52454144 
 2172      5900
 2173              	.LASF7:
 2174 012a 6C6F6E67 		.ascii	"long int\000"
 2174      20696E74 
 2174      00
 2175              	.LASF22:
 2176 0133 43434D52 		.ascii	"CCMR1\000"
 2176      3100
 2177              	.LASF67:
 2178 0139 63684462 		.ascii	"chDbgPanic\000"
 2178      6750616E 
 2178      696300
 2179              	.LASF42:
 2180 0144 4943555F 		.ascii	"ICU_IDLE\000"
 2180      49444C45 
 2180      00
 2181              	.LASF16:
 2182 014d 534D4352 		.ascii	"SMCR\000"
 2182      00
 2183              	.LASF2:
ARM GAS  /tmp/cclpWBrf.s 			page 41


 2184 0152 756E7369 		.ascii	"unsigned char\000"
 2184      676E6564 
 2184      20636861 
 2184      7200
 2185              	.LASF57:
 2186 0160 49435543 		.ascii	"ICUConfig\000"
 2186      6F6E6669 
 2186      6700
 2187              	.LASF69:
 2188 016a 6462675F 		.ascii	"dbg_check_unlock\000"
 2188      63686563 
 2188      6B5F756E 
 2188      6C6F636B 
 2188      00
 2189              	.LASF60:
 2190 017b 69637553 		.ascii	"icuStart\000"
 2190      74617274 
 2190      00
 2191              	.LASF63:
 2192 0184 69637545 		.ascii	"icuEnable\000"
 2192      6E61626C 
 2192      6500
 2193              	.LASF1:
 2194 018e 7369676E 		.ascii	"signed char\000"
 2194      65642063 
 2194      68617200 
 2195              	.LASF66:
 2196 019a 6462675F 		.ascii	"dbg_check_lock\000"
 2196      63686563 
 2196      6B5F6C6F 
 2196      636B00
 2197              	.LASF65:
 2198 01a9 6963755F 		.ascii	"icu_lld_init\000"
 2198      6C6C645F 
 2198      696E6974 
 2198      00
 2199              	.LASF8:
 2200 01b6 75696E74 		.ascii	"uint32_t\000"
 2200      33325F74 
 2200      00
 2201              	.LASF0:
 2202 01bf 756E7369 		.ascii	"unsigned int\000"
 2202      676E6564 
 2202      20696E74 
 2202      00
 2203              	.LASF5:
 2204 01cc 75696E74 		.ascii	"uint16_t\000"
 2204      31365F74 
 2204      00
 2205              	.LASF18:
 2206 01d5 44494552 		.ascii	"DIER\000"
 2206      00
 2207              	.LASF52:
 2208 01da 69637566 		.ascii	"icufreq_t\000"
 2208      7265715F 
 2208      7400
 2209              	.LASF32:
ARM GAS  /tmp/cclpWBrf.s 			page 42


 2210 01e4 5F726573 		.ascii	"_resvd12\000"
 2210      76643132 
 2210      00
 2211              	.LASF34:
 2212 01ed 5F726573 		.ascii	"_resvd13\000"
 2212      76643133 
 2212      00
 2213              	.LASF35:
 2214 01f6 5F726573 		.ascii	"_resvd14\000"
 2214      76643134 
 2214      00
 2215              	.LASF4:
 2216 01ff 73686F72 		.ascii	"short unsigned int\000"
 2216      7420756E 
 2216      7369676E 
 2216      65642069 
 2216      6E7400
 2217              	.LASF73:
 2218 0212 2F686F6D 		.ascii	"/home/formica/chibios/chibios/os/hal/src/icu.c\000"
 2218      652F666F 
 2218      726D6963 
 2218      612F6368 
 2218      6962696F 
 2219              	.LASF13:
 2220 0241 63686172 		.ascii	"char\000"
 2220      00
 2221              	.LASF48:
 2222 0246 69637563 		.ascii	"icucallback_t\000"
 2222      616C6C62 
 2222      61636B5F 
 2222      7400
 2223              	.LASF36:
 2224 0254 73746D33 		.ascii	"stm32_tim_t\000"
 2224      325F7469 
 2224      6D5F7400 
 2225              	.LASF56:
 2226 0260 70657269 		.ascii	"period_cb\000"
 2226      6F645F63 
 2226      6200
 2227              	.LASF30:
 2228 026a 42445452 		.ascii	"BDTR\000"
 2228      00
 2229              	.LASF6:
 2230 026f 696E7433 		.ascii	"int32_t\000"
 2230      325F7400 
 2231              	.LASF50:
 2232 0277 4943555F 		.ascii	"ICU_INPUT_ACTIVE_LOW\000"
 2232      494E5055 
 2232      545F4143 
 2232      54495645 
 2232      5F4C4F57 
 2233              	.LASF64:
 2234 028c 69637544 		.ascii	"icuDisable\000"
 2234      69736162 
 2234      6C6500
 2235              	.LASF37:
 2236 0297 4943555F 		.ascii	"ICU_UNINIT\000"
ARM GAS  /tmp/cclpWBrf.s 			page 43


 2236      554E494E 
 2236      495400
 2237              	.LASF49:
 2238 02a2 4943555F 		.ascii	"ICU_INPUT_ACTIVE_HIGH\000"
 2238      494E5055 
 2238      545F4143 
 2238      54495645 
 2238      5F484947 
 2239              	.LASF9:
 2240 02b8 6C6F6E67 		.ascii	"long unsigned int\000"
 2240      20756E73 
 2240      69676E65 
 2240      6420696E 
 2240      7400
 2241              	.LASF47:
 2242 02ca 636C6F63 		.ascii	"clock\000"
 2242      6B00
 2243              	.LASF72:
 2244 02d0 474E5520 		.ascii	"GNU C 4.7.3 20121207 (release) [ARM/embedded-4_7-br"
 2244      4320342E 
 2244      372E3320 
 2244      32303132 
 2244      31323037 
 2245 0303 616E6368 		.ascii	"anch revision 194305]\000"
 2245      20726576 
 2245      6973696F 
 2245      6E203139 
 2245      34333035 
 2246              	.LASF29:
 2247 0319 5F726573 		.ascii	"_resvd10\000"
 2247      76643130 
 2247      00
 2248              	.LASF31:
 2249 0322 5F726573 		.ascii	"_resvd11\000"
 2249      76643131 
 2249      00
 2250              	.LASF44:
 2251 032b 49435544 		.ascii	"ICUDriver\000"
 2251      72697665 
 2251      7200
 2252              	.LASF54:
 2253 0335 66726571 		.ascii	"frequency\000"
 2253      75656E63 
 2253      7900
 2254              	.LASF59:
 2255 033f 6963754F 		.ascii	"icuObjectInit\000"
 2255      626A6563 
 2255      74496E69 
 2255      7400
 2256              	.LASF74:
 2257 034d 49544D5F 		.ascii	"ITM_RxBuffer\000"
 2257      52784275 
 2257      66666572 
 2257      00
 2258              	.LASF43:
 2259 035a 69637573 		.ascii	"icustate_t\000"
 2259      74617465 
ARM GAS  /tmp/cclpWBrf.s 			page 44


 2259      5F7400
 2260              	.LASF40:
 2261 0365 4943555F 		.ascii	"ICU_WAITING\000"
 2261      57414954 
 2261      494E4700 
 2262              		.ident	"GCC: (GNU Tools for ARM Embedded Processors) 4.7.3 20121207 (release) [ARM/embedded-4_7-br
ARM GAS  /tmp/cclpWBrf.s 			page 45


DEFINED SYMBOLS
                            *ABS*:00000000 icu.c
     /tmp/cclpWBrf.s:19     .text.icuInit:00000000 $t
     /tmp/cclpWBrf.s:25     .text.icuInit:00000000 icuInit
     /tmp/cclpWBrf.s:41     .text.icuObjectInit:00000000 $t
     /tmp/cclpWBrf.s:47     .text.icuObjectInit:00000000 icuObjectInit
     /tmp/cclpWBrf.s:68     .text.icuStart:00000000 $t
     /tmp/cclpWBrf.s:74     .text.icuStart:00000000 icuStart
     /tmp/cclpWBrf.s:154    .text.icuStart:00000044 $d
     /tmp/cclpWBrf.s:160    .text.icuStop:00000000 $t
     /tmp/cclpWBrf.s:166    .text.icuStop:00000000 icuStop
     /tmp/cclpWBrf.s:236    .text.icuStop:0000003c $d
     /tmp/cclpWBrf.s:242    .text.icuEnable:00000000 $t
     /tmp/cclpWBrf.s:248    .text.icuEnable:00000000 icuEnable
     /tmp/cclpWBrf.s:317    .text.icuEnable:0000003c $d
     /tmp/cclpWBrf.s:323    .text.icuDisable:00000000 $t
     /tmp/cclpWBrf.s:329    .text.icuDisable:00000000 icuDisable
     /tmp/cclpWBrf.s:399    .text.icuDisable:0000003c $d
     /tmp/cclpWBrf.s:405    .rodata.str1.4:00000000 $d
                     .debug_frame:00000010 $d
     /tmp/cclpWBrf.s:159    .text.icuStart:0000004c $t
     /tmp/cclpWBrf.s:241    .text.icuStop:00000044 $t
     /tmp/cclpWBrf.s:322    .text.icuEnable:00000044 $t
     /tmp/cclpWBrf.s:404    .text.icuDisable:00000044 $t

UNDEFINED SYMBOLS
icu_lld_init
dbg_check_lock
chDbgPanic
icu_lld_start
dbg_check_unlock
icu_lld_stop
icu_lld_enable
icu_lld_disable
