ARM GAS  /tmp/ccYOV2kE.s 			page 1


   1              		.syntax unified
   2              		.cpu cortex-m3
   3              		.fpu softvfp
   4              		.eabi_attribute 20, 1
   5              		.eabi_attribute 21, 1
   6              		.eabi_attribute 23, 3
   7              		.eabi_attribute 24, 1
   8              		.eabi_attribute 25, 1
   9              		.eabi_attribute 26, 1
  10              		.eabi_attribute 30, 2
  11              		.eabi_attribute 34, 1
  12              		.eabi_attribute 18, 4
  13              		.thumb
  14              		.file	"nvic.c"
  15              		.text
  16              	.Ltext0:
  17              		.cfi_sections	.debug_frame
  18              		.section	.text.nvicEnableVector,"ax",%progbits
  19              		.align	2
  20              		.p2align 4,,15
  21              		.global	nvicEnableVector
  22              		.thumb
  23              		.thumb_func
  24              		.type	nvicEnableVector, %function
  25              	nvicEnableVector:
  26              	.LFB7:
  27              		.file 1 "/home/formica/chibios/chibios/os/ports/common/ARMCMx/nvic.c"
  28              		.loc 1 46 0
  29              		.cfi_startproc
  30              		@ args = 0, pretend = 0, frame = 0
  31              		@ frame_needed = 0, uses_anonymous_args = 0
  32              		@ link register save eliminated.
  33              	.LVL0:
  34              		.loc 1 47 0
  35 0000 00F00303 		and	r3, r0, #3
  36              		.loc 1 46 0
  37 0004 70B4     		push	{r4, r5, r6}
  38              	.LCFI0:
  39              		.cfi_def_cfa_offset 12
  40              		.cfi_offset 4, -12
  41              		.cfi_offset 5, -8
  42              		.cfi_offset 6, -4
  43              		.loc 1 47 0
  44 0006 DA00     		lsls	r2, r3, #3
  45              	.LVL1:
  46              		.loc 1 49 0
  47 0008 FF25     		movs	r5, #255
  48 000a 05FA02F5 		lsl	r5, r5, r2
  49              		.loc 1 50 0
  50 000e 00F01F04 		and	r4, r0, #31
  51              		.loc 1 49 0
  52 0012 01FA02F1 		lsl	r1, r1, r2
  53              	.LVL2:
  54              		.loc 1 50 0
  55 0016 0122     		movs	r2, #1
  56              	.LVL3:
  57 0018 02FA04F2 		lsl	r2, r2, r4
ARM GAS  /tmp/ccYOV2kE.s 			page 2


  58              		.loc 1 49 0
  59 001c 4FF46143 		mov	r3, #57600
  60 0020 8408     		lsrs	r4, r0, #2
  61 0022 CEF20003 		movt	r3, 57344
  62 0026 C034     		adds	r4, r4, #192
  63 0028 53F82460 		ldr	r6, [r3, r4, lsl #2]
  64              		.loc 1 50 0
  65 002c 4009     		lsrs	r0, r0, #5
  66              	.LVL4:
  67              		.loc 1 49 0
  68 002e 26EA0505 		bic	r5, r6, r5
  69 0032 0D43     		orrs	r5, r5, r1
  70              		.loc 1 50 0
  71 0034 00F16006 		add	r6, r0, #96
  72              		.loc 1 49 0
  73 0038 43F82450 		str	r5, [r3, r4, lsl #2]
  74              		.loc 1 50 0
  75 003c 43F82620 		str	r2, [r3, r6, lsl #2]
  76              		.loc 1 51 0
  77 0040 43F82020 		str	r2, [r3, r0, lsl #2]
  78              		.loc 1 52 0
  79 0044 70BC     		pop	{r4, r5, r6}
  80 0046 7047     		bx	lr
  81              		.cfi_endproc
  82              	.LFE7:
  83              		.size	nvicEnableVector, .-nvicEnableVector
  84 0048 AFF30080 		.section	.text.nvicDisableVector,"ax",%progbits
  84      AFF30080 
  85              		.align	2
  86              		.p2align 4,,15
  87              		.global	nvicDisableVector
  88              		.thumb
  89              		.thumb_func
  90              		.type	nvicDisableVector, %function
  91              	nvicDisableVector:
  92              	.LFB8:
  93              		.loc 1 60 0
  94              		.cfi_startproc
  95              		@ args = 0, pretend = 0, frame = 0
  96              		@ frame_needed = 0, uses_anonymous_args = 0
  97              		@ link register save eliminated.
  98              	.LVL5:
  99 0000 10B4     		push	{r4}
 100              	.LCFI1:
 101              		.cfi_def_cfa_offset 4
 102              		.cfi_offset 4, -4
 103              		.loc 1 63 0
 104 0002 00F01F03 		and	r3, r0, #31
 105 0006 0124     		movs	r4, #1
 106 0008 04FA03F4 		lsl	r4, r4, r3
 107              		.loc 1 61 0
 108 000c 00F00302 		and	r2, r0, #3
 109 0010 D100     		lsls	r1, r2, #3
 110              	.LVL6:
 111              		.loc 1 64 0
 112 0012 FF23     		movs	r3, #255
 113 0014 03FA01F2 		lsl	r2, r3, r1
ARM GAS  /tmp/ccYOV2kE.s 			page 3


 114              		.loc 1 63 0
 115 0018 4109     		lsrs	r1, r0, #5
 116              	.LVL7:
 117 001a 4FF46143 		mov	r3, #57600
 118 001e CEF20003 		movt	r3, 57344
 119 0022 2031     		adds	r1, r1, #32
 120              		.loc 1 64 0
 121 0024 8008     		lsrs	r0, r0, #2
 122              	.LVL8:
 123              		.loc 1 63 0
 124 0026 43F82140 		str	r4, [r3, r1, lsl #2]
 125              		.loc 1 64 0
 126 002a C030     		adds	r0, r0, #192
 127 002c 53F82010 		ldr	r1, [r3, r0, lsl #2]
 128 0030 21EA0202 		bic	r2, r1, r2
 129 0034 43F82020 		str	r2, [r3, r0, lsl #2]
 130              		.loc 1 65 0
 131 0038 10BC     		pop	{r4}
 132 003a 7047     		bx	lr
 133              		.cfi_endproc
 134              	.LFE8:
 135              		.size	nvicDisableVector, .-nvicDisableVector
 136 003c AFF30080 		.section	.text.nvicSetSystemHandlerPriority,"ax",%progbits
 137              		.align	2
 138              		.p2align 4,,15
 139              		.global	nvicSetSystemHandlerPriority
 140              		.thumb
 141              		.thumb_func
 142              		.type	nvicSetSystemHandlerPriority, %function
 143              	nvicSetSystemHandlerPriority:
 144              	.LFB9:
 145              		.loc 1 74 0
 146              		.cfi_startproc
 147              		@ args = 0, pretend = 0, frame = 0
 148              		@ frame_needed = 0, uses_anonymous_args = 0
 149              		@ link register save eliminated.
 150              	.LVL9:
 151              		.loc 1 75 0
 152 0000 00F00303 		and	r3, r0, #3
 153              		.loc 1 74 0
 154 0004 10B4     		push	{r4}
 155              	.LCFI2:
 156              		.cfi_def_cfa_offset 4
 157              		.cfi_offset 4, -4
 158              		.loc 1 78 0
 159 0006 FF22     		movs	r2, #255
 160              		.loc 1 75 0
 161 0008 DC00     		lsls	r4, r3, #3
 162              	.LVL10:
 163              		.loc 1 78 0
 164 000a 02FA04F2 		lsl	r2, r2, r4
 165 000e 01FA04F1 		lsl	r1, r1, r4
 166              	.LVL11:
 167              		.loc 1 77 0
 168 0012 8008     		lsrs	r0, r0, #2
 169              	.LVL12:
 170 0014 4FF46D43 		mov	r3, #60672
ARM GAS  /tmp/ccYOV2kE.s 			page 4


 171 0018 CEF20003 		movt	r3, 57344
 172 001c 0630     		adds	r0, r0, #6
 173 001e 53F82040 		ldr	r4, [r3, r0, lsl #2]
 174              	.LVL13:
 175 0022 24EA0202 		bic	r2, r4, r2
 176              		.loc 1 78 0
 177 0026 0A43     		orrs	r2, r2, r1
 178              		.loc 1 77 0
 179 0028 43F82020 		str	r2, [r3, r0, lsl #2]
 180              		.loc 1 79 0
 181 002c 10BC     		pop	{r4}
 182 002e 7047     		bx	lr
 183              		.cfi_endproc
 184              	.LFE9:
 185              		.size	nvicSetSystemHandlerPriority, .-nvicSetSystemHandlerPriority
 186              		.text
 187              	.Letext0:
 188              		.file 2 "/home/formica/toolchains/gcc-arm-none-eabi-4_7-2012q4/bin/../lib/gcc/arm-none-eabi/4.7.3/
 189              		.file 3 "/home/formica/chibios/chibios/os/ports/common/ARMCMx/nvic.h"
 190              		.section	.debug_info,"",%progbits
 191              	.Ldebug_info0:
 192 0000 46040000 		.4byte	0x446
 193 0004 0200     		.2byte	0x2
 194 0006 00000000 		.4byte	.Ldebug_abbrev0
 195 000a 04       		.byte	0x4
 196 000b 01       		.uleb128 0x1
 197 000c 98000000 		.4byte	.LASF45
 198 0010 01       		.byte	0x1
 199 0011 8D010000 		.4byte	.LASF46
 200 0015 00000000 		.4byte	.Ldebug_ranges0+0
 201 0019 00000000 		.4byte	0
 202 001d 00000000 		.4byte	0
 203 0021 00000000 		.4byte	.Ldebug_line0
 204 0025 02       		.uleb128 0x2
 205 0026 04       		.byte	0x4
 206 0027 05       		.byte	0x5
 207 0028 696E7400 		.ascii	"int\000"
 208 002c 03       		.uleb128 0x3
 209 002d 04       		.byte	0x4
 210 002e 07       		.byte	0x7
 211 002f 0D010000 		.4byte	.LASF0
 212 0033 03       		.uleb128 0x3
 213 0034 01       		.byte	0x1
 214 0035 06       		.byte	0x6
 215 0036 E0010000 		.4byte	.LASF1
 216 003a 03       		.uleb128 0x3
 217 003b 01       		.byte	0x1
 218 003c 08       		.byte	0x8
 219 003d 42000000 		.4byte	.LASF2
 220 0041 03       		.uleb128 0x3
 221 0042 02       		.byte	0x2
 222 0043 05       		.byte	0x5
 223 0044 03010000 		.4byte	.LASF3
 224 0048 03       		.uleb128 0x3
 225 0049 02       		.byte	0x2
 226 004a 07       		.byte	0x7
 227 004b 80000000 		.4byte	.LASF4
ARM GAS  /tmp/ccYOV2kE.s 			page 5


 228 004f 03       		.uleb128 0x3
 229 0050 04       		.byte	0x4
 230 0051 05       		.byte	0x5
 231 0052 D2010000 		.4byte	.LASF5
 232 0056 04       		.uleb128 0x4
 233 0057 C9010000 		.4byte	.LASF9
 234 005b 02       		.byte	0x2
 235 005c 50       		.byte	0x50
 236 005d 61000000 		.4byte	0x61
 237 0061 03       		.uleb128 0x3
 238 0062 04       		.byte	0x4
 239 0063 07       		.byte	0x7
 240 0064 E6000000 		.4byte	.LASF6
 241 0068 03       		.uleb128 0x3
 242 0069 08       		.byte	0x8
 243 006a 05       		.byte	0x5
 244 006b 64010000 		.4byte	.LASF7
 245 006f 03       		.uleb128 0x3
 246 0070 08       		.byte	0x8
 247 0071 07       		.byte	0x7
 248 0072 24010000 		.4byte	.LASF8
 249 0076 04       		.uleb128 0x4
 250 0077 3A000000 		.4byte	.LASF10
 251 007b 03       		.byte	0x3
 252 007c 3A       		.byte	0x3a
 253 007d 81000000 		.4byte	0x81
 254 0081 05       		.uleb128 0x5
 255 0082 56000000 		.4byte	0x56
 256 0086 06       		.uleb128 0x6
 257 0087 040E     		.2byte	0xe04
 258 0089 03       		.byte	0x3
 259 008a 6A       		.byte	0x6a
 260 008b 51010000 		.4byte	0x151
 261 008f 07       		.uleb128 0x7
 262 0090 7D010000 		.4byte	.LASF11
 263 0094 03       		.byte	0x3
 264 0095 6B       		.byte	0x6b
 265 0096 68010000 		.4byte	0x168
 266 009a 02       		.byte	0x2
 267 009b 23       		.byte	0x23
 268 009c 00       		.uleb128 0
 269 009d 07       		.uleb128 0x7
 270 009e 50000000 		.4byte	.LASF12
 271 00a2 03       		.byte	0x3
 272 00a3 6C       		.byte	0x6c
 273 00a4 7D010000 		.4byte	0x17d
 274 00a8 02       		.byte	0x2
 275 00a9 23       		.byte	0x23
 276 00aa 20       		.uleb128 0x20
 277 00ab 07       		.uleb128 0x7
 278 00ac 35000000 		.4byte	.LASF13
 279 00b0 03       		.byte	0x3
 280 00b1 6D       		.byte	0x6d
 281 00b2 82010000 		.4byte	0x182
 282 00b6 03       		.byte	0x3
 283 00b7 23       		.byte	0x23
 284 00b8 8001     		.uleb128 0x80
ARM GAS  /tmp/ccYOV2kE.s 			page 6


 285 00ba 07       		.uleb128 0x7
 286 00bb 58000000 		.4byte	.LASF14
 287 00bf 03       		.byte	0x3
 288 00c0 6E       		.byte	0x6e
 289 00c1 87010000 		.4byte	0x187
 290 00c5 03       		.byte	0x3
 291 00c6 23       		.byte	0x23
 292 00c7 A001     		.uleb128 0xa0
 293 00c9 07       		.uleb128 0x7
 294 00ca 1A010000 		.4byte	.LASF15
 295 00ce 03       		.byte	0x3
 296 00cf 6F       		.byte	0x6f
 297 00d0 8C010000 		.4byte	0x18c
 298 00d4 03       		.byte	0x3
 299 00d5 23       		.byte	0x23
 300 00d6 8002     		.uleb128 0x100
 301 00d8 07       		.uleb128 0x7
 302 00d9 60000000 		.4byte	.LASF16
 303 00dd 03       		.byte	0x3
 304 00de 70       		.byte	0x70
 305 00df 91010000 		.4byte	0x191
 306 00e3 03       		.byte	0x3
 307 00e4 23       		.byte	0x23
 308 00e5 A002     		.uleb128 0x120
 309 00e7 07       		.uleb128 0x7
 310 00e8 05000000 		.4byte	.LASF17
 311 00ec 03       		.byte	0x3
 312 00ed 71       		.byte	0x71
 313 00ee 96010000 		.4byte	0x196
 314 00f2 03       		.byte	0x3
 315 00f3 23       		.byte	0x23
 316 00f4 8003     		.uleb128 0x180
 317 00f6 07       		.uleb128 0x7
 318 00f7 68000000 		.4byte	.LASF18
 319 00fb 03       		.byte	0x3
 320 00fc 72       		.byte	0x72
 321 00fd 9B010000 		.4byte	0x19b
 322 0101 03       		.byte	0x3
 323 0102 23       		.byte	0x23
 324 0103 A003     		.uleb128 0x1a0
 325 0105 07       		.uleb128 0x7
 326 0106 09020000 		.4byte	.LASF19
 327 010a 03       		.byte	0x3
 328 010b 73       		.byte	0x73
 329 010c A0010000 		.4byte	0x1a0
 330 0110 03       		.byte	0x3
 331 0111 23       		.byte	0x23
 332 0112 8004     		.uleb128 0x200
 333 0114 07       		.uleb128 0x7
 334 0115 70000000 		.4byte	.LASF20
 335 0119 03       		.byte	0x3
 336 011a 74       		.byte	0x74
 337 011b B5010000 		.4byte	0x1b5
 338 011f 03       		.byte	0x3
 339 0120 23       		.byte	0x23
 340 0121 A004     		.uleb128 0x220
 341 0123 08       		.uleb128 0x8
ARM GAS  /tmp/ccYOV2kE.s 			page 7


 342 0124 49505200 		.ascii	"IPR\000"
 343 0128 03       		.byte	0x3
 344 0129 75       		.byte	0x75
 345 012a CA010000 		.4byte	0x1ca
 346 012e 03       		.byte	0x3
 347 012f 23       		.byte	0x23
 348 0130 8006     		.uleb128 0x300
 349 0132 07       		.uleb128 0x7
 350 0133 78000000 		.4byte	.LASF21
 351 0137 03       		.byte	0x3
 352 0138 76       		.byte	0x76
 353 0139 E0010000 		.4byte	0x1e0
 354 013d 03       		.byte	0x3
 355 013e 23       		.byte	0x23
 356 013f F007     		.uleb128 0x3f0
 357 0141 07       		.uleb128 0x7
 358 0142 FE000000 		.4byte	.LASF22
 359 0146 03       		.byte	0x3
 360 0147 77       		.byte	0x77
 361 0148 76000000 		.4byte	0x76
 362 014c 03       		.byte	0x3
 363 014d 23       		.byte	0x23
 364 014e 801C     		.uleb128 0xe00
 365 0150 00       		.byte	0
 366 0151 09       		.uleb128 0x9
 367 0152 76000000 		.4byte	0x76
 368 0156 61010000 		.4byte	0x161
 369 015a 0A       		.uleb128 0xa
 370 015b 61010000 		.4byte	0x161
 371 015f 07       		.byte	0x7
 372 0160 00       		.byte	0
 373 0161 03       		.uleb128 0x3
 374 0162 04       		.byte	0x4
 375 0163 07       		.byte	0x7
 376 0164 5B010000 		.4byte	.LASF23
 377 0168 05       		.uleb128 0x5
 378 0169 51010000 		.4byte	0x151
 379 016d 09       		.uleb128 0x9
 380 016e 76000000 		.4byte	0x76
 381 0172 7D010000 		.4byte	0x17d
 382 0176 0A       		.uleb128 0xa
 383 0177 61010000 		.4byte	0x161
 384 017b 17       		.byte	0x17
 385 017c 00       		.byte	0
 386 017d 05       		.uleb128 0x5
 387 017e 6D010000 		.4byte	0x16d
 388 0182 05       		.uleb128 0x5
 389 0183 51010000 		.4byte	0x151
 390 0187 05       		.uleb128 0x5
 391 0188 6D010000 		.4byte	0x16d
 392 018c 05       		.uleb128 0x5
 393 018d 51010000 		.4byte	0x151
 394 0191 05       		.uleb128 0x5
 395 0192 6D010000 		.4byte	0x16d
 396 0196 05       		.uleb128 0x5
 397 0197 51010000 		.4byte	0x151
 398 019b 05       		.uleb128 0x5
ARM GAS  /tmp/ccYOV2kE.s 			page 8


 399 019c 6D010000 		.4byte	0x16d
 400 01a0 05       		.uleb128 0x5
 401 01a1 51010000 		.4byte	0x151
 402 01a5 09       		.uleb128 0x9
 403 01a6 76000000 		.4byte	0x76
 404 01aa B5010000 		.4byte	0x1b5
 405 01ae 0A       		.uleb128 0xa
 406 01af 61010000 		.4byte	0x161
 407 01b3 37       		.byte	0x37
 408 01b4 00       		.byte	0
 409 01b5 05       		.uleb128 0x5
 410 01b6 A5010000 		.4byte	0x1a5
 411 01ba 09       		.uleb128 0x9
 412 01bb 76000000 		.4byte	0x76
 413 01bf CA010000 		.4byte	0x1ca
 414 01c3 0A       		.uleb128 0xa
 415 01c4 61010000 		.4byte	0x161
 416 01c8 3B       		.byte	0x3b
 417 01c9 00       		.byte	0
 418 01ca 05       		.uleb128 0x5
 419 01cb BA010000 		.4byte	0x1ba
 420 01cf 09       		.uleb128 0x9
 421 01d0 76000000 		.4byte	0x76
 422 01d4 E0010000 		.4byte	0x1e0
 423 01d8 0B       		.uleb128 0xb
 424 01d9 61010000 		.4byte	0x161
 425 01dd 8302     		.2byte	0x283
 426 01df 00       		.byte	0
 427 01e0 05       		.uleb128 0x5
 428 01e1 CF010000 		.4byte	0x1cf
 429 01e5 04       		.uleb128 0x4
 430 01e6 27000000 		.4byte	.LASF24
 431 01ea 03       		.byte	0x3
 432 01eb 78       		.byte	0x78
 433 01ec 86000000 		.4byte	0x86
 434 01f0 0C       		.uleb128 0xc
 435 01f1 8C       		.byte	0x8c
 436 01f2 03       		.byte	0x3
 437 01f3 89       		.byte	0x89
 438 01f4 20030000 		.4byte	0x320
 439 01f8 07       		.uleb128 0x7
 440 01f9 72010000 		.4byte	.LASF25
 441 01fd 03       		.byte	0x3
 442 01fe 8A       		.byte	0x8a
 443 01ff 76000000 		.4byte	0x76
 444 0203 02       		.byte	0x2
 445 0204 23       		.byte	0x23
 446 0205 00       		.uleb128 0
 447 0206 07       		.uleb128 0x7
 448 0207 3B010000 		.4byte	.LASF26
 449 020b 03       		.byte	0x3
 450 020c 8B       		.byte	0x8b
 451 020d 76000000 		.4byte	0x76
 452 0211 02       		.byte	0x2
 453 0212 23       		.byte	0x23
 454 0213 04       		.uleb128 0x4
 455 0214 07       		.uleb128 0x7
ARM GAS  /tmp/ccYOV2kE.s 			page 9


 456 0215 30000000 		.4byte	.LASF27
 457 0219 03       		.byte	0x3
 458 021a 8C       		.byte	0x8c
 459 021b 76000000 		.4byte	0x76
 460 021f 02       		.byte	0x2
 461 0220 23       		.byte	0x23
 462 0221 08       		.uleb128 0x8
 463 0222 07       		.uleb128 0x7
 464 0223 48010000 		.4byte	.LASF28
 465 0227 03       		.byte	0x3
 466 0228 8D       		.byte	0x8d
 467 0229 76000000 		.4byte	0x76
 468 022d 02       		.byte	0x2
 469 022e 23       		.byte	0x23
 470 022f 0C       		.uleb128 0xc
 471 0230 08       		.uleb128 0x8
 472 0231 53435200 		.ascii	"SCR\000"
 473 0235 03       		.byte	0x3
 474 0236 8E       		.byte	0x8e
 475 0237 76000000 		.4byte	0x76
 476 023b 02       		.byte	0x2
 477 023c 23       		.byte	0x23
 478 023d 10       		.uleb128 0x10
 479 023e 08       		.uleb128 0x8
 480 023f 43435200 		.ascii	"CCR\000"
 481 0243 03       		.byte	0x3
 482 0244 8F       		.byte	0x8f
 483 0245 76000000 		.4byte	0x76
 484 0249 02       		.byte	0x2
 485 024a 23       		.byte	0x23
 486 024b 14       		.uleb128 0x14
 487 024c 07       		.uleb128 0x7
 488 024d DB010000 		.4byte	.LASF29
 489 0251 03       		.byte	0x3
 490 0252 90       		.byte	0x90
 491 0253 30030000 		.4byte	0x330
 492 0257 02       		.byte	0x2
 493 0258 23       		.byte	0x23
 494 0259 18       		.uleb128 0x18
 495 025a 07       		.uleb128 0x7
 496 025b 0F000000 		.4byte	.LASF30
 497 025f 03       		.byte	0x3
 498 0260 91       		.byte	0x91
 499 0261 76000000 		.4byte	0x76
 500 0265 02       		.byte	0x2
 501 0266 23       		.byte	0x23
 502 0267 24       		.uleb128 0x24
 503 0268 07       		.uleb128 0x7
 504 0269 93000000 		.4byte	.LASF31
 505 026d 03       		.byte	0x3
 506 026e 92       		.byte	0x92
 507 026f 76000000 		.4byte	0x76
 508 0273 02       		.byte	0x2
 509 0274 23       		.byte	0x23
 510 0275 28       		.uleb128 0x28
 511 0276 07       		.uleb128 0x7
 512 0277 E1000000 		.4byte	.LASF32
ARM GAS  /tmp/ccYOV2kE.s 			page 10


 513 027b 03       		.byte	0x3
 514 027c 93       		.byte	0x93
 515 027d 76000000 		.4byte	0x76
 516 0281 02       		.byte	0x2
 517 0282 23       		.byte	0x23
 518 0283 2C       		.uleb128 0x2c
 519 0284 07       		.uleb128 0x7
 520 0285 1F010000 		.4byte	.LASF33
 521 0289 03       		.byte	0x3
 522 028a 94       		.byte	0x94
 523 028b 76000000 		.4byte	0x76
 524 028f 02       		.byte	0x2
 525 0290 23       		.byte	0x23
 526 0291 30       		.uleb128 0x30
 527 0292 07       		.uleb128 0x7
 528 0293 87010000 		.4byte	.LASF34
 529 0297 03       		.byte	0x3
 530 0298 95       		.byte	0x95
 531 0299 76000000 		.4byte	0x76
 532 029d 02       		.byte	0x2
 533 029e 23       		.byte	0x23
 534 029f 34       		.uleb128 0x34
 535 02a0 07       		.uleb128 0x7
 536 02a1 4E010000 		.4byte	.LASF35
 537 02a5 03       		.byte	0x3
 538 02a6 96       		.byte	0x96
 539 02a7 76000000 		.4byte	0x76
 540 02ab 02       		.byte	0x2
 541 02ac 23       		.byte	0x23
 542 02ad 38       		.uleb128 0x38
 543 02ae 07       		.uleb128 0x7
 544 02af 82010000 		.4byte	.LASF36
 545 02b3 03       		.byte	0x3
 546 02b4 97       		.byte	0x97
 547 02b5 76000000 		.4byte	0x76
 548 02b9 02       		.byte	0x2
 549 02ba 23       		.byte	0x23
 550 02bb 3C       		.uleb128 0x3c
 551 02bc 08       		.uleb128 0x8
 552 02bd 50465200 		.ascii	"PFR\000"
 553 02c1 03       		.byte	0x3
 554 02c2 98       		.byte	0x98
 555 02c3 45030000 		.4byte	0x345
 556 02c7 02       		.byte	0x2
 557 02c8 23       		.byte	0x23
 558 02c9 40       		.uleb128 0x40
 559 02ca 08       		.uleb128 0x8
 560 02cb 44465200 		.ascii	"DFR\000"
 561 02cf 03       		.byte	0x3
 562 02d0 99       		.byte	0x99
 563 02d1 76000000 		.4byte	0x76
 564 02d5 02       		.byte	0x2
 565 02d6 23       		.byte	0x23
 566 02d7 48       		.uleb128 0x48
 567 02d8 08       		.uleb128 0x8
 568 02d9 41445200 		.ascii	"ADR\000"
 569 02dd 03       		.byte	0x3
ARM GAS  /tmp/ccYOV2kE.s 			page 11


 570 02de 9A       		.byte	0x9a
 571 02df 76000000 		.4byte	0x76
 572 02e3 02       		.byte	0x2
 573 02e4 23       		.byte	0x23
 574 02e5 4C       		.uleb128 0x4c
 575 02e6 07       		.uleb128 0x7
 576 02e7 0A000000 		.4byte	.LASF37
 577 02eb 03       		.byte	0x3
 578 02ec 9B       		.byte	0x9b
 579 02ed 5A030000 		.4byte	0x35a
 580 02f1 02       		.byte	0x2
 581 02f2 23       		.byte	0x23
 582 02f3 50       		.uleb128 0x50
 583 02f4 08       		.uleb128 0x8
 584 02f5 53415200 		.ascii	"SAR\000"
 585 02f9 03       		.byte	0x3
 586 02fa 9C       		.byte	0x9c
 587 02fb 6F030000 		.4byte	0x36f
 588 02ff 02       		.byte	0x2
 589 0300 23       		.byte	0x23
 590 0301 60       		.uleb128 0x60
 591 0302 07       		.uleb128 0x7
 592 0303 50000000 		.4byte	.LASF12
 593 0307 03       		.byte	0x3
 594 0308 9D       		.byte	0x9d
 595 0309 74030000 		.4byte	0x374
 596 030d 02       		.byte	0x2
 597 030e 23       		.byte	0x23
 598 030f 74       		.uleb128 0x74
 599 0310 07       		.uleb128 0x7
 600 0311 F8000000 		.4byte	.LASF38
 601 0315 03       		.byte	0x3
 602 0316 9E       		.byte	0x9e
 603 0317 76000000 		.4byte	0x76
 604 031b 03       		.byte	0x3
 605 031c 23       		.byte	0x23
 606 031d 8801     		.uleb128 0x88
 607 031f 00       		.byte	0
 608 0320 09       		.uleb128 0x9
 609 0321 76000000 		.4byte	0x76
 610 0325 30030000 		.4byte	0x330
 611 0329 0A       		.uleb128 0xa
 612 032a 61010000 		.4byte	0x161
 613 032e 02       		.byte	0x2
 614 032f 00       		.byte	0
 615 0330 05       		.uleb128 0x5
 616 0331 20030000 		.4byte	0x320
 617 0335 09       		.uleb128 0x9
 618 0336 76000000 		.4byte	0x76
 619 033a 45030000 		.4byte	0x345
 620 033e 0A       		.uleb128 0xa
 621 033f 61010000 		.4byte	0x161
 622 0343 01       		.byte	0x1
 623 0344 00       		.byte	0
 624 0345 05       		.uleb128 0x5
 625 0346 35030000 		.4byte	0x335
 626 034a 09       		.uleb128 0x9
ARM GAS  /tmp/ccYOV2kE.s 			page 12


 627 034b 76000000 		.4byte	0x76
 628 034f 5A030000 		.4byte	0x35a
 629 0353 0A       		.uleb128 0xa
 630 0354 61010000 		.4byte	0x161
 631 0358 03       		.byte	0x3
 632 0359 00       		.byte	0
 633 035a 05       		.uleb128 0x5
 634 035b 4A030000 		.4byte	0x34a
 635 035f 09       		.uleb128 0x9
 636 0360 76000000 		.4byte	0x76
 637 0364 6F030000 		.4byte	0x36f
 638 0368 0A       		.uleb128 0xa
 639 0369 61010000 		.4byte	0x161
 640 036d 04       		.byte	0x4
 641 036e 00       		.byte	0
 642 036f 05       		.uleb128 0x5
 643 0370 5F030000 		.4byte	0x35f
 644 0374 05       		.uleb128 0x5
 645 0375 5F030000 		.4byte	0x35f
 646 0379 04       		.uleb128 0x4
 647 037a 40010000 		.4byte	.LASF39
 648 037e 03       		.byte	0x3
 649 037f 9F       		.byte	0x9f
 650 0380 F0010000 		.4byte	0x1f0
 651 0384 03       		.uleb128 0x3
 652 0385 01       		.byte	0x1
 653 0386 08       		.byte	0x8
 654 0387 78010000 		.4byte	.LASF40
 655 038b 0D       		.uleb128 0xd
 656 038c 01       		.byte	0x1
 657 038d 0E020000 		.4byte	.LASF42
 658 0391 01       		.byte	0x1
 659 0392 2E       		.byte	0x2e
 660 0393 01       		.byte	0x1
 661 0394 00000000 		.4byte	.LFB7
 662 0398 48000000 		.4byte	.LFE7
 663 039c 00000000 		.4byte	.LLST0
 664 03a0 01       		.byte	0x1
 665 03a1 D0030000 		.4byte	0x3d0
 666 03a5 0E       		.uleb128 0xe
 667 03a6 6E00     		.ascii	"n\000"
 668 03a8 01       		.byte	0x1
 669 03a9 2E       		.byte	0x2e
 670 03aa 56000000 		.4byte	0x56
 671 03ae 20000000 		.4byte	.LLST1
 672 03b2 0F       		.uleb128 0xf
 673 03b3 00000000 		.4byte	.LASF41
 674 03b7 01       		.byte	0x1
 675 03b8 2E       		.byte	0x2e
 676 03b9 56000000 		.4byte	0x56
 677 03bd 41000000 		.4byte	.LLST2
 678 03c1 10       		.uleb128 0x10
 679 03c2 736800   		.ascii	"sh\000"
 680 03c5 01       		.byte	0x1
 681 03c6 2F       		.byte	0x2f
 682 03c7 2C000000 		.4byte	0x2c
 683 03cb 62000000 		.4byte	.LLST3
ARM GAS  /tmp/ccYOV2kE.s 			page 13


 684 03cf 00       		.byte	0
 685 03d0 0D       		.uleb128 0xd
 686 03d1 01       		.byte	0x1
 687 03d2 15000000 		.4byte	.LASF43
 688 03d6 01       		.byte	0x1
 689 03d7 3C       		.byte	0x3c
 690 03d8 01       		.byte	0x1
 691 03d9 00000000 		.4byte	.LFB8
 692 03dd 3C000000 		.4byte	.LFE8
 693 03e1 A9000000 		.4byte	.LLST4
 694 03e5 01       		.byte	0x1
 695 03e6 06040000 		.4byte	0x406
 696 03ea 0E       		.uleb128 0xe
 697 03eb 6E00     		.ascii	"n\000"
 698 03ed 01       		.byte	0x1
 699 03ee 3C       		.byte	0x3c
 700 03ef 56000000 		.4byte	0x56
 701 03f3 C9000000 		.4byte	.LLST5
 702 03f7 10       		.uleb128 0x10
 703 03f8 736800   		.ascii	"sh\000"
 704 03fb 01       		.byte	0x1
 705 03fc 3D       		.byte	0x3d
 706 03fd 2C000000 		.4byte	0x2c
 707 0401 EA000000 		.4byte	.LLST6
 708 0405 00       		.byte	0
 709 0406 11       		.uleb128 0x11
 710 0407 01       		.byte	0x1
 711 0408 EC010000 		.4byte	.LASF47
 712 040c 01       		.byte	0x1
 713 040d 4A       		.byte	0x4a
 714 040e 01       		.byte	0x1
 715 040f 00000000 		.4byte	.LFB9
 716 0413 30000000 		.4byte	.LFE9
 717 0417 31010000 		.4byte	.LLST7
 718 041b 01       		.byte	0x1
 719 041c 0F       		.uleb128 0xf
 720 041d 53010000 		.4byte	.LASF44
 721 0421 01       		.byte	0x1
 722 0422 4A       		.byte	0x4a
 723 0423 56000000 		.4byte	0x56
 724 0427 51010000 		.4byte	.LLST8
 725 042b 0F       		.uleb128 0xf
 726 042c 00000000 		.4byte	.LASF41
 727 0430 01       		.byte	0x1
 728 0431 4A       		.byte	0x4a
 729 0432 56000000 		.4byte	0x56
 730 0436 72010000 		.4byte	.LLST9
 731 043a 10       		.uleb128 0x10
 732 043b 736800   		.ascii	"sh\000"
 733 043e 01       		.byte	0x1
 734 043f 4B       		.byte	0x4b
 735 0440 2C000000 		.4byte	0x2c
 736 0444 93010000 		.4byte	.LLST10
 737 0448 00       		.byte	0
 738 0449 00       		.byte	0
 739              		.section	.debug_abbrev,"",%progbits
 740              	.Ldebug_abbrev0:
ARM GAS  /tmp/ccYOV2kE.s 			page 14


 741 0000 01       		.uleb128 0x1
 742 0001 11       		.uleb128 0x11
 743 0002 01       		.byte	0x1
 744 0003 25       		.uleb128 0x25
 745 0004 0E       		.uleb128 0xe
 746 0005 13       		.uleb128 0x13
 747 0006 0B       		.uleb128 0xb
 748 0007 03       		.uleb128 0x3
 749 0008 0E       		.uleb128 0xe
 750 0009 55       		.uleb128 0x55
 751 000a 06       		.uleb128 0x6
 752 000b 11       		.uleb128 0x11
 753 000c 01       		.uleb128 0x1
 754 000d 52       		.uleb128 0x52
 755 000e 01       		.uleb128 0x1
 756 000f 10       		.uleb128 0x10
 757 0010 06       		.uleb128 0x6
 758 0011 00       		.byte	0
 759 0012 00       		.byte	0
 760 0013 02       		.uleb128 0x2
 761 0014 24       		.uleb128 0x24
 762 0015 00       		.byte	0
 763 0016 0B       		.uleb128 0xb
 764 0017 0B       		.uleb128 0xb
 765 0018 3E       		.uleb128 0x3e
 766 0019 0B       		.uleb128 0xb
 767 001a 03       		.uleb128 0x3
 768 001b 08       		.uleb128 0x8
 769 001c 00       		.byte	0
 770 001d 00       		.byte	0
 771 001e 03       		.uleb128 0x3
 772 001f 24       		.uleb128 0x24
 773 0020 00       		.byte	0
 774 0021 0B       		.uleb128 0xb
 775 0022 0B       		.uleb128 0xb
 776 0023 3E       		.uleb128 0x3e
 777 0024 0B       		.uleb128 0xb
 778 0025 03       		.uleb128 0x3
 779 0026 0E       		.uleb128 0xe
 780 0027 00       		.byte	0
 781 0028 00       		.byte	0
 782 0029 04       		.uleb128 0x4
 783 002a 16       		.uleb128 0x16
 784 002b 00       		.byte	0
 785 002c 03       		.uleb128 0x3
 786 002d 0E       		.uleb128 0xe
 787 002e 3A       		.uleb128 0x3a
 788 002f 0B       		.uleb128 0xb
 789 0030 3B       		.uleb128 0x3b
 790 0031 0B       		.uleb128 0xb
 791 0032 49       		.uleb128 0x49
 792 0033 13       		.uleb128 0x13
 793 0034 00       		.byte	0
 794 0035 00       		.byte	0
 795 0036 05       		.uleb128 0x5
 796 0037 35       		.uleb128 0x35
 797 0038 00       		.byte	0
ARM GAS  /tmp/ccYOV2kE.s 			page 15


 798 0039 49       		.uleb128 0x49
 799 003a 13       		.uleb128 0x13
 800 003b 00       		.byte	0
 801 003c 00       		.byte	0
 802 003d 06       		.uleb128 0x6
 803 003e 13       		.uleb128 0x13
 804 003f 01       		.byte	0x1
 805 0040 0B       		.uleb128 0xb
 806 0041 05       		.uleb128 0x5
 807 0042 3A       		.uleb128 0x3a
 808 0043 0B       		.uleb128 0xb
 809 0044 3B       		.uleb128 0x3b
 810 0045 0B       		.uleb128 0xb
 811 0046 01       		.uleb128 0x1
 812 0047 13       		.uleb128 0x13
 813 0048 00       		.byte	0
 814 0049 00       		.byte	0
 815 004a 07       		.uleb128 0x7
 816 004b 0D       		.uleb128 0xd
 817 004c 00       		.byte	0
 818 004d 03       		.uleb128 0x3
 819 004e 0E       		.uleb128 0xe
 820 004f 3A       		.uleb128 0x3a
 821 0050 0B       		.uleb128 0xb
 822 0051 3B       		.uleb128 0x3b
 823 0052 0B       		.uleb128 0xb
 824 0053 49       		.uleb128 0x49
 825 0054 13       		.uleb128 0x13
 826 0055 38       		.uleb128 0x38
 827 0056 0A       		.uleb128 0xa
 828 0057 00       		.byte	0
 829 0058 00       		.byte	0
 830 0059 08       		.uleb128 0x8
 831 005a 0D       		.uleb128 0xd
 832 005b 00       		.byte	0
 833 005c 03       		.uleb128 0x3
 834 005d 08       		.uleb128 0x8
 835 005e 3A       		.uleb128 0x3a
 836 005f 0B       		.uleb128 0xb
 837 0060 3B       		.uleb128 0x3b
 838 0061 0B       		.uleb128 0xb
 839 0062 49       		.uleb128 0x49
 840 0063 13       		.uleb128 0x13
 841 0064 38       		.uleb128 0x38
 842 0065 0A       		.uleb128 0xa
 843 0066 00       		.byte	0
 844 0067 00       		.byte	0
 845 0068 09       		.uleb128 0x9
 846 0069 01       		.uleb128 0x1
 847 006a 01       		.byte	0x1
 848 006b 49       		.uleb128 0x49
 849 006c 13       		.uleb128 0x13
 850 006d 01       		.uleb128 0x1
 851 006e 13       		.uleb128 0x13
 852 006f 00       		.byte	0
 853 0070 00       		.byte	0
 854 0071 0A       		.uleb128 0xa
ARM GAS  /tmp/ccYOV2kE.s 			page 16


 855 0072 21       		.uleb128 0x21
 856 0073 00       		.byte	0
 857 0074 49       		.uleb128 0x49
 858 0075 13       		.uleb128 0x13
 859 0076 2F       		.uleb128 0x2f
 860 0077 0B       		.uleb128 0xb
 861 0078 00       		.byte	0
 862 0079 00       		.byte	0
 863 007a 0B       		.uleb128 0xb
 864 007b 21       		.uleb128 0x21
 865 007c 00       		.byte	0
 866 007d 49       		.uleb128 0x49
 867 007e 13       		.uleb128 0x13
 868 007f 2F       		.uleb128 0x2f
 869 0080 05       		.uleb128 0x5
 870 0081 00       		.byte	0
 871 0082 00       		.byte	0
 872 0083 0C       		.uleb128 0xc
 873 0084 13       		.uleb128 0x13
 874 0085 01       		.byte	0x1
 875 0086 0B       		.uleb128 0xb
 876 0087 0B       		.uleb128 0xb
 877 0088 3A       		.uleb128 0x3a
 878 0089 0B       		.uleb128 0xb
 879 008a 3B       		.uleb128 0x3b
 880 008b 0B       		.uleb128 0xb
 881 008c 01       		.uleb128 0x1
 882 008d 13       		.uleb128 0x13
 883 008e 00       		.byte	0
 884 008f 00       		.byte	0
 885 0090 0D       		.uleb128 0xd
 886 0091 2E       		.uleb128 0x2e
 887 0092 01       		.byte	0x1
 888 0093 3F       		.uleb128 0x3f
 889 0094 0C       		.uleb128 0xc
 890 0095 03       		.uleb128 0x3
 891 0096 0E       		.uleb128 0xe
 892 0097 3A       		.uleb128 0x3a
 893 0098 0B       		.uleb128 0xb
 894 0099 3B       		.uleb128 0x3b
 895 009a 0B       		.uleb128 0xb
 896 009b 27       		.uleb128 0x27
 897 009c 0C       		.uleb128 0xc
 898 009d 11       		.uleb128 0x11
 899 009e 01       		.uleb128 0x1
 900 009f 12       		.uleb128 0x12
 901 00a0 01       		.uleb128 0x1
 902 00a1 40       		.uleb128 0x40
 903 00a2 06       		.uleb128 0x6
 904 00a3 9742     		.uleb128 0x2117
 905 00a5 0C       		.uleb128 0xc
 906 00a6 01       		.uleb128 0x1
 907 00a7 13       		.uleb128 0x13
 908 00a8 00       		.byte	0
 909 00a9 00       		.byte	0
 910 00aa 0E       		.uleb128 0xe
 911 00ab 05       		.uleb128 0x5
ARM GAS  /tmp/ccYOV2kE.s 			page 17


 912 00ac 00       		.byte	0
 913 00ad 03       		.uleb128 0x3
 914 00ae 08       		.uleb128 0x8
 915 00af 3A       		.uleb128 0x3a
 916 00b0 0B       		.uleb128 0xb
 917 00b1 3B       		.uleb128 0x3b
 918 00b2 0B       		.uleb128 0xb
 919 00b3 49       		.uleb128 0x49
 920 00b4 13       		.uleb128 0x13
 921 00b5 02       		.uleb128 0x2
 922 00b6 06       		.uleb128 0x6
 923 00b7 00       		.byte	0
 924 00b8 00       		.byte	0
 925 00b9 0F       		.uleb128 0xf
 926 00ba 05       		.uleb128 0x5
 927 00bb 00       		.byte	0
 928 00bc 03       		.uleb128 0x3
 929 00bd 0E       		.uleb128 0xe
 930 00be 3A       		.uleb128 0x3a
 931 00bf 0B       		.uleb128 0xb
 932 00c0 3B       		.uleb128 0x3b
 933 00c1 0B       		.uleb128 0xb
 934 00c2 49       		.uleb128 0x49
 935 00c3 13       		.uleb128 0x13
 936 00c4 02       		.uleb128 0x2
 937 00c5 06       		.uleb128 0x6
 938 00c6 00       		.byte	0
 939 00c7 00       		.byte	0
 940 00c8 10       		.uleb128 0x10
 941 00c9 34       		.uleb128 0x34
 942 00ca 00       		.byte	0
 943 00cb 03       		.uleb128 0x3
 944 00cc 08       		.uleb128 0x8
 945 00cd 3A       		.uleb128 0x3a
 946 00ce 0B       		.uleb128 0xb
 947 00cf 3B       		.uleb128 0x3b
 948 00d0 0B       		.uleb128 0xb
 949 00d1 49       		.uleb128 0x49
 950 00d2 13       		.uleb128 0x13
 951 00d3 02       		.uleb128 0x2
 952 00d4 06       		.uleb128 0x6
 953 00d5 00       		.byte	0
 954 00d6 00       		.byte	0
 955 00d7 11       		.uleb128 0x11
 956 00d8 2E       		.uleb128 0x2e
 957 00d9 01       		.byte	0x1
 958 00da 3F       		.uleb128 0x3f
 959 00db 0C       		.uleb128 0xc
 960 00dc 03       		.uleb128 0x3
 961 00dd 0E       		.uleb128 0xe
 962 00de 3A       		.uleb128 0x3a
 963 00df 0B       		.uleb128 0xb
 964 00e0 3B       		.uleb128 0x3b
 965 00e1 0B       		.uleb128 0xb
 966 00e2 27       		.uleb128 0x27
 967 00e3 0C       		.uleb128 0xc
 968 00e4 11       		.uleb128 0x11
ARM GAS  /tmp/ccYOV2kE.s 			page 18


 969 00e5 01       		.uleb128 0x1
 970 00e6 12       		.uleb128 0x12
 971 00e7 01       		.uleb128 0x1
 972 00e8 40       		.uleb128 0x40
 973 00e9 06       		.uleb128 0x6
 974 00ea 9742     		.uleb128 0x2117
 975 00ec 0C       		.uleb128 0xc
 976 00ed 00       		.byte	0
 977 00ee 00       		.byte	0
 978 00ef 00       		.byte	0
 979              		.section	.debug_loc,"",%progbits
 980              	.Ldebug_loc0:
 981              	.LLST0:
 982 0000 00000000 		.4byte	.LFB7
 983 0004 06000000 		.4byte	.LCFI0
 984 0008 0200     		.2byte	0x2
 985 000a 7D       		.byte	0x7d
 986 000b 00       		.sleb128 0
 987 000c 06000000 		.4byte	.LCFI0
 988 0010 48000000 		.4byte	.LFE7
 989 0014 0200     		.2byte	0x2
 990 0016 7D       		.byte	0x7d
 991 0017 0C       		.sleb128 12
 992 0018 00000000 		.4byte	0
 993 001c 00000000 		.4byte	0
 994              	.LLST1:
 995 0020 00000000 		.4byte	.LVL0
 996 0024 2E000000 		.4byte	.LVL4
 997 0028 0100     		.2byte	0x1
 998 002a 50       		.byte	0x50
 999 002b 2E000000 		.4byte	.LVL4
 1000 002f 48000000 		.4byte	.LFE7
 1001 0033 0400     		.2byte	0x4
 1002 0035 F3       		.byte	0xf3
 1003 0036 01       		.uleb128 0x1
 1004 0037 50       		.byte	0x50
 1005 0038 9F       		.byte	0x9f
 1006 0039 00000000 		.4byte	0
 1007 003d 00000000 		.4byte	0
 1008              	.LLST2:
 1009 0041 00000000 		.4byte	.LVL0
 1010 0045 16000000 		.4byte	.LVL2
 1011 0049 0100     		.2byte	0x1
 1012 004b 51       		.byte	0x51
 1013 004c 16000000 		.4byte	.LVL2
 1014 0050 48000000 		.4byte	.LFE7
 1015 0054 0400     		.2byte	0x4
 1016 0056 F3       		.byte	0xf3
 1017 0057 01       		.uleb128 0x1
 1018 0058 51       		.byte	0x51
 1019 0059 9F       		.byte	0x9f
 1020 005a 00000000 		.4byte	0
 1021 005e 00000000 		.4byte	0
 1022              	.LLST3:
 1023 0062 00000000 		.4byte	.LVL0
 1024 0066 08000000 		.4byte	.LVL1
 1025 006a 0700     		.2byte	0x7
ARM GAS  /tmp/ccYOV2kE.s 			page 19


 1026 006c 70       		.byte	0x70
 1027 006d 00       		.sleb128 0
 1028 006e 33       		.byte	0x33
 1029 006f 1A       		.byte	0x1a
 1030 0070 33       		.byte	0x33
 1031 0071 24       		.byte	0x24
 1032 0072 9F       		.byte	0x9f
 1033 0073 08000000 		.4byte	.LVL1
 1034 0077 18000000 		.4byte	.LVL3
 1035 007b 0100     		.2byte	0x1
 1036 007d 52       		.byte	0x52
 1037 007e 18000000 		.4byte	.LVL3
 1038 0082 2E000000 		.4byte	.LVL4
 1039 0086 0700     		.2byte	0x7
 1040 0088 70       		.byte	0x70
 1041 0089 00       		.sleb128 0
 1042 008a 33       		.byte	0x33
 1043 008b 1A       		.byte	0x1a
 1044 008c 33       		.byte	0x33
 1045 008d 24       		.byte	0x24
 1046 008e 9F       		.byte	0x9f
 1047 008f 2E000000 		.4byte	.LVL4
 1048 0093 48000000 		.4byte	.LFE7
 1049 0097 0800     		.2byte	0x8
 1050 0099 F3       		.byte	0xf3
 1051 009a 01       		.uleb128 0x1
 1052 009b 50       		.byte	0x50
 1053 009c 33       		.byte	0x33
 1054 009d 1A       		.byte	0x1a
 1055 009e 33       		.byte	0x33
 1056 009f 24       		.byte	0x24
 1057 00a0 9F       		.byte	0x9f
 1058 00a1 00000000 		.4byte	0
 1059 00a5 00000000 		.4byte	0
 1060              	.LLST4:
 1061 00a9 00000000 		.4byte	.LFB8
 1062 00ad 02000000 		.4byte	.LCFI1
 1063 00b1 0200     		.2byte	0x2
 1064 00b3 7D       		.byte	0x7d
 1065 00b4 00       		.sleb128 0
 1066 00b5 02000000 		.4byte	.LCFI1
 1067 00b9 3C000000 		.4byte	.LFE8
 1068 00bd 0200     		.2byte	0x2
 1069 00bf 7D       		.byte	0x7d
 1070 00c0 04       		.sleb128 4
 1071 00c1 00000000 		.4byte	0
 1072 00c5 00000000 		.4byte	0
 1073              	.LLST5:
 1074 00c9 00000000 		.4byte	.LVL5
 1075 00cd 26000000 		.4byte	.LVL8
 1076 00d1 0100     		.2byte	0x1
 1077 00d3 50       		.byte	0x50
 1078 00d4 26000000 		.4byte	.LVL8
 1079 00d8 3C000000 		.4byte	.LFE8
 1080 00dc 0400     		.2byte	0x4
 1081 00de F3       		.byte	0xf3
 1082 00df 01       		.uleb128 0x1
ARM GAS  /tmp/ccYOV2kE.s 			page 20


 1083 00e0 50       		.byte	0x50
 1084 00e1 9F       		.byte	0x9f
 1085 00e2 00000000 		.4byte	0
 1086 00e6 00000000 		.4byte	0
 1087              	.LLST6:
 1088 00ea 00000000 		.4byte	.LVL5
 1089 00ee 12000000 		.4byte	.LVL6
 1090 00f2 0700     		.2byte	0x7
 1091 00f4 70       		.byte	0x70
 1092 00f5 00       		.sleb128 0
 1093 00f6 33       		.byte	0x33
 1094 00f7 1A       		.byte	0x1a
 1095 00f8 33       		.byte	0x33
 1096 00f9 24       		.byte	0x24
 1097 00fa 9F       		.byte	0x9f
 1098 00fb 12000000 		.4byte	.LVL6
 1099 00ff 1A000000 		.4byte	.LVL7
 1100 0103 0100     		.2byte	0x1
 1101 0105 51       		.byte	0x51
 1102 0106 1A000000 		.4byte	.LVL7
 1103 010a 26000000 		.4byte	.LVL8
 1104 010e 0700     		.2byte	0x7
 1105 0110 70       		.byte	0x70
 1106 0111 00       		.sleb128 0
 1107 0112 33       		.byte	0x33
 1108 0113 1A       		.byte	0x1a
 1109 0114 33       		.byte	0x33
 1110 0115 24       		.byte	0x24
 1111 0116 9F       		.byte	0x9f
 1112 0117 26000000 		.4byte	.LVL8
 1113 011b 3C000000 		.4byte	.LFE8
 1114 011f 0800     		.2byte	0x8
 1115 0121 F3       		.byte	0xf3
 1116 0122 01       		.uleb128 0x1
 1117 0123 50       		.byte	0x50
 1118 0124 33       		.byte	0x33
 1119 0125 1A       		.byte	0x1a
 1120 0126 33       		.byte	0x33
 1121 0127 24       		.byte	0x24
 1122 0128 9F       		.byte	0x9f
 1123 0129 00000000 		.4byte	0
 1124 012d 00000000 		.4byte	0
 1125              	.LLST7:
 1126 0131 00000000 		.4byte	.LFB9
 1127 0135 06000000 		.4byte	.LCFI2
 1128 0139 0200     		.2byte	0x2
 1129 013b 7D       		.byte	0x7d
 1130 013c 00       		.sleb128 0
 1131 013d 06000000 		.4byte	.LCFI2
 1132 0141 30000000 		.4byte	.LFE9
 1133 0145 0200     		.2byte	0x2
 1134 0147 7D       		.byte	0x7d
 1135 0148 04       		.sleb128 4
 1136 0149 00000000 		.4byte	0
 1137 014d 00000000 		.4byte	0
 1138              	.LLST8:
 1139 0151 00000000 		.4byte	.LVL9
ARM GAS  /tmp/ccYOV2kE.s 			page 21


 1140 0155 14000000 		.4byte	.LVL12
 1141 0159 0100     		.2byte	0x1
 1142 015b 50       		.byte	0x50
 1143 015c 14000000 		.4byte	.LVL12
 1144 0160 30000000 		.4byte	.LFE9
 1145 0164 0400     		.2byte	0x4
 1146 0166 F3       		.byte	0xf3
 1147 0167 01       		.uleb128 0x1
 1148 0168 50       		.byte	0x50
 1149 0169 9F       		.byte	0x9f
 1150 016a 00000000 		.4byte	0
 1151 016e 00000000 		.4byte	0
 1152              	.LLST9:
 1153 0172 00000000 		.4byte	.LVL9
 1154 0176 12000000 		.4byte	.LVL11
 1155 017a 0100     		.2byte	0x1
 1156 017c 51       		.byte	0x51
 1157 017d 12000000 		.4byte	.LVL11
 1158 0181 30000000 		.4byte	.LFE9
 1159 0185 0400     		.2byte	0x4
 1160 0187 F3       		.byte	0xf3
 1161 0188 01       		.uleb128 0x1
 1162 0189 51       		.byte	0x51
 1163 018a 9F       		.byte	0x9f
 1164 018b 00000000 		.4byte	0
 1165 018f 00000000 		.4byte	0
 1166              	.LLST10:
 1167 0193 00000000 		.4byte	.LVL9
 1168 0197 0A000000 		.4byte	.LVL10
 1169 019b 0700     		.2byte	0x7
 1170 019d 70       		.byte	0x70
 1171 019e 00       		.sleb128 0
 1172 019f 33       		.byte	0x33
 1173 01a0 1A       		.byte	0x1a
 1174 01a1 33       		.byte	0x33
 1175 01a2 24       		.byte	0x24
 1176 01a3 9F       		.byte	0x9f
 1177 01a4 0A000000 		.4byte	.LVL10
 1178 01a8 22000000 		.4byte	.LVL13
 1179 01ac 0100     		.2byte	0x1
 1180 01ae 54       		.byte	0x54
 1181 01af 22000000 		.4byte	.LVL13
 1182 01b3 30000000 		.4byte	.LFE9
 1183 01b7 0800     		.2byte	0x8
 1184 01b9 F3       		.byte	0xf3
 1185 01ba 01       		.uleb128 0x1
 1186 01bb 50       		.byte	0x50
 1187 01bc 33       		.byte	0x33
 1188 01bd 1A       		.byte	0x1a
 1189 01be 33       		.byte	0x33
 1190 01bf 24       		.byte	0x24
 1191 01c0 9F       		.byte	0x9f
 1192 01c1 00000000 		.4byte	0
 1193 01c5 00000000 		.4byte	0
 1194              		.section	.debug_aranges,"",%progbits
 1195 0000 2C000000 		.4byte	0x2c
 1196 0004 0200     		.2byte	0x2
ARM GAS  /tmp/ccYOV2kE.s 			page 22


 1197 0006 00000000 		.4byte	.Ldebug_info0
 1198 000a 04       		.byte	0x4
 1199 000b 00       		.byte	0
 1200 000c 0000     		.2byte	0
 1201 000e 0000     		.2byte	0
 1202 0010 00000000 		.4byte	.LFB7
 1203 0014 48000000 		.4byte	.LFE7-.LFB7
 1204 0018 00000000 		.4byte	.LFB8
 1205 001c 3C000000 		.4byte	.LFE8-.LFB8
 1206 0020 00000000 		.4byte	.LFB9
 1207 0024 30000000 		.4byte	.LFE9-.LFB9
 1208 0028 00000000 		.4byte	0
 1209 002c 00000000 		.4byte	0
 1210              		.section	.debug_ranges,"",%progbits
 1211              	.Ldebug_ranges0:
 1212 0000 00000000 		.4byte	.LFB7
 1213 0004 48000000 		.4byte	.LFE7
 1214 0008 00000000 		.4byte	.LFB8
 1215 000c 3C000000 		.4byte	.LFE8
 1216 0010 00000000 		.4byte	.LFB9
 1217 0014 30000000 		.4byte	.LFE9
 1218 0018 00000000 		.4byte	0
 1219 001c 00000000 		.4byte	0
 1220              		.section	.debug_line,"",%progbits
 1221              	.Ldebug_line0:
 1222 0000 37010000 		.section	.debug_str,"MS",%progbits,1
 1222      0200E300 
 1222      00000201 
 1222      FB0E0D00 
 1222      01010101 
 1223              	.LASF41:
 1224 0000 7072696F 		.ascii	"prio\000"
 1224      00
 1225              	.LASF17:
 1226 0005 49435052 		.ascii	"ICPR\000"
 1226      00
 1227              	.LASF37:
 1228 000a 4D4D4652 		.ascii	"MMFR\000"
 1228      00
 1229              	.LASF30:
 1230 000f 53484353 		.ascii	"SHCSR\000"
 1230      5200
 1231              	.LASF43:
 1232 0015 6E766963 		.ascii	"nvicDisableVector\000"
 1232      44697361 
 1232      626C6556 
 1232      6563746F 
 1232      7200
 1233              	.LASF24:
 1234 0027 434D785F 		.ascii	"CMx_NVIC\000"
 1234      4E564943 
 1234      00
 1235              	.LASF27:
 1236 0030 56544F52 		.ascii	"VTOR\000"
 1236      00
 1237              	.LASF13:
 1238 0035 49434552 		.ascii	"ICER\000"
ARM GAS  /tmp/ccYOV2kE.s 			page 23


 1238      00
 1239              	.LASF10:
 1240 003a 494F5245 		.ascii	"IOREG32\000"
 1240      47333200 
 1241              	.LASF2:
 1242 0042 756E7369 		.ascii	"unsigned char\000"
 1242      676E6564 
 1242      20636861 
 1242      7200
 1243              	.LASF12:
 1244 0050 756E7573 		.ascii	"unused1\000"
 1244      65643100 
 1245              	.LASF14:
 1246 0058 756E7573 		.ascii	"unused2\000"
 1246      65643200 
 1247              	.LASF16:
 1248 0060 756E7573 		.ascii	"unused3\000"
 1248      65643300 
 1249              	.LASF18:
 1250 0068 756E7573 		.ascii	"unused4\000"
 1250      65643400 
 1251              	.LASF20:
 1252 0070 756E7573 		.ascii	"unused5\000"
 1252      65643500 
 1253              	.LASF21:
 1254 0078 756E7573 		.ascii	"unused6\000"
 1254      65643600 
 1255              	.LASF4:
 1256 0080 73686F72 		.ascii	"short unsigned int\000"
 1256      7420756E 
 1256      7369676E 
 1256      65642069 
 1256      6E7400
 1257              	.LASF31:
 1258 0093 43465352 		.ascii	"CFSR\000"
 1258      00
 1259              	.LASF45:
 1260 0098 474E5520 		.ascii	"GNU C 4.7.3 20121207 (release) [ARM/embedded-4_7-br"
 1260      4320342E 
 1260      372E3320 
 1260      32303132 
 1260      31323037 
 1261 00cb 616E6368 		.ascii	"anch revision 194305]\000"
 1261      20726576 
 1261      6973696F 
 1261      6E203139 
 1261      34333035 
 1262              	.LASF32:
 1263 00e1 48465352 		.ascii	"HFSR\000"
 1263      00
 1264              	.LASF6:
 1265 00e6 6C6F6E67 		.ascii	"long unsigned int\000"
 1265      20756E73 
 1265      69676E65 
 1265      6420696E 
 1265      7400
 1266              	.LASF38:
ARM GAS  /tmp/ccYOV2kE.s 			page 24


 1267 00f8 43504143 		.ascii	"CPACR\000"
 1267      5200
 1268              	.LASF22:
 1269 00fe 53544952 		.ascii	"STIR\000"
 1269      00
 1270              	.LASF3:
 1271 0103 73686F72 		.ascii	"short int\000"
 1271      7420696E 
 1271      7400
 1272              	.LASF0:
 1273 010d 756E7369 		.ascii	"unsigned int\000"
 1273      676E6564 
 1273      20696E74 
 1273      00
 1274              	.LASF15:
 1275 011a 49535052 		.ascii	"ISPR\000"
 1275      00
 1276              	.LASF33:
 1277 011f 44465352 		.ascii	"DFSR\000"
 1277      00
 1278              	.LASF8:
 1279 0124 6C6F6E67 		.ascii	"long long unsigned int\000"
 1279      206C6F6E 
 1279      6720756E 
 1279      7369676E 
 1279      65642069 
 1280              	.LASF26:
 1281 013b 49435352 		.ascii	"ICSR\000"
 1281      00
 1282              	.LASF39:
 1283 0140 434D785F 		.ascii	"CMx_SCB\000"
 1283      53434200 
 1284              	.LASF28:
 1285 0148 41495243 		.ascii	"AIRCR\000"
 1285      5200
 1286              	.LASF35:
 1287 014e 42464152 		.ascii	"BFAR\000"
 1287      00
 1288              	.LASF44:
 1289 0153 68616E64 		.ascii	"handler\000"
 1289      6C657200 
 1290              	.LASF23:
 1291 015b 73697A65 		.ascii	"sizetype\000"
 1291      74797065 
 1291      00
 1292              	.LASF7:
 1293 0164 6C6F6E67 		.ascii	"long long int\000"
 1293      206C6F6E 
 1293      6720696E 
 1293      7400
 1294              	.LASF25:
 1295 0172 43505549 		.ascii	"CPUID\000"
 1295      4400
 1296              	.LASF40:
 1297 0178 63686172 		.ascii	"char\000"
 1297      00
 1298              	.LASF11:
ARM GAS  /tmp/ccYOV2kE.s 			page 25


 1299 017d 49534552 		.ascii	"ISER\000"
 1299      00
 1300              	.LASF36:
 1301 0182 41465352 		.ascii	"AFSR\000"
 1301      00
 1302              	.LASF34:
 1303 0187 4D4D4641 		.ascii	"MMFAR\000"
 1303      5200
 1304              	.LASF46:
 1305 018d 2F686F6D 		.ascii	"/home/formica/chibios/chibios/os/ports/common/ARMCM"
 1305      652F666F 
 1305      726D6963 
 1305      612F6368 
 1305      6962696F 
 1306 01c0 782F6E76 		.ascii	"x/nvic.c\000"
 1306      69632E63 
 1306      00
 1307              	.LASF9:
 1308 01c9 75696E74 		.ascii	"uint32_t\000"
 1308      33325F74 
 1308      00
 1309              	.LASF5:
 1310 01d2 6C6F6E67 		.ascii	"long int\000"
 1310      20696E74 
 1310      00
 1311              	.LASF29:
 1312 01db 53485052 		.ascii	"SHPR\000"
 1312      00
 1313              	.LASF1:
 1314 01e0 7369676E 		.ascii	"signed char\000"
 1314      65642063 
 1314      68617200 
 1315              	.LASF47:
 1316 01ec 6E766963 		.ascii	"nvicSetSystemHandlerPriority\000"
 1316      53657453 
 1316      79737465 
 1316      6D48616E 
 1316      646C6572 
 1317              	.LASF19:
 1318 0209 49414252 		.ascii	"IABR\000"
 1318      00
 1319              	.LASF42:
 1320 020e 6E766963 		.ascii	"nvicEnableVector\000"
 1320      456E6162 
 1320      6C655665 
 1320      63746F72 
 1320      00
 1321              		.ident	"GCC: (GNU Tools for ARM Embedded Processors) 4.7.3 20121207 (release) [ARM/embedded-4_7-br
ARM GAS  /tmp/ccYOV2kE.s 			page 26


DEFINED SYMBOLS
                            *ABS*:00000000 nvic.c
     /tmp/ccYOV2kE.s:19     .text.nvicEnableVector:00000000 $t
     /tmp/ccYOV2kE.s:25     .text.nvicEnableVector:00000000 nvicEnableVector
     /tmp/ccYOV2kE.s:85     .text.nvicDisableVector:00000000 $t
     /tmp/ccYOV2kE.s:91     .text.nvicDisableVector:00000000 nvicDisableVector
     /tmp/ccYOV2kE.s:137    .text.nvicSetSystemHandlerPriority:00000000 $t
     /tmp/ccYOV2kE.s:143    .text.nvicSetSystemHandlerPriority:00000000 nvicSetSystemHandlerPriority
                     .debug_frame:00000010 $d

NO UNDEFINED SYMBOLS
