ARM GAS  /tmp/ccYq3Y5f.s 			page 1


   1              		.syntax unified
   2              		.cpu cortex-m3
   3              		.fpu softvfp
   4              		.eabi_attribute 20, 1
   5              		.eabi_attribute 21, 1
   6              		.eabi_attribute 23, 3
   7              		.eabi_attribute 24, 1
   8              		.eabi_attribute 25, 1
   9              		.eabi_attribute 26, 1
  10              		.eabi_attribute 30, 2
  11              		.eabi_attribute 34, 1
  12              		.eabi_attribute 18, 4
  13              		.thumb
  14              		.file	"pal.c"
  15              		.text
  16              	.Ltext0:
  17              		.cfi_sections	.debug_frame
  18              		.section	.text.palReadBus,"ax",%progbits
  19              		.align	2
  20              		.p2align 4,,15
  21              		.global	palReadBus
  22              		.thumb
  23              		.thumb_func
  24              		.type	palReadBus, %function
  25              	palReadBus:
  26              	.LFB62:
  27              		.file 1 "/home/formica/chibios/chibios/os/hal/src/pal.c"
  28              		.loc 1 76 0
  29              		.cfi_startproc
  30              		@ args = 0, pretend = 0, frame = 0
  31              		@ frame_needed = 0, uses_anonymous_args = 0
  32              	.LVL0:
  33 0000 10B5     		push	{r4, lr}
  34              	.LCFI0:
  35              		.cfi_def_cfa_offset 8
  36              		.cfi_offset 4, -8
  37              		.cfi_offset 14, -4
  38              		.loc 1 78 0
  39 0002 0446     		mov	r4, r0
  40 0004 10B1     		cbz	r0, .L2
  41              		.loc 1 78 0 is_stmt 0 discriminator 2
  42 0006 8368     		ldr	r3, [r0, #8]
  43 0008 0F2B     		cmp	r3, #15
  44 000a 03D9     		bls	.L3
  45              	.L2:
  46              		.loc 1 78 0 discriminator 1
  47 000c 0548     		ldr	r0, .L8
  48              	.LVL1:
  49 000e FFF7FEFF 		bl	chDbgPanic
  50              	.LVL2:
  51 0012 A368     		ldr	r3, [r4, #8]
  52              	.L3:
  53              		.loc 1 81 0 is_stmt 1
  54 0014 2168     		ldr	r1, [r4, #0]
  55 0016 6068     		ldr	r0, [r4, #4]
  56 0018 8A68     		ldr	r2, [r1, #8]
  57 001a 22FA03F3 		lsr	r3, r2, r3
ARM GAS  /tmp/ccYq3Y5f.s 			page 2


  58              		.loc 1 82 0
  59 001e 1840     		ands	r0, r0, r3
  60 0020 10BD     		pop	{r4, pc}
  61              	.L9:
  62 0022 00BF     		.align	2
  63              	.L8:
  64 0024 00000000 		.word	.LC0
  65              		.cfi_endproc
  66              	.LFE62:
  67              		.size	palReadBus, .-palReadBus
  68 0028 AFF30080 		.section	.text.palWriteBus,"ax",%progbits
  68      AFF30080 
  69              		.align	2
  70              		.p2align 4,,15
  71              		.global	palWriteBus
  72              		.thumb
  73              		.thumb_func
  74              		.type	palWriteBus, %function
  75              	palWriteBus:
  76              	.LFB63:
  77              		.loc 1 101 0
  78              		.cfi_startproc
  79              		@ args = 0, pretend = 0, frame = 0
  80              		@ frame_needed = 0, uses_anonymous_args = 0
  81              	.LVL3:
  82 0000 38B5     		push	{r3, r4, r5, lr}
  83              	.LCFI1:
  84              		.cfi_def_cfa_offset 16
  85              		.cfi_offset 3, -16
  86              		.cfi_offset 4, -12
  87              		.cfi_offset 5, -8
  88              		.cfi_offset 14, -4
  89              		.loc 1 103 0
  90 0002 0446     		mov	r4, r0
  91              		.loc 1 101 0
  92 0004 0D46     		mov	r5, r1
  93              		.loc 1 103 0
  94 0006 10B1     		cbz	r0, .L11
  95              		.loc 1 103 0 is_stmt 0 discriminator 2
  96 0008 8368     		ldr	r3, [r0, #8]
  97 000a 0F2B     		cmp	r3, #15
  98 000c 03D9     		bls	.L12
  99              	.L11:
 100              		.loc 1 103 0 discriminator 1
 101 000e 0948     		ldr	r0, .L16
 102              	.LVL4:
 103 0010 FFF7FEFF 		bl	chDbgPanic
 104              	.LVL5:
 105 0014 A368     		ldr	r3, [r4, #8]
 106              	.L12:
 107              		.loc 1 106 0 is_stmt 1
 108 0016 6268     		ldr	r2, [r4, #4]
 109 0018 03F11001 		add	r1, r3, #16
 110 001c 22EA0500 		bic	r0, r2, r5
 111 0020 1540     		ands	r5, r5, r2
 112              	.LVL6:
 113 0022 00FA01F0 		lsl	r0, r0, r1
ARM GAS  /tmp/ccYq3Y5f.s 			page 3


 114 0026 05FA03F3 		lsl	r3, r5, r3
 115 002a 2268     		ldr	r2, [r4, #0]
 116 002c 40EA0301 		orr	r1, r0, r3
 117 0030 1161     		str	r1, [r2, #16]
 118 0032 38BD     		pop	{r3, r4, r5, pc}
 119              	.L17:
 120              		.align	2
 121              	.L16:
 122 0034 10000000 		.word	.LC1
 123              		.cfi_endproc
 124              	.LFE63:
 125              		.size	palWriteBus, .-palWriteBus
 126 0038 AFF30080 		.section	.text.palSetBusMode,"ax",%progbits
 126      AFF30080 
 127              		.align	2
 128              		.p2align 4,,15
 129              		.global	palSetBusMode
 130              		.thumb
 131              		.thumb_func
 132              		.type	palSetBusMode, %function
 133              	palSetBusMode:
 134              	.LFB64:
 135              		.loc 1 124 0
 136              		.cfi_startproc
 137              		@ args = 0, pretend = 0, frame = 0
 138              		@ frame_needed = 0, uses_anonymous_args = 0
 139              	.LVL7:
 140 0000 38B5     		push	{r3, r4, r5, lr}
 141              	.LCFI2:
 142              		.cfi_def_cfa_offset 16
 143              		.cfi_offset 3, -16
 144              		.cfi_offset 4, -12
 145              		.cfi_offset 5, -8
 146              		.cfi_offset 14, -4
 147              		.loc 1 126 0
 148 0002 0446     		mov	r4, r0
 149              		.loc 1 124 0
 150 0004 0D46     		mov	r5, r1
 151              		.loc 1 126 0
 152 0006 10B1     		cbz	r0, .L19
 153              		.loc 1 126 0 is_stmt 0 discriminator 2
 154 0008 8368     		ldr	r3, [r0, #8]
 155 000a 0F2B     		cmp	r3, #15
 156 000c 03D9     		bls	.L20
 157              	.L19:
 158              		.loc 1 126 0 discriminator 1
 159 000e 0648     		ldr	r0, .L24
 160              	.LVL8:
 161 0010 FFF7FEFF 		bl	chDbgPanic
 162              	.LVL9:
 163 0014 A368     		ldr	r3, [r4, #8]
 164              	.L20:
 165              		.loc 1 129 0 is_stmt 1
 166 0016 94E80300 		ldmia	r4, {r0, r1}
 167 001a 01FA03F1 		lsl	r1, r1, r3
 168 001e 2A46     		mov	r2, r5
 169              		.loc 1 130 0
ARM GAS  /tmp/ccYq3Y5f.s 			page 4


 170 0020 BDE83840 		pop	{r3, r4, r5, lr}
 171              		.loc 1 129 0
 172 0024 FFF7FEBF 		b	_pal_lld_setgroupmode
 173              	.LVL10:
 174              	.L25:
 175              		.align	2
 176              	.L24:
 177 0028 20000000 		.word	.LC2
 178              		.cfi_endproc
 179              	.LFE64:
 180              		.size	palSetBusMode, .-palSetBusMode
 181 002c AFF30080 		.section	.rodata.str1.4,"aMS",%progbits,1
 182              		.align	2
 183              	.LC0:
 184 0000 2270616C 		.ascii	"\"palReadBus\"()\000"
 184      52656164 
 184      42757322 
 184      282900
 185 000f 00       		.space	1
 186              	.LC1:
 187 0010 2270616C 		.ascii	"\"palWriteBus\"()\000"
 187      57726974 
 187      65427573 
 187      22282900 
 188              	.LC2:
 189 0020 2270616C 		.ascii	"\"palSetBusMode\"()\000"
 189      53657442 
 189      75734D6F 
 189      64652228 
 189      2900
 190 0032 0000     		.text
 191              	.Letext0:
 192              		.file 2 "/home/formica/toolchains/gcc-arm-none-eabi-4_7-2012q4/bin/../lib/gcc/arm-none-eabi/4.7.3/
 193              		.file 3 "/home/formica/chibios/chibios/os/hal/platforms/STM32F1xx/stm32f10x.h"
 194              		.file 4 "/home/formica/chibios/chibios/os/hal/platforms/STM32/GPIOv1/pal_lld.h"
 195              		.file 5 "/home/formica/chibios/chibios/os/hal/include/pal.h"
 196              		.file 6 "/home/formica/chibios/chibios/os/ports/common/ARMCMx/CMSIS/include/core_cm3.h"
 197              		.file 7 "/home/formica/chibios/chibios/os/kernel/include/chdebug.h"
 198              		.section	.debug_info,"",%progbits
 199              	.Ldebug_info0:
 200 0000 BC020000 		.4byte	0x2bc
 201 0004 0200     		.2byte	0x2
 202 0006 00000000 		.4byte	.Ldebug_abbrev0
 203 000a 04       		.byte	0x4
 204 000b 01       		.uleb128 0x1
 205 000c 8E000000 		.4byte	.LASF28
 206 0010 01       		.byte	0x1
 207 0011 5C010000 		.4byte	.LASF29
 208 0015 00000000 		.4byte	.Ldebug_ranges0+0
 209 0019 00000000 		.4byte	0
 210 001d 00000000 		.4byte	0
 211 0021 00000000 		.4byte	.Ldebug_line0
 212 0025 02       		.uleb128 0x2
 213 0026 04       		.byte	0x4
 214 0027 05       		.byte	0x5
 215 0028 696E7400 		.ascii	"int\000"
 216 002c 03       		.uleb128 0x3
ARM GAS  /tmp/ccYq3Y5f.s 			page 5


 217 002d 04       		.byte	0x4
 218 002e 07       		.byte	0x7
 219 002f ED000000 		.4byte	.LASF0
 220 0033 03       		.uleb128 0x3
 221 0034 01       		.byte	0x1
 222 0035 06       		.byte	0x6
 223 0036 AD010000 		.4byte	.LASF1
 224 003a 03       		.uleb128 0x3
 225 003b 01       		.byte	0x1
 226 003c 08       		.byte	0x8
 227 003d 4E000000 		.4byte	.LASF2
 228 0041 03       		.uleb128 0x3
 229 0042 02       		.byte	0x2
 230 0043 05       		.byte	0x5
 231 0044 47010000 		.4byte	.LASF3
 232 0048 03       		.uleb128 0x3
 233 0049 02       		.byte	0x2
 234 004a 07       		.byte	0x7
 235 004b 6E000000 		.4byte	.LASF4
 236 004f 04       		.uleb128 0x4
 237 0050 11010000 		.4byte	.LASF6
 238 0054 02       		.byte	0x2
 239 0055 4F       		.byte	0x4f
 240 0056 5A000000 		.4byte	0x5a
 241 005a 03       		.uleb128 0x3
 242 005b 04       		.byte	0x4
 243 005c 05       		.byte	0x5
 244 005d 94010000 		.4byte	.LASF5
 245 0061 04       		.uleb128 0x4
 246 0062 8B010000 		.4byte	.LASF7
 247 0066 02       		.byte	0x2
 248 0067 50       		.byte	0x50
 249 0068 6C000000 		.4byte	0x6c
 250 006c 03       		.uleb128 0x3
 251 006d 04       		.byte	0x4
 252 006e 07       		.byte	0x7
 253 006f 5C000000 		.4byte	.LASF8
 254 0073 03       		.uleb128 0x3
 255 0074 08       		.byte	0x8
 256 0075 05       		.byte	0x5
 257 0076 22010000 		.4byte	.LASF9
 258 007a 03       		.uleb128 0x3
 259 007b 08       		.byte	0x8
 260 007c 07       		.byte	0x7
 261 007d B9010000 		.4byte	.LASF10
 262 0081 04       		.uleb128 0x4
 263 0082 05000000 		.4byte	.LASF11
 264 0086 02       		.byte	0x2
 265 0087 A0       		.byte	0xa0
 266 0088 2C000000 		.4byte	0x2c
 267 008c 05       		.uleb128 0x5
 268 008d 61000000 		.4byte	0x61
 269 0091 03       		.uleb128 0x3
 270 0092 04       		.byte	0x4
 271 0093 07       		.byte	0x7
 272 0094 19010000 		.4byte	.LASF12
 273 0098 03       		.uleb128 0x3
ARM GAS  /tmp/ccYq3Y5f.s 			page 6


 274 0099 01       		.byte	0x1
 275 009a 08       		.byte	0x8
 276 009b 07010000 		.4byte	.LASF13
 277 009f 05       		.uleb128 0x5
 278 00a0 4F000000 		.4byte	0x4f
 279 00a4 06       		.uleb128 0x6
 280 00a5 1C       		.byte	0x1c
 281 00a6 03       		.byte	0x3
 282 00a7 F803     		.2byte	0x3f8
 283 00a9 17010000 		.4byte	0x117
 284 00ad 07       		.uleb128 0x7
 285 00ae 43524C00 		.ascii	"CRL\000"
 286 00b2 03       		.byte	0x3
 287 00b3 FA03     		.2byte	0x3fa
 288 00b5 8C000000 		.4byte	0x8c
 289 00b9 02       		.byte	0x2
 290 00ba 23       		.byte	0x23
 291 00bb 00       		.uleb128 0
 292 00bc 07       		.uleb128 0x7
 293 00bd 43524800 		.ascii	"CRH\000"
 294 00c1 03       		.byte	0x3
 295 00c2 FB03     		.2byte	0x3fb
 296 00c4 8C000000 		.4byte	0x8c
 297 00c8 02       		.byte	0x2
 298 00c9 23       		.byte	0x23
 299 00ca 04       		.uleb128 0x4
 300 00cb 07       		.uleb128 0x7
 301 00cc 49445200 		.ascii	"IDR\000"
 302 00d0 03       		.byte	0x3
 303 00d1 FC03     		.2byte	0x3fc
 304 00d3 8C000000 		.4byte	0x8c
 305 00d7 02       		.byte	0x2
 306 00d8 23       		.byte	0x23
 307 00d9 08       		.uleb128 0x8
 308 00da 07       		.uleb128 0x7
 309 00db 4F445200 		.ascii	"ODR\000"
 310 00df 03       		.byte	0x3
 311 00e0 FD03     		.2byte	0x3fd
 312 00e2 8C000000 		.4byte	0x8c
 313 00e6 02       		.byte	0x2
 314 00e7 23       		.byte	0x23
 315 00e8 0C       		.uleb128 0xc
 316 00e9 08       		.uleb128 0x8
 317 00ea 12000000 		.4byte	.LASF14
 318 00ee 03       		.byte	0x3
 319 00ef FE03     		.2byte	0x3fe
 320 00f1 8C000000 		.4byte	0x8c
 321 00f5 02       		.byte	0x2
 322 00f6 23       		.byte	0x23
 323 00f7 10       		.uleb128 0x10
 324 00f8 07       		.uleb128 0x7
 325 00f9 42525200 		.ascii	"BRR\000"
 326 00fd 03       		.byte	0x3
 327 00fe FF03     		.2byte	0x3ff
 328 0100 8C000000 		.4byte	0x8c
 329 0104 02       		.byte	0x2
 330 0105 23       		.byte	0x23
ARM GAS  /tmp/ccYq3Y5f.s 			page 7


 331 0106 14       		.uleb128 0x14
 332 0107 08       		.uleb128 0x8
 333 0108 00000000 		.4byte	.LASF15
 334 010c 03       		.byte	0x3
 335 010d 0004     		.2byte	0x400
 336 010f 8C000000 		.4byte	0x8c
 337 0113 02       		.byte	0x2
 338 0114 23       		.byte	0x23
 339 0115 18       		.uleb128 0x18
 340 0116 00       		.byte	0
 341 0117 09       		.uleb128 0x9
 342 0118 FA000000 		.4byte	.LASF16
 343 011c 03       		.byte	0x3
 344 011d 0104     		.2byte	0x401
 345 011f A4000000 		.4byte	0xa4
 346 0123 04       		.uleb128 0x4
 347 0124 38000000 		.4byte	.LASF17
 348 0128 04       		.byte	0x4
 349 0129 78       		.byte	0x78
 350 012a 61000000 		.4byte	0x61
 351 012e 04       		.uleb128 0x4
 352 012f 45000000 		.4byte	.LASF18
 353 0133 04       		.byte	0x4
 354 0134 7D       		.byte	0x7d
 355 0135 61000000 		.4byte	0x61
 356 0139 04       		.uleb128 0x4
 357 013a 51010000 		.4byte	.LASF19
 358 013e 04       		.byte	0x4
 359 013f 85       		.byte	0x85
 360 0140 44010000 		.4byte	0x144
 361 0144 0A       		.uleb128 0xa
 362 0145 04       		.byte	0x4
 363 0146 17010000 		.4byte	0x117
 364 014a 0B       		.uleb128 0xb
 365 014b 0C       		.byte	0xc
 366 014c 05       		.byte	0x5
 367 014d 85       		.byte	0x85
 368 014e 7D010000 		.4byte	0x17d
 369 0152 0C       		.uleb128 0xc
 370 0153 31000000 		.4byte	.LASF20
 371 0157 05       		.byte	0x5
 372 0158 89       		.byte	0x89
 373 0159 39010000 		.4byte	0x139
 374 015d 02       		.byte	0x2
 375 015e 23       		.byte	0x23
 376 015f 00       		.uleb128 0
 377 0160 0C       		.uleb128 0xc
 378 0161 30010000 		.4byte	.LASF21
 379 0165 05       		.byte	0x5
 380 0166 8F       		.byte	0x8f
 381 0167 23010000 		.4byte	0x123
 382 016b 02       		.byte	0x2
 383 016c 23       		.byte	0x23
 384 016d 04       		.uleb128 0x4
 385 016e 0C       		.uleb128 0xc
 386 016f 40010000 		.4byte	.LASF22
 387 0173 05       		.byte	0x5
ARM GAS  /tmp/ccYq3Y5f.s 			page 8


 388 0174 93       		.byte	0x93
 389 0175 81000000 		.4byte	0x81
 390 0179 02       		.byte	0x2
 391 017a 23       		.byte	0x23
 392 017b 08       		.uleb128 0x8
 393 017c 00       		.byte	0
 394 017d 04       		.uleb128 0x4
 395 017e D0010000 		.4byte	.LASF23
 396 0182 05       		.byte	0x5
 397 0183 94       		.byte	0x94
 398 0184 4A010000 		.4byte	0x14a
 399 0188 0D       		.uleb128 0xd
 400 0189 01       		.byte	0x1
 401 018a 9D010000 		.4byte	.LASF30
 402 018e 01       		.byte	0x1
 403 018f 4C       		.byte	0x4c
 404 0190 01       		.byte	0x1
 405 0191 23010000 		.4byte	0x123
 406 0195 00000000 		.4byte	.LFB62
 407 0199 28000000 		.4byte	.LFE62
 408 019d 00000000 		.4byte	.LLST0
 409 01a1 01       		.byte	0x1
 410 01a2 C9010000 		.4byte	0x1c9
 411 01a6 0E       		.uleb128 0xe
 412 01a7 62757300 		.ascii	"bus\000"
 413 01ab 01       		.byte	0x1
 414 01ac 4C       		.byte	0x4c
 415 01ad C9010000 		.4byte	0x1c9
 416 01b1 20000000 		.4byte	.LLST1
 417 01b5 0F       		.uleb128 0xf
 418 01b6 12000000 		.4byte	.LVL2
 419 01ba 8A020000 		.4byte	0x28a
 420 01be 10       		.uleb128 0x10
 421 01bf 01       		.byte	0x1
 422 01c0 50       		.byte	0x50
 423 01c1 05       		.byte	0x5
 424 01c2 03       		.byte	0x3
 425 01c3 00000000 		.4byte	.LC0
 426 01c7 00       		.byte	0
 427 01c8 00       		.byte	0
 428 01c9 0A       		.uleb128 0xa
 429 01ca 04       		.byte	0x4
 430 01cb 7D010000 		.4byte	0x17d
 431 01cf 11       		.uleb128 0x11
 432 01d0 01       		.byte	0x1
 433 01d1 17000000 		.4byte	.LASF25
 434 01d5 01       		.byte	0x1
 435 01d6 65       		.byte	0x65
 436 01d7 01       		.byte	0x1
 437 01d8 00000000 		.4byte	.LFB63
 438 01dc 38000000 		.4byte	.LFE63
 439 01e0 3E000000 		.4byte	.LLST2
 440 01e4 01       		.byte	0x1
 441 01e5 1B020000 		.4byte	0x21b
 442 01e9 0E       		.uleb128 0xe
 443 01ea 62757300 		.ascii	"bus\000"
 444 01ee 01       		.byte	0x1
ARM GAS  /tmp/ccYq3Y5f.s 			page 9


 445 01ef 65       		.byte	0x65
 446 01f0 C9010000 		.4byte	0x1c9
 447 01f4 5E000000 		.4byte	.LLST3
 448 01f8 12       		.uleb128 0x12
 449 01f9 A8010000 		.4byte	.LASF24
 450 01fd 01       		.byte	0x1
 451 01fe 65       		.byte	0x65
 452 01ff 23010000 		.4byte	0x123
 453 0203 7C000000 		.4byte	.LLST4
 454 0207 0F       		.uleb128 0xf
 455 0208 14000000 		.4byte	.LVL5
 456 020c 8A020000 		.4byte	0x28a
 457 0210 10       		.uleb128 0x10
 458 0211 01       		.byte	0x1
 459 0212 50       		.byte	0x50
 460 0213 05       		.byte	0x5
 461 0214 03       		.byte	0x3
 462 0215 10000000 		.4byte	.LC1
 463 0219 00       		.byte	0
 464 021a 00       		.byte	0
 465 021b 11       		.uleb128 0x11
 466 021c 01       		.byte	0x1
 467 021d 23000000 		.4byte	.LASF26
 468 0221 01       		.byte	0x1
 469 0222 7C       		.byte	0x7c
 470 0223 01       		.byte	0x1
 471 0224 00000000 		.4byte	.LFB64
 472 0228 2C000000 		.4byte	.LFE64
 473 022c A8000000 		.4byte	.LLST5
 474 0230 01       		.byte	0x1
 475 0231 7C020000 		.4byte	0x27c
 476 0235 0E       		.uleb128 0xe
 477 0236 62757300 		.ascii	"bus\000"
 478 023a 01       		.byte	0x1
 479 023b 7C       		.byte	0x7c
 480 023c C9010000 		.4byte	0x1c9
 481 0240 C8000000 		.4byte	.LLST6
 482 0244 12       		.uleb128 0x12
 483 0245 0C010000 		.4byte	.LASF27
 484 0249 01       		.byte	0x1
 485 024a 7C       		.byte	0x7c
 486 024b 2E010000 		.4byte	0x12e
 487 024f E6000000 		.4byte	.LLST7
 488 0253 13       		.uleb128 0x13
 489 0254 14000000 		.4byte	.LVL9
 490 0258 8A020000 		.4byte	0x28a
 491 025c 6A020000 		.4byte	0x26a
 492 0260 10       		.uleb128 0x10
 493 0261 01       		.byte	0x1
 494 0262 50       		.byte	0x50
 495 0263 05       		.byte	0x5
 496 0264 03       		.byte	0x3
 497 0265 20000000 		.4byte	.LC2
 498 0269 00       		.byte	0
 499 026a 14       		.uleb128 0x14
 500 026b 28000000 		.4byte	.LVL10
 501 026f 01       		.byte	0x1
ARM GAS  /tmp/ccYq3Y5f.s 			page 10


 502 0270 A4020000 		.4byte	0x2a4
 503 0274 10       		.uleb128 0x10
 504 0275 01       		.byte	0x1
 505 0276 52       		.byte	0x52
 506 0277 02       		.byte	0x2
 507 0278 75       		.byte	0x75
 508 0279 00       		.sleb128 0
 509 027a 00       		.byte	0
 510 027b 00       		.byte	0
 511 027c 15       		.uleb128 0x15
 512 027d 81000000 		.4byte	.LASF31
 513 0281 06       		.byte	0x6
 514 0282 9404     		.2byte	0x494
 515 0284 9F000000 		.4byte	0x9f
 516 0288 01       		.byte	0x1
 517 0289 01       		.byte	0x1
 518 028a 16       		.uleb128 0x16
 519 028b 01       		.byte	0x1
 520 028c 35010000 		.4byte	.LASF32
 521 0290 07       		.byte	0x7
 522 0291 F0       		.byte	0xf0
 523 0292 01       		.byte	0x1
 524 0293 01       		.byte	0x1
 525 0294 9E020000 		.4byte	0x29e
 526 0298 17       		.uleb128 0x17
 527 0299 9E020000 		.4byte	0x29e
 528 029d 00       		.byte	0
 529 029e 0A       		.uleb128 0xa
 530 029f 04       		.byte	0x4
 531 02a0 98000000 		.4byte	0x98
 532 02a4 18       		.uleb128 0x18
 533 02a5 01       		.byte	0x1
 534 02a6 D7000000 		.4byte	.LASF33
 535 02aa 04       		.byte	0x4
 536 02ab 4E01     		.2byte	0x14e
 537 02ad 01       		.byte	0x1
 538 02ae 01       		.byte	0x1
 539 02af 17       		.uleb128 0x17
 540 02b0 39010000 		.4byte	0x139
 541 02b4 17       		.uleb128 0x17
 542 02b5 23010000 		.4byte	0x123
 543 02b9 17       		.uleb128 0x17
 544 02ba 2E010000 		.4byte	0x12e
 545 02be 00       		.byte	0
 546 02bf 00       		.byte	0
 547              		.section	.debug_abbrev,"",%progbits
 548              	.Ldebug_abbrev0:
 549 0000 01       		.uleb128 0x1
 550 0001 11       		.uleb128 0x11
 551 0002 01       		.byte	0x1
 552 0003 25       		.uleb128 0x25
 553 0004 0E       		.uleb128 0xe
 554 0005 13       		.uleb128 0x13
 555 0006 0B       		.uleb128 0xb
 556 0007 03       		.uleb128 0x3
 557 0008 0E       		.uleb128 0xe
 558 0009 55       		.uleb128 0x55
ARM GAS  /tmp/ccYq3Y5f.s 			page 11


 559 000a 06       		.uleb128 0x6
 560 000b 11       		.uleb128 0x11
 561 000c 01       		.uleb128 0x1
 562 000d 52       		.uleb128 0x52
 563 000e 01       		.uleb128 0x1
 564 000f 10       		.uleb128 0x10
 565 0010 06       		.uleb128 0x6
 566 0011 00       		.byte	0
 567 0012 00       		.byte	0
 568 0013 02       		.uleb128 0x2
 569 0014 24       		.uleb128 0x24
 570 0015 00       		.byte	0
 571 0016 0B       		.uleb128 0xb
 572 0017 0B       		.uleb128 0xb
 573 0018 3E       		.uleb128 0x3e
 574 0019 0B       		.uleb128 0xb
 575 001a 03       		.uleb128 0x3
 576 001b 08       		.uleb128 0x8
 577 001c 00       		.byte	0
 578 001d 00       		.byte	0
 579 001e 03       		.uleb128 0x3
 580 001f 24       		.uleb128 0x24
 581 0020 00       		.byte	0
 582 0021 0B       		.uleb128 0xb
 583 0022 0B       		.uleb128 0xb
 584 0023 3E       		.uleb128 0x3e
 585 0024 0B       		.uleb128 0xb
 586 0025 03       		.uleb128 0x3
 587 0026 0E       		.uleb128 0xe
 588 0027 00       		.byte	0
 589 0028 00       		.byte	0
 590 0029 04       		.uleb128 0x4
 591 002a 16       		.uleb128 0x16
 592 002b 00       		.byte	0
 593 002c 03       		.uleb128 0x3
 594 002d 0E       		.uleb128 0xe
 595 002e 3A       		.uleb128 0x3a
 596 002f 0B       		.uleb128 0xb
 597 0030 3B       		.uleb128 0x3b
 598 0031 0B       		.uleb128 0xb
 599 0032 49       		.uleb128 0x49
 600 0033 13       		.uleb128 0x13
 601 0034 00       		.byte	0
 602 0035 00       		.byte	0
 603 0036 05       		.uleb128 0x5
 604 0037 35       		.uleb128 0x35
 605 0038 00       		.byte	0
 606 0039 49       		.uleb128 0x49
 607 003a 13       		.uleb128 0x13
 608 003b 00       		.byte	0
 609 003c 00       		.byte	0
 610 003d 06       		.uleb128 0x6
 611 003e 13       		.uleb128 0x13
 612 003f 01       		.byte	0x1
 613 0040 0B       		.uleb128 0xb
 614 0041 0B       		.uleb128 0xb
 615 0042 3A       		.uleb128 0x3a
ARM GAS  /tmp/ccYq3Y5f.s 			page 12


 616 0043 0B       		.uleb128 0xb
 617 0044 3B       		.uleb128 0x3b
 618 0045 05       		.uleb128 0x5
 619 0046 01       		.uleb128 0x1
 620 0047 13       		.uleb128 0x13
 621 0048 00       		.byte	0
 622 0049 00       		.byte	0
 623 004a 07       		.uleb128 0x7
 624 004b 0D       		.uleb128 0xd
 625 004c 00       		.byte	0
 626 004d 03       		.uleb128 0x3
 627 004e 08       		.uleb128 0x8
 628 004f 3A       		.uleb128 0x3a
 629 0050 0B       		.uleb128 0xb
 630 0051 3B       		.uleb128 0x3b
 631 0052 05       		.uleb128 0x5
 632 0053 49       		.uleb128 0x49
 633 0054 13       		.uleb128 0x13
 634 0055 38       		.uleb128 0x38
 635 0056 0A       		.uleb128 0xa
 636 0057 00       		.byte	0
 637 0058 00       		.byte	0
 638 0059 08       		.uleb128 0x8
 639 005a 0D       		.uleb128 0xd
 640 005b 00       		.byte	0
 641 005c 03       		.uleb128 0x3
 642 005d 0E       		.uleb128 0xe
 643 005e 3A       		.uleb128 0x3a
 644 005f 0B       		.uleb128 0xb
 645 0060 3B       		.uleb128 0x3b
 646 0061 05       		.uleb128 0x5
 647 0062 49       		.uleb128 0x49
 648 0063 13       		.uleb128 0x13
 649 0064 38       		.uleb128 0x38
 650 0065 0A       		.uleb128 0xa
 651 0066 00       		.byte	0
 652 0067 00       		.byte	0
 653 0068 09       		.uleb128 0x9
 654 0069 16       		.uleb128 0x16
 655 006a 00       		.byte	0
 656 006b 03       		.uleb128 0x3
 657 006c 0E       		.uleb128 0xe
 658 006d 3A       		.uleb128 0x3a
 659 006e 0B       		.uleb128 0xb
 660 006f 3B       		.uleb128 0x3b
 661 0070 05       		.uleb128 0x5
 662 0071 49       		.uleb128 0x49
 663 0072 13       		.uleb128 0x13
 664 0073 00       		.byte	0
 665 0074 00       		.byte	0
 666 0075 0A       		.uleb128 0xa
 667 0076 0F       		.uleb128 0xf
 668 0077 00       		.byte	0
 669 0078 0B       		.uleb128 0xb
 670 0079 0B       		.uleb128 0xb
 671 007a 49       		.uleb128 0x49
 672 007b 13       		.uleb128 0x13
ARM GAS  /tmp/ccYq3Y5f.s 			page 13


 673 007c 00       		.byte	0
 674 007d 00       		.byte	0
 675 007e 0B       		.uleb128 0xb
 676 007f 13       		.uleb128 0x13
 677 0080 01       		.byte	0x1
 678 0081 0B       		.uleb128 0xb
 679 0082 0B       		.uleb128 0xb
 680 0083 3A       		.uleb128 0x3a
 681 0084 0B       		.uleb128 0xb
 682 0085 3B       		.uleb128 0x3b
 683 0086 0B       		.uleb128 0xb
 684 0087 01       		.uleb128 0x1
 685 0088 13       		.uleb128 0x13
 686 0089 00       		.byte	0
 687 008a 00       		.byte	0
 688 008b 0C       		.uleb128 0xc
 689 008c 0D       		.uleb128 0xd
 690 008d 00       		.byte	0
 691 008e 03       		.uleb128 0x3
 692 008f 0E       		.uleb128 0xe
 693 0090 3A       		.uleb128 0x3a
 694 0091 0B       		.uleb128 0xb
 695 0092 3B       		.uleb128 0x3b
 696 0093 0B       		.uleb128 0xb
 697 0094 49       		.uleb128 0x49
 698 0095 13       		.uleb128 0x13
 699 0096 38       		.uleb128 0x38
 700 0097 0A       		.uleb128 0xa
 701 0098 00       		.byte	0
 702 0099 00       		.byte	0
 703 009a 0D       		.uleb128 0xd
 704 009b 2E       		.uleb128 0x2e
 705 009c 01       		.byte	0x1
 706 009d 3F       		.uleb128 0x3f
 707 009e 0C       		.uleb128 0xc
 708 009f 03       		.uleb128 0x3
 709 00a0 0E       		.uleb128 0xe
 710 00a1 3A       		.uleb128 0x3a
 711 00a2 0B       		.uleb128 0xb
 712 00a3 3B       		.uleb128 0x3b
 713 00a4 0B       		.uleb128 0xb
 714 00a5 27       		.uleb128 0x27
 715 00a6 0C       		.uleb128 0xc
 716 00a7 49       		.uleb128 0x49
 717 00a8 13       		.uleb128 0x13
 718 00a9 11       		.uleb128 0x11
 719 00aa 01       		.uleb128 0x1
 720 00ab 12       		.uleb128 0x12
 721 00ac 01       		.uleb128 0x1
 722 00ad 40       		.uleb128 0x40
 723 00ae 06       		.uleb128 0x6
 724 00af 9742     		.uleb128 0x2117
 725 00b1 0C       		.uleb128 0xc
 726 00b2 01       		.uleb128 0x1
 727 00b3 13       		.uleb128 0x13
 728 00b4 00       		.byte	0
 729 00b5 00       		.byte	0
ARM GAS  /tmp/ccYq3Y5f.s 			page 14


 730 00b6 0E       		.uleb128 0xe
 731 00b7 05       		.uleb128 0x5
 732 00b8 00       		.byte	0
 733 00b9 03       		.uleb128 0x3
 734 00ba 08       		.uleb128 0x8
 735 00bb 3A       		.uleb128 0x3a
 736 00bc 0B       		.uleb128 0xb
 737 00bd 3B       		.uleb128 0x3b
 738 00be 0B       		.uleb128 0xb
 739 00bf 49       		.uleb128 0x49
 740 00c0 13       		.uleb128 0x13
 741 00c1 02       		.uleb128 0x2
 742 00c2 06       		.uleb128 0x6
 743 00c3 00       		.byte	0
 744 00c4 00       		.byte	0
 745 00c5 0F       		.uleb128 0xf
 746 00c6 898201   		.uleb128 0x4109
 747 00c9 01       		.byte	0x1
 748 00ca 11       		.uleb128 0x11
 749 00cb 01       		.uleb128 0x1
 750 00cc 31       		.uleb128 0x31
 751 00cd 13       		.uleb128 0x13
 752 00ce 00       		.byte	0
 753 00cf 00       		.byte	0
 754 00d0 10       		.uleb128 0x10
 755 00d1 8A8201   		.uleb128 0x410a
 756 00d4 00       		.byte	0
 757 00d5 02       		.uleb128 0x2
 758 00d6 0A       		.uleb128 0xa
 759 00d7 9142     		.uleb128 0x2111
 760 00d9 0A       		.uleb128 0xa
 761 00da 00       		.byte	0
 762 00db 00       		.byte	0
 763 00dc 11       		.uleb128 0x11
 764 00dd 2E       		.uleb128 0x2e
 765 00de 01       		.byte	0x1
 766 00df 3F       		.uleb128 0x3f
 767 00e0 0C       		.uleb128 0xc
 768 00e1 03       		.uleb128 0x3
 769 00e2 0E       		.uleb128 0xe
 770 00e3 3A       		.uleb128 0x3a
 771 00e4 0B       		.uleb128 0xb
 772 00e5 3B       		.uleb128 0x3b
 773 00e6 0B       		.uleb128 0xb
 774 00e7 27       		.uleb128 0x27
 775 00e8 0C       		.uleb128 0xc
 776 00e9 11       		.uleb128 0x11
 777 00ea 01       		.uleb128 0x1
 778 00eb 12       		.uleb128 0x12
 779 00ec 01       		.uleb128 0x1
 780 00ed 40       		.uleb128 0x40
 781 00ee 06       		.uleb128 0x6
 782 00ef 9742     		.uleb128 0x2117
 783 00f1 0C       		.uleb128 0xc
 784 00f2 01       		.uleb128 0x1
 785 00f3 13       		.uleb128 0x13
 786 00f4 00       		.byte	0
ARM GAS  /tmp/ccYq3Y5f.s 			page 15


 787 00f5 00       		.byte	0
 788 00f6 12       		.uleb128 0x12
 789 00f7 05       		.uleb128 0x5
 790 00f8 00       		.byte	0
 791 00f9 03       		.uleb128 0x3
 792 00fa 0E       		.uleb128 0xe
 793 00fb 3A       		.uleb128 0x3a
 794 00fc 0B       		.uleb128 0xb
 795 00fd 3B       		.uleb128 0x3b
 796 00fe 0B       		.uleb128 0xb
 797 00ff 49       		.uleb128 0x49
 798 0100 13       		.uleb128 0x13
 799 0101 02       		.uleb128 0x2
 800 0102 06       		.uleb128 0x6
 801 0103 00       		.byte	0
 802 0104 00       		.byte	0
 803 0105 13       		.uleb128 0x13
 804 0106 898201   		.uleb128 0x4109
 805 0109 01       		.byte	0x1
 806 010a 11       		.uleb128 0x11
 807 010b 01       		.uleb128 0x1
 808 010c 31       		.uleb128 0x31
 809 010d 13       		.uleb128 0x13
 810 010e 01       		.uleb128 0x1
 811 010f 13       		.uleb128 0x13
 812 0110 00       		.byte	0
 813 0111 00       		.byte	0
 814 0112 14       		.uleb128 0x14
 815 0113 898201   		.uleb128 0x4109
 816 0116 01       		.byte	0x1
 817 0117 11       		.uleb128 0x11
 818 0118 01       		.uleb128 0x1
 819 0119 9542     		.uleb128 0x2115
 820 011b 0C       		.uleb128 0xc
 821 011c 31       		.uleb128 0x31
 822 011d 13       		.uleb128 0x13
 823 011e 00       		.byte	0
 824 011f 00       		.byte	0
 825 0120 15       		.uleb128 0x15
 826 0121 34       		.uleb128 0x34
 827 0122 00       		.byte	0
 828 0123 03       		.uleb128 0x3
 829 0124 0E       		.uleb128 0xe
 830 0125 3A       		.uleb128 0x3a
 831 0126 0B       		.uleb128 0xb
 832 0127 3B       		.uleb128 0x3b
 833 0128 05       		.uleb128 0x5
 834 0129 49       		.uleb128 0x49
 835 012a 13       		.uleb128 0x13
 836 012b 3F       		.uleb128 0x3f
 837 012c 0C       		.uleb128 0xc
 838 012d 3C       		.uleb128 0x3c
 839 012e 0C       		.uleb128 0xc
 840 012f 00       		.byte	0
 841 0130 00       		.byte	0
 842 0131 16       		.uleb128 0x16
 843 0132 2E       		.uleb128 0x2e
ARM GAS  /tmp/ccYq3Y5f.s 			page 16


 844 0133 01       		.byte	0x1
 845 0134 3F       		.uleb128 0x3f
 846 0135 0C       		.uleb128 0xc
 847 0136 03       		.uleb128 0x3
 848 0137 0E       		.uleb128 0xe
 849 0138 3A       		.uleb128 0x3a
 850 0139 0B       		.uleb128 0xb
 851 013a 3B       		.uleb128 0x3b
 852 013b 0B       		.uleb128 0xb
 853 013c 27       		.uleb128 0x27
 854 013d 0C       		.uleb128 0xc
 855 013e 3C       		.uleb128 0x3c
 856 013f 0C       		.uleb128 0xc
 857 0140 01       		.uleb128 0x1
 858 0141 13       		.uleb128 0x13
 859 0142 00       		.byte	0
 860 0143 00       		.byte	0
 861 0144 17       		.uleb128 0x17
 862 0145 05       		.uleb128 0x5
 863 0146 00       		.byte	0
 864 0147 49       		.uleb128 0x49
 865 0148 13       		.uleb128 0x13
 866 0149 00       		.byte	0
 867 014a 00       		.byte	0
 868 014b 18       		.uleb128 0x18
 869 014c 2E       		.uleb128 0x2e
 870 014d 01       		.byte	0x1
 871 014e 3F       		.uleb128 0x3f
 872 014f 0C       		.uleb128 0xc
 873 0150 03       		.uleb128 0x3
 874 0151 0E       		.uleb128 0xe
 875 0152 3A       		.uleb128 0x3a
 876 0153 0B       		.uleb128 0xb
 877 0154 3B       		.uleb128 0x3b
 878 0155 05       		.uleb128 0x5
 879 0156 27       		.uleb128 0x27
 880 0157 0C       		.uleb128 0xc
 881 0158 3C       		.uleb128 0x3c
 882 0159 0C       		.uleb128 0xc
 883 015a 00       		.byte	0
 884 015b 00       		.byte	0
 885 015c 00       		.byte	0
 886              		.section	.debug_loc,"",%progbits
 887              	.Ldebug_loc0:
 888              	.LLST0:
 889 0000 00000000 		.4byte	.LFB62
 890 0004 02000000 		.4byte	.LCFI0
 891 0008 0200     		.2byte	0x2
 892 000a 7D       		.byte	0x7d
 893 000b 00       		.sleb128 0
 894 000c 02000000 		.4byte	.LCFI0
 895 0010 28000000 		.4byte	.LFE62
 896 0014 0200     		.2byte	0x2
 897 0016 7D       		.byte	0x7d
 898 0017 08       		.sleb128 8
 899 0018 00000000 		.4byte	0
 900 001c 00000000 		.4byte	0
ARM GAS  /tmp/ccYq3Y5f.s 			page 17


 901              	.LLST1:
 902 0020 00000000 		.4byte	.LVL0
 903 0024 0E000000 		.4byte	.LVL1
 904 0028 0100     		.2byte	0x1
 905 002a 50       		.byte	0x50
 906 002b 0E000000 		.4byte	.LVL1
 907 002f 28000000 		.4byte	.LFE62
 908 0033 0100     		.2byte	0x1
 909 0035 54       		.byte	0x54
 910 0036 00000000 		.4byte	0
 911 003a 00000000 		.4byte	0
 912              	.LLST2:
 913 003e 00000000 		.4byte	.LFB63
 914 0042 02000000 		.4byte	.LCFI1
 915 0046 0200     		.2byte	0x2
 916 0048 7D       		.byte	0x7d
 917 0049 00       		.sleb128 0
 918 004a 02000000 		.4byte	.LCFI1
 919 004e 38000000 		.4byte	.LFE63
 920 0052 0200     		.2byte	0x2
 921 0054 7D       		.byte	0x7d
 922 0055 10       		.sleb128 16
 923 0056 00000000 		.4byte	0
 924 005a 00000000 		.4byte	0
 925              	.LLST3:
 926 005e 00000000 		.4byte	.LVL3
 927 0062 10000000 		.4byte	.LVL4
 928 0066 0100     		.2byte	0x1
 929 0068 50       		.byte	0x50
 930 0069 10000000 		.4byte	.LVL4
 931 006d 38000000 		.4byte	.LFE63
 932 0071 0100     		.2byte	0x1
 933 0073 54       		.byte	0x54
 934 0074 00000000 		.4byte	0
 935 0078 00000000 		.4byte	0
 936              	.LLST4:
 937 007c 00000000 		.4byte	.LVL3
 938 0080 13000000 		.4byte	.LVL5-1
 939 0084 0100     		.2byte	0x1
 940 0086 51       		.byte	0x51
 941 0087 13000000 		.4byte	.LVL5-1
 942 008b 22000000 		.4byte	.LVL6
 943 008f 0100     		.2byte	0x1
 944 0091 55       		.byte	0x55
 945 0092 22000000 		.4byte	.LVL6
 946 0096 38000000 		.4byte	.LFE63
 947 009a 0400     		.2byte	0x4
 948 009c F3       		.byte	0xf3
 949 009d 01       		.uleb128 0x1
 950 009e 51       		.byte	0x51
 951 009f 9F       		.byte	0x9f
 952 00a0 00000000 		.4byte	0
 953 00a4 00000000 		.4byte	0
 954              	.LLST5:
 955 00a8 00000000 		.4byte	.LFB64
 956 00ac 02000000 		.4byte	.LCFI2
 957 00b0 0200     		.2byte	0x2
ARM GAS  /tmp/ccYq3Y5f.s 			page 18


 958 00b2 7D       		.byte	0x7d
 959 00b3 00       		.sleb128 0
 960 00b4 02000000 		.4byte	.LCFI2
 961 00b8 2C000000 		.4byte	.LFE64
 962 00bc 0200     		.2byte	0x2
 963 00be 7D       		.byte	0x7d
 964 00bf 10       		.sleb128 16
 965 00c0 00000000 		.4byte	0
 966 00c4 00000000 		.4byte	0
 967              	.LLST6:
 968 00c8 00000000 		.4byte	.LVL7
 969 00cc 10000000 		.4byte	.LVL8
 970 00d0 0100     		.2byte	0x1
 971 00d2 50       		.byte	0x50
 972 00d3 10000000 		.4byte	.LVL8
 973 00d7 2C000000 		.4byte	.LFE64
 974 00db 0100     		.2byte	0x1
 975 00dd 54       		.byte	0x54
 976 00de 00000000 		.4byte	0
 977 00e2 00000000 		.4byte	0
 978              	.LLST7:
 979 00e6 00000000 		.4byte	.LVL7
 980 00ea 13000000 		.4byte	.LVL9-1
 981 00ee 0100     		.2byte	0x1
 982 00f0 51       		.byte	0x51
 983 00f1 13000000 		.4byte	.LVL9-1
 984 00f5 2C000000 		.4byte	.LFE64
 985 00f9 0100     		.2byte	0x1
 986 00fb 55       		.byte	0x55
 987 00fc 00000000 		.4byte	0
 988 0100 00000000 		.4byte	0
 989              		.section	.debug_aranges,"",%progbits
 990 0000 2C000000 		.4byte	0x2c
 991 0004 0200     		.2byte	0x2
 992 0006 00000000 		.4byte	.Ldebug_info0
 993 000a 04       		.byte	0x4
 994 000b 00       		.byte	0
 995 000c 0000     		.2byte	0
 996 000e 0000     		.2byte	0
 997 0010 00000000 		.4byte	.LFB62
 998 0014 28000000 		.4byte	.LFE62-.LFB62
 999 0018 00000000 		.4byte	.LFB63
 1000 001c 38000000 		.4byte	.LFE63-.LFB63
 1001 0020 00000000 		.4byte	.LFB64
 1002 0024 2C000000 		.4byte	.LFE64-.LFB64
 1003 0028 00000000 		.4byte	0
 1004 002c 00000000 		.4byte	0
 1005              		.section	.debug_ranges,"",%progbits
 1006              	.Ldebug_ranges0:
 1007 0000 00000000 		.4byte	.LFB62
 1008 0004 28000000 		.4byte	.LFE62
 1009 0008 00000000 		.4byte	.LFB63
 1010 000c 38000000 		.4byte	.LFE63
 1011 0010 00000000 		.4byte	.LFB64
 1012 0014 2C000000 		.4byte	.LFE64
 1013 0018 00000000 		.4byte	0
 1014 001c 00000000 		.4byte	0
ARM GAS  /tmp/ccYq3Y5f.s 			page 19


 1015              		.section	.debug_line,"",%progbits
 1016              	.Ldebug_line0:
 1017 0000 87020000 		.section	.debug_str,"MS",%progbits,1
 1017      02002102 
 1017      00000201 
 1017      FB0E0D00 
 1017      01010101 
 1018              	.LASF15:
 1019 0000 4C434B52 		.ascii	"LCKR\000"
 1019      00
 1020              	.LASF11:
 1021 0005 75696E74 		.ascii	"uint_fast8_t\000"
 1021      5F666173 
 1021      74385F74 
 1021      00
 1022              	.LASF14:
 1023 0012 42535252 		.ascii	"BSRR\000"
 1023      00
 1024              	.LASF25:
 1025 0017 70616C57 		.ascii	"palWriteBus\000"
 1025      72697465 
 1025      42757300 
 1026              	.LASF26:
 1027 0023 70616C53 		.ascii	"palSetBusMode\000"
 1027      65744275 
 1027      734D6F64 
 1027      6500
 1028              	.LASF20:
 1029 0031 706F7274 		.ascii	"portid\000"
 1029      696400
 1030              	.LASF17:
 1031 0038 696F706F 		.ascii	"ioportmask_t\000"
 1031      72746D61 
 1031      736B5F74 
 1031      00
 1032              	.LASF18:
 1033 0045 696F6D6F 		.ascii	"iomode_t\000"
 1033      64655F74 
 1033      00
 1034              	.LASF2:
 1035 004e 756E7369 		.ascii	"unsigned char\000"
 1035      676E6564 
 1035      20636861 
 1035      7200
 1036              	.LASF8:
 1037 005c 6C6F6E67 		.ascii	"long unsigned int\000"
 1037      20756E73 
 1037      69676E65 
 1037      6420696E 
 1037      7400
 1038              	.LASF4:
 1039 006e 73686F72 		.ascii	"short unsigned int\000"
 1039      7420756E 
 1039      7369676E 
 1039      65642069 
 1039      6E7400
 1040              	.LASF31:
ARM GAS  /tmp/ccYq3Y5f.s 			page 20


 1041 0081 49544D5F 		.ascii	"ITM_RxBuffer\000"
 1041      52784275 
 1041      66666572 
 1041      00
 1042              	.LASF28:
 1043 008e 474E5520 		.ascii	"GNU C 4.7.3 20121207 (release) [ARM/embedded-4_7-br"
 1043      4320342E 
 1043      372E3320 
 1043      32303132 
 1043      31323037 
 1044 00c1 616E6368 		.ascii	"anch revision 194305]\000"
 1044      20726576 
 1044      6973696F 
 1044      6E203139 
 1044      34333035 
 1045              	.LASF33:
 1046 00d7 5F70616C 		.ascii	"_pal_lld_setgroupmode\000"
 1046      5F6C6C64 
 1046      5F736574 
 1046      67726F75 
 1046      706D6F64 
 1047              	.LASF0:
 1048 00ed 756E7369 		.ascii	"unsigned int\000"
 1048      676E6564 
 1048      20696E74 
 1048      00
 1049              	.LASF16:
 1050 00fa 4750494F 		.ascii	"GPIO_TypeDef\000"
 1050      5F547970 
 1050      65446566 
 1050      00
 1051              	.LASF13:
 1052 0107 63686172 		.ascii	"char\000"
 1052      00
 1053              	.LASF27:
 1054 010c 6D6F6465 		.ascii	"mode\000"
 1054      00
 1055              	.LASF6:
 1056 0111 696E7433 		.ascii	"int32_t\000"
 1056      325F7400 
 1057              	.LASF12:
 1058 0119 73697A65 		.ascii	"sizetype\000"
 1058      74797065 
 1058      00
 1059              	.LASF9:
 1060 0122 6C6F6E67 		.ascii	"long long int\000"
 1060      206C6F6E 
 1060      6720696E 
 1060      7400
 1061              	.LASF21:
 1062 0130 6D61736B 		.ascii	"mask\000"
 1062      00
 1063              	.LASF32:
 1064 0135 63684462 		.ascii	"chDbgPanic\000"
 1064      6750616E 
 1064      696300
 1065              	.LASF22:
ARM GAS  /tmp/ccYq3Y5f.s 			page 21


 1066 0140 6F666673 		.ascii	"offset\000"
 1066      657400
 1067              	.LASF3:
 1068 0147 73686F72 		.ascii	"short int\000"
 1068      7420696E 
 1068      7400
 1069              	.LASF19:
 1070 0151 696F706F 		.ascii	"ioportid_t\000"
 1070      72746964 
 1070      5F7400
 1071              	.LASF29:
 1072 015c 2F686F6D 		.ascii	"/home/formica/chibios/chibios/os/hal/src/pal.c\000"
 1072      652F666F 
 1072      726D6963 
 1072      612F6368 
 1072      6962696F 
 1073              	.LASF7:
 1074 018b 75696E74 		.ascii	"uint32_t\000"
 1074      33325F74 
 1074      00
 1075              	.LASF5:
 1076 0194 6C6F6E67 		.ascii	"long int\000"
 1076      20696E74 
 1076      00
 1077              	.LASF30:
 1078 019d 70616C52 		.ascii	"palReadBus\000"
 1078      65616442 
 1078      757300
 1079              	.LASF24:
 1080 01a8 62697473 		.ascii	"bits\000"
 1080      00
 1081              	.LASF1:
 1082 01ad 7369676E 		.ascii	"signed char\000"
 1082      65642063 
 1082      68617200 
 1083              	.LASF10:
 1084 01b9 6C6F6E67 		.ascii	"long long unsigned int\000"
 1084      206C6F6E 
 1084      6720756E 
 1084      7369676E 
 1084      65642069 
 1085              	.LASF23:
 1086 01d0 494F4275 		.ascii	"IOBus\000"
 1086      7300
 1087              		.ident	"GCC: (GNU Tools for ARM Embedded Processors) 4.7.3 20121207 (release) [ARM/embedded-4_7-br
ARM GAS  /tmp/ccYq3Y5f.s 			page 22


DEFINED SYMBOLS
                            *ABS*:00000000 pal.c
     /tmp/ccYq3Y5f.s:19     .text.palReadBus:00000000 $t
     /tmp/ccYq3Y5f.s:25     .text.palReadBus:00000000 palReadBus
     /tmp/ccYq3Y5f.s:64     .text.palReadBus:00000024 $d
     /tmp/ccYq3Y5f.s:69     .text.palWriteBus:00000000 $t
     /tmp/ccYq3Y5f.s:75     .text.palWriteBus:00000000 palWriteBus
     /tmp/ccYq3Y5f.s:122    .text.palWriteBus:00000034 $d
     /tmp/ccYq3Y5f.s:127    .text.palSetBusMode:00000000 $t
     /tmp/ccYq3Y5f.s:133    .text.palSetBusMode:00000000 palSetBusMode
     /tmp/ccYq3Y5f.s:177    .text.palSetBusMode:00000028 $d
     /tmp/ccYq3Y5f.s:182    .rodata.str1.4:00000000 $d
                     .debug_frame:00000010 $d
     /tmp/ccYq3Y5f.s:68     .text.palReadBus:00000028 $t
     /tmp/ccYq3Y5f.s:126    .text.palWriteBus:00000038 $t
     /tmp/ccYq3Y5f.s:181    .text.palSetBusMode:0000002c $t

UNDEFINED SYMBOLS
chDbgPanic
_pal_lld_setgroupmode
